[2024-05-09T23:20:17.107+0000] {local_task_job_runner.py:120} INFO - ::group::Pre task execution logs
[2024-05-09T23:20:17.130+0000] {taskinstance.py:2076} INFO - Dependencies all met for dep_context=non-requeueable deps ti=<TaskInstance: ml_pipeline.extract_api_data manual__2024-05-09T23:19:43.103474+00:00 [queued]>
[2024-05-09T23:20:17.139+0000] {taskinstance.py:2076} INFO - Dependencies all met for dep_context=requeueable deps ti=<TaskInstance: ml_pipeline.extract_api_data manual__2024-05-09T23:19:43.103474+00:00 [queued]>
[2024-05-09T23:20:17.139+0000] {taskinstance.py:2306} INFO - Starting attempt 1 of 4
[2024-05-09T23:20:17.150+0000] {taskinstance.py:2330} INFO - Executing <Task(PythonOperator): extract_api_data> on 2024-05-09 23:19:43.103474+00:00
[2024-05-09T23:20:17.157+0000] {logging_mixin.py:188} WARNING - /home/***/.local/lib/python3.12/site-packages/***/task/task_runner/standard_task_runner.py:61 DeprecationWarning: This process (pid=3064) is multi-threaded, use of fork() may lead to deadlocks in the child.
[2024-05-09T23:20:17.158+0000] {standard_task_runner.py:63} INFO - Started process 3066 to run task
[2024-05-09T23:20:17.157+0000] {standard_task_runner.py:90} INFO - Running: ['***', 'tasks', 'run', 'ml_pipeline', 'extract_api_data', 'manual__2024-05-09T23:19:43.103474+00:00', '--job-id', '145', '--raw', '--subdir', 'DAGS_FOLDER/main_dag.py', '--cfg-path', '/tmp/tmp0xov0a1y']
[2024-05-09T23:20:17.159+0000] {standard_task_runner.py:91} INFO - Job 145: Subtask extract_api_data
[2024-05-09T23:20:17.169+0000] {logging_mixin.py:188} WARNING - /home/***/.local/lib/python3.12/site-packages/***/settings.py:195 DeprecationWarning: The sql_alchemy_conn option in [core] has been moved to the sql_alchemy_conn option in [database] - the old setting has been used, but please update your config.
[2024-05-09T23:20:17.197+0000] {task_command.py:426} INFO - Running <TaskInstance: ml_pipeline.extract_api_data manual__2024-05-09T23:19:43.103474+00:00 [running]> on host 3031e573f05c
[2024-05-09T23:20:17.269+0000] {taskinstance.py:2648} INFO - Exporting env vars: AIRFLOW_CTX_DAG_OWNER='***' AIRFLOW_CTX_DAG_ID='ml_pipeline' AIRFLOW_CTX_TASK_ID='extract_api_data' AIRFLOW_CTX_EXECUTION_DATE='2024-05-09T23:19:43.103474+00:00' AIRFLOW_CTX_TRY_NUMBER='1' AIRFLOW_CTX_DAG_RUN_ID='manual__2024-05-09T23:19:43.103474+00:00'
[2024-05-09T23:20:17.270+0000] {taskinstance.py:430} INFO - ::endgroup::
[2024-05-09T23:20:17.301+0000] {logging_mixin.py:188} INFO - Extracting data from data/api_data_json/research_0.json
[2024-05-09T23:20:17.301+0000] {logging_mixin.py:188} INFO - Extracted data from data/api_data_json/research_0.json
[2024-05-09T23:20:17.304+0000] {logging_mixin.py:188} INFO - Extracting data from data/api_data_json/research_1.json
[2024-05-09T23:20:17.305+0000] {logging_mixin.py:188} INFO - Extracted data from data/api_data_json/research_1.json
[2024-05-09T23:20:17.307+0000] {logging_mixin.py:188} INFO - Extracting data from data/api_data_json/research_10.json
[2024-05-09T23:20:17.308+0000] {logging_mixin.py:188} INFO - Extracted data from data/api_data_json/research_10.json
[2024-05-09T23:20:17.312+0000] {logging_mixin.py:188} INFO - Extracting data from data/api_data_json/research_100.json
[2024-05-09T23:20:17.312+0000] {logging_mixin.py:188} INFO - Extracted data from data/api_data_json/research_100.json
[2024-05-09T23:20:17.314+0000] {logging_mixin.py:188} INFO - Extracting data from data/api_data_json/research_101.json
[2024-05-09T23:20:17.314+0000] {logging_mixin.py:188} INFO - Extracted data from data/api_data_json/research_101.json
[2024-05-09T23:20:17.317+0000] {logging_mixin.py:188} INFO - Extracting data from data/api_data_json/research_102.json
[2024-05-09T23:20:17.317+0000] {logging_mixin.py:188} INFO - Extracted data from data/api_data_json/research_102.json
[2024-05-09T23:20:17.321+0000] {logging_mixin.py:188} INFO - Extracting data from data/api_data_json/research_103.json
[2024-05-09T23:20:17.321+0000] {logging_mixin.py:188} INFO - Extracted data from data/api_data_json/research_103.json
[2024-05-09T23:20:17.324+0000] {logging_mixin.py:188} INFO - Extracting data from data/api_data_json/research_104.json
[2024-05-09T23:20:17.325+0000] {logging_mixin.py:188} INFO - Extracted data from data/api_data_json/research_104.json
[2024-05-09T23:20:17.327+0000] {logging_mixin.py:188} INFO - Extracting data from data/api_data_json/research_105.json
[2024-05-09T23:20:17.328+0000] {logging_mixin.py:188} INFO - Extracted data from data/api_data_json/research_105.json
[2024-05-09T23:20:17.330+0000] {logging_mixin.py:188} INFO - Extracting data from data/api_data_json/research_106.json
[2024-05-09T23:20:17.330+0000] {logging_mixin.py:188} INFO - Extracted data from data/api_data_json/research_106.json
[2024-05-09T23:20:17.332+0000] {logging_mixin.py:188} INFO - Extracting data from data/api_data_json/research_107.json
[2024-05-09T23:20:17.332+0000] {logging_mixin.py:188} INFO - Extracted data from data/api_data_json/research_107.json
[2024-05-09T23:20:17.334+0000] {logging_mixin.py:188} INFO - Extracting data from data/api_data_json/research_108.json
[2024-05-09T23:20:17.335+0000] {logging_mixin.py:188} INFO - Extracted data from data/api_data_json/research_108.json
[2024-05-09T23:20:17.338+0000] {logging_mixin.py:188} INFO - Extracting data from data/api_data_json/research_109.json
[2024-05-09T23:20:17.338+0000] {logging_mixin.py:188} INFO - Extracted data from data/api_data_json/research_109.json
[2024-05-09T23:20:17.341+0000] {logging_mixin.py:188} INFO - Extracting data from data/api_data_json/research_11.json
[2024-05-09T23:20:17.341+0000] {logging_mixin.py:188} INFO - Extracted data from data/api_data_json/research_11.json
[2024-05-09T23:20:17.344+0000] {logging_mixin.py:188} INFO - Extracting data from data/api_data_json/research_110.json
[2024-05-09T23:20:17.344+0000] {logging_mixin.py:188} INFO - Extracted data from data/api_data_json/research_110.json
[2024-05-09T23:20:17.346+0000] {logging_mixin.py:188} INFO - Extracting data from data/api_data_json/research_111.json
[2024-05-09T23:20:17.346+0000] {logging_mixin.py:188} INFO - Extracted data from data/api_data_json/research_111.json
[2024-05-09T23:20:17.348+0000] {logging_mixin.py:188} INFO - Extracting data from data/api_data_json/research_112.json
[2024-05-09T23:20:17.348+0000] {logging_mixin.py:188} INFO - Extracted data from data/api_data_json/research_112.json
[2024-05-09T23:20:17.350+0000] {logging_mixin.py:188} INFO - Extracting data from data/api_data_json/research_12.json
[2024-05-09T23:20:17.350+0000] {logging_mixin.py:188} INFO - Extracted data from data/api_data_json/research_12.json
[2024-05-09T23:20:17.353+0000] {logging_mixin.py:188} INFO - Extracting data from data/api_data_json/research_13.json
[2024-05-09T23:20:17.353+0000] {logging_mixin.py:188} INFO - Extracted data from data/api_data_json/research_13.json
[2024-05-09T23:20:17.355+0000] {logging_mixin.py:188} INFO - Extracting data from data/api_data_json/research_14.json
[2024-05-09T23:20:17.356+0000] {logging_mixin.py:188} INFO - Extracted data from data/api_data_json/research_14.json
[2024-05-09T23:20:17.358+0000] {logging_mixin.py:188} INFO - Extracting data from data/api_data_json/research_15.json
[2024-05-09T23:20:17.359+0000] {logging_mixin.py:188} INFO - Extracted data from data/api_data_json/research_15.json
[2024-05-09T23:20:17.361+0000] {logging_mixin.py:188} INFO - Extracting data from data/api_data_json/research_16.json
[2024-05-09T23:20:17.362+0000] {logging_mixin.py:188} INFO - Extracted data from data/api_data_json/research_16.json
[2024-05-09T23:20:17.364+0000] {logging_mixin.py:188} INFO - Extracting data from data/api_data_json/research_17.json
[2024-05-09T23:20:17.364+0000] {logging_mixin.py:188} INFO - Extracted data from data/api_data_json/research_17.json
[2024-05-09T23:20:17.366+0000] {logging_mixin.py:188} INFO - Extracting data from data/api_data_json/research_18.json
[2024-05-09T23:20:17.366+0000] {logging_mixin.py:188} INFO - Extracted data from data/api_data_json/research_18.json
[2024-05-09T23:20:17.367+0000] {logging_mixin.py:188} INFO - Extracting data from data/api_data_json/research_19.json
[2024-05-09T23:20:17.368+0000] {logging_mixin.py:188} INFO - Extracted data from data/api_data_json/research_19.json
[2024-05-09T23:20:17.371+0000] {logging_mixin.py:188} INFO - Extracting data from data/api_data_json/research_2.json
[2024-05-09T23:20:17.371+0000] {logging_mixin.py:188} INFO - Extracted data from data/api_data_json/research_2.json
[2024-05-09T23:20:17.374+0000] {logging_mixin.py:188} INFO - Extracting data from data/api_data_json/research_20.json
[2024-05-09T23:20:17.374+0000] {logging_mixin.py:188} INFO - Extracted data from data/api_data_json/research_20.json
[2024-05-09T23:20:17.377+0000] {logging_mixin.py:188} INFO - Extracting data from data/api_data_json/research_21.json
[2024-05-09T23:20:17.377+0000] {logging_mixin.py:188} INFO - Extracted data from data/api_data_json/research_21.json
[2024-05-09T23:20:17.379+0000] {logging_mixin.py:188} INFO - Extracting data from data/api_data_json/research_22.json
[2024-05-09T23:20:17.379+0000] {logging_mixin.py:188} INFO - Extracted data from data/api_data_json/research_22.json
[2024-05-09T23:20:17.381+0000] {logging_mixin.py:188} INFO - Extracting data from data/api_data_json/research_23.json
[2024-05-09T23:20:17.381+0000] {logging_mixin.py:188} INFO - Extracted data from data/api_data_json/research_23.json
[2024-05-09T23:20:17.383+0000] {logging_mixin.py:188} INFO - Extracting data from data/api_data_json/research_24.json
[2024-05-09T23:20:17.383+0000] {logging_mixin.py:188} INFO - Extracted data from data/api_data_json/research_24.json
[2024-05-09T23:20:17.385+0000] {logging_mixin.py:188} INFO - Extracting data from data/api_data_json/research_25.json
[2024-05-09T23:20:17.386+0000] {logging_mixin.py:188} INFO - Extracted data from data/api_data_json/research_25.json
[2024-05-09T23:20:17.388+0000] {logging_mixin.py:188} INFO - Extracting data from data/api_data_json/research_26.json
[2024-05-09T23:20:17.389+0000] {logging_mixin.py:188} INFO - Extracted data from data/api_data_json/research_26.json
[2024-05-09T23:20:17.391+0000] {logging_mixin.py:188} INFO - Extracting data from data/api_data_json/research_27.json
[2024-05-09T23:20:17.391+0000] {logging_mixin.py:188} INFO - Extracted data from data/api_data_json/research_27.json
[2024-05-09T23:20:17.393+0000] {logging_mixin.py:188} INFO - Extracting data from data/api_data_json/research_28.json
[2024-05-09T23:20:17.394+0000] {logging_mixin.py:188} INFO - Extracted data from data/api_data_json/research_28.json
[2024-05-09T23:20:17.396+0000] {logging_mixin.py:188} INFO - Extracting data from data/api_data_json/research_29.json
[2024-05-09T23:20:17.396+0000] {logging_mixin.py:188} INFO - Extracted data from data/api_data_json/research_29.json
[2024-05-09T23:20:17.398+0000] {logging_mixin.py:188} INFO - Extracting data from data/api_data_json/research_3.json
[2024-05-09T23:20:17.398+0000] {logging_mixin.py:188} INFO - Extracted data from data/api_data_json/research_3.json
[2024-05-09T23:20:17.400+0000] {logging_mixin.py:188} INFO - Extracting data from data/api_data_json/research_30.json
[2024-05-09T23:20:17.401+0000] {logging_mixin.py:188} INFO - Extracted data from data/api_data_json/research_30.json
[2024-05-09T23:20:17.403+0000] {logging_mixin.py:188} INFO - Extracting data from data/api_data_json/research_31.json
[2024-05-09T23:20:17.404+0000] {logging_mixin.py:188} INFO - Extracted data from data/api_data_json/research_31.json
[2024-05-09T23:20:17.406+0000] {logging_mixin.py:188} INFO - Extracting data from data/api_data_json/research_32.json
[2024-05-09T23:20:17.407+0000] {logging_mixin.py:188} INFO - Extracted data from data/api_data_json/research_32.json
[2024-05-09T23:20:17.409+0000] {logging_mixin.py:188} INFO - Extracting data from data/api_data_json/research_33.json
[2024-05-09T23:20:17.409+0000] {logging_mixin.py:188} INFO - Extracted data from data/api_data_json/research_33.json
[2024-05-09T23:20:17.411+0000] {logging_mixin.py:188} INFO - Extracting data from data/api_data_json/research_34.json
[2024-05-09T23:20:17.412+0000] {logging_mixin.py:188} INFO - Extracted data from data/api_data_json/research_34.json
[2024-05-09T23:20:17.414+0000] {logging_mixin.py:188} INFO - Extracting data from data/api_data_json/research_35.json
[2024-05-09T23:20:17.414+0000] {logging_mixin.py:188} INFO - Extracted data from data/api_data_json/research_35.json
[2024-05-09T23:20:17.416+0000] {logging_mixin.py:188} INFO - Extracting data from data/api_data_json/research_36.json
[2024-05-09T23:20:17.416+0000] {logging_mixin.py:188} INFO - Extracted data from data/api_data_json/research_36.json
[2024-05-09T23:20:17.419+0000] {logging_mixin.py:188} INFO - Extracting data from data/api_data_json/research_37.json
[2024-05-09T23:20:17.420+0000] {logging_mixin.py:188} INFO - Extracted data from data/api_data_json/research_37.json
[2024-05-09T23:20:17.423+0000] {logging_mixin.py:188} INFO - Extracting data from data/api_data_json/research_38.json
[2024-05-09T23:20:17.424+0000] {logging_mixin.py:188} INFO - Extracted data from data/api_data_json/research_38.json
[2024-05-09T23:20:17.427+0000] {logging_mixin.py:188} INFO - Extracting data from data/api_data_json/research_39.json
[2024-05-09T23:20:17.428+0000] {logging_mixin.py:188} INFO - Extracted data from data/api_data_json/research_39.json
[2024-05-09T23:20:17.430+0000] {logging_mixin.py:188} INFO - Extracting data from data/api_data_json/research_4.json
[2024-05-09T23:20:17.430+0000] {logging_mixin.py:188} INFO - Extracted data from data/api_data_json/research_4.json
[2024-05-09T23:20:17.432+0000] {logging_mixin.py:188} INFO - Extracting data from data/api_data_json/research_40.json
[2024-05-09T23:20:17.433+0000] {logging_mixin.py:188} INFO - Extracted data from data/api_data_json/research_40.json
[2024-05-09T23:20:17.436+0000] {logging_mixin.py:188} INFO - Extracting data from data/api_data_json/research_41.json
[2024-05-09T23:20:17.437+0000] {logging_mixin.py:188} INFO - Extracted data from data/api_data_json/research_41.json
[2024-05-09T23:20:17.440+0000] {logging_mixin.py:188} INFO - Extracting data from data/api_data_json/research_42.json
[2024-05-09T23:20:17.440+0000] {logging_mixin.py:188} INFO - Extracted data from data/api_data_json/research_42.json
[2024-05-09T23:20:17.443+0000] {logging_mixin.py:188} INFO - Extracting data from data/api_data_json/research_43.json
[2024-05-09T23:20:17.444+0000] {logging_mixin.py:188} INFO - Extracted data from data/api_data_json/research_43.json
[2024-05-09T23:20:17.446+0000] {logging_mixin.py:188} INFO - Extracting data from data/api_data_json/research_44.json
[2024-05-09T23:20:17.446+0000] {logging_mixin.py:188} INFO - Extracted data from data/api_data_json/research_44.json
[2024-05-09T23:20:17.449+0000] {logging_mixin.py:188} INFO - Extracting data from data/api_data_json/research_45.json
[2024-05-09T23:20:17.449+0000] {logging_mixin.py:188} INFO - Extracted data from data/api_data_json/research_45.json
[2024-05-09T23:20:17.452+0000] {logging_mixin.py:188} INFO - Extracting data from data/api_data_json/research_46.json
[2024-05-09T23:20:17.452+0000] {logging_mixin.py:188} INFO - Extracted data from data/api_data_json/research_46.json
[2024-05-09T23:20:17.456+0000] {logging_mixin.py:188} INFO - Extracting data from data/api_data_json/research_47.json
[2024-05-09T23:20:17.456+0000] {logging_mixin.py:188} INFO - Extracted data from data/api_data_json/research_47.json
[2024-05-09T23:20:17.509+0000] {logging_mixin.py:188} INFO - Extracting data from data/api_data_json/research_48.json
[2024-05-09T23:20:17.510+0000] {logging_mixin.py:188} INFO - Extracted data from data/api_data_json/research_48.json
[2024-05-09T23:20:17.517+0000] {logging_mixin.py:188} INFO - Extracting data from data/api_data_json/research_49.json
[2024-05-09T23:20:17.518+0000] {logging_mixin.py:188} INFO - Extracted data from data/api_data_json/research_49.json
[2024-05-09T23:20:17.522+0000] {logging_mixin.py:188} INFO - Extracting data from data/api_data_json/research_5.json
[2024-05-09T23:20:17.523+0000] {logging_mixin.py:188} INFO - Extracted data from data/api_data_json/research_5.json
[2024-05-09T23:20:17.527+0000] {logging_mixin.py:188} INFO - Extracting data from data/api_data_json/research_50.json
[2024-05-09T23:20:17.528+0000] {logging_mixin.py:188} INFO - Extracted data from data/api_data_json/research_50.json
[2024-05-09T23:20:17.531+0000] {logging_mixin.py:188} INFO - Extracting data from data/api_data_json/research_51.json
[2024-05-09T23:20:17.532+0000] {logging_mixin.py:188} INFO - Extracted data from data/api_data_json/research_51.json
[2024-05-09T23:20:17.564+0000] {logging_mixin.py:188} INFO - Extracting data from data/api_data_json/research_52.json
[2024-05-09T23:20:17.565+0000] {logging_mixin.py:188} INFO - Extracted data from data/api_data_json/research_52.json
[2024-05-09T23:20:17.595+0000] {logging_mixin.py:188} INFO - Extracting data from data/api_data_json/research_53.json
[2024-05-09T23:20:17.596+0000] {logging_mixin.py:188} INFO - Extracted data from data/api_data_json/research_53.json
[2024-05-09T23:20:17.601+0000] {logging_mixin.py:188} INFO - Extracting data from data/api_data_json/research_54.json
[2024-05-09T23:20:17.602+0000] {logging_mixin.py:188} INFO - Extracted data from data/api_data_json/research_54.json
[2024-05-09T23:20:17.606+0000] {logging_mixin.py:188} INFO - Extracting data from data/api_data_json/research_55.json
[2024-05-09T23:20:17.607+0000] {logging_mixin.py:188} INFO - Extracted data from data/api_data_json/research_55.json
[2024-05-09T23:20:17.610+0000] {logging_mixin.py:188} INFO - Extracting data from data/api_data_json/research_56.json
[2024-05-09T23:20:17.611+0000] {logging_mixin.py:188} INFO - Extracted data from data/api_data_json/research_56.json
[2024-05-09T23:20:17.635+0000] {logging_mixin.py:188} INFO - Extracting data from data/api_data_json/research_57.json
[2024-05-09T23:20:17.635+0000] {logging_mixin.py:188} INFO - Extracted data from data/api_data_json/research_57.json
[2024-05-09T23:20:17.641+0000] {logging_mixin.py:188} INFO - Extracting data from data/api_data_json/research_58.json
[2024-05-09T23:20:17.642+0000] {logging_mixin.py:188} INFO - Extracted data from data/api_data_json/research_58.json
[2024-05-09T23:20:17.645+0000] {logging_mixin.py:188} INFO - Extracting data from data/api_data_json/research_59.json
[2024-05-09T23:20:17.646+0000] {logging_mixin.py:188} INFO - Extracted data from data/api_data_json/research_59.json
[2024-05-09T23:20:17.648+0000] {logging_mixin.py:188} INFO - Extracting data from data/api_data_json/research_6.json
[2024-05-09T23:20:17.649+0000] {logging_mixin.py:188} INFO - Extracted data from data/api_data_json/research_6.json
[2024-05-09T23:20:17.652+0000] {logging_mixin.py:188} INFO - Extracting data from data/api_data_json/research_60.json
[2024-05-09T23:20:17.653+0000] {logging_mixin.py:188} INFO - Extracted data from data/api_data_json/research_60.json
[2024-05-09T23:20:17.656+0000] {logging_mixin.py:188} INFO - Extracting data from data/api_data_json/research_61.json
[2024-05-09T23:20:17.657+0000] {logging_mixin.py:188} INFO - Extracted data from data/api_data_json/research_61.json
[2024-05-09T23:20:17.679+0000] {logging_mixin.py:188} INFO - Extracting data from data/api_data_json/research_62.json
[2024-05-09T23:20:17.680+0000] {logging_mixin.py:188} INFO - Extracted data from data/api_data_json/research_62.json
[2024-05-09T23:20:17.684+0000] {logging_mixin.py:188} INFO - Extracting data from data/api_data_json/research_63.json
[2024-05-09T23:20:17.685+0000] {logging_mixin.py:188} INFO - Extracted data from data/api_data_json/research_63.json
[2024-05-09T23:20:17.689+0000] {logging_mixin.py:188} INFO - Extracting data from data/api_data_json/research_64.json
[2024-05-09T23:20:17.689+0000] {logging_mixin.py:188} INFO - Extracted data from data/api_data_json/research_64.json
[2024-05-09T23:20:17.692+0000] {logging_mixin.py:188} INFO - Extracting data from data/api_data_json/research_65.json
[2024-05-09T23:20:17.693+0000] {logging_mixin.py:188} INFO - Extracted data from data/api_data_json/research_65.json
[2024-05-09T23:20:17.695+0000] {logging_mixin.py:188} INFO - Extracting data from data/api_data_json/research_66.json
[2024-05-09T23:20:17.696+0000] {logging_mixin.py:188} INFO - Extracted data from data/api_data_json/research_66.json
[2024-05-09T23:20:17.699+0000] {logging_mixin.py:188} INFO - Extracting data from data/api_data_json/research_67.json
[2024-05-09T23:20:17.699+0000] {logging_mixin.py:188} INFO - Extracted data from data/api_data_json/research_67.json
[2024-05-09T23:20:17.702+0000] {logging_mixin.py:188} INFO - Extracting data from data/api_data_json/research_68.json
[2024-05-09T23:20:17.703+0000] {logging_mixin.py:188} INFO - Extracted data from data/api_data_json/research_68.json
[2024-05-09T23:20:17.706+0000] {logging_mixin.py:188} INFO - Extracting data from data/api_data_json/research_69.json
[2024-05-09T23:20:17.706+0000] {logging_mixin.py:188} INFO - Extracted data from data/api_data_json/research_69.json
[2024-05-09T23:20:17.709+0000] {logging_mixin.py:188} INFO - Extracting data from data/api_data_json/research_7.json
[2024-05-09T23:20:17.709+0000] {logging_mixin.py:188} INFO - Extracted data from data/api_data_json/research_7.json
[2024-05-09T23:20:17.731+0000] {logging_mixin.py:188} INFO - Extracting data from data/api_data_json/research_70.json
[2024-05-09T23:20:17.732+0000] {logging_mixin.py:188} INFO - Extracted data from data/api_data_json/research_70.json
[2024-05-09T23:20:17.737+0000] {logging_mixin.py:188} INFO - Extracting data from data/api_data_json/research_71.json
[2024-05-09T23:20:17.738+0000] {logging_mixin.py:188} INFO - Extracted data from data/api_data_json/research_71.json
[2024-05-09T23:20:17.740+0000] {logging_mixin.py:188} INFO - Extracting data from data/api_data_json/research_72.json
[2024-05-09T23:20:17.741+0000] {logging_mixin.py:188} INFO - Extracted data from data/api_data_json/research_72.json
[2024-05-09T23:20:17.744+0000] {logging_mixin.py:188} INFO - Extracting data from data/api_data_json/research_73.json
[2024-05-09T23:20:17.744+0000] {logging_mixin.py:188} INFO - Extracted data from data/api_data_json/research_73.json
[2024-05-09T23:20:17.747+0000] {logging_mixin.py:188} INFO - Extracting data from data/api_data_json/research_74.json
[2024-05-09T23:20:17.747+0000] {logging_mixin.py:188} INFO - Extracted data from data/api_data_json/research_74.json
[2024-05-09T23:20:17.749+0000] {logging_mixin.py:188} INFO - Extracting data from data/api_data_json/research_75.json
[2024-05-09T23:20:17.749+0000] {logging_mixin.py:188} INFO - Extracted data from data/api_data_json/research_75.json
[2024-05-09T23:20:17.751+0000] {logging_mixin.py:188} INFO - Extracting data from data/api_data_json/research_76.json
[2024-05-09T23:20:17.751+0000] {logging_mixin.py:188} INFO - Extracted data from data/api_data_json/research_76.json
[2024-05-09T23:20:17.754+0000] {logging_mixin.py:188} INFO - Extracting data from data/api_data_json/research_77.json
[2024-05-09T23:20:17.755+0000] {logging_mixin.py:188} INFO - Extracted data from data/api_data_json/research_77.json
[2024-05-09T23:20:17.757+0000] {logging_mixin.py:188} INFO - Extracting data from data/api_data_json/research_78.json
[2024-05-09T23:20:17.758+0000] {logging_mixin.py:188} INFO - Extracted data from data/api_data_json/research_78.json
[2024-05-09T23:20:17.761+0000] {logging_mixin.py:188} INFO - Extracting data from data/api_data_json/research_79.json
[2024-05-09T23:20:17.761+0000] {logging_mixin.py:188} INFO - Extracted data from data/api_data_json/research_79.json
[2024-05-09T23:20:17.763+0000] {logging_mixin.py:188} INFO - Extracting data from data/api_data_json/research_8.json
[2024-05-09T23:20:17.763+0000] {logging_mixin.py:188} INFO - Extracted data from data/api_data_json/research_8.json
[2024-05-09T23:20:17.765+0000] {logging_mixin.py:188} INFO - Extracting data from data/api_data_json/research_80.json
[2024-05-09T23:20:17.766+0000] {logging_mixin.py:188} INFO - Extracted data from data/api_data_json/research_80.json
[2024-05-09T23:20:17.768+0000] {logging_mixin.py:188} INFO - Extracting data from data/api_data_json/research_81.json
[2024-05-09T23:20:17.768+0000] {logging_mixin.py:188} INFO - Extracted data from data/api_data_json/research_81.json
[2024-05-09T23:20:17.771+0000] {logging_mixin.py:188} INFO - Extracting data from data/api_data_json/research_82.json
[2024-05-09T23:20:17.771+0000] {logging_mixin.py:188} INFO - Extracted data from data/api_data_json/research_82.json
[2024-05-09T23:20:17.773+0000] {logging_mixin.py:188} INFO - Extracting data from data/api_data_json/research_83.json
[2024-05-09T23:20:17.774+0000] {logging_mixin.py:188} INFO - Extracted data from data/api_data_json/research_83.json
[2024-05-09T23:20:17.796+0000] {logging_mixin.py:188} INFO - Extracting data from data/api_data_json/research_84.json
[2024-05-09T23:20:17.797+0000] {logging_mixin.py:188} INFO - Extracted data from data/api_data_json/research_84.json
[2024-05-09T23:20:17.801+0000] {logging_mixin.py:188} INFO - Extracting data from data/api_data_json/research_85.json
[2024-05-09T23:20:17.802+0000] {logging_mixin.py:188} INFO - Extracted data from data/api_data_json/research_85.json
[2024-05-09T23:20:17.821+0000] {logging_mixin.py:188} INFO - Extracting data from data/api_data_json/research_86.json
[2024-05-09T23:20:17.822+0000] {logging_mixin.py:188} INFO - Extracted data from data/api_data_json/research_86.json
[2024-05-09T23:20:17.827+0000] {logging_mixin.py:188} INFO - Extracting data from data/api_data_json/research_87.json
[2024-05-09T23:20:17.828+0000] {logging_mixin.py:188} INFO - Extracted data from data/api_data_json/research_87.json
[2024-05-09T23:20:17.831+0000] {logging_mixin.py:188} INFO - Extracting data from data/api_data_json/research_88.json
[2024-05-09T23:20:17.832+0000] {logging_mixin.py:188} INFO - Extracted data from data/api_data_json/research_88.json
[2024-05-09T23:20:17.835+0000] {logging_mixin.py:188} INFO - Extracting data from data/api_data_json/research_89.json
[2024-05-09T23:20:17.835+0000] {logging_mixin.py:188} INFO - Extracted data from data/api_data_json/research_89.json
[2024-05-09T23:20:17.838+0000] {logging_mixin.py:188} INFO - Extracting data from data/api_data_json/research_9.json
[2024-05-09T23:20:17.838+0000] {logging_mixin.py:188} INFO - Extracted data from data/api_data_json/research_9.json
[2024-05-09T23:20:17.841+0000] {logging_mixin.py:188} INFO - Extracting data from data/api_data_json/research_90.json
[2024-05-09T23:20:17.842+0000] {logging_mixin.py:188} INFO - Extracted data from data/api_data_json/research_90.json
[2024-05-09T23:20:17.845+0000] {logging_mixin.py:188} INFO - Extracting data from data/api_data_json/research_91.json
[2024-05-09T23:20:17.845+0000] {logging_mixin.py:188} INFO - Extracted data from data/api_data_json/research_91.json
[2024-05-09T23:20:17.848+0000] {logging_mixin.py:188} INFO - Extracting data from data/api_data_json/research_92.json
[2024-05-09T23:20:17.848+0000] {logging_mixin.py:188} INFO - Extracted data from data/api_data_json/research_92.json
[2024-05-09T23:20:17.851+0000] {logging_mixin.py:188} INFO - Extracting data from data/api_data_json/research_93.json
[2024-05-09T23:20:17.851+0000] {logging_mixin.py:188} INFO - Extracted data from data/api_data_json/research_93.json
[2024-05-09T23:20:17.854+0000] {logging_mixin.py:188} INFO - Extracting data from data/api_data_json/research_94.json
[2024-05-09T23:20:17.854+0000] {logging_mixin.py:188} INFO - Extracted data from data/api_data_json/research_94.json
[2024-05-09T23:20:17.857+0000] {logging_mixin.py:188} INFO - Extracting data from data/api_data_json/research_95.json
[2024-05-09T23:20:17.857+0000] {logging_mixin.py:188} INFO - Extracted data from data/api_data_json/research_95.json
[2024-05-09T23:20:17.860+0000] {logging_mixin.py:188} INFO - Extracting data from data/api_data_json/research_96.json
[2024-05-09T23:20:17.861+0000] {logging_mixin.py:188} INFO - Extracted data from data/api_data_json/research_96.json
[2024-05-09T23:20:17.864+0000] {logging_mixin.py:188} INFO - Extracting data from data/api_data_json/research_97.json
[2024-05-09T23:20:17.864+0000] {logging_mixin.py:188} INFO - Extracted data from data/api_data_json/research_97.json
[2024-05-09T23:20:17.867+0000] {logging_mixin.py:188} INFO - Extracting data from data/api_data_json/research_98.json
[2024-05-09T23:20:17.867+0000] {logging_mixin.py:188} INFO - Extracted data from data/api_data_json/research_98.json
[2024-05-09T23:20:17.870+0000] {logging_mixin.py:188} INFO - Extracting data from data/api_data_json/research_99.json
[2024-05-09T23:20:17.871+0000] {logging_mixin.py:188} INFO - Extracted data from data/api_data_json/research_99.json
[2024-05-09T23:20:17.894+0000] {python.py:237} INFO - Done. Returned value was: None
[2024-05-09T23:20:17.894+0000] {taskinstance.py:441} INFO - ::group::Post task execution logs
[2024-05-09T23:20:17.901+0000] {taskinstance.py:1206} INFO - Marking task as SUCCESS. dag_id=ml_pipeline, task_id=extract_api_data, run_id=manual__2024-05-09T23:19:43.103474+00:00, execution_date=20240509T231943, start_date=20240509T232017, end_date=20240509T232017
[2024-05-09T23:20:17.933+0000] {local_task_job_runner.py:240} INFO - Task exited with return code 0
[2024-05-09T23:20:17.954+0000] {taskinstance.py:3498} INFO - 1 downstream tasks scheduled from follow-on schedule check
[2024-05-09T23:20:17.956+0000] {local_task_job_runner.py:222} INFO - ::endgroup::
