[2024-05-09T23:43:51.155+0000] {local_task_job_runner.py:120} INFO - ::group::Pre task execution logs
[2024-05-09T23:43:51.187+0000] {taskinstance.py:2076} INFO - Dependencies all met for dep_context=non-requeueable deps ti=<TaskInstance: ml_pipeline.clean_data manual__2024-05-09T23:23:25.210789+00:00 [queued]>
[2024-05-09T23:43:51.196+0000] {taskinstance.py:2076} INFO - Dependencies all met for dep_context=requeueable deps ti=<TaskInstance: ml_pipeline.clean_data manual__2024-05-09T23:23:25.210789+00:00 [queued]>
[2024-05-09T23:43:51.197+0000] {taskinstance.py:2306} INFO - Starting attempt 16 of 19
[2024-05-09T23:43:51.210+0000] {taskinstance.py:2330} INFO - Executing <Task(PythonOperator): clean_data> on 2024-05-09 23:23:25.210789+00:00
[2024-05-09T23:43:51.216+0000] {logging_mixin.py:188} WARNING - /home/***/.local/lib/python3.12/site-packages/***/task/task_runner/standard_task_runner.py:61 DeprecationWarning: This process (pid=4545) is multi-threaded, use of fork() may lead to deadlocks in the child.
[2024-05-09T23:43:51.217+0000] {standard_task_runner.py:63} INFO - Started process 4556 to run task
[2024-05-09T23:43:51.216+0000] {standard_task_runner.py:90} INFO - Running: ['***', 'tasks', 'run', 'ml_pipeline', 'clean_data', 'manual__2024-05-09T23:23:25.210789+00:00', '--job-id', '164', '--raw', '--subdir', 'DAGS_FOLDER/main_dag.py', '--cfg-path', '/tmp/tmprp_8_kxe']
[2024-05-09T23:43:51.218+0000] {standard_task_runner.py:91} INFO - Job 164: Subtask clean_data
[2024-05-09T23:43:51.230+0000] {logging_mixin.py:188} WARNING - /home/***/.local/lib/python3.12/site-packages/***/settings.py:195 DeprecationWarning: The sql_alchemy_conn option in [core] has been moved to the sql_alchemy_conn option in [database] - the old setting has been used, but please update your config.
[2024-05-09T23:43:51.260+0000] {task_command.py:426} INFO - Running <TaskInstance: ml_pipeline.clean_data manual__2024-05-09T23:23:25.210789+00:00 [running]> on host 3031e573f05c
[2024-05-09T23:43:51.339+0000] {taskinstance.py:2648} INFO - Exporting env vars: AIRFLOW_CTX_DAG_OWNER='***' AIRFLOW_CTX_DAG_ID='ml_pipeline' AIRFLOW_CTX_TASK_ID='clean_data' AIRFLOW_CTX_EXECUTION_DATE='2024-05-09T23:23:25.210789+00:00' AIRFLOW_CTX_TRY_NUMBER='16' AIRFLOW_CTX_DAG_RUN_ID='manual__2024-05-09T23:23:25.210789+00:00'
[2024-05-09T23:43:51.340+0000] {taskinstance.py:430} INFO - ::endgroup::
[2024-05-09T23:43:51.407+0000] {logging_mixin.py:188} INFO -                                                title  ...                                           keywords
0  Shear capacity of high performance fiber reinf...  ...  [Fiber content, High performance fiber reinfor...
1                   Mutation operators in BPMN model  ...        [BPMN, Mutation Operator, Mutation Testing]
2  Characteristics and catalytic properties of Ni...  ...  [CO2 hydrogenation, Methanation, Nickel cataly...
3  Valorization of biodiesel plant-derived produc...  ...  [Calcium oxides, Dolomite, Fatty acid methyl e...
4  Orthodontic evaluation by cluster and factor a...  ...  [3D, airway, cluster, Factor: dimensional prof...

[5 rows x 5 columns]
[2024-05-09T23:43:51.410+0000] {logging_mixin.py:188} INFO - /opt/***
[2024-05-09T23:43:51.412+0000] {taskinstance.py:441} INFO - ::group::Post task execution logs
[2024-05-09T23:43:51.412+0000] {taskinstance.py:2905} ERROR - Task failed with exception
Traceback (most recent call last):
  File "/home/airflow/.local/lib/python3.12/site-packages/airflow/models/taskinstance.py", line 465, in _execute_task
    result = _execute_callable(context=context, **execute_callable_kwargs)
             ^^^^^^^^^^^^^^^^^^^^^^^^^^^^^^^^^^^^^^^^^^^^^^^^^^^^^^^^^^^^^
  File "/home/airflow/.local/lib/python3.12/site-packages/airflow/models/taskinstance.py", line 432, in _execute_callable
    return execute_callable(context=context, **execute_callable_kwargs)
           ^^^^^^^^^^^^^^^^^^^^^^^^^^^^^^^^^^^^^^^^^^^^^^^^^^^^^^^^^^^^
  File "/home/airflow/.local/lib/python3.12/site-packages/airflow/models/baseoperator.py", line 400, in wrapper
    return func(self, *args, **kwargs)
           ^^^^^^^^^^^^^^^^^^^^^^^^^^^
  File "/home/airflow/.local/lib/python3.12/site-packages/airflow/operators/python.py", line 235, in execute
    return_value = self.execute_callable()
                   ^^^^^^^^^^^^^^^^^^^^^^^
  File "/home/airflow/.local/lib/python3.12/site-packages/airflow/operators/python.py", line 252, in execute_callable
    return self.python_callable(*self.op_args, **self.op_kwargs)
           ^^^^^^^^^^^^^^^^^^^^^^^^^^^^^^^^^^^^^^^^^^^^^^^^^^^^^
  File "/opt/airflow/dags/tasks/clean_data.py", line 34, in clean_data
    os.makedirs(f'/opt/{file_path_to_upload}')
  File "<frozen os>", line 215, in makedirs
  File "<frozen os>", line 215, in makedirs
  File "<frozen os>", line 215, in makedirs
  File "<frozen os>", line 225, in makedirs
PermissionError: [Errno 13] Permission denied: '/opt//opt'
[2024-05-09T23:43:51.425+0000] {taskinstance.py:1206} INFO - Marking task as UP_FOR_RETRY. dag_id=ml_pipeline, task_id=clean_data, run_id=manual__2024-05-09T23:23:25.210789+00:00, execution_date=20240509T232325, start_date=20240509T234351, end_date=20240509T234351
[2024-05-09T23:43:51.450+0000] {standard_task_runner.py:110} ERROR - Failed to execute job 164 for task clean_data ([Errno 13] Permission denied: '/opt//opt'; 4556)
[2024-05-09T23:43:51.471+0000] {local_task_job_runner.py:240} INFO - Task exited with return code 1
[2024-05-09T23:43:51.497+0000] {taskinstance.py:3498} INFO - 0 downstream tasks scheduled from follow-on schedule check
[2024-05-09T23:43:51.499+0000] {local_task_job_runner.py:222} INFO - ::endgroup::
