[2024-05-10T03:57:34.325+0000] {local_task_job_runner.py:120} INFO - ::group::Pre task execution logs
[2024-05-10T03:57:34.348+0000] {taskinstance.py:2076} INFO - Dependencies all met for dep_context=non-requeueable deps ti=<TaskInstance: ml_pipeline.extract_api_data manual__2024-05-10T03:57:06.616756+00:00 [queued]>
[2024-05-10T03:57:34.354+0000] {taskinstance.py:2076} INFO - Dependencies all met for dep_context=requeueable deps ti=<TaskInstance: ml_pipeline.extract_api_data manual__2024-05-10T03:57:06.616756+00:00 [queued]>
[2024-05-10T03:57:34.355+0000] {taskinstance.py:2306} INFO - Starting attempt 1 of 4
[2024-05-10T03:57:34.367+0000] {taskinstance.py:2330} INFO - Executing <Task(PythonOperator): extract_api_data> on 2024-05-10 03:57:06.616756+00:00
[2024-05-10T03:57:34.373+0000] {logging_mixin.py:188} WARNING - /home/***/.local/lib/python3.12/site-packages/***/task/task_runner/standard_task_runner.py:61 DeprecationWarning: This process (pid=13712) is multi-threaded, use of fork() may lead to deadlocks in the child.
[2024-05-10T03:57:34.374+0000] {standard_task_runner.py:63} INFO - Started process 13714 to run task
[2024-05-10T03:57:34.373+0000] {standard_task_runner.py:90} INFO - Running: ['***', 'tasks', 'run', 'ml_pipeline', 'extract_api_data', 'manual__2024-05-10T03:57:06.616756+00:00', '--job-id', '232', '--raw', '--subdir', 'DAGS_FOLDER/main_dag.py', '--cfg-path', '/tmp/tmpsbb3me0j']
[2024-05-10T03:57:34.375+0000] {standard_task_runner.py:91} INFO - Job 232: Subtask extract_api_data
[2024-05-10T03:57:34.386+0000] {logging_mixin.py:188} WARNING - /home/***/.local/lib/python3.12/site-packages/***/settings.py:195 DeprecationWarning: The sql_alchemy_conn option in [core] has been moved to the sql_alchemy_conn option in [database] - the old setting has been used, but please update your config.
[2024-05-10T03:57:34.414+0000] {task_command.py:426} INFO - Running <TaskInstance: ml_pipeline.extract_api_data manual__2024-05-10T03:57:06.616756+00:00 [running]> on host 3031e573f05c
[2024-05-10T03:57:34.485+0000] {taskinstance.py:2648} INFO - Exporting env vars: AIRFLOW_CTX_DAG_OWNER='***' AIRFLOW_CTX_DAG_ID='ml_pipeline' AIRFLOW_CTX_TASK_ID='extract_api_data' AIRFLOW_CTX_EXECUTION_DATE='2024-05-10T03:57:06.616756+00:00' AIRFLOW_CTX_TRY_NUMBER='1' AIRFLOW_CTX_DAG_RUN_ID='manual__2024-05-10T03:57:06.616756+00:00'
[2024-05-10T03:57:34.486+0000] {taskinstance.py:430} INFO - ::endgroup::
[2024-05-10T03:57:34.506+0000] {logging_mixin.py:188} INFO - Extracting data from data/api_data_json/research_0.json
[2024-05-10T03:57:34.506+0000] {logging_mixin.py:188} INFO - Extracted data from data/api_data_json/research_0.json
[2024-05-10T03:57:34.508+0000] {logging_mixin.py:188} INFO - Extracting data from data/api_data_json/research_1.json
[2024-05-10T03:57:34.509+0000] {logging_mixin.py:188} INFO - Extracted data from data/api_data_json/research_1.json
[2024-05-10T03:57:34.511+0000] {logging_mixin.py:188} INFO - Extracting data from data/api_data_json/research_10.json
[2024-05-10T03:57:34.512+0000] {logging_mixin.py:188} INFO - Extracted data from data/api_data_json/research_10.json
[2024-05-10T03:57:34.516+0000] {logging_mixin.py:188} INFO - Extracting data from data/api_data_json/research_11.json
[2024-05-10T03:57:34.516+0000] {logging_mixin.py:188} INFO - Extracted data from data/api_data_json/research_11.json
[2024-05-10T03:57:34.518+0000] {logging_mixin.py:188} INFO - Extracting data from data/api_data_json/research_12.json
[2024-05-10T03:57:34.519+0000] {logging_mixin.py:188} INFO - Extracted data from data/api_data_json/research_12.json
[2024-05-10T03:57:34.521+0000] {logging_mixin.py:188} INFO - Extracting data from data/api_data_json/research_13.json
[2024-05-10T03:57:34.521+0000] {logging_mixin.py:188} INFO - Extracted data from data/api_data_json/research_13.json
[2024-05-10T03:57:34.523+0000] {logging_mixin.py:188} INFO - Extracting data from data/api_data_json/research_14.json
[2024-05-10T03:57:34.523+0000] {logging_mixin.py:188} INFO - Extracted data from data/api_data_json/research_14.json
[2024-05-10T03:57:34.525+0000] {logging_mixin.py:188} INFO - Extracting data from data/api_data_json/research_15.json
[2024-05-10T03:57:34.526+0000] {logging_mixin.py:188} INFO - Extracted data from data/api_data_json/research_15.json
[2024-05-10T03:57:34.529+0000] {logging_mixin.py:188} INFO - Extracting data from data/api_data_json/research_16.json
[2024-05-10T03:57:34.529+0000] {logging_mixin.py:188} INFO - Extracted data from data/api_data_json/research_16.json
[2024-05-10T03:57:34.532+0000] {logging_mixin.py:188} INFO - Extracting data from data/api_data_json/research_17.json
[2024-05-10T03:57:34.532+0000] {logging_mixin.py:188} INFO - Extracted data from data/api_data_json/research_17.json
[2024-05-10T03:57:34.534+0000] {logging_mixin.py:188} INFO - Extracting data from data/api_data_json/research_18.json
[2024-05-10T03:57:34.534+0000] {logging_mixin.py:188} INFO - Extracted data from data/api_data_json/research_18.json
[2024-05-10T03:57:34.536+0000] {logging_mixin.py:188} INFO - Extracting data from data/api_data_json/research_19.json
[2024-05-10T03:57:34.536+0000] {logging_mixin.py:188} INFO - Extracted data from data/api_data_json/research_19.json
[2024-05-10T03:57:34.538+0000] {logging_mixin.py:188} INFO - Extracting data from data/api_data_json/research_2.json
[2024-05-10T03:57:34.539+0000] {logging_mixin.py:188} INFO - Extracted data from data/api_data_json/research_2.json
[2024-05-10T03:57:34.540+0000] {logging_mixin.py:188} INFO - Extracting data from data/api_data_json/research_20.json
[2024-05-10T03:57:34.541+0000] {logging_mixin.py:188} INFO - Extracted data from data/api_data_json/research_20.json
[2024-05-10T03:57:34.543+0000] {logging_mixin.py:188} INFO - Extracting data from data/api_data_json/research_21.json
[2024-05-10T03:57:34.544+0000] {logging_mixin.py:188} INFO - Extracted data from data/api_data_json/research_21.json
[2024-05-10T03:57:34.546+0000] {logging_mixin.py:188} INFO - Extracting data from data/api_data_json/research_22.json
[2024-05-10T03:57:34.547+0000] {logging_mixin.py:188} INFO - Extracted data from data/api_data_json/research_22.json
[2024-05-10T03:57:34.549+0000] {logging_mixin.py:188} INFO - Extracting data from data/api_data_json/research_23.json
[2024-05-10T03:57:34.549+0000] {logging_mixin.py:188} INFO - Extracted data from data/api_data_json/research_23.json
[2024-05-10T03:57:34.551+0000] {logging_mixin.py:188} INFO - Extracting data from data/api_data_json/research_24.json
[2024-05-10T03:57:34.551+0000] {logging_mixin.py:188} INFO - Extracted data from data/api_data_json/research_24.json
[2024-05-10T03:57:34.553+0000] {logging_mixin.py:188} INFO - Extracting data from data/api_data_json/research_3.json
[2024-05-10T03:57:34.554+0000] {logging_mixin.py:188} INFO - Extracted data from data/api_data_json/research_3.json
[2024-05-10T03:57:34.555+0000] {logging_mixin.py:188} INFO - Extracting data from data/api_data_json/research_4.json
[2024-05-10T03:57:34.556+0000] {logging_mixin.py:188} INFO - Extracted data from data/api_data_json/research_4.json
[2024-05-10T03:57:34.557+0000] {logging_mixin.py:188} INFO - Extracting data from data/api_data_json/research_5.json
[2024-05-10T03:57:34.558+0000] {logging_mixin.py:188} INFO - Extracted data from data/api_data_json/research_5.json
[2024-05-10T03:57:34.560+0000] {logging_mixin.py:188} INFO - Extracting data from data/api_data_json/research_6.json
[2024-05-10T03:57:34.561+0000] {logging_mixin.py:188} INFO - Extracted data from data/api_data_json/research_6.json
[2024-05-10T03:57:34.563+0000] {logging_mixin.py:188} INFO - Extracting data from data/api_data_json/research_7.json
[2024-05-10T03:57:34.563+0000] {logging_mixin.py:188} INFO - Extracted data from data/api_data_json/research_7.json
[2024-05-10T03:57:34.566+0000] {logging_mixin.py:188} INFO - Extracting data from data/api_data_json/research_8.json
[2024-05-10T03:57:34.566+0000] {logging_mixin.py:188} INFO - Extracted data from data/api_data_json/research_8.json
[2024-05-10T03:57:34.568+0000] {logging_mixin.py:188} INFO - Extracting data from data/api_data_json/research_9.json
[2024-05-10T03:57:34.568+0000] {logging_mixin.py:188} INFO - Extracted data from data/api_data_json/research_9.json
[2024-05-10T03:57:34.569+0000] {python.py:237} INFO - Done. Returned value was: [{'title': 'Shear capacity of high performance fiber reinforced concrete I-beams', 'affiliation_name': ['Faculteit Civiele Techniek en Geowetenschappen, TU Delft', 'Chulalongkorn University', 'Hokkaido University'], 'affiliation_country': ['Netherlands', 'Thailand', 'Japan'], 'publication_year': '2017', 'keywords': ['Fiber content', 'High performance fiber reinforced concrete (HPFRC)', 'Shear capacity', 'Shear reinforcement']}, {'title': 'Mutation operators in BPMN model', 'affiliation_name': ['Chulalongkorn University'], 'affiliation_country': ['Thailand'], 'publication_year': '2017', 'keywords': ['BPMN', 'Mutation Operator', 'Mutation Testing']}, {'title': 'Characteristics and catalytic properties of Ni/Ti-Si composite oxide catalysts via CO2 hydrogenation', 'affiliation_name': ['Chulalongkorn University'], 'affiliation_country': ['Thailand'], 'publication_year': '2017', 'keywords': ['CO2 hydrogenation', 'Methanation', 'Nickel catalysts', 'Titania-silica']}, {'title': 'Improving of crystal size distribution control based on neural network-based hybrid model for purified terephthalic acid batch crystallizer', 'affiliation_name': ['Universiti Malaya', 'Chulalongkorn University', 'Burapha University'], 'affiliation_country': ['Malaysia', 'Thailand', 'Thailand'], 'publication_year': '2017', 'keywords': ['Batch crystallizer', 'Crystal size distribution', 'Hybrid model', 'Neural network-based model predictive control']}, {'title': 'On-line digit set conversion for rational digit number', 'affiliation_name': ['Chulalongkorn University'], 'affiliation_country': ['Thailand'], 'publication_year': '2017', 'keywords': ['On-line computation', 'Rational digit set', 'RN-coding', 'Signed-digit']}, {'title': 'Motion-resistant pulse oximetry processing based on time-frequency analysis', 'affiliation_name': ['Chulalongkorn University'], 'affiliation_country': ['Thailand'], 'publication_year': '2017', 'keywords': ['Continuous wavelet transform', 'Motion artifact', 'Photoplethysmography', 'Pulse oximetry', 'Time-frequency analysis']}, {'title': 'Scaled boundary finite element method for two-dimensional linear multi-field media', 'affiliation_name': ['Chulalongkorn University'], 'affiliation_country': ['Thailand'], 'publication_year': '2017', 'keywords': ['Multi-field problems', 'SBFEM', 'Scaled boundary coordinates', 'State variables', 'Surface flux']}, {'title': 'A comparative study on the risk perceptions of the public and private sectors in public-private partnership (PPP) transportation projects in Vietnam', 'affiliation_name': ['Ho Chi Minh City University of Technology - HCMUT', 'Chulalongkorn University', 'Kyoto University'], 'affiliation_country': ['Viet Nam', 'Thailand', 'Japan'], 'publication_year': '2017', 'keywords': ['Critical risk factor (CRF)', 'Public-private partnership (PPP)', 'Risk management', 'Risk perceptions', 'Transportation projects', 'Vietnam']}, {'title': 'Ethanolic extract of Streblus asper leaves protects against glutamate-induced toxicity in HT22 hippocampal neuronal cells and extends lifespan of Caenorhabditis elegans', 'affiliation_name': ['Chulalongkorn University', 'Mahidol University', 'Burapha University'], 'affiliation_country': ['Thailand', 'Thailand', 'Thailand'], 'publication_year': '2017', 'keywords': ['Apoptosis', 'Caenorhabditis elegans', 'Glutamate toxicity', 'HT22 cell', 'Lifespan', 'Neuroprotection', 'Nrf2 pathway', 'Oxidative stress', 'Streblus Asper']}, {'title': 'Extreme anomalous score clustering algorithm', 'affiliation_name': ['Chulalongkorn University'], 'affiliation_country': ['Thailand'], 'publication_year': '2017', 'keywords': ['Anomalous score', 'Clustering algorithm', 'Extreme anomalous score', 'Outlier']}, {'title': 'Extreme anomalous oversampling technique for class imbalance', 'affiliation_name': ['Chulalongkorn University'], 'affiliation_country': ['Thailand'], 'publication_year': '2017', 'keywords': ['Class imbalance', 'Extreme anomalous score', 'Negative anomalous score', 'Oversampling']}, {'title': 'Predicting customer churn in mobile football application', 'affiliation_name': ['Chulalongkorn University'], 'affiliation_country': ['Thailand'], 'publication_year': '2017', 'keywords': ['Classification', 'Customer churn', 'Data mining', 'Decision tree', 'Mobile football application', 'Prediction']}, {'title': 'Phoyunnanin E inhibits migration of non-small cell lung cancer cells via suppression of epithelial-to-mesenchymal transition and integrin αv and integrin β3', 'affiliation_name': ['Chulalongkorn University'], 'affiliation_country': ['Thailand'], 'publication_year': '2017', 'keywords': ['Epithelial to mesenchymal transition', 'Integrin', 'Lung cancer', 'Migration', 'Phoyunnanin E']}, {'title': 'Evidence of Multi-Component Ion Exchange in Dolomite Formation during Low Salinity Waterflooding', 'affiliation_name': ['PTT Exploration and Production Public Company Limited', 'Chulalongkorn University'], 'affiliation_country': ['Thailand', 'Thailand'], 'publication_year': '2017', 'keywords': []}, {'title': 'Spatially Resolved Kinematics in the Central 1 kpc of a Compact Star-forming Galaxy at z ∼ 2.3 from ALMA CO Observations', 'affiliation_name': ['National Astronomical Research Institute of Thailand', 'Santa Cruz Institute for Particle Physics', 'Chulalongkorn University', 'Universidad Complutense de Madrid', 'The University of Tokyo', 'University of California, Berkeley', 'University of California, Santa Cruz', 'Max Planck Institute for Extraterrestrial Physics', 'University of the Pacific, California', 'Universidad Diego Portales', 'Hebrew University of Jerusalem', 'Colby College'], 'affiliation_country': ['Thailand', 'United States', 'Thailand', 'Spain', 'Japan', 'United States', 'United States', 'Germany', 'United States', 'Chile', 'Israel', 'United States'], 'publication_year': '2017', 'keywords': ['galaxies: high-redshift', 'galaxies: photometry']}, {'title': 'UAV-based multispectral aerial image retrieval using spectral feature and semantic computing', 'affiliation_name': ['Chulalongkorn University', 'Keio University'], 'affiliation_country': ['Thailand', 'Japan'], 'publication_year': '2017', 'keywords': ['Agricultural Monitoring System', 'multispectral image retrieval', 'Semantic computing', 'UAV-based multispectral Image']}, {'title': 'Miniaturization of power dividers using quarter-wave-like transformers (QWLTs)', 'affiliation_name': ['Asian University of Science and Technology', 'Chulalongkorn University'], 'affiliation_country': ['Thailand', 'Thailand'], 'publication_year': '2017', 'keywords': ['Conjugately characteristic-impedance transmission line (CCITL)', 'power divider', 'quarter-wave transformer (QWT)', 'quarter-wave-like transformer (QWLT)']}, {'title': 'Analysis of cancerous tissue temperature in the breast during hyperthermia', 'affiliation_name': ['Chulalongkorn University', 'Marmara Üniversitesi'], 'affiliation_country': ['Thailand', 'Turkey'], 'publication_year': '2017', 'keywords': ['Bioheat transfer', 'Breast cancer', 'COMSOL Multiphysics', 'Electromagnetic wave', 'Hyperthermia']}, {'title': 'Investigation of alkoxysilanes in the presence of hydrogen with ziegler-natta catalysts in ethylene polymerization', 'affiliation_name': ['Chulalongkorn University'], 'affiliation_country': ['Thailand'], 'publication_year': '2017', 'keywords': ['Alkoxysilanes', 'Ethylene polymerization', 'External donor', 'Ziegler-natta catalyst']}, {'title': 'Input modeling prioritization using statistically user profile for pairwise test case generation with constraints handling', 'affiliation_name': ['Chulalongkorn University'], 'affiliation_country': ['Thailand'], 'publication_year': '2017', 'keywords': ['Constraints handling', 'Input parameters modeling', 'Pairwise testing', 'Test case prioritization', 'Test case selection']}, {'title': 'Analytic hierarchy process for stakeholder participation in integrated water resources management', 'affiliation_name': ['Chulalongkorn University'], 'affiliation_country': ['Thailand'], 'publication_year': '2017', 'keywords': ['Analytic hierarchy process (AHP)', 'Integrated water resources management (IWRM)', 'Pranburi watershed']}, {'title': 'A novel design and implementation of a 4-DOF upper limb exoskeleton for stroke rehabilitation with active assistive control strategy', 'affiliation_name': ['Chulalongkorn University'], 'affiliation_country': ['Thailand'], 'publication_year': '2017', 'keywords': ['Active assistive control strategy', 'Pre-recorded trajectory', 'Rehabilitation robot', 'Stroke', 'Upper-limb exoskeleton robot']}, {'title': 'Parallel-axis gear design methodology for minimization of power loss and its effect on vibration characteristics', 'affiliation_name': ['Chulalongkorn University'], 'affiliation_country': ['Thailand'], 'publication_year': '2017', 'keywords': ['Gear design', 'Load capacity', 'Power loss', 'Vibration']}, {'title': 'Evaluating damaged concrete depth in reinforced concrete structures under different fire exposure times by means of NDT and DT techniques', 'affiliation_name': ['Hiroshima University', 'Chulalongkorn University'], 'affiliation_country': ['Japan', 'Thailand'], 'publication_year': '2017', 'keywords': ['Destructive test', 'Fire-damaged concrete', 'Non-destructive test', 'Pull-off test', 'Schmidt rebound hammer', 'Ultrasonic pulse velocity']}, {'title': 'Warehouse layout design for an automotive raw material supplier', 'affiliation_name': ['Chulalongkorn University'], 'affiliation_country': ['Thailand'], 'publication_year': '2017', 'keywords': ['Automotive industry', 'Warehouse layout design', 'Warehouse management']}]
[2024-05-10T03:57:34.570+0000] {taskinstance.py:441} INFO - ::group::Post task execution logs
[2024-05-10T03:57:34.593+0000] {taskinstance.py:1206} INFO - Marking task as SUCCESS. dag_id=ml_pipeline, task_id=extract_api_data, run_id=manual__2024-05-10T03:57:06.616756+00:00, execution_date=20240510T035706, start_date=20240510T035734, end_date=20240510T035734
[2024-05-10T03:57:34.629+0000] {local_task_job_runner.py:240} INFO - Task exited with return code 0
[2024-05-10T03:57:34.653+0000] {taskinstance.py:3498} INFO - 1 downstream tasks scheduled from follow-on schedule check
[2024-05-10T03:57:34.656+0000] {local_task_job_runner.py:222} INFO - ::endgroup::
