[2024-05-10T03:03:28.036+0000] {local_task_job_runner.py:120} INFO - ::group::Pre task execution logs
[2024-05-10T03:03:28.075+0000] {taskinstance.py:2076} INFO - Dependencies all met for dep_context=non-requeueable deps ti=<TaskInstance: ml_pipeline.concat_data manual__2024-05-09T23:55:21.313175+00:00 [queued]>
[2024-05-10T03:03:28.085+0000] {taskinstance.py:2076} INFO - Dependencies all met for dep_context=requeueable deps ti=<TaskInstance: ml_pipeline.concat_data manual__2024-05-09T23:55:21.313175+00:00 [queued]>
[2024-05-10T03:03:28.086+0000] {taskinstance.py:2306} INFO - Starting attempt 6 of 9
[2024-05-10T03:03:28.100+0000] {taskinstance.py:2330} INFO - Executing <Task(PythonOperator): concat_data> on 2024-05-09 23:55:21.313175+00:00
[2024-05-10T03:03:28.107+0000] {logging_mixin.py:188} WARNING - /home/***/.local/lib/python3.12/site-packages/***/task/task_runner/standard_task_runner.py:61 DeprecationWarning: This process (pid=11505) is multi-threaded, use of fork() may lead to deadlocks in the child.
[2024-05-10T03:03:28.106+0000] {standard_task_runner.py:90} INFO - Running: ['***', 'tasks', 'run', 'ml_pipeline', 'concat_data', 'manual__2024-05-09T23:55:21.313175+00:00', '--job-id', '186', '--raw', '--subdir', 'DAGS_FOLDER/main_dag.py', '--cfg-path', '/tmp/tmph68nkkwd']
[2024-05-10T03:03:28.109+0000] {standard_task_runner.py:63} INFO - Started process 11507 to run task
[2024-05-10T03:03:28.109+0000] {standard_task_runner.py:91} INFO - Job 186: Subtask concat_data
[2024-05-10T03:03:28.123+0000] {logging_mixin.py:188} WARNING - /home/***/.local/lib/python3.12/site-packages/***/settings.py:195 DeprecationWarning: The sql_alchemy_conn option in [core] has been moved to the sql_alchemy_conn option in [database] - the old setting has been used, but please update your config.
[2024-05-10T03:03:28.153+0000] {task_command.py:426} INFO - Running <TaskInstance: ml_pipeline.concat_data manual__2024-05-09T23:55:21.313175+00:00 [running]> on host 3031e573f05c
[2024-05-10T03:03:28.226+0000] {taskinstance.py:2648} INFO - Exporting env vars: AIRFLOW_CTX_DAG_OWNER='***' AIRFLOW_CTX_DAG_ID='ml_pipeline' AIRFLOW_CTX_TASK_ID='concat_data' AIRFLOW_CTX_EXECUTION_DATE='2024-05-09T23:55:21.313175+00:00' AIRFLOW_CTX_TRY_NUMBER='6' AIRFLOW_CTX_DAG_RUN_ID='manual__2024-05-09T23:55:21.313175+00:00'
[2024-05-10T03:03:28.228+0000] {taskinstance.py:430} INFO - ::endgroup::
[2024-05-10T03:03:28.243+0000] {logging_mixin.py:188} INFO - Empty DataFrame
Columns: []
Index: []
[2024-05-10T03:03:28.327+0000] {logging_mixin.py:188} INFO - 20216
[2024-05-10T03:03:28.335+0000] {logging_mixin.py:188} INFO -                                                title  ...                                           keywords
0  Public health and international epidemiology f...  ...                                                 []
1  Flexible Printed Active Antenna for Digital Te...  ...                                                 []
2  Parametric study of hydrogen production via so...  ...  ['Circulating fluidized bed', 'Computational f...
3  Superhydrophobic coating from fluoroalkylsilan...  ...  ['Encapsulation', 'Fluoroalkylsilane', 'Natura...
4  Electrochemical impedance-based DNA sensor usi...  ...  ['acpcPNA', 'Electrochemical impedance spectro...

[5 rows x 5 columns]
[2024-05-10T03:03:28.336+0000] {logging_mixin.py:188} INFO - 20216
[2024-05-10T03:03:28.337+0000] {python.py:237} INFO - Done. Returned value was: None
[2024-05-10T03:03:28.338+0000] {taskinstance.py:441} INFO - ::group::Post task execution logs
[2024-05-10T03:03:28.345+0000] {taskinstance.py:1206} INFO - Marking task as SUCCESS. dag_id=ml_pipeline, task_id=concat_data, run_id=manual__2024-05-09T23:55:21.313175+00:00, execution_date=20240509T235521, start_date=20240510T030328, end_date=20240510T030328
[2024-05-10T03:03:28.403+0000] {local_task_job_runner.py:240} INFO - Task exited with return code 0
[2024-05-10T03:03:28.418+0000] {taskinstance.py:3498} INFO - 0 downstream tasks scheduled from follow-on schedule check
[2024-05-10T03:03:28.420+0000] {local_task_job_runner.py:222} INFO - ::endgroup::
