[2024-05-10T03:24:42.524+0000] {local_task_job_runner.py:120} INFO - ::group::Pre task execution logs
[2024-05-10T03:24:42.553+0000] {taskinstance.py:2076} INFO - Dependencies all met for dep_context=non-requeueable deps ti=<TaskInstance: ml_pipeline.concat_data manual__2024-05-09T23:55:21.313175+00:00 [queued]>
[2024-05-10T03:24:42.563+0000] {taskinstance.py:2076} INFO - Dependencies all met for dep_context=requeueable deps ti=<TaskInstance: ml_pipeline.concat_data manual__2024-05-09T23:55:21.313175+00:00 [queued]>
[2024-05-10T03:24:42.564+0000] {taskinstance.py:2306} INFO - Starting attempt 23 of 26
[2024-05-10T03:24:42.579+0000] {taskinstance.py:2330} INFO - Executing <Task(PythonOperator): concat_data> on 2024-05-09 23:55:21.313175+00:00
[2024-05-10T03:24:42.585+0000] {logging_mixin.py:188} WARNING - /home/***/.local/lib/python3.12/site-packages/***/task/task_runner/standard_task_runner.py:61 DeprecationWarning: This process (pid=12445) is multi-threaded, use of fork() may lead to deadlocks in the child.
[2024-05-10T03:24:42.586+0000] {standard_task_runner.py:63} INFO - Started process 12451 to run task
[2024-05-10T03:24:42.586+0000] {standard_task_runner.py:90} INFO - Running: ['***', 'tasks', 'run', 'ml_pipeline', 'concat_data', 'manual__2024-05-09T23:55:21.313175+00:00', '--job-id', '207', '--raw', '--subdir', 'DAGS_FOLDER/main_dag.py', '--cfg-path', '/tmp/tmp35dqbto0']
[2024-05-10T03:24:42.589+0000] {standard_task_runner.py:91} INFO - Job 207: Subtask concat_data
[2024-05-10T03:24:42.600+0000] {logging_mixin.py:188} WARNING - /home/***/.local/lib/python3.12/site-packages/***/settings.py:195 DeprecationWarning: The sql_alchemy_conn option in [core] has been moved to the sql_alchemy_conn option in [database] - the old setting has been used, but please update your config.
[2024-05-10T03:24:42.629+0000] {task_command.py:426} INFO - Running <TaskInstance: ml_pipeline.concat_data manual__2024-05-09T23:55:21.313175+00:00 [running]> on host 3031e573f05c
[2024-05-10T03:24:42.711+0000] {taskinstance.py:2648} INFO - Exporting env vars: AIRFLOW_CTX_DAG_OWNER='***' AIRFLOW_CTX_DAG_ID='ml_pipeline' AIRFLOW_CTX_TASK_ID='concat_data' AIRFLOW_CTX_EXECUTION_DATE='2024-05-09T23:55:21.313175+00:00' AIRFLOW_CTX_TRY_NUMBER='23' AIRFLOW_CTX_DAG_RUN_ID='manual__2024-05-09T23:55:21.313175+00:00'
[2024-05-10T03:24:42.713+0000] {taskinstance.py:430} INFO - ::endgroup::
[2024-05-10T03:24:42.788+0000] {logging_mixin.py:188} INFO -                                                title  ...                                           keywords
0  Shear capacity of high performance fiber reinf...  ...  [Fiber content, High performance fiber reinfor...
1                   Mutation operators in BPMN model  ...        [BPMN, Mutation Operator, Mutation Testing]
2  A variable neighbourhood search approach for c...  ...  [2-opt, cyclic transfer algorithm, lambda-inte...
3  Flexible and stretchable electrode based on mu...  ...                                                 []
4  Determination of setback distances for on-land...  ...  [Petroleum exploration, Seismic reflection sur...

[5 rows x 5 columns]
[2024-05-10T03:24:42.950+0000] {taskinstance.py:441} INFO - ::group::Post task execution logs
[2024-05-10T03:24:42.950+0000] {taskinstance.py:2905} ERROR - Task failed with exception
Traceback (most recent call last):
  File "/home/airflow/.local/lib/python3.12/site-packages/airflow/models/taskinstance.py", line 465, in _execute_task
    result = _execute_callable(context=context, **execute_callable_kwargs)
             ^^^^^^^^^^^^^^^^^^^^^^^^^^^^^^^^^^^^^^^^^^^^^^^^^^^^^^^^^^^^^
  File "/home/airflow/.local/lib/python3.12/site-packages/airflow/models/taskinstance.py", line 432, in _execute_callable
    return execute_callable(context=context, **execute_callable_kwargs)
           ^^^^^^^^^^^^^^^^^^^^^^^^^^^^^^^^^^^^^^^^^^^^^^^^^^^^^^^^^^^^
  File "/home/airflow/.local/lib/python3.12/site-packages/airflow/models/baseoperator.py", line 400, in wrapper
    return func(self, *args, **kwargs)
           ^^^^^^^^^^^^^^^^^^^^^^^^^^^
  File "/home/airflow/.local/lib/python3.12/site-packages/airflow/operators/python.py", line 235, in execute
    return_value = self.execute_callable()
                   ^^^^^^^^^^^^^^^^^^^^^^^
  File "/home/airflow/.local/lib/python3.12/site-packages/airflow/operators/python.py", line 252, in execute_callable
    return self.python_callable(*self.op_args, **self.op_kwargs)
           ^^^^^^^^^^^^^^^^^^^^^^^^^^^^^^^^^^^^^^^^^^^^^^^^^^^^^
  File "/opt/airflow/dags/tasks/concat_data.py", line 33, in concat_data
    database.dropna(column='title', inplace=True)
TypeError: DataFrame.dropna() got an unexpected keyword argument 'column'
[2024-05-10T03:24:42.963+0000] {taskinstance.py:1206} INFO - Marking task as UP_FOR_RETRY. dag_id=ml_pipeline, task_id=concat_data, run_id=manual__2024-05-09T23:55:21.313175+00:00, execution_date=20240509T235521, start_date=20240510T032442, end_date=20240510T032442
[2024-05-10T03:24:42.972+0000] {standard_task_runner.py:110} ERROR - Failed to execute job 207 for task concat_data (DataFrame.dropna() got an unexpected keyword argument 'column'; 12451)
[2024-05-10T03:24:43.001+0000] {local_task_job_runner.py:240} INFO - Task exited with return code 1
[2024-05-10T03:24:43.020+0000] {taskinstance.py:3498} INFO - 0 downstream tasks scheduled from follow-on schedule check
[2024-05-10T03:24:43.022+0000] {local_task_job_runner.py:222} INFO - ::endgroup::
