[2024-05-10T02:59:50.536+0000] {local_task_job_runner.py:120} INFO - ::group::Pre task execution logs
[2024-05-10T02:59:50.560+0000] {taskinstance.py:2076} INFO - Dependencies all met for dep_context=non-requeueable deps ti=<TaskInstance: ml_pipeline.concat_data manual__2024-05-09T23:55:21.313175+00:00 [queued]>
[2024-05-10T02:59:50.567+0000] {taskinstance.py:2076} INFO - Dependencies all met for dep_context=requeueable deps ti=<TaskInstance: ml_pipeline.concat_data manual__2024-05-09T23:55:21.313175+00:00 [queued]>
[2024-05-10T02:59:50.567+0000] {taskinstance.py:2306} INFO - Starting attempt 3 of 6
[2024-05-10T02:59:50.579+0000] {taskinstance.py:2330} INFO - Executing <Task(PythonOperator): concat_data> on 2024-05-09 23:55:21.313175+00:00
[2024-05-10T02:59:50.584+0000] {logging_mixin.py:188} WARNING - /home/***/.local/lib/python3.12/site-packages/***/task/task_runner/standard_task_runner.py:61 DeprecationWarning: This process (pid=11370) is multi-threaded, use of fork() may lead to deadlocks in the child.
[2024-05-10T02:59:50.585+0000] {standard_task_runner.py:63} INFO - Started process 11372 to run task
[2024-05-10T02:59:50.584+0000] {standard_task_runner.py:90} INFO - Running: ['***', 'tasks', 'run', 'ml_pipeline', 'concat_data', 'manual__2024-05-09T23:55:21.313175+00:00', '--job-id', '182', '--raw', '--subdir', 'DAGS_FOLDER/main_dag.py', '--cfg-path', '/tmp/tmpnr0_gbdf']
[2024-05-10T02:59:50.586+0000] {standard_task_runner.py:91} INFO - Job 182: Subtask concat_data
[2024-05-10T02:59:50.599+0000] {logging_mixin.py:188} WARNING - /home/***/.local/lib/python3.12/site-packages/***/settings.py:195 DeprecationWarning: The sql_alchemy_conn option in [core] has been moved to the sql_alchemy_conn option in [database] - the old setting has been used, but please update your config.
[2024-05-10T02:59:50.631+0000] {task_command.py:426} INFO - Running <TaskInstance: ml_pipeline.concat_data manual__2024-05-09T23:55:21.313175+00:00 [running]> on host 3031e573f05c
[2024-05-10T02:59:50.698+0000] {taskinstance.py:2648} INFO - Exporting env vars: AIRFLOW_CTX_DAG_OWNER='***' AIRFLOW_CTX_DAG_ID='ml_pipeline' AIRFLOW_CTX_TASK_ID='concat_data' AIRFLOW_CTX_EXECUTION_DATE='2024-05-09T23:55:21.313175+00:00' AIRFLOW_CTX_TRY_NUMBER='3' AIRFLOW_CTX_DAG_RUN_ID='manual__2024-05-09T23:55:21.313175+00:00'
[2024-05-10T02:59:50.699+0000] {taskinstance.py:430} INFO - ::endgroup::
[2024-05-10T02:59:50.716+0000] {logging_mixin.py:188} INFO - <urllib3.response.HTTPResponse object at 0x7ff1461809d0>
[2024-05-10T02:59:50.717+0000] {python.py:237} INFO - Done. Returned value was: None
[2024-05-10T02:59:50.718+0000] {taskinstance.py:441} INFO - ::group::Post task execution logs
[2024-05-10T02:59:50.724+0000] {taskinstance.py:1206} INFO - Marking task as SUCCESS. dag_id=ml_pipeline, task_id=concat_data, run_id=manual__2024-05-09T23:55:21.313175+00:00, execution_date=20240509T235521, start_date=20240510T025950, end_date=20240510T025950
[2024-05-10T02:59:50.760+0000] {local_task_job_runner.py:240} INFO - Task exited with return code 0
[2024-05-10T02:59:50.773+0000] {taskinstance.py:3498} INFO - 0 downstream tasks scheduled from follow-on schedule check
[2024-05-10T02:59:50.775+0000] {local_task_job_runner.py:222} INFO - ::endgroup::
