[2024-05-10T03:17:32.605+0000] {local_task_job_runner.py:120} INFO - ::group::Pre task execution logs
[2024-05-10T03:17:32.630+0000] {taskinstance.py:2076} INFO - Dependencies all met for dep_context=non-requeueable deps ti=<TaskInstance: ml_pipeline.concat_data manual__2024-05-09T23:55:21.313175+00:00 [queued]>
[2024-05-10T03:17:32.638+0000] {taskinstance.py:2076} INFO - Dependencies all met for dep_context=requeueable deps ti=<TaskInstance: ml_pipeline.concat_data manual__2024-05-09T23:55:21.313175+00:00 [queued]>
[2024-05-10T03:17:32.639+0000] {taskinstance.py:2306} INFO - Starting attempt 18 of 21
[2024-05-10T03:17:32.650+0000] {taskinstance.py:2330} INFO - Executing <Task(PythonOperator): concat_data> on 2024-05-09 23:55:21.313175+00:00
[2024-05-10T03:17:32.657+0000] {logging_mixin.py:188} WARNING - /home/***/.local/lib/python3.12/site-packages/***/task/task_runner/standard_task_runner.py:61 DeprecationWarning: This process (pid=12146) is multi-threaded, use of fork() may lead to deadlocks in the child.
[2024-05-10T03:17:32.658+0000] {standard_task_runner.py:63} INFO - Started process 12148 to run task
[2024-05-10T03:17:32.657+0000] {standard_task_runner.py:90} INFO - Running: ['***', 'tasks', 'run', 'ml_pipeline', 'concat_data', 'manual__2024-05-09T23:55:21.313175+00:00', '--job-id', '202', '--raw', '--subdir', 'DAGS_FOLDER/main_dag.py', '--cfg-path', '/tmp/tmpybz933o6']
[2024-05-10T03:17:32.659+0000] {standard_task_runner.py:91} INFO - Job 202: Subtask concat_data
[2024-05-10T03:17:32.668+0000] {logging_mixin.py:188} WARNING - /home/***/.local/lib/python3.12/site-packages/***/settings.py:195 DeprecationWarning: The sql_alchemy_conn option in [core] has been moved to the sql_alchemy_conn option in [database] - the old setting has been used, but please update your config.
[2024-05-10T03:17:32.695+0000] {task_command.py:426} INFO - Running <TaskInstance: ml_pipeline.concat_data manual__2024-05-09T23:55:21.313175+00:00 [running]> on host 3031e573f05c
[2024-05-10T03:17:32.765+0000] {taskinstance.py:2648} INFO - Exporting env vars: AIRFLOW_CTX_DAG_OWNER='***' AIRFLOW_CTX_DAG_ID='ml_pipeline' AIRFLOW_CTX_TASK_ID='concat_data' AIRFLOW_CTX_EXECUTION_DATE='2024-05-09T23:55:21.313175+00:00' AIRFLOW_CTX_TRY_NUMBER='18' AIRFLOW_CTX_DAG_RUN_ID='manual__2024-05-09T23:55:21.313175+00:00'
[2024-05-10T03:17:32.766+0000] {taskinstance.py:430} INFO - ::endgroup::
[2024-05-10T03:17:32.833+0000] {logging_mixin.py:188} INFO -                                                title  ...                                           keywords
0  Shear capacity of high performance fiber reinf...  ...  [Fiber content, High performance fiber reinfor...
1                   Mutation operators in BPMN model  ...        [BPMN, Mutation Operator, Mutation Testing]
2  A variable neighbourhood search approach for c...  ...  [2-opt, cyclic transfer algorithm, lambda-inte...
3  Flexible and stretchable electrode based on mu...  ...                                                 []
4  Determination of setback distances for on-land...  ...  [Petroleum exploration, Seismic reflection sur...

[5 rows x 5 columns]
[2024-05-10T03:17:33.088+0000] {logging_mixin.py:188} INFO - 27349
[2024-05-10T03:17:34.245+0000] {logging_mixin.py:188} INFO - Uploaded data/database.csv to Minio
[2024-05-10T03:17:34.245+0000] {logging_mixin.py:188} INFO - 28368
[2024-05-10T03:17:34.247+0000] {python.py:237} INFO - Done. Returned value was: None
[2024-05-10T03:17:34.247+0000] {taskinstance.py:441} INFO - ::group::Post task execution logs
[2024-05-10T03:17:34.254+0000] {taskinstance.py:1206} INFO - Marking task as SUCCESS. dag_id=ml_pipeline, task_id=concat_data, run_id=manual__2024-05-09T23:55:21.313175+00:00, execution_date=20240509T235521, start_date=20240510T031732, end_date=20240510T031734
[2024-05-10T03:17:34.277+0000] {local_task_job_runner.py:240} INFO - Task exited with return code 0
[2024-05-10T03:17:34.293+0000] {taskinstance.py:3498} INFO - 0 downstream tasks scheduled from follow-on schedule check
[2024-05-10T03:17:34.296+0000] {local_task_job_runner.py:222} INFO - ::endgroup::
