[2024-05-10T00:13:47.979+0000] {local_task_job_runner.py:120} INFO - ::group::Pre task execution logs
[2024-05-10T00:13:48.003+0000] {taskinstance.py:2076} INFO - Dependencies all met for dep_context=non-requeueable deps ti=<TaskInstance: ml_pipeline.concat_data manual__2024-05-09T23:55:21.313175+00:00 [queued]>
[2024-05-10T00:13:48.013+0000] {taskinstance.py:2076} INFO - Dependencies all met for dep_context=requeueable deps ti=<TaskInstance: ml_pipeline.concat_data manual__2024-05-09T23:55:21.313175+00:00 [queued]>
[2024-05-10T00:13:48.014+0000] {taskinstance.py:2306} INFO - Starting attempt 1 of 4
[2024-05-10T00:13:48.028+0000] {taskinstance.py:2330} INFO - Executing <Task(PythonOperator): concat_data> on 2024-05-09 23:55:21.313175+00:00
[2024-05-10T00:13:48.034+0000] {logging_mixin.py:188} WARNING - /home/***/.local/lib/python3.12/site-packages/***/task/task_runner/standard_task_runner.py:61 DeprecationWarning: This process (pid=5880) is multi-threaded, use of fork() may lead to deadlocks in the child.
[2024-05-10T00:13:48.036+0000] {standard_task_runner.py:63} INFO - Started process 5882 to run task
[2024-05-10T00:13:48.034+0000] {standard_task_runner.py:90} INFO - Running: ['***', 'tasks', 'run', 'ml_pipeline', 'concat_data', 'manual__2024-05-09T23:55:21.313175+00:00', '--job-id', '180', '--raw', '--subdir', 'DAGS_FOLDER/main_dag.py', '--cfg-path', '/tmp/tmpdykoi97y']
[2024-05-10T00:13:48.037+0000] {standard_task_runner.py:91} INFO - Job 180: Subtask concat_data
[2024-05-10T00:13:48.050+0000] {logging_mixin.py:188} WARNING - /home/***/.local/lib/python3.12/site-packages/***/settings.py:195 DeprecationWarning: The sql_alchemy_conn option in [core] has been moved to the sql_alchemy_conn option in [database] - the old setting has been used, but please update your config.
[2024-05-10T00:13:48.081+0000] {task_command.py:426} INFO - Running <TaskInstance: ml_pipeline.concat_data manual__2024-05-09T23:55:21.313175+00:00 [running]> on host 3031e573f05c
[2024-05-10T00:13:48.165+0000] {taskinstance.py:2648} INFO - Exporting env vars: AIRFLOW_CTX_DAG_OWNER='***' AIRFLOW_CTX_DAG_ID='ml_pipeline' AIRFLOW_CTX_TASK_ID='concat_data' AIRFLOW_CTX_EXECUTION_DATE='2024-05-09T23:55:21.313175+00:00' AIRFLOW_CTX_TRY_NUMBER='1' AIRFLOW_CTX_DAG_RUN_ID='manual__2024-05-09T23:55:21.313175+00:00'
[2024-05-10T00:13:48.166+0000] {taskinstance.py:430} INFO - ::endgroup::
[2024-05-10T00:13:48.185+0000] {logging_mixin.py:188} INFO - CSV file created for 2018
[2024-05-10T00:13:48.187+0000] {logging_mixin.py:188} INFO - CSV file created for 2019
[2024-05-10T00:13:48.189+0000] {logging_mixin.py:188} INFO - CSV file created for 2020
[2024-05-10T00:13:48.192+0000] {logging_mixin.py:188} INFO - CSV file created for 2021
[2024-05-10T00:13:48.193+0000] {logging_mixin.py:188} INFO - CSV file created for 2022
[2024-05-10T00:13:48.195+0000] {logging_mixin.py:188} INFO - CSV file created for 2023
[2024-05-10T00:13:48.195+0000] {python.py:237} INFO - Done. Returned value was: None
[2024-05-10T00:13:48.196+0000] {taskinstance.py:441} INFO - ::group::Post task execution logs
[2024-05-10T00:13:48.202+0000] {taskinstance.py:1206} INFO - Marking task as SUCCESS. dag_id=ml_pipeline, task_id=concat_data, run_id=manual__2024-05-09T23:55:21.313175+00:00, execution_date=20240509T235521, start_date=20240510T001348, end_date=20240510T001348
[2024-05-10T00:13:48.250+0000] {local_task_job_runner.py:240} INFO - Task exited with return code 0
[2024-05-10T00:13:48.263+0000] {taskinstance.py:3498} INFO - 0 downstream tasks scheduled from follow-on schedule check
[2024-05-10T00:13:48.265+0000] {local_task_job_runner.py:222} INFO - ::endgroup::
