[2024-05-09T22:40:26.644+0000] {local_task_job_runner.py:120} INFO - ::group::Pre task execution logs
[2024-05-09T22:40:26.687+0000] {taskinstance.py:2076} INFO - Dependencies all met for dep_context=non-requeueable deps ti=<TaskInstance: ml_pipeline.get_api_data manual__2024-05-09T22:40:16.399671+00:00 [queued]>
[2024-05-09T22:40:26.699+0000] {taskinstance.py:2076} INFO - Dependencies all met for dep_context=requeueable deps ti=<TaskInstance: ml_pipeline.get_api_data manual__2024-05-09T22:40:16.399671+00:00 [queued]>
[2024-05-09T22:40:26.700+0000] {taskinstance.py:2306} INFO - Starting attempt 1 of 4
[2024-05-09T22:40:26.718+0000] {taskinstance.py:2330} INFO - Executing <Task(PythonOperator): get_api_data> on 2024-05-09 22:40:16.399671+00:00
[2024-05-09T22:40:26.728+0000] {logging_mixin.py:188} WARNING - /home/***/.local/lib/python3.12/site-packages/***/task/task_runner/standard_task_runner.py:61 DeprecationWarning: This process (pid=549) is multi-threaded, use of fork() may lead to deadlocks in the child.
[2024-05-09T22:40:26.730+0000] {standard_task_runner.py:63} INFO - Started process 562 to run task
[2024-05-09T22:40:26.729+0000] {standard_task_runner.py:90} INFO - Running: ['***', 'tasks', 'run', 'ml_pipeline', 'get_api_data', 'manual__2024-05-09T22:40:16.399671+00:00', '--job-id', '125', '--raw', '--subdir', 'DAGS_FOLDER/main_dag.py', '--cfg-path', '/tmp/tmpkfbf6ykp']
[2024-05-09T22:40:26.732+0000] {standard_task_runner.py:91} INFO - Job 125: Subtask get_api_data
[2024-05-09T22:40:26.750+0000] {logging_mixin.py:188} WARNING - /home/***/.local/lib/python3.12/site-packages/***/settings.py:195 DeprecationWarning: The sql_alchemy_conn option in [core] has been moved to the sql_alchemy_conn option in [database] - the old setting has been used, but please update your config.
[2024-05-09T22:40:26.784+0000] {task_command.py:426} INFO - Running <TaskInstance: ml_pipeline.get_api_data manual__2024-05-09T22:40:16.399671+00:00 [running]> on host 3031e573f05c
[2024-05-09T22:40:26.894+0000] {taskinstance.py:2648} INFO - Exporting env vars: AIRFLOW_CTX_DAG_OWNER='***' AIRFLOW_CTX_DAG_ID='ml_pipeline' AIRFLOW_CTX_TASK_ID='get_api_data' AIRFLOW_CTX_EXECUTION_DATE='2024-05-09T22:40:16.399671+00:00' AIRFLOW_CTX_TRY_NUMBER='1' AIRFLOW_CTX_DAG_RUN_ID='manual__2024-05-09T22:40:16.399671+00:00'
[2024-05-09T22:40:26.895+0000] {taskinstance.py:430} INFO - ::endgroup::
[2024-05-09T22:40:28.479+0000] {logging_mixin.py:188} INFO - Retrieved data for page 0
[2024-05-09T22:40:28.481+0000] {logging_mixin.py:188} INFO - Retrieved DOIs
[2024-05-09T22:40:29.023+0000] {logging_mixin.py:188} INFO - Retrieved data for DOI 0
[2024-05-09T22:40:29.023+0000] {logging_mixin.py:188} INFO - /opt/***
[2024-05-09T22:40:29.024+0000] {logging_mixin.py:188} INFO - Failed to retrieve data: 401
[2024-05-09T22:40:30.393+0000] {logging_mixin.py:188} INFO - Retrieved data for DOI 1
[2024-05-09T22:40:30.394+0000] {logging_mixin.py:188} INFO - /opt/***
[2024-05-09T22:40:30.395+0000] {logging_mixin.py:188} INFO - Failed to retrieve data: 401
[2024-05-09T22:40:31.673+0000] {logging_mixin.py:188} INFO - Retrieved data for DOI 2
[2024-05-09T22:40:31.674+0000] {logging_mixin.py:188} INFO - /opt/***
[2024-05-09T22:40:31.675+0000] {logging_mixin.py:188} INFO - Failed to retrieve data: 401
[2024-05-09T22:40:32.284+0000] {logging_mixin.py:188} INFO - Retrieved data for DOI 3
[2024-05-09T22:40:32.285+0000] {logging_mixin.py:188} INFO - /opt/***
[2024-05-09T22:40:32.285+0000] {logging_mixin.py:188} INFO - Failed to retrieve data: 401
[2024-05-09T22:40:33.615+0000] {logging_mixin.py:188} INFO - Retrieved data for DOI 4
[2024-05-09T22:40:33.616+0000] {logging_mixin.py:188} INFO - /opt/***
[2024-05-09T22:40:33.617+0000] {logging_mixin.py:188} INFO - Failed to retrieve data: 401
[2024-05-09T22:40:34.956+0000] {logging_mixin.py:188} INFO - Retrieved data for DOI 5
[2024-05-09T22:40:34.957+0000] {logging_mixin.py:188} INFO - /opt/***
[2024-05-09T22:40:34.957+0000] {logging_mixin.py:188} INFO - Failed to retrieve data: 401
[2024-05-09T22:40:35.485+0000] {logging_mixin.py:188} INFO - Retrieved data for DOI 6
[2024-05-09T22:40:35.486+0000] {logging_mixin.py:188} INFO - /opt/***
[2024-05-09T22:40:35.486+0000] {logging_mixin.py:188} INFO - Failed to retrieve data: 401
[2024-05-09T22:40:36.838+0000] {logging_mixin.py:188} INFO - Retrieved data for DOI 7
[2024-05-09T22:40:36.839+0000] {logging_mixin.py:188} INFO - /opt/***
[2024-05-09T22:40:36.839+0000] {logging_mixin.py:188} INFO - Failed to retrieve data: 401
[2024-05-09T22:40:37.365+0000] {logging_mixin.py:188} INFO - Retrieved data for DOI 8
[2024-05-09T22:40:37.365+0000] {logging_mixin.py:188} INFO - /opt/***
[2024-05-09T22:40:37.366+0000] {logging_mixin.py:188} INFO - Failed to retrieve data: 401
[2024-05-09T22:40:37.856+0000] {logging_mixin.py:188} INFO - Retrieved data for DOI 9
[2024-05-09T22:40:37.856+0000] {logging_mixin.py:188} INFO - /opt/***
[2024-05-09T22:40:37.857+0000] {logging_mixin.py:188} INFO - Failed to retrieve data: 401
[2024-05-09T22:40:38.381+0000] {logging_mixin.py:188} INFO - Retrieved data for DOI 10
[2024-05-09T22:40:38.382+0000] {logging_mixin.py:188} INFO - /opt/***
[2024-05-09T22:40:38.383+0000] {logging_mixin.py:188} INFO - Failed to retrieve data: 401
[2024-05-09T22:40:39.717+0000] {logging_mixin.py:188} INFO - Retrieved data for DOI 11
[2024-05-09T22:40:39.718+0000] {logging_mixin.py:188} INFO - /opt/***
[2024-05-09T22:40:39.719+0000] {logging_mixin.py:188} INFO - Failed to retrieve data: 401
[2024-05-09T22:40:41.066+0000] {logging_mixin.py:188} INFO - Retrieved data for DOI 12
[2024-05-09T22:40:41.068+0000] {logging_mixin.py:188} INFO - /opt/***
[2024-05-09T22:40:41.068+0000] {logging_mixin.py:188} INFO - Failed to retrieve data: 401
[2024-05-09T22:40:41.608+0000] {logging_mixin.py:188} INFO - Retrieved data for DOI 13
[2024-05-09T22:40:41.609+0000] {logging_mixin.py:188} INFO - /opt/***
[2024-05-09T22:40:41.610+0000] {logging_mixin.py:188} INFO - Failed to retrieve data: 401
[2024-05-09T22:40:42.158+0000] {logging_mixin.py:188} INFO - Retrieved data for DOI 14
[2024-05-09T22:40:42.160+0000] {logging_mixin.py:188} INFO - /opt/***
[2024-05-09T22:40:42.160+0000] {logging_mixin.py:188} INFO - Failed to retrieve data: 401
[2024-05-09T22:40:42.652+0000] {logging_mixin.py:188} INFO - Retrieved data for DOI 15
[2024-05-09T22:40:42.655+0000] {logging_mixin.py:188} INFO - /opt/***
[2024-05-09T22:40:42.656+0000] {logging_mixin.py:188} INFO - Failed to retrieve data: 401
[2024-05-09T22:40:43.209+0000] {logging_mixin.py:188} INFO - Retrieved data for DOI 16
[2024-05-09T22:40:43.210+0000] {logging_mixin.py:188} INFO - /opt/***
[2024-05-09T22:40:43.211+0000] {logging_mixin.py:188} INFO - Failed to retrieve data: 401
[2024-05-09T22:40:43.709+0000] {logging_mixin.py:188} INFO - Retrieved data for DOI 17
[2024-05-09T22:40:43.710+0000] {logging_mixin.py:188} INFO - /opt/***
[2024-05-09T22:40:43.711+0000] {logging_mixin.py:188} INFO - Failed to retrieve data: 401
[2024-05-09T22:40:45.017+0000] {logging_mixin.py:188} INFO - Retrieved data for DOI 18
[2024-05-09T22:40:45.019+0000] {logging_mixin.py:188} INFO - /opt/***
[2024-05-09T22:40:45.019+0000] {logging_mixin.py:188} INFO - Failed to retrieve data: 401
[2024-05-09T22:40:45.568+0000] {logging_mixin.py:188} INFO - Retrieved data for DOI 19
[2024-05-09T22:40:45.570+0000] {logging_mixin.py:188} INFO - /opt/***
[2024-05-09T22:40:45.571+0000] {logging_mixin.py:188} INFO - Failed to retrieve data: 401
[2024-05-09T22:40:46.167+0000] {logging_mixin.py:188} INFO - Retrieved data for DOI 20
[2024-05-09T22:40:46.168+0000] {logging_mixin.py:188} INFO - /opt/***
[2024-05-09T22:40:46.168+0000] {logging_mixin.py:188} INFO - Failed to retrieve data: 401
[2024-05-09T22:40:46.714+0000] {logging_mixin.py:188} INFO - Retrieved data for DOI 21
[2024-05-09T22:40:46.715+0000] {logging_mixin.py:188} INFO - /opt/***
[2024-05-09T22:40:46.715+0000] {logging_mixin.py:188} INFO - Failed to retrieve data: 401
[2024-05-09T22:40:47.224+0000] {logging_mixin.py:188} INFO - Retrieved data for DOI 22
[2024-05-09T22:40:47.225+0000] {logging_mixin.py:188} INFO - /opt/***
[2024-05-09T22:40:47.225+0000] {logging_mixin.py:188} INFO - Failed to retrieve data: 401
[2024-05-09T22:40:47.781+0000] {logging_mixin.py:188} INFO - Retrieved data for DOI 23
[2024-05-09T22:40:47.781+0000] {logging_mixin.py:188} INFO - /opt/***
[2024-05-09T22:40:47.782+0000] {logging_mixin.py:188} INFO - Failed to retrieve data: 401
[2024-05-09T22:40:48.292+0000] {logging_mixin.py:188} INFO - Retrieved data for DOI 24
[2024-05-09T22:40:48.294+0000] {logging_mixin.py:188} INFO - /opt/***
[2024-05-09T22:40:48.294+0000] {logging_mixin.py:188} INFO - Failed to retrieve data: 401
[2024-05-09T22:40:48.297+0000] {python.py:237} INFO - Done. Returned value was: None
[2024-05-09T22:40:48.298+0000] {taskinstance.py:441} INFO - ::group::Post task execution logs
[2024-05-09T22:40:48.306+0000] {taskinstance.py:1206} INFO - Marking task as SUCCESS. dag_id=ml_pipeline, task_id=get_api_data, run_id=manual__2024-05-09T22:40:16.399671+00:00, execution_date=20240509T224016, start_date=20240509T224026, end_date=20240509T224048
[2024-05-09T22:40:48.367+0000] {local_task_job_runner.py:240} INFO - Task exited with return code 0
[2024-05-09T22:40:48.382+0000] {taskinstance.py:3498} INFO - 0 downstream tasks scheduled from follow-on schedule check
[2024-05-09T22:40:48.384+0000] {local_task_job_runner.py:222} INFO - ::endgroup::
