[2024-05-10T09:25:15.208+0000] {local_task_job_runner.py:120} INFO - ::group::Pre task execution logs
[2024-05-10T09:25:15.229+0000] {taskinstance.py:2076} INFO - Dependencies all met for dep_context=non-requeueable deps ti=<TaskInstance: data_pipeline.spark manual__2024-05-10T07:47:08.649616+00:00 [queued]>
[2024-05-10T09:25:15.236+0000] {taskinstance.py:2076} INFO - Dependencies all met for dep_context=requeueable deps ti=<TaskInstance: data_pipeline.spark manual__2024-05-10T07:47:08.649616+00:00 [queued]>
[2024-05-10T09:25:15.237+0000] {taskinstance.py:2306} INFO - Starting attempt 6 of 6
[2024-05-10T09:25:15.248+0000] {taskinstance.py:2330} INFO - Executing <Task(SparkSubmitOperator): spark> on 2024-05-10 07:47:08.649616+00:00
[2024-05-10T09:25:15.254+0000] {logging_mixin.py:188} WARNING - /home/***/.local/lib/python3.12/site-packages/***/task/task_runner/standard_task_runner.py:61 DeprecationWarning: This process (pid=281) is multi-threaded, use of fork() may lead to deadlocks in the child.
[2024-05-10T09:25:15.255+0000] {standard_task_runner.py:63} INFO - Started process 283 to run task
[2024-05-10T09:25:15.253+0000] {standard_task_runner.py:90} INFO - Running: ['***', 'tasks', 'run', 'data_pipeline', 'spark', 'manual__2024-05-10T07:47:08.649616+00:00', '--job-id', '341', '--raw', '--subdir', 'DAGS_FOLDER/main_dag.py', '--cfg-path', '/tmp/tmpkpxu1u84']
[2024-05-10T09:25:15.255+0000] {standard_task_runner.py:91} INFO - Job 341: Subtask spark
[2024-05-10T09:25:15.266+0000] {logging_mixin.py:188} WARNING - /home/***/.local/lib/python3.12/site-packages/***/settings.py:195 DeprecationWarning: The sql_alchemy_conn option in [core] has been moved to the sql_alchemy_conn option in [database] - the old setting has been used, but please update your config.
[2024-05-10T09:25:15.290+0000] {task_command.py:426} INFO - Running <TaskInstance: data_pipeline.spark manual__2024-05-10T07:47:08.649616+00:00 [running]> on host 1ce0c381cec3
[2024-05-10T09:25:15.362+0000] {taskinstance.py:2648} INFO - Exporting env vars: AIRFLOW_CTX_DAG_OWNER='***' AIRFLOW_CTX_DAG_ID='data_pipeline' AIRFLOW_CTX_TASK_ID='spark' AIRFLOW_CTX_EXECUTION_DATE='2024-05-10T07:47:08.649616+00:00' AIRFLOW_CTX_TRY_NUMBER='6' AIRFLOW_CTX_DAG_RUN_ID='manual__2024-05-10T07:47:08.649616+00:00'
[2024-05-10T09:25:15.363+0000] {taskinstance.py:430} INFO - ::endgroup::
[2024-05-10T09:25:15.396+0000] {base.py:84} INFO - Using connection ID 'SparkSession' for task execution.
[2024-05-10T09:25:15.397+0000] {spark_submit.py:401} INFO - Spark-Submit cmd: spark-submit --master spark://172.21.0.4:7077 --name arrow-spark --verbose --deploy-mode client src/spark.py
[2024-05-10T09:25:15.464+0000] {spark_submit.py:571} INFO - /home/***/.local/lib/python3.12/site-packages/pyspark/bin/load-spark-env.sh: line 68: ps: command not found
[2024-05-10T09:25:15.464+0000] {spark_submit.py:571} INFO - JAVA_HOME is not set
[2024-05-10T09:25:15.465+0000] {taskinstance.py:441} INFO - ::group::Post task execution logs
[2024-05-10T09:25:15.471+0000] {taskinstance.py:2905} ERROR - Task failed with exception
Traceback (most recent call last):
  File "/home/airflow/.local/lib/python3.12/site-packages/airflow/models/taskinstance.py", line 465, in _execute_task
    result = _execute_callable(context=context, **execute_callable_kwargs)
             ^^^^^^^^^^^^^^^^^^^^^^^^^^^^^^^^^^^^^^^^^^^^^^^^^^^^^^^^^^^^^
  File "/home/airflow/.local/lib/python3.12/site-packages/airflow/models/taskinstance.py", line 432, in _execute_callable
    return execute_callable(context=context, **execute_callable_kwargs)
           ^^^^^^^^^^^^^^^^^^^^^^^^^^^^^^^^^^^^^^^^^^^^^^^^^^^^^^^^^^^^
  File "/home/airflow/.local/lib/python3.12/site-packages/airflow/models/baseoperator.py", line 400, in wrapper
    return func(self, *args, **kwargs)
           ^^^^^^^^^^^^^^^^^^^^^^^^^^^
  File "/home/airflow/.local/lib/python3.12/site-packages/airflow/providers/apache/spark/operators/spark_submit.py", line 174, in execute
    self._hook.submit(self.application)
  File "/home/airflow/.local/lib/python3.12/site-packages/airflow/providers/apache/spark/hooks/spark_submit.py", line 502, in submit
    raise AirflowException(
airflow.exceptions.AirflowException: Cannot execute: spark-submit --master spark://172.21.0.4:7077 --name arrow-spark --verbose --deploy-mode client src/spark.py. Error code is: 1.
[2024-05-10T09:25:15.475+0000] {taskinstance.py:1206} INFO - Marking task as FAILED. dag_id=data_pipeline, task_id=spark, run_id=manual__2024-05-10T07:47:08.649616+00:00, execution_date=20240510T074708, start_date=20240510T092515, end_date=20240510T092515
[2024-05-10T09:25:15.484+0000] {standard_task_runner.py:110} ERROR - Failed to execute job 341 for task spark (Cannot execute: spark-submit --master spark://172.21.0.4:7077 --name arrow-spark --verbose --deploy-mode client src/spark.py. Error code is: 1.; 283)
[2024-05-10T09:25:15.508+0000] {local_task_job_runner.py:240} INFO - Task exited with return code 1
[2024-05-10T09:25:15.526+0000] {taskinstance.py:3498} INFO - 0 downstream tasks scheduled from follow-on schedule check
[2024-05-10T09:25:15.531+0000] {local_task_job_runner.py:222} INFO - ::endgroup::
