[2024-05-10T09:53:52.849+0000] {local_task_job_runner.py:120} INFO - ::group::Pre task execution logs
[2024-05-10T09:53:52.875+0000] {taskinstance.py:2076} INFO - Dependencies all met for dep_context=non-requeueable deps ti=<TaskInstance: data_pipeline.spark manual__2024-05-10T07:47:08.649616+00:00 [queued]>
[2024-05-10T09:53:52.885+0000] {taskinstance.py:2076} INFO - Dependencies all met for dep_context=requeueable deps ti=<TaskInstance: data_pipeline.spark manual__2024-05-10T07:47:08.649616+00:00 [queued]>
[2024-05-10T09:53:52.886+0000] {taskinstance.py:2306} INFO - Starting attempt 7 of 10
[2024-05-10T09:53:52.901+0000] {taskinstance.py:2330} INFO - Executing <Task(SparkSubmitOperator): spark> on 2024-05-10 07:47:08.649616+00:00
[2024-05-10T09:53:52.909+0000] {logging_mixin.py:188} WARNING - /home/***/.local/lib/python3.12/site-packages/***/task/task_runner/standard_task_runner.py:61 DeprecationWarning: This process (pid=189) is multi-threaded, use of fork() may lead to deadlocks in the child.
[2024-05-10T09:53:52.910+0000] {standard_task_runner.py:63} INFO - Started process 193 to run task
[2024-05-10T09:53:52.909+0000] {standard_task_runner.py:90} INFO - Running: ['***', 'tasks', 'run', 'data_pipeline', 'spark', 'manual__2024-05-10T07:47:08.649616+00:00', '--job-id', '343', '--raw', '--subdir', 'DAGS_FOLDER/main_dag.py', '--cfg-path', '/tmp/tmp727sd54v']
[2024-05-10T09:53:52.911+0000] {standard_task_runner.py:91} INFO - Job 343: Subtask spark
[2024-05-10T09:53:52.922+0000] {logging_mixin.py:188} WARNING - /home/***/.local/lib/python3.12/site-packages/***/settings.py:195 DeprecationWarning: The sql_alchemy_conn option in [core] has been moved to the sql_alchemy_conn option in [database] - the old setting has been used, but please update your config.
[2024-05-10T09:53:52.950+0000] {task_command.py:426} INFO - Running <TaskInstance: data_pipeline.spark manual__2024-05-10T07:47:08.649616+00:00 [running]> on host 3ca6bb53dc5b
[2024-05-10T09:53:53.029+0000] {taskinstance.py:2648} INFO - Exporting env vars: AIRFLOW_CTX_DAG_OWNER='***' AIRFLOW_CTX_DAG_ID='data_pipeline' AIRFLOW_CTX_TASK_ID='spark' AIRFLOW_CTX_EXECUTION_DATE='2024-05-10T07:47:08.649616+00:00' AIRFLOW_CTX_TRY_NUMBER='7' AIRFLOW_CTX_DAG_RUN_ID='manual__2024-05-10T07:47:08.649616+00:00'
[2024-05-10T09:53:53.030+0000] {taskinstance.py:430} INFO - ::endgroup::
[2024-05-10T09:53:53.068+0000] {base.py:84} INFO - Using connection ID 'SparkSession' for task execution.
[2024-05-10T09:53:53.069+0000] {spark_submit.py:401} INFO - Spark-Submit cmd: spark-submit --master spark://172.21.0.4:7077 --name arrow-spark --verbose --deploy-mode client src/spark.py
[2024-05-10T09:53:53.146+0000] {spark_submit.py:571} INFO - /home/***/.local/lib/python3.12/site-packages/pyspark/bin/spark-class: line 71: /usr/lib/jvm/java-17-openjdk-arm64/bin/java: No such file or directory
[2024-05-10T09:53:53.146+0000] {spark_submit.py:571} INFO - /home/***/.local/lib/python3.12/site-packages/pyspark/bin/spark-class: line 97: CMD: bad array subscript
[2024-05-10T09:53:53.149+0000] {taskinstance.py:441} INFO - ::group::Post task execution logs
[2024-05-10T09:53:53.156+0000] {taskinstance.py:2905} ERROR - Task failed with exception
Traceback (most recent call last):
  File "/home/airflow/.local/lib/python3.12/site-packages/airflow/models/taskinstance.py", line 465, in _execute_task
    result = _execute_callable(context=context, **execute_callable_kwargs)
             ^^^^^^^^^^^^^^^^^^^^^^^^^^^^^^^^^^^^^^^^^^^^^^^^^^^^^^^^^^^^^
  File "/home/airflow/.local/lib/python3.12/site-packages/airflow/models/taskinstance.py", line 432, in _execute_callable
    return execute_callable(context=context, **execute_callable_kwargs)
           ^^^^^^^^^^^^^^^^^^^^^^^^^^^^^^^^^^^^^^^^^^^^^^^^^^^^^^^^^^^^
  File "/home/airflow/.local/lib/python3.12/site-packages/airflow/models/baseoperator.py", line 400, in wrapper
    return func(self, *args, **kwargs)
           ^^^^^^^^^^^^^^^^^^^^^^^^^^^
  File "/home/airflow/.local/lib/python3.12/site-packages/airflow/providers/apache/spark/operators/spark_submit.py", line 174, in execute
    self._hook.submit(self.application)
  File "/home/airflow/.local/lib/python3.12/site-packages/airflow/providers/apache/spark/hooks/spark_submit.py", line 502, in submit
    raise AirflowException(
airflow.exceptions.AirflowException: Cannot execute: spark-submit --master spark://172.21.0.4:7077 --name arrow-spark --verbose --deploy-mode client src/spark.py. Error code is: 1.
[2024-05-10T09:53:53.161+0000] {taskinstance.py:1206} INFO - Marking task as UP_FOR_RETRY. dag_id=data_pipeline, task_id=spark, run_id=manual__2024-05-10T07:47:08.649616+00:00, execution_date=20240510T074708, start_date=20240510T095352, end_date=20240510T095353
[2024-05-10T09:53:53.179+0000] {standard_task_runner.py:110} ERROR - Failed to execute job 343 for task spark (Cannot execute: spark-submit --master spark://172.21.0.4:7077 --name arrow-spark --verbose --deploy-mode client src/spark.py. Error code is: 1.; 193)
[2024-05-10T09:53:53.204+0000] {local_task_job_runner.py:240} INFO - Task exited with return code 1
[2024-05-10T09:53:53.229+0000] {taskinstance.py:3498} INFO - 0 downstream tasks scheduled from follow-on schedule check
[2024-05-10T09:53:53.231+0000] {local_task_job_runner.py:222} INFO - ::endgroup::
