[2024-05-10T04:18:52.846+0000] {local_task_job_runner.py:120} INFO - ::group::Pre task execution logs
[2024-05-10T04:18:52.869+0000] {taskinstance.py:2076} INFO - Dependencies all met for dep_context=non-requeueable deps ti=<TaskInstance: data_pipeline.get_api_data manual__2024-05-10T04:18:50.701011+00:00 [queued]>
[2024-05-10T04:18:52.877+0000] {taskinstance.py:2076} INFO - Dependencies all met for dep_context=requeueable deps ti=<TaskInstance: data_pipeline.get_api_data manual__2024-05-10T04:18:50.701011+00:00 [queued]>
[2024-05-10T04:18:52.878+0000] {taskinstance.py:2306} INFO - Starting attempt 1 of 4
[2024-05-10T04:18:52.889+0000] {taskinstance.py:2330} INFO - Executing <Task(PythonOperator): get_api_data> on 2024-05-10 04:18:50.701011+00:00
[2024-05-10T04:18:52.896+0000] {logging_mixin.py:188} WARNING - /home/***/.local/lib/python3.12/site-packages/***/task/task_runner/standard_task_runner.py:61 DeprecationWarning: This process (pid=14638) is multi-threaded, use of fork() may lead to deadlocks in the child.
[2024-05-10T04:18:52.897+0000] {standard_task_runner.py:63} INFO - Started process 14640 to run task
[2024-05-10T04:18:52.896+0000] {standard_task_runner.py:90} INFO - Running: ['***', 'tasks', 'run', 'data_pipeline', 'get_api_data', 'manual__2024-05-10T04:18:50.701011+00:00', '--job-id', '264', '--raw', '--subdir', 'DAGS_FOLDER/main_dag.py', '--cfg-path', '/tmp/tmp5gt9pk2h']
[2024-05-10T04:18:52.898+0000] {standard_task_runner.py:91} INFO - Job 264: Subtask get_api_data
[2024-05-10T04:18:52.910+0000] {logging_mixin.py:188} WARNING - /home/***/.local/lib/python3.12/site-packages/***/settings.py:195 DeprecationWarning: The sql_alchemy_conn option in [core] has been moved to the sql_alchemy_conn option in [database] - the old setting has been used, but please update your config.
[2024-05-10T04:18:52.940+0000] {task_command.py:426} INFO - Running <TaskInstance: data_pipeline.get_api_data manual__2024-05-10T04:18:50.701011+00:00 [running]> on host 3031e573f05c
[2024-05-10T04:18:53.012+0000] {taskinstance.py:2648} INFO - Exporting env vars: AIRFLOW_CTX_DAG_OWNER='***' AIRFLOW_CTX_DAG_ID='data_pipeline' AIRFLOW_CTX_TASK_ID='get_api_data' AIRFLOW_CTX_EXECUTION_DATE='2024-05-10T04:18:50.701011+00:00' AIRFLOW_CTX_TRY_NUMBER='1' AIRFLOW_CTX_DAG_RUN_ID='manual__2024-05-10T04:18:50.701011+00:00'
[2024-05-10T04:18:53.013+0000] {taskinstance.py:430} INFO - ::endgroup::
[2024-05-10T04:18:55.946+0000] {logging_mixin.py:188} INFO - Retrieved data for page 0
[2024-05-10T04:18:56.955+0000] {logging_mixin.py:188} INFO - Saved data to /opt/***/data/api_data_json/research_0.json
[2024-05-10T04:18:57.031+0000] {logging_mixin.py:188} INFO - Uploaded data/api_data_json/research_0.json to Minio
[2024-05-10T04:18:57.858+0000] {logging_mixin.py:188} INFO - Saved data to /opt/***/data/api_data_json/research_1.json
[2024-05-10T04:18:57.879+0000] {logging_mixin.py:188} INFO - Uploaded data/api_data_json/research_1.json to Minio
[2024-05-10T04:18:58.837+0000] {logging_mixin.py:188} INFO - Saved data to /opt/***/data/api_data_json/research_2.json
[2024-05-10T04:18:58.912+0000] {logging_mixin.py:188} INFO - Uploaded data/api_data_json/research_2.json to Minio
[2024-05-10T04:19:02.234+0000] {logging_mixin.py:188} INFO - Saved data to /opt/***/data/api_data_json/research_3.json
[2024-05-10T04:19:02.252+0000] {logging_mixin.py:188} INFO - Uploaded data/api_data_json/research_3.json to Minio
[2024-05-10T04:19:04.621+0000] {logging_mixin.py:188} INFO - Saved data to /opt/***/data/api_data_json/research_4.json
[2024-05-10T04:19:04.642+0000] {logging_mixin.py:188} INFO - Uploaded data/api_data_json/research_4.json to Minio
[2024-05-10T04:19:05.299+0000] {logging_mixin.py:188} INFO - Saved data to /opt/***/data/api_data_json/research_5.json
[2024-05-10T04:19:05.321+0000] {logging_mixin.py:188} INFO - Uploaded data/api_data_json/research_5.json to Minio
[2024-05-10T04:19:05.921+0000] {logging_mixin.py:188} INFO - Saved data to /opt/***/data/api_data_json/research_6.json
[2024-05-10T04:19:05.946+0000] {logging_mixin.py:188} INFO - Uploaded data/api_data_json/research_6.json to Minio
[2024-05-10T04:19:06.836+0000] {logging_mixin.py:188} INFO - Saved data to /opt/***/data/api_data_json/research_7.json
[2024-05-10T04:19:06.895+0000] {logging_mixin.py:188} INFO - Uploaded data/api_data_json/research_7.json to Minio
[2024-05-10T04:19:08.982+0000] {logging_mixin.py:188} INFO - Saved data to /opt/***/data/api_data_json/research_8.json
[2024-05-10T04:19:08.998+0000] {logging_mixin.py:188} INFO - Uploaded data/api_data_json/research_8.json to Minio
[2024-05-10T04:19:09.753+0000] {logging_mixin.py:188} INFO - Saved data to /opt/***/data/api_data_json/research_9.json
[2024-05-10T04:19:09.778+0000] {logging_mixin.py:188} INFO - Uploaded data/api_data_json/research_9.json to Minio
[2024-05-10T04:19:10.426+0000] {logging_mixin.py:188} INFO - Saved data to /opt/***/data/api_data_json/research_10.json
[2024-05-10T04:19:10.504+0000] {logging_mixin.py:188} INFO - Uploaded data/api_data_json/research_10.json to Minio
[2024-05-10T04:19:11.213+0000] {logging_mixin.py:188} INFO - Saved data to /opt/***/data/api_data_json/research_11.json
[2024-05-10T04:19:11.237+0000] {logging_mixin.py:188} INFO - Uploaded data/api_data_json/research_11.json to Minio
[2024-05-10T04:19:11.809+0000] {logging_mixin.py:188} INFO - Saved data to /opt/***/data/api_data_json/research_12.json
[2024-05-10T04:19:11.829+0000] {logging_mixin.py:188} INFO - Uploaded data/api_data_json/research_12.json to Minio
[2024-05-10T04:19:14.545+0000] {logging_mixin.py:188} INFO - Saved data to /opt/***/data/api_data_json/research_13.json
[2024-05-10T04:19:14.605+0000] {logging_mixin.py:188} INFO - Uploaded data/api_data_json/research_13.json to Minio
[2024-05-10T04:19:15.290+0000] {logging_mixin.py:188} INFO - Saved data to /opt/***/data/api_data_json/research_14.json
[2024-05-10T04:19:15.312+0000] {logging_mixin.py:188} INFO - Uploaded data/api_data_json/research_14.json to Minio
[2024-05-10T04:19:15.929+0000] {logging_mixin.py:188} INFO - Saved data to /opt/***/data/api_data_json/research_15.json
[2024-05-10T04:19:15.986+0000] {logging_mixin.py:188} INFO - Uploaded data/api_data_json/research_15.json to Minio
[2024-05-10T04:19:25.433+0000] {logging_mixin.py:188} INFO - Saved data to /opt/***/data/api_data_json/research_16.json
[2024-05-10T04:19:25.495+0000] {logging_mixin.py:188} INFO - Uploaded data/api_data_json/research_16.json to Minio
[2024-05-10T04:19:27.824+0000] {logging_mixin.py:188} INFO - Saved data to /opt/***/data/api_data_json/research_17.json
[2024-05-10T04:19:27.845+0000] {logging_mixin.py:188} INFO - Uploaded data/api_data_json/research_17.json to Minio
[2024-05-10T04:19:28.712+0000] {logging_mixin.py:188} INFO - Saved data to /opt/***/data/api_data_json/research_18.json
[2024-05-10T04:19:28.727+0000] {logging_mixin.py:188} INFO - Uploaded data/api_data_json/research_18.json to Minio
[2024-05-10T04:19:29.270+0000] {logging_mixin.py:188} INFO - Saved data to /opt/***/data/api_data_json/research_19.json
[2024-05-10T04:19:29.292+0000] {logging_mixin.py:188} INFO - Uploaded data/api_data_json/research_19.json to Minio
[2024-05-10T04:19:29.847+0000] {logging_mixin.py:188} INFO - Saved data to /opt/***/data/api_data_json/research_20.json
[2024-05-10T04:19:29.869+0000] {logging_mixin.py:188} INFO - Uploaded data/api_data_json/research_20.json to Minio
[2024-05-10T04:19:30.837+0000] {logging_mixin.py:188} INFO - Saved data to /opt/***/data/api_data_json/research_21.json
[2024-05-10T04:19:30.853+0000] {logging_mixin.py:188} INFO - Uploaded data/api_data_json/research_21.json to Minio
[2024-05-10T04:19:31.501+0000] {logging_mixin.py:188} INFO - Saved data to /opt/***/data/api_data_json/research_22.json
[2024-05-10T04:19:31.517+0000] {logging_mixin.py:188} INFO - Uploaded data/api_data_json/research_22.json to Minio
[2024-05-10T04:19:35.482+0000] {logging_mixin.py:188} INFO - Saved data to /opt/***/data/api_data_json/research_23.json
[2024-05-10T04:19:35.535+0000] {logging_mixin.py:188} INFO - Uploaded data/api_data_json/research_23.json to Minio
[2024-05-10T04:19:36.160+0000] {logging_mixin.py:188} INFO - Saved data to /opt/***/data/api_data_json/research_24.json
[2024-05-10T04:19:36.175+0000] {logging_mixin.py:188} INFO - Uploaded data/api_data_json/research_24.json to Minio
[2024-05-10T04:19:36.176+0000] {python.py:237} INFO - Done. Returned value was: None
[2024-05-10T04:19:36.177+0000] {taskinstance.py:441} INFO - ::group::Post task execution logs
[2024-05-10T04:19:36.184+0000] {taskinstance.py:1206} INFO - Marking task as SUCCESS. dag_id=data_pipeline, task_id=get_api_data, run_id=manual__2024-05-10T04:18:50.701011+00:00, execution_date=20240510T041850, start_date=20240510T041852, end_date=20240510T041936
[2024-05-10T04:19:36.246+0000] {local_task_job_runner.py:240} INFO - Task exited with return code 0
[2024-05-10T04:19:36.264+0000] {taskinstance.py:3498} INFO - 1 downstream tasks scheduled from follow-on schedule check
[2024-05-10T04:19:36.266+0000] {local_task_job_runner.py:222} INFO - ::endgroup::
