[2024-05-10T05:42:51.406+0000] {local_task_job_runner.py:120} INFO - ::group::Pre task execution logs
[2024-05-10T05:42:51.449+0000] {taskinstance.py:2076} INFO - Dependencies all met for dep_context=non-requeueable deps ti=<TaskInstance: data_pipeline.get_api_data manual__2024-05-10T05:42:48.762028+00:00 [queued]>
[2024-05-10T05:42:51.464+0000] {taskinstance.py:2076} INFO - Dependencies all met for dep_context=requeueable deps ti=<TaskInstance: data_pipeline.get_api_data manual__2024-05-10T05:42:48.762028+00:00 [queued]>
[2024-05-10T05:42:51.465+0000] {taskinstance.py:2306} INFO - Starting attempt 1 of 4
[2024-05-10T05:42:51.485+0000] {taskinstance.py:2330} INFO - Executing <Task(PythonOperator): get_api_data> on 2024-05-10 05:42:48.762028+00:00
[2024-05-10T05:42:51.495+0000] {logging_mixin.py:188} WARNING - /home/***/.local/lib/python3.12/site-packages/***/task/task_runner/standard_task_runner.py:61 DeprecationWarning: This process (pid=16782) is multi-threaded, use of fork() may lead to deadlocks in the child.
[2024-05-10T05:42:51.495+0000] {standard_task_runner.py:90} INFO - Running: ['***', 'tasks', 'run', 'data_pipeline', 'get_api_data', 'manual__2024-05-10T05:42:48.762028+00:00', '--job-id', '284', '--raw', '--subdir', 'DAGS_FOLDER/main_dag.py', '--cfg-path', '/tmp/tmpmpougecr']
[2024-05-10T05:42:51.497+0000] {standard_task_runner.py:63} INFO - Started process 16784 to run task
[2024-05-10T05:42:51.497+0000] {standard_task_runner.py:91} INFO - Job 284: Subtask get_api_data
[2024-05-10T05:42:51.517+0000] {logging_mixin.py:188} WARNING - /home/***/.local/lib/python3.12/site-packages/***/settings.py:195 DeprecationWarning: The sql_alchemy_conn option in [core] has been moved to the sql_alchemy_conn option in [database] - the old setting has been used, but please update your config.
[2024-05-10T05:42:51.565+0000] {task_command.py:426} INFO - Running <TaskInstance: data_pipeline.get_api_data manual__2024-05-10T05:42:48.762028+00:00 [running]> on host 3031e573f05c
[2024-05-10T05:42:51.692+0000] {taskinstance.py:2648} INFO - Exporting env vars: AIRFLOW_CTX_DAG_OWNER='***' AIRFLOW_CTX_DAG_ID='data_pipeline' AIRFLOW_CTX_TASK_ID='get_api_data' AIRFLOW_CTX_EXECUTION_DATE='2024-05-10T05:42:48.762028+00:00' AIRFLOW_CTX_TRY_NUMBER='1' AIRFLOW_CTX_DAG_RUN_ID='manual__2024-05-10T05:42:48.762028+00:00'
[2024-05-10T05:42:51.693+0000] {taskinstance.py:430} INFO - ::endgroup::
[2024-05-10T05:42:54.078+0000] {logging_mixin.py:188} INFO - Retrieved data for page 100
[2024-05-10T05:42:56.132+0000] {logging_mixin.py:188} INFO - Retrieved data for page 101
[2024-05-10T05:42:58.151+0000] {logging_mixin.py:188} INFO - Retrieved data for page 102
[2024-05-10T05:42:59.908+0000] {logging_mixin.py:188} INFO - Retrieved data for page 103
[2024-05-10T05:43:01.651+0000] {logging_mixin.py:188} INFO - Retrieved data for page 104
[2024-05-10T05:43:04.600+0000] {logging_mixin.py:188} INFO - Retrieved data for page 105
[2024-05-10T05:43:06.594+0000] {logging_mixin.py:188} INFO - Retrieved data for page 106
[2024-05-10T05:43:08.825+0000] {logging_mixin.py:188} INFO - Retrieved data for page 107
[2024-05-10T05:43:11.865+0000] {logging_mixin.py:188} INFO - Retrieved data for page 108
[2024-05-10T05:43:14.967+0000] {logging_mixin.py:188} INFO - Retrieved data for page 109
[2024-05-10T05:43:16.657+0000] {logging_mixin.py:188} INFO - Retrieved data for page 110
[2024-05-10T05:43:18.601+0000] {logging_mixin.py:188} INFO - Retrieved data for page 111
[2024-05-10T05:43:20.620+0000] {logging_mixin.py:188} INFO - Retrieved data for page 112
[2024-05-10T05:43:24.342+0000] {logging_mixin.py:188} INFO - Retrieved data for page 113
[2024-05-10T05:43:26.970+0000] {logging_mixin.py:188} INFO - Retrieved data for page 114
[2024-05-10T05:43:29.733+0000] {logging_mixin.py:188} INFO - Retrieved data for page 115
[2024-05-10T05:43:31.999+0000] {logging_mixin.py:188} INFO - Retrieved data for page 116
[2024-05-10T05:43:33.762+0000] {logging_mixin.py:188} INFO - Retrieved data for page 117
[2024-05-10T05:43:35.576+0000] {logging_mixin.py:188} INFO - Retrieved data for page 118
[2024-05-10T05:43:37.381+0000] {logging_mixin.py:188} INFO - Retrieved data for page 119
[2024-05-10T05:43:38.254+0000] {logging_mixin.py:188} INFO - Uploaded data/api_data_json/research_0.json to Minio
[2024-05-10T05:43:39.157+0000] {logging_mixin.py:188} INFO - Uploaded data/api_data_json/research_1.json to Minio
[2024-05-10T05:43:39.888+0000] {logging_mixin.py:188} INFO - Uploaded data/api_data_json/research_2.json to Minio
[2024-05-10T05:43:40.780+0000] {logging_mixin.py:188} INFO - Uploaded data/api_data_json/research_3.json to Minio
[2024-05-10T05:45:07.924+0000] {local_task_job_runner.py:310} WARNING - State of this instance has been externally set to restarting. Terminating instance.
[2024-05-10T05:45:07.926+0000] {local_task_job_runner.py:222} INFO - ::endgroup::
[2024-05-10T05:45:07.934+0000] {process_utils.py:132} INFO - Sending 15 to group 16784. PIDs of all processes in the group: [16784]
[2024-05-10T05:45:07.936+0000] {process_utils.py:87} INFO - Sending the signal 15 to group 16784
[2024-05-10T05:45:07.938+0000] {taskinstance.py:2611} ERROR - Received SIGTERM. Terminating subprocesses.
[2024-05-10T05:45:07.941+0000] {taskinstance.py:441} INFO - ::group::Post task execution logs
[2024-05-10T05:45:07.971+0000] {taskinstance.py:2905} ERROR - Task failed with exception
Traceback (most recent call last):
  File "/home/airflow/.local/lib/python3.12/site-packages/airflow/models/taskinstance.py", line 465, in _execute_task
    result = _execute_callable(context=context, **execute_callable_kwargs)
             ^^^^^^^^^^^^^^^^^^^^^^^^^^^^^^^^^^^^^^^^^^^^^^^^^^^^^^^^^^^^^
  File "/home/airflow/.local/lib/python3.12/site-packages/airflow/models/taskinstance.py", line 432, in _execute_callable
    return execute_callable(context=context, **execute_callable_kwargs)
           ^^^^^^^^^^^^^^^^^^^^^^^^^^^^^^^^^^^^^^^^^^^^^^^^^^^^^^^^^^^^
  File "/home/airflow/.local/lib/python3.12/site-packages/airflow/models/baseoperator.py", line 400, in wrapper
    return func(self, *args, **kwargs)
           ^^^^^^^^^^^^^^^^^^^^^^^^^^^
  File "/home/airflow/.local/lib/python3.12/site-packages/airflow/operators/python.py", line 235, in execute
    return_value = self.execute_callable()
                   ^^^^^^^^^^^^^^^^^^^^^^^
  File "/home/airflow/.local/lib/python3.12/site-packages/airflow/operators/python.py", line 252, in execute_callable
    return self.python_callable(*self.op_args, **self.op_kwargs)
           ^^^^^^^^^^^^^^^^^^^^^^^^^^^^^^^^^^^^^^^^^^^^^^^^^^^^^
  File "/opt/airflow/dags/tasks/get_api_data.py", line 45, in get_api_data
    research_data = requests.get('https://api.elsevier.com/content/abstract/DOI:' + dois[i] + '?apiKey=' + apiKey + '&view=FULL&httpAccept=application/json')
                    ^^^^^^^^^^^^^^^^^^^^^^^^^^^^^^^^^^^^^^^^^^^^^^^^^^^^^^^^^^^^^^^^^^^^^^^^^^^^^^^^^^^^^^^^^^^^^^^^^^^^^^^^^^^^^^^^^^^^^^^^^^^^^^^^^^^^^^^^^
  File "/home/airflow/.local/lib/python3.12/site-packages/requests/api.py", line 73, in get
    return request("get", url, params=params, **kwargs)
           ^^^^^^^^^^^^^^^^^^^^^^^^^^^^^^^^^^^^^^^^^^^^
  File "/home/airflow/.local/lib/python3.12/site-packages/requests/api.py", line 59, in request
    return session.request(method=method, url=url, **kwargs)
           ^^^^^^^^^^^^^^^^^^^^^^^^^^^^^^^^^^^^^^^^^^^^^^^^^
  File "/home/airflow/.local/lib/python3.12/site-packages/requests/sessions.py", line 589, in request
    resp = self.send(prep, **send_kwargs)
           ^^^^^^^^^^^^^^^^^^^^^^^^^^^^^^
  File "/home/airflow/.local/lib/python3.12/site-packages/requests/sessions.py", line 703, in send
    r = adapter.send(request, **kwargs)
        ^^^^^^^^^^^^^^^^^^^^^^^^^^^^^^^
  File "/home/airflow/.local/lib/python3.12/site-packages/requests/adapters.py", line 486, in send
    resp = conn.urlopen(
           ^^^^^^^^^^^^^
  File "/home/airflow/.local/lib/python3.12/site-packages/urllib3/connectionpool.py", line 793, in urlopen
    response = self._make_request(
               ^^^^^^^^^^^^^^^^^^^
  File "/home/airflow/.local/lib/python3.12/site-packages/urllib3/connectionpool.py", line 537, in _make_request
    response = conn.getresponse()
               ^^^^^^^^^^^^^^^^^^
  File "/home/airflow/.local/lib/python3.12/site-packages/urllib3/connection.py", line 466, in getresponse
    httplib_response = super().getresponse()
                       ^^^^^^^^^^^^^^^^^^^^^
  File "/usr/local/lib/python3.12/http/client.py", line 1428, in getresponse
    response.begin()
  File "/usr/local/lib/python3.12/http/client.py", line 331, in begin
    version, status, reason = self._read_status()
                              ^^^^^^^^^^^^^^^^^^^
  File "/usr/local/lib/python3.12/http/client.py", line 292, in _read_status
    line = str(self.fp.readline(_MAXLINE + 1), "iso-8859-1")
               ^^^^^^^^^^^^^^^^^^^^^^^^^^^^^^
  File "/usr/local/lib/python3.12/socket.py", line 707, in readinto
    return self._sock.recv_into(b)
           ^^^^^^^^^^^^^^^^^^^^^^^
  File "/usr/local/lib/python3.12/ssl.py", line 1252, in recv_into
    return self.read(nbytes, buffer)
           ^^^^^^^^^^^^^^^^^^^^^^^^^
  File "/usr/local/lib/python3.12/ssl.py", line 1104, in read
    return self._sslobj.read(len, buffer)
           ^^^^^^^^^^^^^^^^^^^^^^^^^^^^^^
  File "/home/airflow/.local/lib/python3.12/site-packages/airflow/models/taskinstance.py", line 2613, in signal_handler
    raise AirflowTaskTerminated("Task received SIGTERM signal")
airflow.exceptions.AirflowTaskTerminated: Task received SIGTERM signal
[2024-05-10T05:45:08.014+0000] {taskinstance.py:1206} INFO - Marking task as UP_FOR_RETRY. dag_id=data_pipeline, task_id=get_api_data, run_id=manual__2024-05-10T05:42:48.762028+00:00, execution_date=20240510T054248, start_date=20240510T054251, end_date=20240510T054508
[2024-05-10T05:45:08.112+0000] {process_utils.py:80} INFO - Process psutil.Process(pid=16784, status='terminated', exitcode=2, started='05:42:51') (16784) terminated with exit code 2
