[2024-05-10T05:45:16.159+0000] {local_task_job_runner.py:120} INFO - ::group::Pre task execution logs
[2024-05-10T05:45:16.188+0000] {taskinstance.py:2076} INFO - Dependencies all met for dep_context=non-requeueable deps ti=<TaskInstance: data_pipeline.get_api_data manual__2024-05-10T05:42:48.762028+00:00 [queued]>
[2024-05-10T05:45:16.199+0000] {taskinstance.py:2076} INFO - Dependencies all met for dep_context=requeueable deps ti=<TaskInstance: data_pipeline.get_api_data manual__2024-05-10T05:42:48.762028+00:00 [queued]>
[2024-05-10T05:45:16.201+0000] {taskinstance.py:2306} INFO - Starting attempt 2 of 5
[2024-05-10T05:45:16.216+0000] {taskinstance.py:2330} INFO - Executing <Task(PythonOperator): get_api_data> on 2024-05-10 05:42:48.762028+00:00
[2024-05-10T05:45:16.225+0000] {logging_mixin.py:188} WARNING - /home/***/.local/lib/python3.12/site-packages/***/task/task_runner/standard_task_runner.py:61 DeprecationWarning: This process (pid=16863) is multi-threaded, use of fork() may lead to deadlocks in the child.
[2024-05-10T05:45:16.226+0000] {standard_task_runner.py:63} INFO - Started process 16865 to run task
[2024-05-10T05:45:16.225+0000] {standard_task_runner.py:90} INFO - Running: ['***', 'tasks', 'run', 'data_pipeline', 'get_api_data', 'manual__2024-05-10T05:42:48.762028+00:00', '--job-id', '285', '--raw', '--subdir', 'DAGS_FOLDER/main_dag.py', '--cfg-path', '/tmp/tmpxk_588cp']
[2024-05-10T05:45:16.228+0000] {standard_task_runner.py:91} INFO - Job 285: Subtask get_api_data
[2024-05-10T05:45:16.245+0000] {logging_mixin.py:188} WARNING - /home/***/.local/lib/python3.12/site-packages/***/settings.py:195 DeprecationWarning: The sql_alchemy_conn option in [core] has been moved to the sql_alchemy_conn option in [database] - the old setting has been used, but please update your config.
[2024-05-10T05:45:16.285+0000] {task_command.py:426} INFO - Running <TaskInstance: data_pipeline.get_api_data manual__2024-05-10T05:42:48.762028+00:00 [running]> on host 3031e573f05c
[2024-05-10T05:45:16.393+0000] {taskinstance.py:2648} INFO - Exporting env vars: AIRFLOW_CTX_DAG_OWNER='***' AIRFLOW_CTX_DAG_ID='data_pipeline' AIRFLOW_CTX_TASK_ID='get_api_data' AIRFLOW_CTX_EXECUTION_DATE='2024-05-10T05:42:48.762028+00:00' AIRFLOW_CTX_TRY_NUMBER='2' AIRFLOW_CTX_DAG_RUN_ID='manual__2024-05-10T05:42:48.762028+00:00'
[2024-05-10T05:45:16.394+0000] {taskinstance.py:430} INFO - ::endgroup::
[2024-05-10T05:45:18.693+0000] {logging_mixin.py:188} INFO - Retrieved data for page 100
[2024-05-10T05:45:20.803+0000] {logging_mixin.py:188} INFO - Retrieved data for page 101
[2024-05-10T05:45:22.490+0000] {logging_mixin.py:188} INFO - Retrieved data for page 102
[2024-05-10T05:45:24.456+0000] {logging_mixin.py:188} INFO - Retrieved data for page 103
[2024-05-10T05:45:26.211+0000] {logging_mixin.py:188} INFO - Retrieved data for page 104
[2024-05-10T05:45:28.164+0000] {logging_mixin.py:188} INFO - Retrieved data for page 105
[2024-05-10T05:45:29.998+0000] {logging_mixin.py:188} INFO - Retrieved data for page 106
[2024-05-10T05:45:32.095+0000] {logging_mixin.py:188} INFO - Retrieved data for page 107
[2024-05-10T05:45:33.926+0000] {logging_mixin.py:188} INFO - Retrieved data for page 108
[2024-05-10T05:45:35.845+0000] {logging_mixin.py:188} INFO - Retrieved data for page 109
[2024-05-10T05:45:37.648+0000] {logging_mixin.py:188} INFO - Retrieved data for page 110
[2024-05-10T05:45:39.675+0000] {logging_mixin.py:188} INFO - Retrieved data for page 111
[2024-05-10T05:45:41.637+0000] {logging_mixin.py:188} INFO - Retrieved data for page 112
[2024-05-10T05:45:43.490+0000] {logging_mixin.py:188} INFO - Retrieved data for page 113
[2024-05-10T05:45:45.284+0000] {logging_mixin.py:188} INFO - Retrieved data for page 114
[2024-05-10T05:45:47.300+0000] {logging_mixin.py:188} INFO - Retrieved data for page 115
[2024-05-10T05:45:49.704+0000] {logging_mixin.py:188} INFO - Retrieved data for page 116
[2024-05-10T05:45:51.547+0000] {logging_mixin.py:188} INFO - Retrieved data for page 117
[2024-05-10T05:45:53.393+0000] {logging_mixin.py:188} INFO - Retrieved data for page 118
[2024-05-10T05:45:55.004+0000] {logging_mixin.py:188} INFO - Retrieved data for page 119
[2024-05-10T05:45:56.351+0000] {logging_mixin.py:188} INFO - Uploaded data/api_data_json/research_0.json to Minio
[2024-05-10T05:45:57.137+0000] {logging_mixin.py:188} INFO - Uploaded data/api_data_json/research_1.json to Minio
[2024-05-10T05:45:58.155+0000] {logging_mixin.py:188} INFO - Uploaded data/api_data_json/research_2.json to Minio
[2024-05-10T05:45:59.132+0000] {logging_mixin.py:188} INFO - Uploaded data/api_data_json/research_3.json to Minio
[2024-05-10T05:46:08.437+0000] {logging_mixin.py:188} INFO - Uploaded data/api_data_json/research_4.json to Minio
[2024-05-10T05:46:09.310+0000] {logging_mixin.py:188} INFO - Uploaded data/api_data_json/research_5.json to Minio
[2024-05-10T05:46:10.032+0000] {logging_mixin.py:188} INFO - Uploaded data/api_data_json/research_6.json to Minio
[2024-05-10T05:46:15.954+0000] {logging_mixin.py:188} INFO - Uploaded data/api_data_json/research_7.json to Minio
[2024-05-10T05:46:24.871+0000] {logging_mixin.py:188} INFO - Uploaded data/api_data_json/research_8.json to Minio
[2024-05-10T05:46:25.650+0000] {logging_mixin.py:188} INFO - Uploaded data/api_data_json/research_9.json to Minio
[2024-05-10T05:46:26.376+0000] {logging_mixin.py:188} INFO - Uploaded data/api_data_json/research_10.json to Minio
[2024-05-10T05:46:27.147+0000] {logging_mixin.py:188} INFO - Uploaded data/api_data_json/research_11.json to Minio
[2024-05-10T05:46:28.109+0000] {logging_mixin.py:188} INFO - Uploaded data/api_data_json/research_12.json to Minio
[2024-05-10T05:46:28.957+0000] {logging_mixin.py:188} INFO - Uploaded data/api_data_json/research_13.json to Minio
[2024-05-10T05:46:30.969+0000] {logging_mixin.py:188} INFO - Uploaded data/api_data_json/research_14.json to Minio
[2024-05-10T05:46:39.441+0000] {logging_mixin.py:188} INFO - Uploaded data/api_data_json/research_15.json to Minio
[2024-05-10T05:46:40.183+0000] {logging_mixin.py:188} INFO - Uploaded data/api_data_json/research_16.json to Minio
[2024-05-10T05:46:40.988+0000] {logging_mixin.py:188} INFO - Uploaded data/api_data_json/research_17.json to Minio
[2024-05-10T05:46:41.857+0000] {logging_mixin.py:188} INFO - Uploaded data/api_data_json/research_18.json to Minio
[2024-05-10T05:46:42.763+0000] {logging_mixin.py:188} INFO - Uploaded data/api_data_json/research_19.json to Minio
[2024-05-10T05:46:43.765+0000] {logging_mixin.py:188} INFO - Uploaded data/api_data_json/research_20.json to Minio
[2024-05-10T05:46:44.595+0000] {logging_mixin.py:188} INFO - Uploaded data/api_data_json/research_21.json to Minio
[2024-05-10T05:46:45.311+0000] {logging_mixin.py:188} INFO - Uploaded data/api_data_json/research_22.json to Minio
[2024-05-10T05:46:46.155+0000] {logging_mixin.py:188} INFO - Uploaded data/api_data_json/research_23.json to Minio
[2024-05-10T05:46:47.063+0000] {logging_mixin.py:188} INFO - Uploaded data/api_data_json/research_24.json to Minio
[2024-05-10T05:46:48.481+0000] {logging_mixin.py:188} INFO - Uploaded data/api_data_json/research_25.json to Minio
[2024-05-10T05:46:50.125+0000] {logging_mixin.py:188} INFO - Uploaded data/api_data_json/research_26.json to Minio
[2024-05-10T05:46:50.769+0000] {logging_mixin.py:188} INFO - Uploaded data/api_data_json/research_27.json to Minio
[2024-05-10T05:46:51.465+0000] {logging_mixin.py:188} INFO - Uploaded data/api_data_json/research_28.json to Minio
[2024-05-10T05:46:52.183+0000] {logging_mixin.py:188} INFO - Uploaded data/api_data_json/research_29.json to Minio
[2024-05-10T05:46:54.383+0000] {logging_mixin.py:188} INFO - Uploaded data/api_data_json/research_30.json to Minio
[2024-05-10T05:46:55.094+0000] {logging_mixin.py:188} INFO - Uploaded data/api_data_json/research_31.json to Minio
[2024-05-10T05:46:55.804+0000] {logging_mixin.py:188} INFO - Uploaded data/api_data_json/research_32.json to Minio
[2024-05-10T05:46:56.585+0000] {logging_mixin.py:188} INFO - Uploaded data/api_data_json/research_33.json to Minio
[2024-05-10T05:46:57.566+0000] {logging_mixin.py:188} INFO - Uploaded data/api_data_json/research_34.json to Minio
[2024-05-10T05:46:58.607+0000] {logging_mixin.py:188} INFO - Uploaded data/api_data_json/research_35.json to Minio
[2024-05-10T05:46:59.615+0000] {logging_mixin.py:188} INFO - Uploaded data/api_data_json/research_36.json to Minio
[2024-05-10T05:47:00.671+0000] {logging_mixin.py:188} INFO - Uploaded data/api_data_json/research_37.json to Minio
[2024-05-10T05:47:01.460+0000] {logging_mixin.py:188} INFO - Uploaded data/api_data_json/research_38.json to Minio
[2024-05-10T05:47:02.216+0000] {logging_mixin.py:188} INFO - Uploaded data/api_data_json/research_39.json to Minio
[2024-05-10T05:47:02.936+0000] {logging_mixin.py:188} INFO - Uploaded data/api_data_json/research_40.json to Minio
[2024-05-10T05:47:03.541+0000] {logging_mixin.py:188} INFO - Uploaded data/api_data_json/research_41.json to Minio
[2024-05-10T05:47:08.746+0000] {logging_mixin.py:188} INFO - Uploaded data/api_data_json/research_42.json to Minio
[2024-05-10T05:47:09.320+0000] {logging_mixin.py:188} INFO - Uploaded data/api_data_json/research_43.json to Minio
[2024-05-10T05:47:09.889+0000] {logging_mixin.py:188} INFO - Uploaded data/api_data_json/research_44.json to Minio
[2024-05-10T05:47:10.541+0000] {logging_mixin.py:188} INFO - Uploaded data/api_data_json/research_45.json to Minio
[2024-05-10T05:47:11.135+0000] {logging_mixin.py:188} INFO - Uploaded data/api_data_json/research_46.json to Minio
[2024-05-10T05:47:11.731+0000] {logging_mixin.py:188} INFO - Uploaded data/api_data_json/research_47.json to Minio
[2024-05-10T05:47:12.522+0000] {logging_mixin.py:188} INFO - Uploaded data/api_data_json/research_48.json to Minio
[2024-05-10T05:47:13.726+0000] {logging_mixin.py:188} INFO - Uploaded data/api_data_json/research_49.json to Minio
[2024-05-10T05:47:14.341+0000] {logging_mixin.py:188} INFO - Uploaded data/api_data_json/research_50.json to Minio
[2024-05-10T05:47:15.055+0000] {logging_mixin.py:188} INFO - Uploaded data/api_data_json/research_51.json to Minio
[2024-05-10T05:47:16.077+0000] {logging_mixin.py:188} INFO - Uploaded data/api_data_json/research_52.json to Minio
[2024-05-10T05:47:16.719+0000] {logging_mixin.py:188} INFO - Uploaded data/api_data_json/research_53.json to Minio
[2024-05-10T05:47:17.971+0000] {logging_mixin.py:188} INFO - Uploaded data/api_data_json/research_54.json to Minio
[2024-05-10T05:47:18.533+0000] {logging_mixin.py:188} INFO - Uploaded data/api_data_json/research_55.json to Minio
[2024-05-10T05:47:19.148+0000] {logging_mixin.py:188} INFO - Uploaded data/api_data_json/research_56.json to Minio
[2024-05-10T05:47:19.718+0000] {logging_mixin.py:188} INFO - Uploaded data/api_data_json/research_57.json to Minio
[2024-05-10T05:47:20.371+0000] {logging_mixin.py:188} INFO - Uploaded data/api_data_json/research_58.json to Minio
[2024-05-10T05:47:21.060+0000] {logging_mixin.py:188} INFO - Uploaded data/api_data_json/research_59.json to Minio
[2024-05-10T05:47:21.936+0000] {logging_mixin.py:188} INFO - Uploaded data/api_data_json/research_60.json to Minio
[2024-05-10T05:47:23.920+0000] {logging_mixin.py:188} INFO - Uploaded data/api_data_json/research_61.json to Minio
[2024-05-10T05:47:24.526+0000] {logging_mixin.py:188} INFO - Uploaded data/api_data_json/research_62.json to Minio
[2024-05-10T05:47:25.086+0000] {logging_mixin.py:188} INFO - Uploaded data/api_data_json/research_63.json to Minio
[2024-05-10T05:47:25.681+0000] {logging_mixin.py:188} INFO - Uploaded data/api_data_json/research_64.json to Minio
[2024-05-10T05:47:26.581+0000] {logging_mixin.py:188} INFO - Uploaded data/api_data_json/research_65.json to Minio
[2024-05-10T05:47:27.491+0000] {logging_mixin.py:188} INFO - Uploaded data/api_data_json/research_66.json to Minio
[2024-05-10T05:47:28.348+0000] {logging_mixin.py:188} INFO - Uploaded data/api_data_json/research_67.json to Minio
[2024-05-10T05:47:29.034+0000] {logging_mixin.py:188} INFO - Uploaded data/api_data_json/research_68.json to Minio
[2024-05-10T05:47:30.634+0000] {logging_mixin.py:188} INFO - Uploaded data/api_data_json/research_69.json to Minio
[2024-05-10T05:47:31.300+0000] {logging_mixin.py:188} INFO - Uploaded data/api_data_json/research_70.json to Minio
[2024-05-10T05:47:32.190+0000] {logging_mixin.py:188} INFO - Uploaded data/api_data_json/research_71.json to Minio
[2024-05-10T05:47:32.780+0000] {logging_mixin.py:188} INFO - Uploaded data/api_data_json/research_72.json to Minio
[2024-05-10T05:47:33.420+0000] {logging_mixin.py:188} INFO - Uploaded data/api_data_json/research_73.json to Minio
[2024-05-10T05:47:36.973+0000] {logging_mixin.py:188} INFO - Uploaded data/api_data_json/research_74.json to Minio
[2024-05-10T05:47:37.575+0000] {logging_mixin.py:188} INFO - Uploaded data/api_data_json/research_75.json to Minio
[2024-05-10T05:47:38.436+0000] {logging_mixin.py:188} INFO - Uploaded data/api_data_json/research_76.json to Minio
[2024-05-10T05:47:39.289+0000] {logging_mixin.py:188} INFO - Uploaded data/api_data_json/research_77.json to Minio
[2024-05-10T05:47:39.897+0000] {logging_mixin.py:188} INFO - Uploaded data/api_data_json/research_78.json to Minio
[2024-05-10T05:47:40.624+0000] {logging_mixin.py:188} INFO - Uploaded data/api_data_json/research_79.json to Minio
[2024-05-10T05:47:41.323+0000] {logging_mixin.py:188} INFO - Uploaded data/api_data_json/research_80.json to Minio
[2024-05-10T05:47:41.879+0000] {logging_mixin.py:188} INFO - Uploaded data/api_data_json/research_81.json to Minio
[2024-05-10T05:47:42.405+0000] {logging_mixin.py:188} INFO - Uploaded data/api_data_json/research_82.json to Minio
[2024-05-10T05:47:43.015+0000] {logging_mixin.py:188} INFO - Uploaded data/api_data_json/research_83.json to Minio
[2024-05-10T05:47:43.590+0000] {logging_mixin.py:188} INFO - Uploaded data/api_data_json/research_84.json to Minio
[2024-05-10T05:47:44.182+0000] {logging_mixin.py:188} INFO - Uploaded data/api_data_json/research_85.json to Minio
[2024-05-10T05:47:44.864+0000] {logging_mixin.py:188} INFO - Uploaded data/api_data_json/research_86.json to Minio
[2024-05-10T05:47:45.408+0000] {logging_mixin.py:188} INFO - Uploaded data/api_data_json/research_87.json to Minio
[2024-05-10T05:47:46.038+0000] {logging_mixin.py:188} INFO - Uploaded data/api_data_json/research_88.json to Minio
[2024-05-10T05:47:46.629+0000] {logging_mixin.py:188} INFO - Uploaded data/api_data_json/research_89.json to Minio
[2024-05-10T05:47:47.176+0000] {logging_mixin.py:188} INFO - Uploaded data/api_data_json/research_90.json to Minio
[2024-05-10T05:47:47.746+0000] {logging_mixin.py:188} INFO - Uploaded data/api_data_json/research_91.json to Minio
[2024-05-10T05:47:48.332+0000] {logging_mixin.py:188} INFO - Uploaded data/api_data_json/research_92.json to Minio
[2024-05-10T05:47:48.946+0000] {logging_mixin.py:188} INFO - Uploaded data/api_data_json/research_93.json to Minio
[2024-05-10T05:47:49.666+0000] {logging_mixin.py:188} INFO - Uploaded data/api_data_json/research_94.json to Minio
[2024-05-10T05:47:50.596+0000] {logging_mixin.py:188} INFO - Uploaded data/api_data_json/research_95.json to Minio
[2024-05-10T05:47:51.517+0000] {logging_mixin.py:188} INFO - Uploaded data/api_data_json/research_96.json to Minio
[2024-05-10T05:47:52.916+0000] {logging_mixin.py:188} INFO - Uploaded data/api_data_json/research_97.json to Minio
[2024-05-10T05:47:53.558+0000] {logging_mixin.py:188} INFO - Uploaded data/api_data_json/research_98.json to Minio
[2024-05-10T05:47:54.239+0000] {logging_mixin.py:188} INFO - Uploaded data/api_data_json/research_99.json to Minio
[2024-05-10T05:47:56.305+0000] {logging_mixin.py:188} INFO - Uploaded data/api_data_json/research_100.json to Minio
[2024-05-10T05:47:57.181+0000] {logging_mixin.py:188} INFO - Uploaded data/api_data_json/research_101.json to Minio
[2024-05-10T05:47:57.756+0000] {logging_mixin.py:188} INFO - Uploaded data/api_data_json/research_102.json to Minio
[2024-05-10T05:47:58.313+0000] {logging_mixin.py:188} INFO - Uploaded data/api_data_json/research_103.json to Minio
[2024-05-10T05:47:59.126+0000] {logging_mixin.py:188} INFO - Uploaded data/api_data_json/research_104.json to Minio
[2024-05-10T05:48:00.478+0000] {logging_mixin.py:188} INFO - Uploaded data/api_data_json/research_105.json to Minio
[2024-05-10T05:48:01.533+0000] {logging_mixin.py:188} INFO - Uploaded data/api_data_json/research_106.json to Minio
[2024-05-10T05:48:02.211+0000] {logging_mixin.py:188} INFO - Uploaded data/api_data_json/research_107.json to Minio
[2024-05-10T05:48:02.978+0000] {logging_mixin.py:188} INFO - Uploaded data/api_data_json/research_108.json to Minio
[2024-05-10T05:48:03.583+0000] {logging_mixin.py:188} INFO - Uploaded data/api_data_json/research_109.json to Minio
[2024-05-10T05:48:04.171+0000] {logging_mixin.py:188} INFO - Uploaded data/api_data_json/research_110.json to Minio
[2024-05-10T05:48:04.884+0000] {logging_mixin.py:188} INFO - Uploaded data/api_data_json/research_111.json to Minio
[2024-05-10T05:48:05.518+0000] {logging_mixin.py:188} INFO - Uploaded data/api_data_json/research_112.json to Minio
[2024-05-10T05:48:06.135+0000] {logging_mixin.py:188} INFO - Uploaded data/api_data_json/research_113.json to Minio
[2024-05-10T05:48:06.711+0000] {logging_mixin.py:188} INFO - Uploaded data/api_data_json/research_114.json to Minio
[2024-05-10T05:48:07.276+0000] {logging_mixin.py:188} INFO - Uploaded data/api_data_json/research_115.json to Minio
[2024-05-10T05:48:07.849+0000] {logging_mixin.py:188} INFO - Uploaded data/api_data_json/research_116.json to Minio
[2024-05-10T05:48:08.416+0000] {logging_mixin.py:188} INFO - Uploaded data/api_data_json/research_117.json to Minio
[2024-05-10T05:48:09.063+0000] {logging_mixin.py:188} INFO - Uploaded data/api_data_json/research_118.json to Minio
[2024-05-10T05:48:09.724+0000] {logging_mixin.py:188} INFO - Uploaded data/api_data_json/research_119.json to Minio
[2024-05-10T05:48:10.313+0000] {logging_mixin.py:188} INFO - Uploaded data/api_data_json/research_120.json to Minio
[2024-05-10T05:48:10.930+0000] {logging_mixin.py:188} INFO - Uploaded data/api_data_json/research_121.json to Minio
[2024-05-10T05:48:11.500+0000] {logging_mixin.py:188} INFO - Uploaded data/api_data_json/research_122.json to Minio
[2024-05-10T05:48:12.125+0000] {logging_mixin.py:188} INFO - Uploaded data/api_data_json/research_123.json to Minio
[2024-05-10T05:48:13.078+0000] {logging_mixin.py:188} INFO - Uploaded data/api_data_json/research_124.json to Minio
[2024-05-10T05:48:13.694+0000] {logging_mixin.py:188} INFO - Uploaded data/api_data_json/research_125.json to Minio
[2024-05-10T05:48:14.315+0000] {logging_mixin.py:188} INFO - Uploaded data/api_data_json/research_126.json to Minio
[2024-05-10T05:48:14.867+0000] {logging_mixin.py:188} INFO - Uploaded data/api_data_json/research_127.json to Minio
[2024-05-10T05:48:15.866+0000] {logging_mixin.py:188} INFO - Uploaded data/api_data_json/research_128.json to Minio
[2024-05-10T05:48:16.421+0000] {logging_mixin.py:188} INFO - Uploaded data/api_data_json/research_129.json to Minio
[2024-05-10T05:48:17.022+0000] {logging_mixin.py:188} INFO - Uploaded data/api_data_json/research_130.json to Minio
[2024-05-10T05:48:17.657+0000] {logging_mixin.py:188} INFO - Uploaded data/api_data_json/research_131.json to Minio
[2024-05-10T05:48:18.193+0000] {logging_mixin.py:188} INFO - Uploaded data/api_data_json/research_132.json to Minio
[2024-05-10T05:48:18.792+0000] {logging_mixin.py:188} INFO - Uploaded data/api_data_json/research_133.json to Minio
[2024-05-10T05:48:19.451+0000] {logging_mixin.py:188} INFO - Uploaded data/api_data_json/research_134.json to Minio
[2024-05-10T05:48:20.076+0000] {logging_mixin.py:188} INFO - Uploaded data/api_data_json/research_135.json to Minio
[2024-05-10T05:48:20.663+0000] {logging_mixin.py:188} INFO - Uploaded data/api_data_json/research_136.json to Minio
[2024-05-10T05:48:21.297+0000] {logging_mixin.py:188} INFO - Uploaded data/api_data_json/research_137.json to Minio
[2024-05-10T05:48:22.013+0000] {logging_mixin.py:188} INFO - Uploaded data/api_data_json/research_138.json to Minio
[2024-05-10T05:48:22.699+0000] {logging_mixin.py:188} INFO - Uploaded data/api_data_json/research_139.json to Minio
[2024-05-10T05:48:23.262+0000] {logging_mixin.py:188} INFO - Uploaded data/api_data_json/research_140.json to Minio
[2024-05-10T05:48:23.996+0000] {logging_mixin.py:188} INFO - Uploaded data/api_data_json/research_141.json to Minio
[2024-05-10T05:48:24.759+0000] {logging_mixin.py:188} INFO - Uploaded data/api_data_json/research_142.json to Minio
[2024-05-10T05:48:25.764+0000] {logging_mixin.py:188} INFO - Uploaded data/api_data_json/research_143.json to Minio
[2024-05-10T05:48:26.991+0000] {logging_mixin.py:188} INFO - Uploaded data/api_data_json/research_144.json to Minio
[2024-05-10T05:48:27.630+0000] {logging_mixin.py:188} INFO - Uploaded data/api_data_json/research_145.json to Minio
[2024-05-10T05:48:34.822+0000] {logging_mixin.py:188} INFO - Uploaded data/api_data_json/research_146.json to Minio
[2024-05-10T05:48:35.682+0000] {logging_mixin.py:188} INFO - Uploaded data/api_data_json/research_147.json to Minio
[2024-05-10T05:48:36.308+0000] {logging_mixin.py:188} INFO - Uploaded data/api_data_json/research_148.json to Minio
[2024-05-10T05:48:36.903+0000] {logging_mixin.py:188} INFO - Uploaded data/api_data_json/research_149.json to Minio
[2024-05-10T05:48:37.555+0000] {logging_mixin.py:188} INFO - Uploaded data/api_data_json/research_150.json to Minio
[2024-05-10T05:48:38.725+0000] {logging_mixin.py:188} INFO - Uploaded data/api_data_json/research_151.json to Minio
[2024-05-10T05:48:39.365+0000] {logging_mixin.py:188} INFO - Uploaded data/api_data_json/research_152.json to Minio
[2024-05-10T05:48:39.998+0000] {logging_mixin.py:188} INFO - Uploaded data/api_data_json/research_153.json to Minio
[2024-05-10T05:48:40.553+0000] {logging_mixin.py:188} INFO - Uploaded data/api_data_json/research_154.json to Minio
[2024-05-10T05:48:41.156+0000] {logging_mixin.py:188} INFO - Uploaded data/api_data_json/research_155.json to Minio
[2024-05-10T05:48:42.026+0000] {logging_mixin.py:188} INFO - Uploaded data/api_data_json/research_156.json to Minio
[2024-05-10T05:48:42.609+0000] {logging_mixin.py:188} INFO - Uploaded data/api_data_json/research_157.json to Minio
[2024-05-10T05:48:43.167+0000] {logging_mixin.py:188} INFO - Uploaded data/api_data_json/research_158.json to Minio
[2024-05-10T05:48:43.782+0000] {logging_mixin.py:188} INFO - Uploaded data/api_data_json/research_159.json to Minio
[2024-05-10T05:48:44.344+0000] {logging_mixin.py:188} INFO - Uploaded data/api_data_json/research_160.json to Minio
[2024-05-10T05:48:44.943+0000] {logging_mixin.py:188} INFO - Uploaded data/api_data_json/research_161.json to Minio
[2024-05-10T05:48:45.599+0000] {logging_mixin.py:188} INFO - Uploaded data/api_data_json/research_162.json to Minio
[2024-05-10T05:48:46.158+0000] {logging_mixin.py:188} INFO - Uploaded data/api_data_json/research_163.json to Minio
[2024-05-10T05:48:46.742+0000] {logging_mixin.py:188} INFO - Uploaded data/api_data_json/research_164.json to Minio
[2024-05-10T05:48:47.320+0000] {logging_mixin.py:188} INFO - Uploaded data/api_data_json/research_165.json to Minio
[2024-05-10T05:48:48.046+0000] {logging_mixin.py:188} INFO - Uploaded data/api_data_json/research_166.json to Minio
[2024-05-10T05:48:49.004+0000] {logging_mixin.py:188} INFO - Uploaded data/api_data_json/research_167.json to Minio
[2024-05-10T05:48:54.622+0000] {logging_mixin.py:188} INFO - Uploaded data/api_data_json/research_168.json to Minio
[2024-05-10T05:48:55.498+0000] {logging_mixin.py:188} INFO - Uploaded data/api_data_json/research_169.json to Minio
[2024-05-10T05:48:56.066+0000] {logging_mixin.py:188} INFO - Uploaded data/api_data_json/research_170.json to Minio
[2024-05-10T05:48:56.777+0000] {logging_mixin.py:188} INFO - Uploaded data/api_data_json/research_171.json to Minio
[2024-05-10T05:48:57.453+0000] {logging_mixin.py:188} INFO - Uploaded data/api_data_json/research_172.json to Minio
[2024-05-10T05:48:58.185+0000] {logging_mixin.py:188} INFO - Uploaded data/api_data_json/research_173.json to Minio
[2024-05-10T05:48:58.899+0000] {logging_mixin.py:188} INFO - Uploaded data/api_data_json/research_174.json to Minio
[2024-05-10T05:48:59.946+0000] {logging_mixin.py:188} INFO - Uploaded data/api_data_json/research_175.json to Minio
[2024-05-10T05:49:00.582+0000] {logging_mixin.py:188} INFO - Uploaded data/api_data_json/research_176.json to Minio
[2024-05-10T05:49:01.250+0000] {logging_mixin.py:188} INFO - Uploaded data/api_data_json/research_177.json to Minio
[2024-05-10T05:49:02.189+0000] {logging_mixin.py:188} INFO - Uploaded data/api_data_json/research_178.json to Minio
[2024-05-10T05:49:02.834+0000] {logging_mixin.py:188} INFO - Uploaded data/api_data_json/research_179.json to Minio
[2024-05-10T05:49:08.046+0000] {logging_mixin.py:188} INFO - Uploaded data/api_data_json/research_180.json to Minio
[2024-05-10T05:49:21.105+0000] {logging_mixin.py:188} INFO - Uploaded data/api_data_json/research_181.json to Minio
[2024-05-10T05:49:22.033+0000] {logging_mixin.py:188} INFO - Uploaded data/api_data_json/research_182.json to Minio
[2024-05-10T05:49:22.959+0000] {logging_mixin.py:188} INFO - Uploaded data/api_data_json/research_183.json to Minio
[2024-05-10T05:49:23.728+0000] {logging_mixin.py:188} INFO - Uploaded data/api_data_json/research_184.json to Minio
[2024-05-10T05:49:24.659+0000] {logging_mixin.py:188} INFO - Uploaded data/api_data_json/research_185.json to Minio
[2024-05-10T05:49:25.247+0000] {logging_mixin.py:188} INFO - Uploaded data/api_data_json/research_186.json to Minio
[2024-05-10T05:49:25.874+0000] {logging_mixin.py:188} INFO - Uploaded data/api_data_json/research_187.json to Minio
[2024-05-10T05:49:26.694+0000] {logging_mixin.py:188} INFO - Uploaded data/api_data_json/research_188.json to Minio
[2024-05-10T05:49:27.426+0000] {logging_mixin.py:188} INFO - Uploaded data/api_data_json/research_189.json to Minio
[2024-05-10T05:49:28.078+0000] {logging_mixin.py:188} INFO - Uploaded data/api_data_json/research_190.json to Minio
[2024-05-10T05:49:28.974+0000] {logging_mixin.py:188} INFO - Uploaded data/api_data_json/research_191.json to Minio
[2024-05-10T05:49:29.918+0000] {logging_mixin.py:188} INFO - Uploaded data/api_data_json/research_192.json to Minio
[2024-05-10T05:49:30.524+0000] {logging_mixin.py:188} INFO - Uploaded data/api_data_json/research_193.json to Minio
[2024-05-10T05:49:31.468+0000] {logging_mixin.py:188} INFO - Uploaded data/api_data_json/research_194.json to Minio
[2024-05-10T05:49:32.361+0000] {logging_mixin.py:188} INFO - Uploaded data/api_data_json/research_195.json to Minio
[2024-05-10T05:49:32.959+0000] {logging_mixin.py:188} INFO - Uploaded data/api_data_json/research_196.json to Minio
[2024-05-10T05:49:33.538+0000] {logging_mixin.py:188} INFO - Uploaded data/api_data_json/research_197.json to Minio
[2024-05-10T05:49:34.148+0000] {logging_mixin.py:188} INFO - Uploaded data/api_data_json/research_198.json to Minio
[2024-05-10T05:49:34.671+0000] {logging_mixin.py:188} INFO - Uploaded data/api_data_json/research_199.json to Minio
[2024-05-10T05:49:35.276+0000] {logging_mixin.py:188} INFO - Uploaded data/api_data_json/research_200.json to Minio
[2024-05-10T05:49:35.826+0000] {logging_mixin.py:188} INFO - Uploaded data/api_data_json/research_201.json to Minio
[2024-05-10T05:49:36.418+0000] {logging_mixin.py:188} INFO - Uploaded data/api_data_json/research_202.json to Minio
[2024-05-10T05:49:36.984+0000] {logging_mixin.py:188} INFO - Uploaded data/api_data_json/research_203.json to Minio
[2024-05-10T05:49:37.843+0000] {logging_mixin.py:188} INFO - Uploaded data/api_data_json/research_204.json to Minio
[2024-05-10T05:49:38.407+0000] {logging_mixin.py:188} INFO - Uploaded data/api_data_json/research_205.json to Minio
[2024-05-10T05:49:39.035+0000] {logging_mixin.py:188} INFO - Uploaded data/api_data_json/research_206.json to Minio
[2024-05-10T05:49:39.790+0000] {logging_mixin.py:188} INFO - Uploaded data/api_data_json/research_207.json to Minio
[2024-05-10T05:49:40.658+0000] {logging_mixin.py:188} INFO - Uploaded data/api_data_json/research_208.json to Minio
[2024-05-10T05:49:41.329+0000] {logging_mixin.py:188} INFO - Uploaded data/api_data_json/research_209.json to Minio
[2024-05-10T05:49:41.959+0000] {logging_mixin.py:188} INFO - Uploaded data/api_data_json/research_210.json to Minio
[2024-05-10T05:49:42.862+0000] {logging_mixin.py:188} INFO - Uploaded data/api_data_json/research_211.json to Minio
[2024-05-10T05:49:43.489+0000] {logging_mixin.py:188} INFO - Uploaded data/api_data_json/research_212.json to Minio
[2024-05-10T05:49:44.091+0000] {logging_mixin.py:188} INFO - Uploaded data/api_data_json/research_213.json to Minio
[2024-05-10T05:49:44.925+0000] {logging_mixin.py:188} INFO - Uploaded data/api_data_json/research_214.json to Minio
[2024-05-10T05:49:45.518+0000] {logging_mixin.py:188} INFO - Uploaded data/api_data_json/research_215.json to Minio
[2024-05-10T05:49:46.066+0000] {logging_mixin.py:188} INFO - Uploaded data/api_data_json/research_216.json to Minio
[2024-05-10T05:49:46.631+0000] {logging_mixin.py:188} INFO - Uploaded data/api_data_json/research_217.json to Minio
[2024-05-10T05:49:48.059+0000] {logging_mixin.py:188} INFO - Uploaded data/api_data_json/research_218.json to Minio
[2024-05-10T05:49:48.702+0000] {logging_mixin.py:188} INFO - Uploaded data/api_data_json/research_219.json to Minio
[2024-05-10T05:49:49.305+0000] {logging_mixin.py:188} INFO - Uploaded data/api_data_json/research_220.json to Minio
[2024-05-10T05:49:50.372+0000] {logging_mixin.py:188} INFO - Uploaded data/api_data_json/research_221.json to Minio
[2024-05-10T05:49:51.839+0000] {logging_mixin.py:188} INFO - Uploaded data/api_data_json/research_222.json to Minio
[2024-05-10T05:49:52.479+0000] {logging_mixin.py:188} INFO - Uploaded data/api_data_json/research_223.json to Minio
[2024-05-10T05:49:53.053+0000] {logging_mixin.py:188} INFO - Uploaded data/api_data_json/research_224.json to Minio
[2024-05-10T05:49:53.722+0000] {logging_mixin.py:188} INFO - Uploaded data/api_data_json/research_225.json to Minio
[2024-05-10T05:49:54.327+0000] {logging_mixin.py:188} INFO - Uploaded data/api_data_json/research_226.json to Minio
[2024-05-10T05:49:55.372+0000] {logging_mixin.py:188} INFO - Uploaded data/api_data_json/research_227.json to Minio
[2024-05-10T05:49:55.967+0000] {logging_mixin.py:188} INFO - Uploaded data/api_data_json/research_228.json to Minio
[2024-05-10T05:49:56.551+0000] {logging_mixin.py:188} INFO - Uploaded data/api_data_json/research_229.json to Minio
[2024-05-10T05:49:57.154+0000] {logging_mixin.py:188} INFO - Uploaded data/api_data_json/research_230.json to Minio
[2024-05-10T05:49:57.829+0000] {logging_mixin.py:188} INFO - Uploaded data/api_data_json/research_231.json to Minio
[2024-05-10T05:49:58.435+0000] {logging_mixin.py:188} INFO - Uploaded data/api_data_json/research_232.json to Minio
[2024-05-10T05:49:59.010+0000] {logging_mixin.py:188} INFO - Uploaded data/api_data_json/research_233.json to Minio
[2024-05-10T05:50:00.091+0000] {logging_mixin.py:188} INFO - Uploaded data/api_data_json/research_234.json to Minio
[2024-05-10T05:50:01.454+0000] {logging_mixin.py:188} INFO - Uploaded data/api_data_json/research_235.json to Minio
[2024-05-10T05:50:02.108+0000] {logging_mixin.py:188} INFO - Uploaded data/api_data_json/research_236.json to Minio
[2024-05-10T05:50:02.694+0000] {logging_mixin.py:188} INFO - Uploaded data/api_data_json/research_237.json to Minio
[2024-05-10T05:50:03.346+0000] {logging_mixin.py:188} INFO - Uploaded data/api_data_json/research_238.json to Minio
[2024-05-10T05:50:03.960+0000] {logging_mixin.py:188} INFO - Uploaded data/api_data_json/research_239.json to Minio
[2024-05-10T05:50:04.576+0000] {logging_mixin.py:188} INFO - Uploaded data/api_data_json/research_240.json to Minio
[2024-05-10T05:50:05.172+0000] {logging_mixin.py:188} INFO - Uploaded data/api_data_json/research_241.json to Minio
[2024-05-10T05:50:05.832+0000] {logging_mixin.py:188} INFO - Uploaded data/api_data_json/research_242.json to Minio
[2024-05-10T05:50:06.411+0000] {logging_mixin.py:188} INFO - Uploaded data/api_data_json/research_243.json to Minio
[2024-05-10T05:50:07.015+0000] {logging_mixin.py:188} INFO - Uploaded data/api_data_json/research_244.json to Minio
[2024-05-10T05:50:07.578+0000] {logging_mixin.py:188} INFO - Uploaded data/api_data_json/research_245.json to Minio
[2024-05-10T05:50:08.148+0000] {logging_mixin.py:188} INFO - Uploaded data/api_data_json/research_246.json to Minio
[2024-05-10T05:50:08.748+0000] {logging_mixin.py:188} INFO - Uploaded data/api_data_json/research_247.json to Minio
[2024-05-10T05:50:09.293+0000] {logging_mixin.py:188} INFO - Uploaded data/api_data_json/research_248.json to Minio
[2024-05-10T05:50:10.236+0000] {logging_mixin.py:188} INFO - Uploaded data/api_data_json/research_249.json to Minio
[2024-05-10T05:50:10.822+0000] {logging_mixin.py:188} INFO - Uploaded data/api_data_json/research_250.json to Minio
[2024-05-10T05:50:11.559+0000] {logging_mixin.py:188} INFO - Uploaded data/api_data_json/research_251.json to Minio
[2024-05-10T05:50:12.335+0000] {logging_mixin.py:188} INFO - Uploaded data/api_data_json/research_252.json to Minio
[2024-05-10T05:50:12.897+0000] {logging_mixin.py:188} INFO - Uploaded data/api_data_json/research_253.json to Minio
[2024-05-10T05:50:13.802+0000] {logging_mixin.py:188} INFO - Uploaded data/api_data_json/research_254.json to Minio
[2024-05-10T05:50:14.508+0000] {logging_mixin.py:188} INFO - Uploaded data/api_data_json/research_255.json to Minio
[2024-05-10T05:50:15.093+0000] {logging_mixin.py:188} INFO - Uploaded data/api_data_json/research_256.json to Minio
[2024-05-10T05:50:15.709+0000] {logging_mixin.py:188} INFO - Uploaded data/api_data_json/research_257.json to Minio
[2024-05-10T05:50:16.315+0000] {logging_mixin.py:188} INFO - Uploaded data/api_data_json/research_258.json to Minio
[2024-05-10T05:50:17.546+0000] {logging_mixin.py:188} INFO - Uploaded data/api_data_json/research_259.json to Minio
[2024-05-10T05:50:18.245+0000] {logging_mixin.py:188} INFO - Uploaded data/api_data_json/research_260.json to Minio
[2024-05-10T05:50:18.865+0000] {logging_mixin.py:188} INFO - Uploaded data/api_data_json/research_261.json to Minio
[2024-05-10T05:50:19.742+0000] {logging_mixin.py:188} INFO - Uploaded data/api_data_json/research_262.json to Minio
[2024-05-10T05:50:20.386+0000] {logging_mixin.py:188} INFO - Uploaded data/api_data_json/research_263.json to Minio
[2024-05-10T05:50:21.631+0000] {logging_mixin.py:188} INFO - Uploaded data/api_data_json/research_264.json to Minio
[2024-05-10T05:50:22.240+0000] {logging_mixin.py:188} INFO - Uploaded data/api_data_json/research_265.json to Minio
[2024-05-10T05:50:22.931+0000] {logging_mixin.py:188} INFO - Uploaded data/api_data_json/research_266.json to Minio
[2024-05-10T05:50:23.736+0000] {logging_mixin.py:188} INFO - Uploaded data/api_data_json/research_267.json to Minio
[2024-05-10T05:50:24.731+0000] {logging_mixin.py:188} INFO - Uploaded data/api_data_json/research_268.json to Minio
[2024-05-10T05:50:26.941+0000] {logging_mixin.py:188} INFO - Uploaded data/api_data_json/research_269.json to Minio
[2024-05-10T05:50:27.577+0000] {logging_mixin.py:188} INFO - Uploaded data/api_data_json/research_270.json to Minio
[2024-05-10T05:50:28.208+0000] {logging_mixin.py:188} INFO - Uploaded data/api_data_json/research_271.json to Minio
[2024-05-10T05:50:28.868+0000] {logging_mixin.py:188} INFO - Uploaded data/api_data_json/research_272.json to Minio
[2024-05-10T05:50:29.449+0000] {logging_mixin.py:188} INFO - Uploaded data/api_data_json/research_273.json to Minio
[2024-05-10T05:50:30.539+0000] {logging_mixin.py:188} INFO - Uploaded data/api_data_json/research_274.json to Minio
[2024-05-10T05:50:31.132+0000] {logging_mixin.py:188} INFO - Uploaded data/api_data_json/research_275.json to Minio
[2024-05-10T05:50:43.974+0000] {logging_mixin.py:188} INFO - Uploaded data/api_data_json/research_276.json to Minio
[2024-05-10T05:50:44.608+0000] {logging_mixin.py:188} INFO - Uploaded data/api_data_json/research_277.json to Minio
[2024-05-10T05:50:45.261+0000] {logging_mixin.py:188} INFO - Uploaded data/api_data_json/research_278.json to Minio
[2024-05-10T05:50:45.841+0000] {logging_mixin.py:188} INFO - Uploaded data/api_data_json/research_279.json to Minio
[2024-05-10T05:50:50.769+0000] {logging_mixin.py:188} INFO - Uploaded data/api_data_json/research_280.json to Minio
[2024-05-10T05:50:51.339+0000] {logging_mixin.py:188} INFO - Uploaded data/api_data_json/research_281.json to Minio
[2024-05-10T05:50:52.264+0000] {logging_mixin.py:188} INFO - Uploaded data/api_data_json/research_282.json to Minio
[2024-05-10T05:50:52.879+0000] {logging_mixin.py:188} INFO - Uploaded data/api_data_json/research_283.json to Minio
[2024-05-10T05:50:53.542+0000] {logging_mixin.py:188} INFO - Uploaded data/api_data_json/research_284.json to Minio
[2024-05-10T05:50:54.173+0000] {logging_mixin.py:188} INFO - Uploaded data/api_data_json/research_285.json to Minio
[2024-05-10T05:50:55.439+0000] {logging_mixin.py:188} INFO - Uploaded data/api_data_json/research_286.json to Minio
[2024-05-10T05:50:56.054+0000] {logging_mixin.py:188} INFO - Uploaded data/api_data_json/research_287.json to Minio
[2024-05-10T05:50:56.674+0000] {logging_mixin.py:188} INFO - Uploaded data/api_data_json/research_288.json to Minio
[2024-05-10T05:50:57.212+0000] {logging_mixin.py:188} INFO - Uploaded data/api_data_json/research_289.json to Minio
[2024-05-10T05:50:58.643+0000] {logging_mixin.py:188} INFO - Uploaded data/api_data_json/research_290.json to Minio
[2024-05-10T05:50:59.225+0000] {logging_mixin.py:188} INFO - Uploaded data/api_data_json/research_291.json to Minio
[2024-05-10T05:50:59.883+0000] {logging_mixin.py:188} INFO - Uploaded data/api_data_json/research_292.json to Minio
[2024-05-10T05:51:00.552+0000] {logging_mixin.py:188} INFO - Uploaded data/api_data_json/research_293.json to Minio
[2024-05-10T05:51:01.149+0000] {logging_mixin.py:188} INFO - Uploaded data/api_data_json/research_294.json to Minio
[2024-05-10T05:51:01.771+0000] {logging_mixin.py:188} INFO - Uploaded data/api_data_json/research_295.json to Minio
[2024-05-10T05:51:02.407+0000] {logging_mixin.py:188} INFO - Uploaded data/api_data_json/research_296.json to Minio
[2024-05-10T05:51:03.022+0000] {logging_mixin.py:188} INFO - Uploaded data/api_data_json/research_297.json to Minio
[2024-05-10T05:51:03.664+0000] {logging_mixin.py:188} INFO - Uploaded data/api_data_json/research_298.json to Minio
[2024-05-10T05:51:04.527+0000] {logging_mixin.py:188} INFO - Uploaded data/api_data_json/research_299.json to Minio
[2024-05-10T05:51:05.079+0000] {logging_mixin.py:188} INFO - Uploaded data/api_data_json/research_300.json to Minio
[2024-05-10T05:51:05.855+0000] {logging_mixin.py:188} INFO - Uploaded data/api_data_json/research_301.json to Minio
[2024-05-10T05:51:06.451+0000] {logging_mixin.py:188} INFO - Uploaded data/api_data_json/research_302.json to Minio
[2024-05-10T05:51:07.061+0000] {logging_mixin.py:188} INFO - Uploaded data/api_data_json/research_303.json to Minio
[2024-05-10T05:51:07.646+0000] {logging_mixin.py:188} INFO - Uploaded data/api_data_json/research_304.json to Minio
[2024-05-10T05:51:08.537+0000] {logging_mixin.py:188} INFO - Uploaded data/api_data_json/research_305.json to Minio
[2024-05-10T05:51:14.439+0000] {logging_mixin.py:188} INFO - Uploaded data/api_data_json/research_306.json to Minio
[2024-05-10T05:51:16.163+0000] {logging_mixin.py:188} INFO - Uploaded data/api_data_json/research_307.json to Minio
[2024-05-10T05:51:16.748+0000] {logging_mixin.py:188} INFO - Uploaded data/api_data_json/research_308.json to Minio
[2024-05-10T05:51:18.027+0000] {logging_mixin.py:188} INFO - Uploaded data/api_data_json/research_309.json to Minio
[2024-05-10T05:51:18.921+0000] {logging_mixin.py:188} INFO - Uploaded data/api_data_json/research_310.json to Minio
[2024-05-10T05:51:19.822+0000] {logging_mixin.py:188} INFO - Uploaded data/api_data_json/research_311.json to Minio
[2024-05-10T05:51:21.016+0000] {logging_mixin.py:188} INFO - Uploaded data/api_data_json/research_312.json to Minio
[2024-05-10T05:51:21.578+0000] {logging_mixin.py:188} INFO - Uploaded data/api_data_json/research_313.json to Minio
[2024-05-10T05:51:22.588+0000] {logging_mixin.py:188} INFO - Uploaded data/api_data_json/research_314.json to Minio
[2024-05-10T05:51:30.935+0000] {logging_mixin.py:188} INFO - Uploaded data/api_data_json/research_315.json to Minio
[2024-05-10T05:51:31.509+0000] {logging_mixin.py:188} INFO - Uploaded data/api_data_json/research_316.json to Minio
[2024-05-10T05:51:32.485+0000] {logging_mixin.py:188} INFO - Uploaded data/api_data_json/research_317.json to Minio
[2024-05-10T05:51:43.016+0000] {logging_mixin.py:188} INFO - Uploaded data/api_data_json/research_318.json to Minio
[2024-05-10T05:51:44.410+0000] {logging_mixin.py:188} INFO - Uploaded data/api_data_json/research_319.json to Minio
[2024-05-10T05:51:45.423+0000] {logging_mixin.py:188} INFO - Uploaded data/api_data_json/research_320.json to Minio
[2024-05-10T05:51:46.052+0000] {logging_mixin.py:188} INFO - Uploaded data/api_data_json/research_321.json to Minio
[2024-05-10T05:51:46.627+0000] {logging_mixin.py:188} INFO - Uploaded data/api_data_json/research_322.json to Minio
[2024-05-10T05:51:47.210+0000] {logging_mixin.py:188} INFO - Uploaded data/api_data_json/research_323.json to Minio
[2024-05-10T05:51:47.908+0000] {logging_mixin.py:188} INFO - Uploaded data/api_data_json/research_324.json to Minio
[2024-05-10T05:51:48.468+0000] {logging_mixin.py:188} INFO - Uploaded data/api_data_json/research_325.json to Minio
[2024-05-10T05:51:49.122+0000] {logging_mixin.py:188} INFO - Uploaded data/api_data_json/research_326.json to Minio
[2024-05-10T05:51:50.039+0000] {logging_mixin.py:188} INFO - Uploaded data/api_data_json/research_327.json to Minio
[2024-05-10T05:51:50.702+0000] {logging_mixin.py:188} INFO - Uploaded data/api_data_json/research_328.json to Minio
[2024-05-10T05:51:51.270+0000] {logging_mixin.py:188} INFO - Uploaded data/api_data_json/research_329.json to Minio
[2024-05-10T05:51:51.852+0000] {logging_mixin.py:188} INFO - Uploaded data/api_data_json/research_330.json to Minio
[2024-05-10T05:51:52.774+0000] {logging_mixin.py:188} INFO - Uploaded data/api_data_json/research_331.json to Minio
[2024-05-10T05:51:53.317+0000] {logging_mixin.py:188} INFO - Uploaded data/api_data_json/research_332.json to Minio
[2024-05-10T05:51:53.912+0000] {logging_mixin.py:188} INFO - Uploaded data/api_data_json/research_333.json to Minio
[2024-05-10T05:51:54.523+0000] {logging_mixin.py:188} INFO - Uploaded data/api_data_json/research_334.json to Minio
[2024-05-10T05:51:55.135+0000] {logging_mixin.py:188} INFO - Uploaded data/api_data_json/research_335.json to Minio
[2024-05-10T05:51:56.010+0000] {logging_mixin.py:188} INFO - Uploaded data/api_data_json/research_336.json to Minio
[2024-05-10T05:51:56.649+0000] {logging_mixin.py:188} INFO - Uploaded data/api_data_json/research_337.json to Minio
[2024-05-10T05:51:57.204+0000] {logging_mixin.py:188} INFO - Uploaded data/api_data_json/research_338.json to Minio
[2024-05-10T05:51:58.448+0000] {logging_mixin.py:188} INFO - Uploaded data/api_data_json/research_339.json to Minio
[2024-05-10T05:51:58.980+0000] {logging_mixin.py:188} INFO - Uploaded data/api_data_json/research_340.json to Minio
[2024-05-10T05:51:59.628+0000] {logging_mixin.py:188} INFO - Uploaded data/api_data_json/research_341.json to Minio
[2024-05-10T05:52:00.219+0000] {logging_mixin.py:188} INFO - Uploaded data/api_data_json/research_342.json to Minio
[2024-05-10T05:52:00.772+0000] {logging_mixin.py:188} INFO - Uploaded data/api_data_json/research_343.json to Minio
[2024-05-10T05:52:01.451+0000] {logging_mixin.py:188} INFO - Uploaded data/api_data_json/research_344.json to Minio
[2024-05-10T05:52:02.087+0000] {logging_mixin.py:188} INFO - Uploaded data/api_data_json/research_345.json to Minio
[2024-05-10T05:52:02.732+0000] {logging_mixin.py:188} INFO - Uploaded data/api_data_json/research_346.json to Minio
[2024-05-10T05:52:03.312+0000] {logging_mixin.py:188} INFO - Uploaded data/api_data_json/research_347.json to Minio
[2024-05-10T05:52:03.906+0000] {logging_mixin.py:188} INFO - Uploaded data/api_data_json/research_348.json to Minio
[2024-05-10T05:52:04.466+0000] {logging_mixin.py:188} INFO - Uploaded data/api_data_json/research_349.json to Minio
[2024-05-10T05:52:05.059+0000] {logging_mixin.py:188} INFO - Uploaded data/api_data_json/research_350.json to Minio
[2024-05-10T05:52:05.740+0000] {logging_mixin.py:188} INFO - Uploaded data/api_data_json/research_351.json to Minio
[2024-05-10T05:52:06.346+0000] {logging_mixin.py:188} INFO - Uploaded data/api_data_json/research_352.json to Minio
[2024-05-10T05:52:07.038+0000] {logging_mixin.py:188} INFO - Uploaded data/api_data_json/research_353.json to Minio
[2024-05-10T05:52:07.750+0000] {logging_mixin.py:188} INFO - Uploaded data/api_data_json/research_354.json to Minio
[2024-05-10T05:52:08.425+0000] {logging_mixin.py:188} INFO - Uploaded data/api_data_json/research_355.json to Minio
[2024-05-10T05:52:09.318+0000] {logging_mixin.py:188} INFO - Uploaded data/api_data_json/research_356.json to Minio
[2024-05-10T05:52:10.201+0000] {logging_mixin.py:188} INFO - Uploaded data/api_data_json/research_357.json to Minio
[2024-05-10T05:52:10.827+0000] {logging_mixin.py:188} INFO - Uploaded data/api_data_json/research_358.json to Minio
[2024-05-10T05:52:11.485+0000] {logging_mixin.py:188} INFO - Uploaded data/api_data_json/research_359.json to Minio
[2024-05-10T05:52:12.259+0000] {logging_mixin.py:188} INFO - Uploaded data/api_data_json/research_360.json to Minio
[2024-05-10T05:52:12.834+0000] {logging_mixin.py:188} INFO - Uploaded data/api_data_json/research_361.json to Minio
[2024-05-10T05:52:13.696+0000] {logging_mixin.py:188} INFO - Uploaded data/api_data_json/research_362.json to Minio
[2024-05-10T05:52:14.459+0000] {logging_mixin.py:188} INFO - Uploaded data/api_data_json/research_363.json to Minio
[2024-05-10T05:52:15.196+0000] {logging_mixin.py:188} INFO - Uploaded data/api_data_json/research_364.json to Minio
[2024-05-10T05:52:15.848+0000] {logging_mixin.py:188} INFO - Uploaded data/api_data_json/research_365.json to Minio
[2024-05-10T05:52:16.504+0000] {logging_mixin.py:188} INFO - Uploaded data/api_data_json/research_366.json to Minio
[2024-05-10T05:52:17.133+0000] {logging_mixin.py:188} INFO - Uploaded data/api_data_json/research_367.json to Minio
[2024-05-10T05:52:18.070+0000] {logging_mixin.py:188} INFO - Uploaded data/api_data_json/research_368.json to Minio
[2024-05-10T05:52:18.672+0000] {logging_mixin.py:188} INFO - Uploaded data/api_data_json/research_369.json to Minio
[2024-05-10T05:52:19.278+0000] {logging_mixin.py:188} INFO - Uploaded data/api_data_json/research_370.json to Minio
[2024-05-10T05:52:20.067+0000] {logging_mixin.py:188} INFO - Uploaded data/api_data_json/research_371.json to Minio
[2024-05-10T05:52:20.670+0000] {logging_mixin.py:188} INFO - Uploaded data/api_data_json/research_372.json to Minio
[2024-05-10T05:52:21.302+0000] {logging_mixin.py:188} INFO - Uploaded data/api_data_json/research_373.json to Minio
[2024-05-10T05:52:21.855+0000] {logging_mixin.py:188} INFO - Uploaded data/api_data_json/research_374.json to Minio
[2024-05-10T05:52:23.225+0000] {logging_mixin.py:188} INFO - Uploaded data/api_data_json/research_375.json to Minio
[2024-05-10T05:52:23.795+0000] {logging_mixin.py:188} INFO - Uploaded data/api_data_json/research_376.json to Minio
[2024-05-10T05:52:24.396+0000] {logging_mixin.py:188} INFO - Uploaded data/api_data_json/research_377.json to Minio
[2024-05-10T05:52:24.986+0000] {logging_mixin.py:188} INFO - Uploaded data/api_data_json/research_378.json to Minio
[2024-05-10T05:52:25.723+0000] {logging_mixin.py:188} INFO - Uploaded data/api_data_json/research_379.json to Minio
[2024-05-10T05:52:26.750+0000] {logging_mixin.py:188} INFO - Uploaded data/api_data_json/research_380.json to Minio
[2024-05-10T05:52:27.316+0000] {logging_mixin.py:188} INFO - Uploaded data/api_data_json/research_381.json to Minio
[2024-05-10T05:52:27.993+0000] {logging_mixin.py:188} INFO - Uploaded data/api_data_json/research_382.json to Minio
[2024-05-10T05:52:28.744+0000] {logging_mixin.py:188} INFO - Uploaded data/api_data_json/research_383.json to Minio
[2024-05-10T05:52:29.309+0000] {logging_mixin.py:188} INFO - Uploaded data/api_data_json/research_384.json to Minio
[2024-05-10T05:52:29.964+0000] {logging_mixin.py:188} INFO - Uploaded data/api_data_json/research_385.json to Minio
[2024-05-10T05:52:41.414+0000] {logging_mixin.py:188} INFO - Uploaded data/api_data_json/research_386.json to Minio
[2024-05-10T05:52:42.155+0000] {logging_mixin.py:188} INFO - Uploaded data/api_data_json/research_387.json to Minio
[2024-05-10T05:52:43.425+0000] {logging_mixin.py:188} INFO - Uploaded data/api_data_json/research_388.json to Minio
[2024-05-10T05:52:44.128+0000] {logging_mixin.py:188} INFO - Uploaded data/api_data_json/research_389.json to Minio
[2024-05-10T05:52:44.830+0000] {logging_mixin.py:188} INFO - Uploaded data/api_data_json/research_390.json to Minio
[2024-05-10T05:52:45.493+0000] {logging_mixin.py:188} INFO - Uploaded data/api_data_json/research_391.json to Minio
[2024-05-10T05:52:46.161+0000] {logging_mixin.py:188} INFO - Uploaded data/api_data_json/research_392.json to Minio
[2024-05-10T05:52:47.146+0000] {logging_mixin.py:188} INFO - Uploaded data/api_data_json/research_393.json to Minio
[2024-05-10T05:52:47.752+0000] {logging_mixin.py:188} INFO - Uploaded data/api_data_json/research_394.json to Minio
[2024-05-10T05:52:48.511+0000] {logging_mixin.py:188} INFO - Uploaded data/api_data_json/research_395.json to Minio
[2024-05-10T05:52:49.528+0000] {logging_mixin.py:188} INFO - Uploaded data/api_data_json/research_396.json to Minio
[2024-05-10T05:52:50.344+0000] {logging_mixin.py:188} INFO - Uploaded data/api_data_json/research_397.json to Minio
[2024-05-10T05:52:50.925+0000] {logging_mixin.py:188} INFO - Uploaded data/api_data_json/research_398.json to Minio
[2024-05-10T05:52:51.671+0000] {logging_mixin.py:188} INFO - Uploaded data/api_data_json/research_399.json to Minio
[2024-05-10T05:52:52.535+0000] {logging_mixin.py:188} INFO - Uploaded data/api_data_json/research_400.json to Minio
[2024-05-10T05:52:53.261+0000] {logging_mixin.py:188} INFO - Uploaded data/api_data_json/research_401.json to Minio
[2024-05-10T05:52:54.313+0000] {logging_mixin.py:188} INFO - Uploaded data/api_data_json/research_402.json to Minio
[2024-05-10T05:52:54.992+0000] {logging_mixin.py:188} INFO - Uploaded data/api_data_json/research_403.json to Minio
[2024-05-10T05:52:55.605+0000] {logging_mixin.py:188} INFO - Uploaded data/api_data_json/research_404.json to Minio
[2024-05-10T05:52:56.654+0000] {logging_mixin.py:188} INFO - Uploaded data/api_data_json/research_405.json to Minio
[2024-05-10T05:52:57.370+0000] {logging_mixin.py:188} INFO - Uploaded data/api_data_json/research_406.json to Minio
[2024-05-10T05:52:58.097+0000] {logging_mixin.py:188} INFO - Uploaded data/api_data_json/research_407.json to Minio
[2024-05-10T05:52:58.814+0000] {logging_mixin.py:188} INFO - Uploaded data/api_data_json/research_408.json to Minio
[2024-05-10T05:53:05.022+0000] {logging_mixin.py:188} INFO - Uploaded data/api_data_json/research_409.json to Minio
[2024-05-10T05:53:13.572+0000] {logging_mixin.py:188} INFO - Uploaded data/api_data_json/research_410.json to Minio
[2024-05-10T05:53:20.270+0000] {logging_mixin.py:188} INFO - Uploaded data/api_data_json/research_411.json to Minio
[2024-05-10T05:53:20.981+0000] {logging_mixin.py:188} INFO - Uploaded data/api_data_json/research_412.json to Minio
[2024-05-10T05:53:21.630+0000] {logging_mixin.py:188} INFO - Uploaded data/api_data_json/research_413.json to Minio
[2024-05-10T05:53:36.803+0000] {logging_mixin.py:188} INFO - Uploaded data/api_data_json/research_414.json to Minio
[2024-05-10T05:53:37.378+0000] {logging_mixin.py:188} INFO - Uploaded data/api_data_json/research_415.json to Minio
[2024-05-10T05:53:38.128+0000] {logging_mixin.py:188} INFO - Uploaded data/api_data_json/research_416.json to Minio
[2024-05-10T05:53:38.690+0000] {logging_mixin.py:188} INFO - Uploaded data/api_data_json/research_417.json to Minio
[2024-05-10T05:53:39.363+0000] {logging_mixin.py:188} INFO - Uploaded data/api_data_json/research_418.json to Minio
[2024-05-10T05:53:39.895+0000] {logging_mixin.py:188} INFO - Uploaded data/api_data_json/research_419.json to Minio
[2024-05-10T05:53:40.542+0000] {logging_mixin.py:188} INFO - Uploaded data/api_data_json/research_420.json to Minio
[2024-05-10T05:53:41.097+0000] {logging_mixin.py:188} INFO - Uploaded data/api_data_json/research_421.json to Minio
[2024-05-10T05:53:41.711+0000] {logging_mixin.py:188} INFO - Uploaded data/api_data_json/research_422.json to Minio
[2024-05-10T05:53:42.633+0000] {logging_mixin.py:188} INFO - Uploaded data/api_data_json/research_423.json to Minio
[2024-05-10T05:53:43.239+0000] {logging_mixin.py:188} INFO - Uploaded data/api_data_json/research_424.json to Minio
[2024-05-10T05:53:43.794+0000] {logging_mixin.py:188} INFO - Uploaded data/api_data_json/research_425.json to Minio
[2024-05-10T05:53:44.375+0000] {logging_mixin.py:188} INFO - Uploaded data/api_data_json/research_426.json to Minio
[2024-05-10T05:53:44.956+0000] {logging_mixin.py:188} INFO - Uploaded data/api_data_json/research_427.json to Minio
[2024-05-10T05:53:45.553+0000] {logging_mixin.py:188} INFO - Uploaded data/api_data_json/research_428.json to Minio
[2024-05-10T05:53:46.085+0000] {logging_mixin.py:188} INFO - Uploaded data/api_data_json/research_429.json to Minio
[2024-05-10T05:53:46.682+0000] {logging_mixin.py:188} INFO - Uploaded data/api_data_json/research_430.json to Minio
[2024-05-10T05:53:47.224+0000] {logging_mixin.py:188} INFO - Uploaded data/api_data_json/research_431.json to Minio
[2024-05-10T05:53:47.826+0000] {logging_mixin.py:188} INFO - Uploaded data/api_data_json/research_432.json to Minio
[2024-05-10T05:53:48.365+0000] {logging_mixin.py:188} INFO - Uploaded data/api_data_json/research_433.json to Minio
[2024-05-10T05:53:48.909+0000] {logging_mixin.py:188} INFO - Uploaded data/api_data_json/research_434.json to Minio
[2024-05-10T05:53:49.451+0000] {logging_mixin.py:188} INFO - Uploaded data/api_data_json/research_435.json to Minio
[2024-05-10T05:53:49.990+0000] {logging_mixin.py:188} INFO - Uploaded data/api_data_json/research_436.json to Minio
[2024-05-10T05:53:50.796+0000] {logging_mixin.py:188} INFO - Uploaded data/api_data_json/research_437.json to Minio
[2024-05-10T05:53:51.339+0000] {logging_mixin.py:188} INFO - Uploaded data/api_data_json/research_438.json to Minio
[2024-05-10T05:53:51.980+0000] {logging_mixin.py:188} INFO - Uploaded data/api_data_json/research_439.json to Minio
[2024-05-10T05:53:52.587+0000] {logging_mixin.py:188} INFO - Uploaded data/api_data_json/research_440.json to Minio
[2024-05-10T05:53:53.149+0000] {logging_mixin.py:188} INFO - Uploaded data/api_data_json/research_441.json to Minio
[2024-05-10T05:53:53.713+0000] {logging_mixin.py:188} INFO - Uploaded data/api_data_json/research_442.json to Minio
[2024-05-10T05:53:54.312+0000] {logging_mixin.py:188} INFO - Uploaded data/api_data_json/research_443.json to Minio
[2024-05-10T05:53:54.921+0000] {logging_mixin.py:188} INFO - Uploaded data/api_data_json/research_444.json to Minio
[2024-05-10T05:53:55.496+0000] {logging_mixin.py:188} INFO - Uploaded data/api_data_json/research_445.json to Minio
[2024-05-10T05:53:56.373+0000] {logging_mixin.py:188} INFO - Uploaded data/api_data_json/research_446.json to Minio
[2024-05-10T05:53:57.048+0000] {logging_mixin.py:188} INFO - Uploaded data/api_data_json/research_447.json to Minio
[2024-05-10T05:53:58.493+0000] {logging_mixin.py:188} INFO - Uploaded data/api_data_json/research_448.json to Minio
[2024-05-10T05:53:59.065+0000] {logging_mixin.py:188} INFO - Uploaded data/api_data_json/research_449.json to Minio
[2024-05-10T05:53:59.715+0000] {logging_mixin.py:188} INFO - Uploaded data/api_data_json/research_450.json to Minio
[2024-05-10T05:54:00.398+0000] {logging_mixin.py:188} INFO - Uploaded data/api_data_json/research_451.json to Minio
[2024-05-10T05:54:01.004+0000] {logging_mixin.py:188} INFO - Uploaded data/api_data_json/research_452.json to Minio
[2024-05-10T05:54:02.109+0000] {logging_mixin.py:188} INFO - Uploaded data/api_data_json/research_453.json to Minio
[2024-05-10T05:54:02.666+0000] {logging_mixin.py:188} INFO - Uploaded data/api_data_json/research_454.json to Minio
[2024-05-10T05:54:03.235+0000] {logging_mixin.py:188} INFO - Uploaded data/api_data_json/research_455.json to Minio
[2024-05-10T05:54:03.933+0000] {logging_mixin.py:188} INFO - Uploaded data/api_data_json/research_456.json to Minio
[2024-05-10T05:54:04.535+0000] {logging_mixin.py:188} INFO - Uploaded data/api_data_json/research_457.json to Minio
[2024-05-10T05:54:05.087+0000] {logging_mixin.py:188} INFO - Uploaded data/api_data_json/research_458.json to Minio
[2024-05-10T05:54:05.738+0000] {logging_mixin.py:188} INFO - Uploaded data/api_data_json/research_459.json to Minio
[2024-05-10T05:54:06.299+0000] {logging_mixin.py:188} INFO - Uploaded data/api_data_json/research_460.json to Minio
[2024-05-10T05:54:06.864+0000] {logging_mixin.py:188} INFO - Uploaded data/api_data_json/research_461.json to Minio
[2024-05-10T05:54:07.449+0000] {logging_mixin.py:188} INFO - Uploaded data/api_data_json/research_462.json to Minio
[2024-05-10T05:54:08.070+0000] {logging_mixin.py:188} INFO - Uploaded data/api_data_json/research_463.json to Minio
[2024-05-10T05:54:08.709+0000] {logging_mixin.py:188} INFO - Uploaded data/api_data_json/research_464.json to Minio
[2024-05-10T05:54:09.267+0000] {logging_mixin.py:188} INFO - Uploaded data/api_data_json/research_465.json to Minio
[2024-05-10T05:54:09.861+0000] {logging_mixin.py:188} INFO - Uploaded data/api_data_json/research_466.json to Minio
[2024-05-10T05:54:10.419+0000] {logging_mixin.py:188} INFO - Uploaded data/api_data_json/research_467.json to Minio
[2024-05-10T05:54:11.084+0000] {logging_mixin.py:188} INFO - Uploaded data/api_data_json/research_468.json to Minio
[2024-05-10T05:54:11.660+0000] {logging_mixin.py:188} INFO - Uploaded data/api_data_json/research_469.json to Minio
[2024-05-10T05:54:12.254+0000] {logging_mixin.py:188} INFO - Uploaded data/api_data_json/research_470.json to Minio
[2024-05-10T05:54:12.868+0000] {logging_mixin.py:188} INFO - Uploaded data/api_data_json/research_471.json to Minio
[2024-05-10T05:54:13.452+0000] {logging_mixin.py:188} INFO - Uploaded data/api_data_json/research_472.json to Minio
[2024-05-10T05:54:14.117+0000] {logging_mixin.py:188} INFO - Uploaded data/api_data_json/research_473.json to Minio
[2024-05-10T05:54:14.984+0000] {logging_mixin.py:188} INFO - Uploaded data/api_data_json/research_474.json to Minio
[2024-05-10T05:54:14.986+0000] {python.py:237} INFO - Done. Returned value was: None
[2024-05-10T05:54:14.987+0000] {taskinstance.py:441} INFO - ::group::Post task execution logs
[2024-05-10T05:54:14.994+0000] {taskinstance.py:1206} INFO - Marking task as SUCCESS. dag_id=data_pipeline, task_id=get_api_data, run_id=manual__2024-05-10T05:42:48.762028+00:00, execution_date=20240510T054248, start_date=20240510T054516, end_date=20240510T055414
[2024-05-10T05:54:15.037+0000] {local_task_job_runner.py:240} INFO - Task exited with return code 0
[2024-05-10T05:54:15.055+0000] {taskinstance.py:3498} INFO - 1 downstream tasks scheduled from follow-on schedule check
[2024-05-10T05:54:15.057+0000] {local_task_job_runner.py:222} INFO - ::endgroup::
