[2024-05-10T16:06:58.605+0000] {local_task_job_runner.py:120} INFO - ::group::Pre task execution logs
[2024-05-10T16:06:58.653+0000] {taskinstance.py:2076} INFO - Dependencies all met for dep_context=non-requeueable deps ti=<TaskInstance: data_pipeline.get_api_data manual__2024-05-10T16:06:34.714104+00:00 [queued]>
[2024-05-10T16:06:58.664+0000] {taskinstance.py:2076} INFO - Dependencies all met for dep_context=requeueable deps ti=<TaskInstance: data_pipeline.get_api_data manual__2024-05-10T16:06:34.714104+00:00 [queued]>
[2024-05-10T16:06:58.665+0000] {taskinstance.py:2306} INFO - Starting attempt 1 of 4
[2024-05-10T16:06:58.680+0000] {taskinstance.py:2330} INFO - Executing <Task(PythonOperator): get_api_data> on 2024-05-10 16:06:34.714104+00:00
[2024-05-10T16:06:58.689+0000] {logging_mixin.py:188} WARNING - /home/***/.local/lib/python3.12/site-packages/***/task/task_runner/standard_task_runner.py:61 DeprecationWarning: This process (pid=1743) is multi-threaded, use of fork() may lead to deadlocks in the child.
[2024-05-10T16:06:58.688+0000] {standard_task_runner.py:90} INFO - Running: ['***', 'tasks', 'run', 'data_pipeline', 'get_api_data', 'manual__2024-05-10T16:06:34.714104+00:00', '--job-id', '658', '--raw', '--subdir', 'DAGS_FOLDER/main_dag.py', '--cfg-path', '/tmp/tmp4labpge7']
[2024-05-10T16:06:58.693+0000] {standard_task_runner.py:63} INFO - Started process 1747 to run task
[2024-05-10T16:06:58.693+0000] {standard_task_runner.py:91} INFO - Job 658: Subtask get_api_data
[2024-05-10T16:06:58.711+0000] {logging_mixin.py:188} WARNING - /home/***/.local/lib/python3.12/site-packages/***/settings.py:195 DeprecationWarning: The sql_alchemy_conn option in [core] has been moved to the sql_alchemy_conn option in [database] - the old setting has been used, but please update your config.
[2024-05-10T16:06:58.755+0000] {task_command.py:426} INFO - Running <TaskInstance: data_pipeline.get_api_data manual__2024-05-10T16:06:34.714104+00:00 [running]> on host dbfcb70dcca2
[2024-05-10T16:06:58.867+0000] {taskinstance.py:2648} INFO - Exporting env vars: AIRFLOW_CTX_DAG_OWNER='***' AIRFLOW_CTX_DAG_ID='data_pipeline' AIRFLOW_CTX_TASK_ID='get_api_data' AIRFLOW_CTX_EXECUTION_DATE='2024-05-10T16:06:34.714104+00:00' AIRFLOW_CTX_TRY_NUMBER='1' AIRFLOW_CTX_DAG_RUN_ID='manual__2024-05-10T16:06:34.714104+00:00'
[2024-05-10T16:06:58.868+0000] {taskinstance.py:430} INFO - ::endgroup::
[2024-05-10T16:07:01.201+0000] {taskinstance.py:441} INFO - ::group::Post task execution logs
[2024-05-10T16:07:01.202+0000] {taskinstance.py:2905} ERROR - Task failed with exception
Traceback (most recent call last):
  File "/home/airflow/.local/lib/python3.12/site-packages/airflow/models/taskinstance.py", line 465, in _execute_task
    result = _execute_callable(context=context, **execute_callable_kwargs)
             ^^^^^^^^^^^^^^^^^^^^^^^^^^^^^^^^^^^^^^^^^^^^^^^^^^^^^^^^^^^^^
  File "/home/airflow/.local/lib/python3.12/site-packages/airflow/models/taskinstance.py", line 432, in _execute_callable
    return execute_callable(context=context, **execute_callable_kwargs)
           ^^^^^^^^^^^^^^^^^^^^^^^^^^^^^^^^^^^^^^^^^^^^^^^^^^^^^^^^^^^^
  File "/home/airflow/.local/lib/python3.12/site-packages/airflow/models/baseoperator.py", line 400, in wrapper
    return func(self, *args, **kwargs)
           ^^^^^^^^^^^^^^^^^^^^^^^^^^^
  File "/home/airflow/.local/lib/python3.12/site-packages/airflow/operators/python.py", line 235, in execute
    return_value = self.execute_callable()
                   ^^^^^^^^^^^^^^^^^^^^^^^
  File "/home/airflow/.local/lib/python3.12/site-packages/airflow/operators/python.py", line 252, in execute_callable
    return self.python_callable(*self.op_args, **self.op_kwargs)
           ^^^^^^^^^^^^^^^^^^^^^^^^^^^^^^^^^^^^^^^^^^^^^^^^^^^^^
  File "/opt/airflow/dags/tasks/get_api_data.py", line 44, in get_api_data
    dois = fetch_data(idx, apiKey, first_page, first_page + num_pages)
           ^^^^^^^^^^^^^^^^^^^^^^^^^^^^^^^^^^^^^^^^^^^^^^^^^^^^^^^^^^^
  File "/opt/airflow/dags/tasks/get_api_data.py", line 24, in fetch_data
    if 'prism:doi' in response.json()["search-results"]['entry'][j]:
                      ~~~~~~~~~~~~~~~~~~~~~~~~~~~~~~~~~~~~~~~~~~^^^
IndexError: list index out of range
[2024-05-10T16:07:01.220+0000] {taskinstance.py:1206} INFO - Marking task as UP_FOR_RETRY. dag_id=data_pipeline, task_id=get_api_data, run_id=manual__2024-05-10T16:06:34.714104+00:00, execution_date=20240510T160634, start_date=20240510T160658, end_date=20240510T160701
[2024-05-10T16:07:01.240+0000] {standard_task_runner.py:110} ERROR - Failed to execute job 658 for task get_api_data (list index out of range; 1747)
[2024-05-10T16:07:01.278+0000] {local_task_job_runner.py:240} INFO - Task exited with return code 1
[2024-05-10T16:07:01.314+0000] {taskinstance.py:3498} INFO - 0 downstream tasks scheduled from follow-on schedule check
[2024-05-10T16:07:01.317+0000] {local_task_job_runner.py:222} INFO - ::endgroup::
