[2024-05-10T16:09:27.086+0000] {local_task_job_runner.py:120} INFO - ::group::Pre task execution logs
[2024-05-10T16:09:27.145+0000] {taskinstance.py:2076} INFO - Dependencies all met for dep_context=non-requeueable deps ti=<TaskInstance: data_pipeline.get_api_data manual__2024-05-10T16:06:34.714104+00:00 [queued]>
[2024-05-10T16:09:27.156+0000] {taskinstance.py:2076} INFO - Dependencies all met for dep_context=requeueable deps ti=<TaskInstance: data_pipeline.get_api_data manual__2024-05-10T16:06:34.714104+00:00 [queued]>
[2024-05-10T16:09:27.158+0000] {taskinstance.py:2306} INFO - Starting attempt 2 of 5
[2024-05-10T16:09:27.178+0000] {taskinstance.py:2330} INFO - Executing <Task(PythonOperator): get_api_data> on 2024-05-10 16:06:34.714104+00:00
[2024-05-10T16:09:27.188+0000] {logging_mixin.py:188} WARNING - /home/***/.local/lib/python3.12/site-packages/***/task/task_runner/standard_task_runner.py:61 DeprecationWarning: This process (pid=1820) is multi-threaded, use of fork() may lead to deadlocks in the child.
[2024-05-10T16:09:27.190+0000] {standard_task_runner.py:63} INFO - Started process 1822 to run task
[2024-05-10T16:09:27.188+0000] {standard_task_runner.py:90} INFO - Running: ['***', 'tasks', 'run', 'data_pipeline', 'get_api_data', 'manual__2024-05-10T16:06:34.714104+00:00', '--job-id', '659', '--raw', '--subdir', 'DAGS_FOLDER/main_dag.py', '--cfg-path', '/tmp/tmpvn764zf1']
[2024-05-10T16:09:27.191+0000] {standard_task_runner.py:91} INFO - Job 659: Subtask get_api_data
[2024-05-10T16:09:27.206+0000] {logging_mixin.py:188} WARNING - /home/***/.local/lib/python3.12/site-packages/***/settings.py:195 DeprecationWarning: The sql_alchemy_conn option in [core] has been moved to the sql_alchemy_conn option in [database] - the old setting has been used, but please update your config.
[2024-05-10T16:09:27.246+0000] {task_command.py:426} INFO - Running <TaskInstance: data_pipeline.get_api_data manual__2024-05-10T16:06:34.714104+00:00 [running]> on host dbfcb70dcca2
[2024-05-10T16:09:27.350+0000] {taskinstance.py:2648} INFO - Exporting env vars: AIRFLOW_CTX_DAG_OWNER='***' AIRFLOW_CTX_DAG_ID='data_pipeline' AIRFLOW_CTX_TASK_ID='get_api_data' AIRFLOW_CTX_EXECUTION_DATE='2024-05-10T16:06:34.714104+00:00' AIRFLOW_CTX_TRY_NUMBER='2' AIRFLOW_CTX_DAG_RUN_ID='manual__2024-05-10T16:06:34.714104+00:00'
[2024-05-10T16:09:27.351+0000] {taskinstance.py:430} INFO - ::endgroup::
[2024-05-10T16:09:29.716+0000] {logging_mixin.py:188} INFO - Retrieved data for page 0
[2024-05-10T16:09:31.112+0000] {logging_mixin.py:188} INFO - Retrieved data for page 1
[2024-05-10T16:09:34.293+0000] {logging_mixin.py:188} INFO - Retrieved data for page 2
[2024-05-10T16:09:36.991+0000] {logging_mixin.py:188} INFO - Retrieved data for page 3
[2024-05-10T16:09:38.847+0000] {logging_mixin.py:188} INFO - Retrieved data for page 4
[2024-05-10T16:09:40.400+0000] {logging_mixin.py:188} INFO - Retrieved data for page 5
[2024-05-10T16:09:43.383+0000] {logging_mixin.py:188} INFO - Retrieved data for page 6
[2024-05-10T16:09:45.085+0000] {logging_mixin.py:188} INFO - Retrieved data for page 7
[2024-05-10T16:09:46.982+0000] {logging_mixin.py:188} INFO - Retrieved data for page 8
[2024-05-10T16:09:49.212+0000] {logging_mixin.py:188} INFO - Retrieved data for page 9
[2024-05-10T16:09:50.911+0000] {logging_mixin.py:188} INFO - Retrieved data for page 10
[2024-05-10T16:09:53.568+0000] {logging_mixin.py:188} INFO - Retrieved data for page 11
[2024-05-10T16:09:55.617+0000] {logging_mixin.py:188} INFO - Retrieved data for page 12
[2024-05-10T16:09:57.512+0000] {logging_mixin.py:188} INFO - Retrieved data for page 13
[2024-05-10T16:09:58.082+0000] {local_task_job_runner.py:310} WARNING - State of this instance has been externally set to up_for_retry. Terminating instance.
[2024-05-10T16:09:58.084+0000] {local_task_job_runner.py:222} INFO - ::endgroup::
[2024-05-10T16:09:58.088+0000] {process_utils.py:132} INFO - Sending 15 to group 1822. PIDs of all processes in the group: [1822]
[2024-05-10T16:09:58.089+0000] {process_utils.py:87} INFO - Sending the signal 15 to group 1822
[2024-05-10T16:09:58.090+0000] {taskinstance.py:2611} ERROR - Received SIGTERM. Terminating subprocesses.
[2024-05-10T16:09:58.091+0000] {taskinstance.py:441} INFO - ::group::Post task execution logs
[2024-05-10T16:09:58.103+0000] {taskinstance.py:2905} ERROR - Task failed with exception
Traceback (most recent call last):
  File "/home/airflow/.local/lib/python3.12/site-packages/airflow/models/taskinstance.py", line 465, in _execute_task
    result = _execute_callable(context=context, **execute_callable_kwargs)
             ^^^^^^^^^^^^^^^^^^^^^^^^^^^^^^^^^^^^^^^^^^^^^^^^^^^^^^^^^^^^^
  File "/home/airflow/.local/lib/python3.12/site-packages/airflow/models/taskinstance.py", line 432, in _execute_callable
    return execute_callable(context=context, **execute_callable_kwargs)
           ^^^^^^^^^^^^^^^^^^^^^^^^^^^^^^^^^^^^^^^^^^^^^^^^^^^^^^^^^^^^
  File "/home/airflow/.local/lib/python3.12/site-packages/airflow/models/baseoperator.py", line 400, in wrapper
    return func(self, *args, **kwargs)
           ^^^^^^^^^^^^^^^^^^^^^^^^^^^
  File "/home/airflow/.local/lib/python3.12/site-packages/airflow/operators/python.py", line 235, in execute
    return_value = self.execute_callable()
                   ^^^^^^^^^^^^^^^^^^^^^^^
  File "/home/airflow/.local/lib/python3.12/site-packages/airflow/operators/python.py", line 252, in execute_callable
    return self.python_callable(*self.op_args, **self.op_kwargs)
           ^^^^^^^^^^^^^^^^^^^^^^^^^^^^^^^^^^^^^^^^^^^^^^^^^^^^^
  File "/opt/airflow/dags/tasks/get_api_data.py", line 40, in get_api_data
    dois = fetch_data(idx, apiKey, last_page, last_page+1)
           ^^^^^^^^^^^^^^^^^^^^^^^^^^^^^^^^^^^^^^^^^^^^^^^^
  File "/opt/airflow/dags/tasks/get_api_data.py", line 17, in fetch_data
    response = requests.get(URL)
               ^^^^^^^^^^^^^^^^^
  File "/home/airflow/.local/lib/python3.12/site-packages/requests/api.py", line 73, in get
    return request("get", url, params=params, **kwargs)
           ^^^^^^^^^^^^^^^^^^^^^^^^^^^^^^^^^^^^^^^^^^^^
  File "/home/airflow/.local/lib/python3.12/site-packages/requests/api.py", line 59, in request
    return session.request(method=method, url=url, **kwargs)
           ^^^^^^^^^^^^^^^^^^^^^^^^^^^^^^^^^^^^^^^^^^^^^^^^^
  File "/home/airflow/.local/lib/python3.12/site-packages/requests/sessions.py", line 589, in request
    resp = self.send(prep, **send_kwargs)
           ^^^^^^^^^^^^^^^^^^^^^^^^^^^^^^
  File "/home/airflow/.local/lib/python3.12/site-packages/requests/sessions.py", line 703, in send
    r = adapter.send(request, **kwargs)
        ^^^^^^^^^^^^^^^^^^^^^^^^^^^^^^^
  File "/home/airflow/.local/lib/python3.12/site-packages/requests/adapters.py", line 486, in send
    resp = conn.urlopen(
           ^^^^^^^^^^^^^
  File "/home/airflow/.local/lib/python3.12/site-packages/urllib3/connectionpool.py", line 793, in urlopen
    response = self._make_request(
               ^^^^^^^^^^^^^^^^^^^
  File "/home/airflow/.local/lib/python3.12/site-packages/urllib3/connectionpool.py", line 537, in _make_request
    response = conn.getresponse()
               ^^^^^^^^^^^^^^^^^^
  File "/home/airflow/.local/lib/python3.12/site-packages/urllib3/connection.py", line 466, in getresponse
    httplib_response = super().getresponse()
                       ^^^^^^^^^^^^^^^^^^^^^
  File "/usr/local/lib/python3.12/http/client.py", line 1428, in getresponse
    response.begin()
  File "/usr/local/lib/python3.12/http/client.py", line 331, in begin
    version, status, reason = self._read_status()
                              ^^^^^^^^^^^^^^^^^^^
  File "/usr/local/lib/python3.12/http/client.py", line 292, in _read_status
    line = str(self.fp.readline(_MAXLINE + 1), "iso-8859-1")
               ^^^^^^^^^^^^^^^^^^^^^^^^^^^^^^
  File "/usr/local/lib/python3.12/socket.py", line 707, in readinto
    return self._sock.recv_into(b)
           ^^^^^^^^^^^^^^^^^^^^^^^
  File "/usr/local/lib/python3.12/ssl.py", line 1252, in recv_into
    return self.read(nbytes, buffer)
           ^^^^^^^^^^^^^^^^^^^^^^^^^
  File "/usr/local/lib/python3.12/ssl.py", line 1104, in read
    return self._sslobj.read(len, buffer)
           ^^^^^^^^^^^^^^^^^^^^^^^^^^^^^^
  File "/home/airflow/.local/lib/python3.12/site-packages/airflow/models/taskinstance.py", line 2613, in signal_handler
    raise AirflowTaskTerminated("Task received SIGTERM signal")
airflow.exceptions.AirflowTaskTerminated: Task received SIGTERM signal
[2024-05-10T16:09:58.126+0000] {taskinstance.py:1206} INFO - Marking task as UP_FOR_RETRY. dag_id=data_pipeline, task_id=get_api_data, run_id=manual__2024-05-10T16:06:34.714104+00:00, execution_date=20240510T160634, start_date=20240510T160952, end_date=20240510T160958
[2024-05-10T16:09:58.182+0000] {process_utils.py:80} INFO - Process psutil.Process(pid=1822, status='terminated', exitcode=2, started='16:09:27') (1822) terminated with exit code 2
