[2024-05-09T23:10:15.129+0000] {local_task_job_runner.py:120} INFO - ::group::Pre task execution logs
[2024-05-09T23:10:15.153+0000] {taskinstance.py:2076} INFO - Dependencies all met for dep_context=non-requeueable deps ti=<TaskInstance: ml_pipeline.get_api_data manual__2024-05-09T23:10:11.666735+00:00 [queued]>
[2024-05-09T23:10:15.160+0000] {taskinstance.py:2076} INFO - Dependencies all met for dep_context=requeueable deps ti=<TaskInstance: ml_pipeline.get_api_data manual__2024-05-09T23:10:11.666735+00:00 [queued]>
[2024-05-09T23:10:15.160+0000] {taskinstance.py:2306} INFO - Starting attempt 1 of 4
[2024-05-09T23:10:15.173+0000] {taskinstance.py:2330} INFO - Executing <Task(PythonOperator): get_api_data> on 2024-05-09 23:10:11.666735+00:00
[2024-05-09T23:10:15.179+0000] {logging_mixin.py:188} WARNING - /home/***/.local/lib/python3.12/site-packages/***/task/task_runner/standard_task_runner.py:61 DeprecationWarning: This process (pid=2443) is multi-threaded, use of fork() may lead to deadlocks in the child.
[2024-05-09T23:10:15.180+0000] {standard_task_runner.py:63} INFO - Started process 2445 to run task
[2024-05-09T23:10:15.179+0000] {standard_task_runner.py:90} INFO - Running: ['***', 'tasks', 'run', 'ml_pipeline', 'get_api_data', 'manual__2024-05-09T23:10:11.666735+00:00', '--job-id', '141', '--raw', '--subdir', 'DAGS_FOLDER/main_dag.py', '--cfg-path', '/tmp/tmpmslx8k4b']
[2024-05-09T23:10:15.181+0000] {standard_task_runner.py:91} INFO - Job 141: Subtask get_api_data
[2024-05-09T23:10:15.192+0000] {logging_mixin.py:188} WARNING - /home/***/.local/lib/python3.12/site-packages/***/settings.py:195 DeprecationWarning: The sql_alchemy_conn option in [core] has been moved to the sql_alchemy_conn option in [database] - the old setting has been used, but please update your config.
[2024-05-09T23:10:15.224+0000] {task_command.py:426} INFO - Running <TaskInstance: ml_pipeline.get_api_data manual__2024-05-09T23:10:11.666735+00:00 [running]> on host 3031e573f05c
[2024-05-09T23:10:15.323+0000] {taskinstance.py:2648} INFO - Exporting env vars: AIRFLOW_CTX_DAG_OWNER='***' AIRFLOW_CTX_DAG_ID='ml_pipeline' AIRFLOW_CTX_TASK_ID='get_api_data' AIRFLOW_CTX_EXECUTION_DATE='2024-05-09T23:10:11.666735+00:00' AIRFLOW_CTX_TRY_NUMBER='1' AIRFLOW_CTX_DAG_RUN_ID='manual__2024-05-09T23:10:11.666735+00:00'
[2024-05-09T23:10:15.324+0000] {taskinstance.py:430} INFO - ::endgroup::
[2024-05-09T23:10:16.476+0000] {logging_mixin.py:188} INFO - Retrieved data for page 0
[2024-05-09T23:10:17.115+0000] {logging_mixin.py:188} INFO - Saved data to /opt/***/dags/***_data/api_data_json/research_0.json
[2024-05-09T23:10:17.137+0000] {logging_mixin.py:188} INFO - Uploaded data/api_data_json/research_0.json to Minio
[2024-05-09T23:10:17.687+0000] {logging_mixin.py:188} INFO - Saved data to /opt/***/dags/***_data/api_data_json/research_1.json
[2024-05-09T23:10:17.708+0000] {logging_mixin.py:188} INFO - Uploaded data/api_data_json/research_1.json to Minio
[2024-05-09T23:10:18.383+0000] {logging_mixin.py:188} INFO - Saved data to /opt/***/dags/***_data/api_data_json/research_2.json
[2024-05-09T23:10:18.407+0000] {logging_mixin.py:188} INFO - Uploaded data/api_data_json/research_2.json to Minio
[2024-05-09T23:10:19.022+0000] {logging_mixin.py:188} INFO - Saved data to /opt/***/dags/***_data/api_data_json/research_3.json
[2024-05-09T23:10:19.047+0000] {logging_mixin.py:188} INFO - Uploaded data/api_data_json/research_3.json to Minio
[2024-05-09T23:10:19.607+0000] {logging_mixin.py:188} INFO - Saved data to /opt/***/dags/***_data/api_data_json/research_4.json
[2024-05-09T23:10:19.625+0000] {logging_mixin.py:188} INFO - Uploaded data/api_data_json/research_4.json to Minio
[2024-05-09T23:10:20.187+0000] {logging_mixin.py:188} INFO - Saved data to /opt/***/dags/***_data/api_data_json/research_5.json
[2024-05-09T23:10:20.207+0000] {logging_mixin.py:188} INFO - Uploaded data/api_data_json/research_5.json to Minio
[2024-05-09T23:10:20.806+0000] {logging_mixin.py:188} INFO - Saved data to /opt/***/dags/***_data/api_data_json/research_6.json
[2024-05-09T23:10:20.825+0000] {logging_mixin.py:188} INFO - Uploaded data/api_data_json/research_6.json to Minio
[2024-05-09T23:10:21.376+0000] {logging_mixin.py:188} INFO - Saved data to /opt/***/dags/***_data/api_data_json/research_7.json
[2024-05-09T23:10:21.400+0000] {logging_mixin.py:188} INFO - Uploaded data/api_data_json/research_7.json to Minio
[2024-05-09T23:10:21.926+0000] {logging_mixin.py:188} INFO - Saved data to /opt/***/dags/***_data/api_data_json/research_8.json
[2024-05-09T23:10:21.967+0000] {logging_mixin.py:188} INFO - Uploaded data/api_data_json/research_8.json to Minio
[2024-05-09T23:10:22.571+0000] {logging_mixin.py:188} INFO - Saved data to /opt/***/dags/***_data/api_data_json/research_9.json
[2024-05-09T23:10:22.587+0000] {logging_mixin.py:188} INFO - Uploaded data/api_data_json/research_9.json to Minio
[2024-05-09T23:10:23.272+0000] {logging_mixin.py:188} INFO - Saved data to /opt/***/dags/***_data/api_data_json/research_10.json
[2024-05-09T23:10:23.330+0000] {logging_mixin.py:188} INFO - Uploaded data/api_data_json/research_10.json to Minio
[2024-05-09T23:10:23.855+0000] {logging_mixin.py:188} INFO - Saved data to /opt/***/dags/***_data/api_data_json/research_11.json
[2024-05-09T23:10:23.888+0000] {logging_mixin.py:188} INFO - Uploaded data/api_data_json/research_11.json to Minio
[2024-05-09T23:10:24.779+0000] {logging_mixin.py:188} INFO - Saved data to /opt/***/dags/***_data/api_data_json/research_12.json
[2024-05-09T23:10:24.803+0000] {logging_mixin.py:188} INFO - Uploaded data/api_data_json/research_12.json to Minio
[2024-05-09T23:10:25.424+0000] {logging_mixin.py:188} INFO - Saved data to /opt/***/dags/***_data/api_data_json/research_13.json
[2024-05-09T23:10:25.485+0000] {logging_mixin.py:188} INFO - Uploaded data/api_data_json/research_13.json to Minio
[2024-05-09T23:10:26.163+0000] {logging_mixin.py:188} INFO - Saved data to /opt/***/dags/***_data/api_data_json/research_14.json
[2024-05-09T23:10:26.179+0000] {logging_mixin.py:188} INFO - Uploaded data/api_data_json/research_14.json to Minio
[2024-05-09T23:10:26.903+0000] {logging_mixin.py:188} INFO - Saved data to /opt/***/dags/***_data/api_data_json/research_15.json
[2024-05-09T23:10:26.985+0000] {logging_mixin.py:188} INFO - Uploaded data/api_data_json/research_15.json to Minio
[2024-05-09T23:10:27.805+0000] {logging_mixin.py:188} INFO - Saved data to /opt/***/dags/***_data/api_data_json/research_16.json
[2024-05-09T23:10:27.881+0000] {logging_mixin.py:188} INFO - Uploaded data/api_data_json/research_16.json to Minio
[2024-05-09T23:10:28.654+0000] {logging_mixin.py:188} INFO - Saved data to /opt/***/dags/***_data/api_data_json/research_17.json
[2024-05-09T23:10:28.688+0000] {logging_mixin.py:188} INFO - Uploaded data/api_data_json/research_17.json to Minio
[2024-05-09T23:10:29.273+0000] {logging_mixin.py:188} INFO - Saved data to /opt/***/dags/***_data/api_data_json/research_18.json
[2024-05-09T23:10:29.290+0000] {logging_mixin.py:188} INFO - Uploaded data/api_data_json/research_18.json to Minio
[2024-05-09T23:10:29.910+0000] {logging_mixin.py:188} INFO - Saved data to /opt/***/dags/***_data/api_data_json/research_19.json
[2024-05-09T23:10:29.929+0000] {logging_mixin.py:188} INFO - Uploaded data/api_data_json/research_19.json to Minio
[2024-05-09T23:10:30.645+0000] {logging_mixin.py:188} INFO - Saved data to /opt/***/dags/***_data/api_data_json/research_20.json
[2024-05-09T23:10:30.668+0000] {logging_mixin.py:188} INFO - Uploaded data/api_data_json/research_20.json to Minio
[2024-05-09T23:10:31.368+0000] {logging_mixin.py:188} INFO - Saved data to /opt/***/dags/***_data/api_data_json/research_21.json
[2024-05-09T23:10:31.425+0000] {logging_mixin.py:188} INFO - Uploaded data/api_data_json/research_21.json to Minio
[2024-05-09T23:10:32.118+0000] {logging_mixin.py:188} INFO - Saved data to /opt/***/dags/***_data/api_data_json/research_22.json
[2024-05-09T23:10:32.140+0000] {logging_mixin.py:188} INFO - Uploaded data/api_data_json/research_22.json to Minio
[2024-05-09T23:10:32.722+0000] {logging_mixin.py:188} INFO - Saved data to /opt/***/dags/***_data/api_data_json/research_23.json
[2024-05-09T23:10:32.781+0000] {logging_mixin.py:188} INFO - Uploaded data/api_data_json/research_23.json to Minio
[2024-05-09T23:10:33.344+0000] {logging_mixin.py:188} INFO - Saved data to /opt/***/dags/***_data/api_data_json/research_24.json
[2024-05-09T23:10:33.406+0000] {logging_mixin.py:188} INFO - Uploaded data/api_data_json/research_24.json to Minio
[2024-05-09T23:10:33.412+0000] {python.py:237} INFO - Done. Returned value was: None
[2024-05-09T23:10:33.417+0000] {taskinstance.py:441} INFO - ::group::Post task execution logs
[2024-05-09T23:10:33.434+0000] {taskinstance.py:1206} INFO - Marking task as SUCCESS. dag_id=ml_pipeline, task_id=get_api_data, run_id=manual__2024-05-09T23:10:11.666735+00:00, execution_date=20240509T231011, start_date=20240509T231015, end_date=20240509T231033
[2024-05-09T23:10:33.457+0000] {local_task_job_runner.py:240} INFO - Task exited with return code 0
[2024-05-09T23:10:33.482+0000] {taskinstance.py:3498} INFO - 1 downstream tasks scheduled from follow-on schedule check
[2024-05-09T23:10:33.484+0000] {local_task_job_runner.py:222} INFO - ::endgroup::
