[2024-05-10T03:47:02.087+0000] {local_task_job_runner.py:120} INFO - ::group::Pre task execution logs
[2024-05-10T03:47:02.111+0000] {taskinstance.py:2076} INFO - Dependencies all met for dep_context=non-requeueable deps ti=<TaskInstance: ml_pipeline.concat_data manual__2024-05-10T03:46:32.369900+00:00 [queued]>
[2024-05-10T03:47:02.119+0000] {taskinstance.py:2076} INFO - Dependencies all met for dep_context=requeueable deps ti=<TaskInstance: ml_pipeline.concat_data manual__2024-05-10T03:46:32.369900+00:00 [queued]>
[2024-05-10T03:47:02.120+0000] {taskinstance.py:2306} INFO - Starting attempt 1 of 4
[2024-05-10T03:47:02.131+0000] {taskinstance.py:2330} INFO - Executing <Task(PythonOperator): concat_data> on 2024-05-10 03:46:32.369900+00:00
[2024-05-10T03:47:02.138+0000] {logging_mixin.py:188} WARNING - /home/***/.local/lib/python3.12/site-packages/***/task/task_runner/standard_task_runner.py:61 DeprecationWarning: This process (pid=13322) is multi-threaded, use of fork() may lead to deadlocks in the child.
[2024-05-10T03:47:02.138+0000] {standard_task_runner.py:90} INFO - Running: ['***', 'tasks', 'run', 'ml_pipeline', 'concat_data', 'manual__2024-05-10T03:46:32.369900+00:00', '--job-id', '225', '--raw', '--subdir', 'DAGS_FOLDER/main_dag.py', '--cfg-path', '/tmp/tmpso9x5q2e']
[2024-05-10T03:47:02.139+0000] {standard_task_runner.py:63} INFO - Started process 13324 to run task
[2024-05-10T03:47:02.140+0000] {standard_task_runner.py:91} INFO - Job 225: Subtask concat_data
[2024-05-10T03:47:02.152+0000] {logging_mixin.py:188} WARNING - /home/***/.local/lib/python3.12/site-packages/***/settings.py:195 DeprecationWarning: The sql_alchemy_conn option in [core] has been moved to the sql_alchemy_conn option in [database] - the old setting has been used, but please update your config.
[2024-05-10T03:47:02.181+0000] {task_command.py:426} INFO - Running <TaskInstance: ml_pipeline.concat_data manual__2024-05-10T03:46:32.369900+00:00 [running]> on host 3031e573f05c
[2024-05-10T03:47:02.256+0000] {taskinstance.py:2648} INFO - Exporting env vars: AIRFLOW_CTX_DAG_OWNER='***' AIRFLOW_CTX_DAG_ID='ml_pipeline' AIRFLOW_CTX_TASK_ID='concat_data' AIRFLOW_CTX_EXECUTION_DATE='2024-05-10T03:46:32.369900+00:00' AIRFLOW_CTX_TRY_NUMBER='1' AIRFLOW_CTX_DAG_RUN_ID='manual__2024-05-10T03:46:32.369900+00:00'
[2024-05-10T03:47:02.257+0000] {taskinstance.py:430} INFO - ::endgroup::
[2024-05-10T03:47:02.322+0000] {logging_mixin.py:188} INFO -                                                title  ...                                           keywords
0  Shear capacity of high performance fiber reinf...  ...  [Fiber content, High performance fiber reinfor...
1                   Mutation operators in BPMN model  ...        [BPMN, Mutation Operator, Mutation Testing]
2  Characteristics and catalytic properties of Ni...  ...  [CO2 hydrogenation, Methanation, Nickel cataly...
3  Improving of crystal size distribution control...  ...  [Batch crystallizer, Crystal size distribution...
4  On-line digit set conversion for rational digi...  ...  [On-line computation, Rational digit set, RN-c...

[5 rows x 5 columns]
[2024-05-10T03:47:02.445+0000] {logging_mixin.py:188} INFO - 20166
[2024-05-10T03:47:02.736+0000] {logging_mixin.py:188} INFO - Uploaded data/database.csv to Minio
[2024-05-10T03:47:02.736+0000] {logging_mixin.py:188} INFO - 20191
[2024-05-10T03:47:02.738+0000] {python.py:237} INFO - Done. Returned value was: None
[2024-05-10T03:47:02.738+0000] {taskinstance.py:441} INFO - ::group::Post task execution logs
[2024-05-10T03:47:02.745+0000] {taskinstance.py:1206} INFO - Marking task as SUCCESS. dag_id=ml_pipeline, task_id=concat_data, run_id=manual__2024-05-10T03:46:32.369900+00:00, execution_date=20240510T034632, start_date=20240510T034702, end_date=20240510T034702
[2024-05-10T03:47:02.796+0000] {local_task_job_runner.py:240} INFO - Task exited with return code 0
[2024-05-10T03:47:02.811+0000] {taskinstance.py:3498} INFO - 0 downstream tasks scheduled from follow-on schedule check
[2024-05-10T03:47:02.813+0000] {local_task_job_runner.py:222} INFO - ::endgroup::
