[2024-05-10T04:20:16.523+0000] {local_task_job_runner.py:120} INFO - ::group::Pre task execution logs
[2024-05-10T04:20:16.547+0000] {taskinstance.py:2076} INFO - Dependencies all met for dep_context=non-requeueable deps ti=<TaskInstance: data_pipeline.concat_data manual__2024-05-10T04:18:50.701011+00:00 [queued]>
[2024-05-10T04:20:16.554+0000] {taskinstance.py:2076} INFO - Dependencies all met for dep_context=requeueable deps ti=<TaskInstance: data_pipeline.concat_data manual__2024-05-10T04:18:50.701011+00:00 [queued]>
[2024-05-10T04:20:16.555+0000] {taskinstance.py:2306} INFO - Starting attempt 2 of 5
[2024-05-10T04:20:16.568+0000] {taskinstance.py:2330} INFO - Executing <Task(PythonOperator): concat_data> on 2024-05-10 04:18:50.701011+00:00
[2024-05-10T04:20:16.574+0000] {logging_mixin.py:188} WARNING - /home/***/.local/lib/python3.12/site-packages/***/task/task_runner/standard_task_runner.py:61 DeprecationWarning: This process (pid=14708) is multi-threaded, use of fork() may lead to deadlocks in the child.
[2024-05-10T04:20:16.575+0000] {standard_task_runner.py:63} INFO - Started process 14710 to run task
[2024-05-10T04:20:16.574+0000] {standard_task_runner.py:90} INFO - Running: ['***', 'tasks', 'run', 'data_pipeline', 'concat_data', 'manual__2024-05-10T04:18:50.701011+00:00', '--job-id', '268', '--raw', '--subdir', 'DAGS_FOLDER/main_dag.py', '--cfg-path', '/tmp/tmp_fn2ag9w']
[2024-05-10T04:20:16.576+0000] {standard_task_runner.py:91} INFO - Job 268: Subtask concat_data
[2024-05-10T04:20:16.588+0000] {logging_mixin.py:188} WARNING - /home/***/.local/lib/python3.12/site-packages/***/settings.py:195 DeprecationWarning: The sql_alchemy_conn option in [core] has been moved to the sql_alchemy_conn option in [database] - the old setting has been used, but please update your config.
[2024-05-10T04:20:16.618+0000] {task_command.py:426} INFO - Running <TaskInstance: data_pipeline.concat_data manual__2024-05-10T04:18:50.701011+00:00 [running]> on host 3031e573f05c
[2024-05-10T04:20:16.687+0000] {taskinstance.py:2648} INFO - Exporting env vars: AIRFLOW_CTX_DAG_OWNER='***' AIRFLOW_CTX_DAG_ID='data_pipeline' AIRFLOW_CTX_TASK_ID='concat_data' AIRFLOW_CTX_EXECUTION_DATE='2024-05-10T04:18:50.701011+00:00' AIRFLOW_CTX_TRY_NUMBER='2' AIRFLOW_CTX_DAG_RUN_ID='manual__2024-05-10T04:18:50.701011+00:00'
[2024-05-10T04:20:16.688+0000] {taskinstance.py:430} INFO - ::endgroup::
[2024-05-10T04:20:16.768+0000] {logging_mixin.py:188} INFO - 0    2017
1    2017
2    2017
3    2017
4    2017
Name: publication_year, dtype: object
[2024-05-10T04:20:17.067+0000] {logging_mixin.py:188} INFO - 20191
[2024-05-10T04:20:17.515+0000] {logging_mixin.py:188} INFO - 20216
[2024-05-10T04:20:17.659+0000] {logging_mixin.py:188} INFO - Uploaded data/database.csv to Minio
[2024-05-10T04:20:17.664+0000] {python.py:237} INFO - Done. Returned value was: None
[2024-05-10T04:20:17.664+0000] {taskinstance.py:441} INFO - ::group::Post task execution logs
[2024-05-10T04:20:17.671+0000] {taskinstance.py:1206} INFO - Marking task as SUCCESS. dag_id=data_pipeline, task_id=concat_data, run_id=manual__2024-05-10T04:18:50.701011+00:00, execution_date=20240510T041850, start_date=20240510T042016, end_date=20240510T042017
[2024-05-10T04:20:17.713+0000] {local_task_job_runner.py:240} INFO - Task exited with return code 0
[2024-05-10T04:20:17.731+0000] {taskinstance.py:3498} INFO - 0 downstream tasks scheduled from follow-on schedule check
[2024-05-10T04:20:17.733+0000] {local_task_job_runner.py:222} INFO - ::endgroup::
