[2024-05-10T04:20:54.747+0000] {local_task_job_runner.py:120} INFO - ::group::Pre task execution logs
[2024-05-10T04:20:54.773+0000] {taskinstance.py:2076} INFO - Dependencies all met for dep_context=non-requeueable deps ti=<TaskInstance: data_pipeline.concat_data manual__2024-05-10T04:18:50.701011+00:00 [queued]>
[2024-05-10T04:20:54.781+0000] {taskinstance.py:2076} INFO - Dependencies all met for dep_context=requeueable deps ti=<TaskInstance: data_pipeline.concat_data manual__2024-05-10T04:18:50.701011+00:00 [queued]>
[2024-05-10T04:20:54.782+0000] {taskinstance.py:2306} INFO - Starting attempt 3 of 6
[2024-05-10T04:20:54.794+0000] {taskinstance.py:2330} INFO - Executing <Task(PythonOperator): concat_data> on 2024-05-10 04:18:50.701011+00:00
[2024-05-10T04:20:54.800+0000] {logging_mixin.py:188} WARNING - /home/***/.local/lib/python3.12/site-packages/***/task/task_runner/standard_task_runner.py:61 DeprecationWarning: This process (pid=14739) is multi-threaded, use of fork() may lead to deadlocks in the child.
[2024-05-10T04:20:54.800+0000] {standard_task_runner.py:63} INFO - Started process 14741 to run task
[2024-05-10T04:20:54.800+0000] {standard_task_runner.py:90} INFO - Running: ['***', 'tasks', 'run', 'data_pipeline', 'concat_data', 'manual__2024-05-10T04:18:50.701011+00:00', '--job-id', '269', '--raw', '--subdir', 'DAGS_FOLDER/main_dag.py', '--cfg-path', '/tmp/tmpiskt0wm0']
[2024-05-10T04:20:54.801+0000] {standard_task_runner.py:91} INFO - Job 269: Subtask concat_data
[2024-05-10T04:20:54.814+0000] {logging_mixin.py:188} WARNING - /home/***/.local/lib/python3.12/site-packages/***/settings.py:195 DeprecationWarning: The sql_alchemy_conn option in [core] has been moved to the sql_alchemy_conn option in [database] - the old setting has been used, but please update your config.
[2024-05-10T04:20:54.848+0000] {task_command.py:426} INFO - Running <TaskInstance: data_pipeline.concat_data manual__2024-05-10T04:18:50.701011+00:00 [running]> on host 3031e573f05c
[2024-05-10T04:20:54.924+0000] {taskinstance.py:2648} INFO - Exporting env vars: AIRFLOW_CTX_DAG_OWNER='***' AIRFLOW_CTX_DAG_ID='data_pipeline' AIRFLOW_CTX_TASK_ID='concat_data' AIRFLOW_CTX_EXECUTION_DATE='2024-05-10T04:18:50.701011+00:00' AIRFLOW_CTX_TRY_NUMBER='3' AIRFLOW_CTX_DAG_RUN_ID='manual__2024-05-10T04:18:50.701011+00:00'
[2024-05-10T04:20:54.926+0000] {taskinstance.py:430} INFO - ::endgroup::
[2024-05-10T04:20:55.340+0000] {logging_mixin.py:188} INFO - 20216
[2024-05-10T04:20:55.822+0000] {logging_mixin.py:188} INFO - 20166
[2024-05-10T04:20:55.937+0000] {logging_mixin.py:188} INFO - Uploaded data/database.csv to Minio
[2024-05-10T04:20:55.939+0000] {python.py:237} INFO - Done. Returned value was: None
[2024-05-10T04:20:55.940+0000] {taskinstance.py:441} INFO - ::group::Post task execution logs
[2024-05-10T04:20:55.946+0000] {taskinstance.py:1206} INFO - Marking task as SUCCESS. dag_id=data_pipeline, task_id=concat_data, run_id=manual__2024-05-10T04:18:50.701011+00:00, execution_date=20240510T041850, start_date=20240510T042054, end_date=20240510T042055
[2024-05-10T04:20:55.978+0000] {local_task_job_runner.py:240} INFO - Task exited with return code 0
[2024-05-10T04:20:55.990+0000] {taskinstance.py:3498} INFO - 0 downstream tasks scheduled from follow-on schedule check
[2024-05-10T04:20:55.992+0000] {local_task_job_runner.py:222} INFO - ::endgroup::
