[2024-05-09T17:05:48.141+0000] {local_task_job_runner.py:120} INFO - ::group::Pre task execution logs
[2024-05-09T17:05:48.257+0000] {taskinstance.py:2076} INFO - Dependencies all met for dep_context=non-requeueable deps ti=<TaskInstance: ml_pipeline.get_api_data manual__2024-05-09T17:05:45.057948+00:00 [queued]>
[2024-05-09T17:05:48.284+0000] {taskinstance.py:2076} INFO - Dependencies all met for dep_context=requeueable deps ti=<TaskInstance: ml_pipeline.get_api_data manual__2024-05-09T17:05:45.057948+00:00 [queued]>
[2024-05-09T17:05:48.286+0000] {taskinstance.py:2306} INFO - Starting attempt 1 of 4
[2024-05-09T17:05:48.333+0000] {taskinstance.py:2330} INFO - Executing <Task(PythonOperator): get_api_data> on 2024-05-09 17:05:45.057948+00:00
[2024-05-09T17:05:48.344+0000] {standard_task_runner.py:90} INFO - Running: ['***', 'tasks', 'run', 'ml_pipeline', 'get_api_data', 'manual__2024-05-09T17:05:45.057948+00:00', '--job-id', '53', '--raw', '--subdir', 'DAGS_FOLDER/main_dag.py', '--cfg-path', '/tmp/tmpb2p56qsp']
[2024-05-09T17:05:48.347+0000] {logging_mixin.py:188} WARNING - /home/***/.local/lib/python3.12/site-packages/***/task/task_runner/standard_task_runner.py:61 DeprecationWarning: This process (pid=514) is multi-threaded, use of fork() may lead to deadlocks in the child.
[2024-05-09T17:05:48.348+0000] {standard_task_runner.py:91} INFO - Job 53: Subtask get_api_data
[2024-05-09T17:05:48.348+0000] {standard_task_runner.py:63} INFO - Started process 515 to run task
[2024-05-09T17:05:48.379+0000] {logging_mixin.py:188} WARNING - /home/***/.local/lib/python3.12/site-packages/***/settings.py:195 DeprecationWarning: The sql_alchemy_conn option in [core] has been moved to the sql_alchemy_conn option in [database] - the old setting has been used, but please update your config.
[2024-05-09T17:05:48.448+0000] {task_command.py:426} INFO - Running <TaskInstance: ml_pipeline.get_api_data manual__2024-05-09T17:05:45.057948+00:00 [running]> on host 2e12adb076a9
[2024-05-09T17:05:48.760+0000] {taskinstance.py:2648} INFO - Exporting env vars: AIRFLOW_CTX_DAG_OWNER='***' AIRFLOW_CTX_DAG_ID='ml_pipeline' AIRFLOW_CTX_TASK_ID='get_api_data' AIRFLOW_CTX_EXECUTION_DATE='2024-05-09T17:05:45.057948+00:00' AIRFLOW_CTX_TRY_NUMBER='1' AIRFLOW_CTX_DAG_RUN_ID='manual__2024-05-09T17:05:45.057948+00:00'
[2024-05-09T17:05:48.763+0000] {taskinstance.py:430} INFO - ::endgroup::
[2024-05-09T17:05:48.917+0000] {logging_mixin.py:188} INFO - Hello from get_api_data
[2024-05-09T17:05:48.919+0000] {python.py:237} INFO - Done. Returned value was: None
[2024-05-09T17:05:48.920+0000] {taskinstance.py:441} INFO - ::group::Post task execution logs
[2024-05-09T17:05:48.944+0000] {taskinstance.py:1206} INFO - Marking task as SUCCESS. dag_id=ml_pipeline, task_id=get_api_data, run_id=manual__2024-05-09T17:05:45.057948+00:00, execution_date=20240509T170545, start_date=20240509T170548, end_date=20240509T170548
[2024-05-09T17:05:49.049+0000] {local_task_job_runner.py:240} INFO - Task exited with return code 0
[2024-05-09T17:05:49.081+0000] {taskinstance.py:3498} INFO - 0 downstream tasks scheduled from follow-on schedule check
[2024-05-09T17:05:49.095+0000] {local_task_job_runner.py:222} INFO - ::endgroup::
