[2024-05-10T07:49:06.808+0000] {local_task_job_runner.py:120} INFO - ::group::Pre task execution logs
[2024-05-10T07:49:06.833+0000] {taskinstance.py:2076} INFO - Dependencies all met for dep_context=non-requeueable deps ti=<TaskInstance: data_pipeline.concat_data manual__2024-05-10T07:47:08.649616+00:00 [queued]>
[2024-05-10T07:49:06.841+0000] {taskinstance.py:2076} INFO - Dependencies all met for dep_context=requeueable deps ti=<TaskInstance: data_pipeline.concat_data manual__2024-05-10T07:47:08.649616+00:00 [queued]>
[2024-05-10T07:49:06.841+0000] {taskinstance.py:2306} INFO - Starting attempt 3 of 6
[2024-05-10T07:49:06.853+0000] {taskinstance.py:2330} INFO - Executing <Task(PythonOperator): concat_data> on 2024-05-10 07:47:08.649616+00:00
[2024-05-10T07:49:06.859+0000] {logging_mixin.py:188} WARNING - /home/***/.local/lib/python3.12/site-packages/***/task/task_runner/standard_task_runner.py:61 DeprecationWarning: This process (pid=21385) is multi-threaded, use of fork() may lead to deadlocks in the child.
[2024-05-10T07:49:06.859+0000] {standard_task_runner.py:90} INFO - Running: ['***', 'tasks', 'run', 'data_pipeline', 'concat_data', 'manual__2024-05-10T07:47:08.649616+00:00', '--job-id', '330', '--raw', '--subdir', 'DAGS_FOLDER/main_dag.py', '--cfg-path', '/tmp/tmpwphm2d0q']
[2024-05-10T07:49:06.861+0000] {standard_task_runner.py:63} INFO - Started process 21391 to run task
[2024-05-10T07:49:06.861+0000] {standard_task_runner.py:91} INFO - Job 330: Subtask concat_data
[2024-05-10T07:49:06.872+0000] {logging_mixin.py:188} WARNING - /home/***/.local/lib/python3.12/site-packages/***/settings.py:195 DeprecationWarning: The sql_alchemy_conn option in [core] has been moved to the sql_alchemy_conn option in [database] - the old setting has been used, but please update your config.
[2024-05-10T07:49:06.897+0000] {task_command.py:426} INFO - Running <TaskInstance: data_pipeline.concat_data manual__2024-05-10T07:47:08.649616+00:00 [running]> on host 3031e573f05c
[2024-05-10T07:49:06.965+0000] {taskinstance.py:2648} INFO - Exporting env vars: AIRFLOW_CTX_DAG_OWNER='***' AIRFLOW_CTX_DAG_ID='data_pipeline' AIRFLOW_CTX_TASK_ID='concat_data' AIRFLOW_CTX_EXECUTION_DATE='2024-05-10T07:47:08.649616+00:00' AIRFLOW_CTX_TRY_NUMBER='3' AIRFLOW_CTX_DAG_RUN_ID='manual__2024-05-10T07:47:08.649616+00:00'
[2024-05-10T07:49:06.966+0000] {taskinstance.py:430} INFO - ::endgroup::
[2024-05-10T07:49:07.033+0000] {logging_mixin.py:188} INFO -                                                  title  ...                                           keywords
0    Shear capacity of high performance fiber reinf...  ...  [Fiber content, High performance fiber reinfor...
1                     Mutation operators in BPMN model  ...        [BPMN, Mutation Operator, Mutation Testing]
2    Characteristics and catalytic properties of Ni...  ...  [CO2 hydrogenation, Methanation, Nickel cataly...
3    Disruption of c-Kit Signaling in KitW-sh/W-sh ...  ...                                                 []
4    Ce3+-ion-induced visible-light photocatalytic ...  ...                                                 []
..                                                 ...  ...                                                ...
995  Towards 5G cellular: Understanding 3D in-build...  ...  [5G, Architecture, Control-/user-plane, Femtoc...
996  Modeling of root-reinforced soil slope under r...  ...  [Centrifuge modeling, Landslides, Seepage anal...
997  Production of massoia lactone by Aureobasidium...  ...  [Aureobasidium pullulans, fragrant biosurfacta...
998  Efficiencies of NF and RO membranes on pharmac...  ...  [Carbamazepine, Membrane fouling, Nanofiltrati...
999  Two-dimensional modeling of the oxidative coup...  ...  [Fixed bed reactor, Gas hour space velocity (G...

[1000 rows x 5 columns]
[2024-05-10T07:49:07.297+0000] {logging_mixin.py:188} INFO -                                                title  ...                                           keywords
0  Public health and international epidemiology f...  ...                                                 []
1  Flexible Printed Active Antenna for Digital Te...  ...                                                 []
2  Parametric study of hydrogen production via so...  ...  ['Circulating fluidized bed', 'Computational f...
3  Superhydrophobic coating from fluoroalkylsilan...  ...  ['Encapsulation', 'Fluoroalkylsilane', 'Natura...
4  Electrochemical impedance-based DNA sensor usi...  ...  ['acpcPNA', 'Electrochemical impedance spectro...

[5 rows x 5 columns]
[2024-05-10T07:49:07.298+0000] {logging_mixin.py:188} INFO - 21236
[2024-05-10T07:49:07.769+0000] {logging_mixin.py:188} INFO - 21236
[2024-05-10T07:49:07.884+0000] {logging_mixin.py:188} INFO - Uploaded data/database.csv to Minio
[2024-05-10T07:49:07.886+0000] {python.py:237} INFO - Done. Returned value was: None
[2024-05-10T07:49:07.886+0000] {taskinstance.py:441} INFO - ::group::Post task execution logs
[2024-05-10T07:49:07.893+0000] {taskinstance.py:1206} INFO - Marking task as SUCCESS. dag_id=data_pipeline, task_id=concat_data, run_id=manual__2024-05-10T07:47:08.649616+00:00, execution_date=20240510T074708, start_date=20240510T074906, end_date=20240510T074907
[2024-05-10T07:49:07.917+0000] {local_task_job_runner.py:240} INFO - Task exited with return code 0
[2024-05-10T07:49:07.931+0000] {taskinstance.py:3498} INFO - 0 downstream tasks scheduled from follow-on schedule check
[2024-05-10T07:49:07.933+0000] {local_task_job_runner.py:222} INFO - ::endgroup::
