[2024-05-10T07:51:13.058+0000] {local_task_job_runner.py:120} INFO - ::group::Pre task execution logs
[2024-05-10T07:51:13.080+0000] {taskinstance.py:2076} INFO - Dependencies all met for dep_context=non-requeueable deps ti=<TaskInstance: data_pipeline.concat_data manual__2024-05-10T07:47:08.649616+00:00 [queued]>
[2024-05-10T07:51:13.087+0000] {taskinstance.py:2076} INFO - Dependencies all met for dep_context=requeueable deps ti=<TaskInstance: data_pipeline.concat_data manual__2024-05-10T07:47:08.649616+00:00 [queued]>
[2024-05-10T07:51:13.087+0000] {taskinstance.py:2306} INFO - Starting attempt 4 of 7
[2024-05-10T07:51:13.097+0000] {taskinstance.py:2330} INFO - Executing <Task(PythonOperator): concat_data> on 2024-05-10 07:47:08.649616+00:00
[2024-05-10T07:51:13.103+0000] {logging_mixin.py:188} WARNING - /home/***/.local/lib/python3.12/site-packages/***/task/task_runner/standard_task_runner.py:61 DeprecationWarning: This process (pid=21470) is multi-threaded, use of fork() may lead to deadlocks in the child.
[2024-05-10T07:51:13.104+0000] {standard_task_runner.py:63} INFO - Started process 21472 to run task
[2024-05-10T07:51:13.103+0000] {standard_task_runner.py:90} INFO - Running: ['***', 'tasks', 'run', 'data_pipeline', 'concat_data', 'manual__2024-05-10T07:47:08.649616+00:00', '--job-id', '331', '--raw', '--subdir', 'DAGS_FOLDER/main_dag.py', '--cfg-path', '/tmp/tmpqruqow3d']
[2024-05-10T07:51:13.105+0000] {standard_task_runner.py:91} INFO - Job 331: Subtask concat_data
[2024-05-10T07:51:13.115+0000] {logging_mixin.py:188} WARNING - /home/***/.local/lib/python3.12/site-packages/***/settings.py:195 DeprecationWarning: The sql_alchemy_conn option in [core] has been moved to the sql_alchemy_conn option in [database] - the old setting has been used, but please update your config.
[2024-05-10T07:51:13.139+0000] {task_command.py:426} INFO - Running <TaskInstance: data_pipeline.concat_data manual__2024-05-10T07:47:08.649616+00:00 [running]> on host 3031e573f05c
[2024-05-10T07:51:13.205+0000] {taskinstance.py:2648} INFO - Exporting env vars: AIRFLOW_CTX_DAG_OWNER='***' AIRFLOW_CTX_DAG_ID='data_pipeline' AIRFLOW_CTX_TASK_ID='concat_data' AIRFLOW_CTX_EXECUTION_DATE='2024-05-10T07:47:08.649616+00:00' AIRFLOW_CTX_TRY_NUMBER='4' AIRFLOW_CTX_DAG_RUN_ID='manual__2024-05-10T07:47:08.649616+00:00'
[2024-05-10T07:51:13.206+0000] {taskinstance.py:430} INFO - ::endgroup::
[2024-05-10T07:51:13.268+0000] {logging_mixin.py:188} INFO -                                                  title  ...                                           keywords
0    Shear capacity of high performance fiber reinf...  ...  [Fiber content, High performance fiber reinfor...
1                     Mutation operators in BPMN model  ...        [BPMN, Mutation Operator, Mutation Testing]
2    Characteristics and catalytic properties of Ni...  ...  [CO2 hydrogenation, Methanation, Nickel cataly...
3    Disruption of c-Kit Signaling in KitW-sh/W-sh ...  ...                                                 []
4    Ce3+-ion-induced visible-light photocatalytic ...  ...                                                 []
..                                                 ...  ...                                                ...
995  Towards 5G cellular: Understanding 3D in-build...  ...  [5G, Architecture, Control-/user-plane, Femtoc...
996  Modeling of root-reinforced soil slope under r...  ...  [Centrifuge modeling, Landslides, Seepage anal...
997  Production of massoia lactone by Aureobasidium...  ...  [Aureobasidium pullulans, fragrant biosurfacta...
998  Efficiencies of NF and RO membranes on pharmac...  ...  [Carbamazepine, Membrane fouling, Nanofiltrati...
999  Two-dimensional modeling of the oxidative coup...  ...  [Fixed bed reactor, Gas hour space velocity (G...

[1000 rows x 5 columns]
[2024-05-10T07:51:13.349+0000] {taskinstance.py:441} INFO - ::group::Post task execution logs
[2024-05-10T07:51:13.349+0000] {taskinstance.py:2905} ERROR - Task failed with exception
Traceback (most recent call last):
  File "/home/airflow/.local/lib/python3.12/site-packages/airflow/models/taskinstance.py", line 465, in _execute_task
    result = _execute_callable(context=context, **execute_callable_kwargs)
             ^^^^^^^^^^^^^^^^^^^^^^^^^^^^^^^^^^^^^^^^^^^^^^^^^^^^^^^^^^^^^
  File "/home/airflow/.local/lib/python3.12/site-packages/airflow/models/taskinstance.py", line 432, in _execute_callable
    return execute_callable(context=context, **execute_callable_kwargs)
           ^^^^^^^^^^^^^^^^^^^^^^^^^^^^^^^^^^^^^^^^^^^^^^^^^^^^^^^^^^^^
  File "/home/airflow/.local/lib/python3.12/site-packages/airflow/models/baseoperator.py", line 400, in wrapper
    return func(self, *args, **kwargs)
           ^^^^^^^^^^^^^^^^^^^^^^^^^^^
  File "/home/airflow/.local/lib/python3.12/site-packages/airflow/operators/python.py", line 235, in execute
    return_value = self.execute_callable()
                   ^^^^^^^^^^^^^^^^^^^^^^^
  File "/home/airflow/.local/lib/python3.12/site-packages/airflow/operators/python.py", line 252, in execute_callable
    return self.python_callable(*self.op_args, **self.op_kwargs)
           ^^^^^^^^^^^^^^^^^^^^^^^^^^^^^^^^^^^^^^^^^^^^^^^^^^^^^
  File "/opt/airflow/dags/tasks/concat_data.py", line 30, in concat_data
    minio_client.fget_object(bucket_name, database_file_path, file_path_to_upload)
  File "/home/airflow/.local/lib/python3.12/site-packages/minio/api.py", line 1153, in fget_object
    os.remove(file_path)  # For windows compatibility.
    ^^^^^^^^^^^^^^^^^^^^
PermissionError: [Errno 13] Permission denied: '/opt/airflow/data/database.csv'
[2024-05-10T07:51:13.359+0000] {taskinstance.py:1206} INFO - Marking task as UP_FOR_RETRY. dag_id=data_pipeline, task_id=concat_data, run_id=manual__2024-05-10T07:47:08.649616+00:00, execution_date=20240510T074708, start_date=20240510T075113, end_date=20240510T075113
[2024-05-10T07:51:13.366+0000] {standard_task_runner.py:110} ERROR - Failed to execute job 331 for task concat_data ([Errno 13] Permission denied: '/opt/airflow/data/database.csv'; 21472)
[2024-05-10T07:51:13.398+0000] {local_task_job_runner.py:240} INFO - Task exited with return code 1
[2024-05-10T07:51:13.414+0000] {taskinstance.py:3498} INFO - 0 downstream tasks scheduled from follow-on schedule check
[2024-05-10T07:51:13.416+0000] {local_task_job_runner.py:222} INFO - ::endgroup::
