[2024-05-10T05:42:04.412+0000] {local_task_job_runner.py:120} INFO - ::group::Pre task execution logs
[2024-05-10T05:42:04.448+0000] {taskinstance.py:2076} INFO - Dependencies all met for dep_context=non-requeueable deps ti=<TaskInstance: data_pipeline.concat_data manual__2024-05-10T05:03:57.192168+00:00 [queued]>
[2024-05-10T05:42:04.459+0000] {taskinstance.py:2076} INFO - Dependencies all met for dep_context=requeueable deps ti=<TaskInstance: data_pipeline.concat_data manual__2024-05-10T05:03:57.192168+00:00 [queued]>
[2024-05-10T05:42:04.460+0000] {taskinstance.py:2306} INFO - Starting attempt 1 of 4
[2024-05-10T05:42:04.476+0000] {taskinstance.py:2330} INFO - Executing <Task(PythonOperator): concat_data> on 2024-05-10 05:03:57.192168+00:00
[2024-05-10T05:42:04.484+0000] {logging_mixin.py:188} WARNING - /home/***/.local/lib/python3.12/site-packages/***/task/task_runner/standard_task_runner.py:61 DeprecationWarning: This process (pid=16745) is multi-threaded, use of fork() may lead to deadlocks in the child.
[2024-05-10T05:42:04.486+0000] {standard_task_runner.py:63} INFO - Started process 16747 to run task
[2024-05-10T05:42:04.484+0000] {standard_task_runner.py:90} INFO - Running: ['***', 'tasks', 'run', 'data_pipeline', 'concat_data', 'manual__2024-05-10T05:03:57.192168+00:00', '--job-id', '283', '--raw', '--subdir', 'DAGS_FOLDER/main_dag.py', '--cfg-path', '/tmp/tmpnqsaq4al']
[2024-05-10T05:42:04.487+0000] {standard_task_runner.py:91} INFO - Job 283: Subtask concat_data
[2024-05-10T05:42:04.502+0000] {logging_mixin.py:188} WARNING - /home/***/.local/lib/python3.12/site-packages/***/settings.py:195 DeprecationWarning: The sql_alchemy_conn option in [core] has been moved to the sql_alchemy_conn option in [database] - the old setting has been used, but please update your config.
[2024-05-10T05:42:04.548+0000] {task_command.py:426} INFO - Running <TaskInstance: data_pipeline.concat_data manual__2024-05-10T05:03:57.192168+00:00 [running]> on host 3031e573f05c
[2024-05-10T05:42:04.724+0000] {taskinstance.py:2648} INFO - Exporting env vars: AIRFLOW_CTX_DAG_OWNER='***' AIRFLOW_CTX_DAG_ID='data_pipeline' AIRFLOW_CTX_TASK_ID='concat_data' AIRFLOW_CTX_EXECUTION_DATE='2024-05-10T05:03:57.192168+00:00' AIRFLOW_CTX_TRY_NUMBER='1' AIRFLOW_CTX_DAG_RUN_ID='manual__2024-05-10T05:03:57.192168+00:00'
[2024-05-10T05:42:04.726+0000] {taskinstance.py:430} INFO - ::endgroup::
[2024-05-10T05:42:05.389+0000] {logging_mixin.py:188} INFO - 21962
[2024-05-10T05:42:06.438+0000] {logging_mixin.py:188} INFO - 22391
[2024-05-10T05:42:06.664+0000] {logging_mixin.py:188} INFO - Uploaded data/database.csv to Minio
[2024-05-10T05:42:06.668+0000] {python.py:237} INFO - Done. Returned value was: None
[2024-05-10T05:42:06.669+0000] {taskinstance.py:441} INFO - ::group::Post task execution logs
[2024-05-10T05:42:06.678+0000] {taskinstance.py:1206} INFO - Marking task as SUCCESS. dag_id=data_pipeline, task_id=concat_data, run_id=manual__2024-05-10T05:03:57.192168+00:00, execution_date=20240510T050357, start_date=20240510T054204, end_date=20240510T054206
[2024-05-10T05:42:06.706+0000] {local_task_job_runner.py:240} INFO - Task exited with return code 0
[2024-05-10T05:42:06.724+0000] {taskinstance.py:3498} INFO - 0 downstream tasks scheduled from follow-on schedule check
[2024-05-10T05:42:06.727+0000] {local_task_job_runner.py:222} INFO - ::endgroup::
