[2024-05-10T05:34:31.495+0000] {local_task_job_runner.py:120} INFO - ::group::Pre task execution logs
[2024-05-10T05:34:31.525+0000] {taskinstance.py:2076} INFO - Dependencies all met for dep_context=non-requeueable deps ti=<TaskInstance: data_pipeline.get_api_data manual__2024-05-10T05:03:57.192168+00:00 [queued]>
[2024-05-10T05:34:31.535+0000] {taskinstance.py:2076} INFO - Dependencies all met for dep_context=requeueable deps ti=<TaskInstance: data_pipeline.get_api_data manual__2024-05-10T05:03:57.192168+00:00 [queued]>
[2024-05-10T05:34:31.536+0000] {taskinstance.py:2306} INFO - Starting attempt 3 of 6
[2024-05-10T05:34:31.551+0000] {taskinstance.py:2330} INFO - Executing <Task(PythonOperator): get_api_data> on 2024-05-10 05:03:57.192168+00:00
[2024-05-10T05:34:31.558+0000] {logging_mixin.py:188} WARNING - /home/***/.local/lib/python3.12/site-packages/***/task/task_runner/standard_task_runner.py:61 DeprecationWarning: This process (pid=16481) is multi-threaded, use of fork() may lead to deadlocks in the child.
[2024-05-10T05:34:31.560+0000] {standard_task_runner.py:63} INFO - Started process 16489 to run task
[2024-05-10T05:34:31.559+0000] {standard_task_runner.py:90} INFO - Running: ['***', 'tasks', 'run', 'data_pipeline', 'get_api_data', 'manual__2024-05-10T05:03:57.192168+00:00', '--job-id', '280', '--raw', '--subdir', 'DAGS_FOLDER/main_dag.py', '--cfg-path', '/tmp/tmpg25hy9ut']
[2024-05-10T05:34:31.561+0000] {standard_task_runner.py:91} INFO - Job 280: Subtask get_api_data
[2024-05-10T05:34:31.575+0000] {logging_mixin.py:188} WARNING - /home/***/.local/lib/python3.12/site-packages/***/settings.py:195 DeprecationWarning: The sql_alchemy_conn option in [core] has been moved to the sql_alchemy_conn option in [database] - the old setting has been used, but please update your config.
[2024-05-10T05:34:31.610+0000] {task_command.py:426} INFO - Running <TaskInstance: data_pipeline.get_api_data manual__2024-05-10T05:03:57.192168+00:00 [running]> on host 3031e573f05c
[2024-05-10T05:34:31.712+0000] {taskinstance.py:2648} INFO - Exporting env vars: AIRFLOW_CTX_DAG_OWNER='***' AIRFLOW_CTX_DAG_ID='data_pipeline' AIRFLOW_CTX_TASK_ID='get_api_data' AIRFLOW_CTX_EXECUTION_DATE='2024-05-10T05:03:57.192168+00:00' AIRFLOW_CTX_TRY_NUMBER='3' AIRFLOW_CTX_DAG_RUN_ID='manual__2024-05-10T05:03:57.192168+00:00'
[2024-05-10T05:34:31.713+0000] {taskinstance.py:430} INFO - ::endgroup::
[2024-05-10T05:34:33.673+0000] {logging_mixin.py:188} INFO - Retrieved data for page 80
[2024-05-10T05:34:35.445+0000] {logging_mixin.py:188} INFO - Retrieved data for page 81
[2024-05-10T05:34:37.905+0000] {logging_mixin.py:188} INFO - Retrieved data for page 82
[2024-05-10T05:34:39.701+0000] {logging_mixin.py:188} INFO - Retrieved data for page 83
[2024-05-10T05:34:41.597+0000] {logging_mixin.py:188} INFO - Retrieved data for page 84
[2024-05-10T05:34:43.297+0000] {logging_mixin.py:188} INFO - Retrieved data for page 85
[2024-05-10T05:34:45.241+0000] {logging_mixin.py:188} INFO - Retrieved data for page 86
[2024-05-10T05:34:46.927+0000] {logging_mixin.py:188} INFO - Retrieved data for page 87
[2024-05-10T05:34:48.735+0000] {logging_mixin.py:188} INFO - Retrieved data for page 88
[2024-05-10T05:34:50.492+0000] {logging_mixin.py:188} INFO - Retrieved data for page 89
[2024-05-10T05:34:53.639+0000] {logging_mixin.py:188} INFO - Retrieved data for page 90
[2024-05-10T05:34:55.424+0000] {logging_mixin.py:188} INFO - Retrieved data for page 91
[2024-05-10T05:34:57.445+0000] {logging_mixin.py:188} INFO - Retrieved data for page 92
[2024-05-10T05:34:59.993+0000] {logging_mixin.py:188} INFO - Retrieved data for page 93
[2024-05-10T05:35:02.015+0000] {logging_mixin.py:188} INFO - Retrieved data for page 94
[2024-05-10T05:35:04.079+0000] {logging_mixin.py:188} INFO - Retrieved data for page 95
[2024-05-10T05:35:05.969+0000] {logging_mixin.py:188} INFO - Retrieved data for page 96
[2024-05-10T05:35:07.864+0000] {logging_mixin.py:188} INFO - Retrieved data for page 97
[2024-05-10T05:35:10.113+0000] {logging_mixin.py:188} INFO - Retrieved data for page 98
[2024-05-10T05:35:12.149+0000] {logging_mixin.py:188} INFO - Retrieved data for page 99
[2024-05-10T05:35:12.784+0000] {logging_mixin.py:188} INFO - Uploaded data/api_data_json/research_0.json to Minio
[2024-05-10T05:35:13.529+0000] {logging_mixin.py:188} INFO - Uploaded data/api_data_json/research_1.json to Minio
[2024-05-10T05:35:14.324+0000] {logging_mixin.py:188} INFO - Uploaded data/api_data_json/research_2.json to Minio
[2024-05-10T05:35:14.963+0000] {logging_mixin.py:188} INFO - Uploaded data/api_data_json/research_3.json to Minio
[2024-05-10T05:35:15.622+0000] {logging_mixin.py:188} INFO - Uploaded data/api_data_json/research_4.json to Minio
[2024-05-10T05:35:16.364+0000] {logging_mixin.py:188} INFO - Uploaded data/api_data_json/research_5.json to Minio
[2024-05-10T05:35:17.319+0000] {logging_mixin.py:188} INFO - Uploaded data/api_data_json/research_6.json to Minio
[2024-05-10T05:35:18.064+0000] {logging_mixin.py:188} INFO - Uploaded data/api_data_json/research_7.json to Minio
[2024-05-10T05:35:18.833+0000] {logging_mixin.py:188} INFO - Uploaded data/api_data_json/research_8.json to Minio
[2024-05-10T05:35:19.777+0000] {logging_mixin.py:188} INFO - Uploaded data/api_data_json/research_9.json to Minio
[2024-05-10T05:35:20.545+0000] {logging_mixin.py:188} INFO - Uploaded data/api_data_json/research_10.json to Minio
[2024-05-10T05:35:21.163+0000] {logging_mixin.py:188} INFO - Uploaded data/api_data_json/research_11.json to Minio
[2024-05-10T05:35:21.915+0000] {logging_mixin.py:188} INFO - Uploaded data/api_data_json/research_12.json to Minio
[2024-05-10T05:35:22.576+0000] {logging_mixin.py:188} INFO - Uploaded data/api_data_json/research_13.json to Minio
[2024-05-10T05:35:23.218+0000] {logging_mixin.py:188} INFO - Uploaded data/api_data_json/research_14.json to Minio
[2024-05-10T05:35:24.019+0000] {logging_mixin.py:188} INFO - Uploaded data/api_data_json/research_15.json to Minio
[2024-05-10T05:35:24.646+0000] {logging_mixin.py:188} INFO - Uploaded data/api_data_json/research_16.json to Minio
[2024-05-10T05:35:25.327+0000] {logging_mixin.py:188} INFO - Uploaded data/api_data_json/research_17.json to Minio
[2024-05-10T05:35:25.949+0000] {logging_mixin.py:188} INFO - Uploaded data/api_data_json/research_18.json to Minio
[2024-05-10T05:35:26.719+0000] {logging_mixin.py:188} INFO - Uploaded data/api_data_json/research_19.json to Minio
[2024-05-10T05:35:27.742+0000] {logging_mixin.py:188} INFO - Uploaded data/api_data_json/research_20.json to Minio
[2024-05-10T05:35:28.673+0000] {logging_mixin.py:188} INFO - Uploaded data/api_data_json/research_21.json to Minio
[2024-05-10T05:35:29.519+0000] {logging_mixin.py:188} INFO - Uploaded data/api_data_json/research_22.json to Minio
[2024-05-10T05:35:30.268+0000] {logging_mixin.py:188} INFO - Uploaded data/api_data_json/research_23.json to Minio
[2024-05-10T05:35:30.990+0000] {logging_mixin.py:188} INFO - Uploaded data/api_data_json/research_24.json to Minio
[2024-05-10T05:35:31.665+0000] {logging_mixin.py:188} INFO - Uploaded data/api_data_json/research_25.json to Minio
[2024-05-10T05:35:32.297+0000] {logging_mixin.py:188} INFO - Uploaded data/api_data_json/research_26.json to Minio
[2024-05-10T05:35:32.896+0000] {logging_mixin.py:188} INFO - Uploaded data/api_data_json/research_27.json to Minio
[2024-05-10T05:35:33.475+0000] {logging_mixin.py:188} INFO - Uploaded data/api_data_json/research_28.json to Minio
[2024-05-10T05:35:34.377+0000] {logging_mixin.py:188} INFO - Uploaded data/api_data_json/research_29.json to Minio
[2024-05-10T05:35:35.029+0000] {logging_mixin.py:188} INFO - Uploaded data/api_data_json/research_30.json to Minio
[2024-05-10T05:35:35.804+0000] {logging_mixin.py:188} INFO - Uploaded data/api_data_json/research_31.json to Minio
[2024-05-10T05:35:36.508+0000] {logging_mixin.py:188} INFO - Uploaded data/api_data_json/research_32.json to Minio
[2024-05-10T05:35:37.146+0000] {logging_mixin.py:188} INFO - Uploaded data/api_data_json/research_33.json to Minio
[2024-05-10T05:35:38.089+0000] {logging_mixin.py:188} INFO - Uploaded data/api_data_json/research_34.json to Minio
[2024-05-10T05:35:38.664+0000] {logging_mixin.py:188} INFO - Uploaded data/api_data_json/research_35.json to Minio
[2024-05-10T05:35:39.315+0000] {logging_mixin.py:188} INFO - Uploaded data/api_data_json/research_36.json to Minio
[2024-05-10T05:35:40.166+0000] {logging_mixin.py:188} INFO - Uploaded data/api_data_json/research_37.json to Minio
[2024-05-10T05:35:40.882+0000] {logging_mixin.py:188} INFO - Uploaded data/api_data_json/research_38.json to Minio
[2024-05-10T05:35:41.731+0000] {logging_mixin.py:188} INFO - Uploaded data/api_data_json/research_39.json to Minio
[2024-05-10T05:35:42.509+0000] {logging_mixin.py:188} INFO - Uploaded data/api_data_json/research_40.json to Minio
[2024-05-10T05:35:43.116+0000] {logging_mixin.py:188} INFO - Uploaded data/api_data_json/research_41.json to Minio
[2024-05-10T05:35:43.941+0000] {logging_mixin.py:188} INFO - Uploaded data/api_data_json/research_42.json to Minio
[2024-05-10T05:35:44.553+0000] {logging_mixin.py:188} INFO - Uploaded data/api_data_json/research_43.json to Minio
[2024-05-10T05:35:45.236+0000] {logging_mixin.py:188} INFO - Uploaded data/api_data_json/research_44.json to Minio
[2024-05-10T05:35:45.949+0000] {logging_mixin.py:188} INFO - Uploaded data/api_data_json/research_45.json to Minio
[2024-05-10T05:35:46.633+0000] {logging_mixin.py:188} INFO - Uploaded data/api_data_json/research_46.json to Minio
[2024-05-10T05:35:47.591+0000] {logging_mixin.py:188} INFO - Uploaded data/api_data_json/research_47.json to Minio
[2024-05-10T05:35:48.253+0000] {logging_mixin.py:188} INFO - Uploaded data/api_data_json/research_48.json to Minio
[2024-05-10T05:35:48.924+0000] {logging_mixin.py:188} INFO - Uploaded data/api_data_json/research_49.json to Minio
[2024-05-10T05:35:49.981+0000] {logging_mixin.py:188} INFO - Uploaded data/api_data_json/research_50.json to Minio
[2024-05-10T05:35:50.751+0000] {logging_mixin.py:188} INFO - Uploaded data/api_data_json/research_51.json to Minio
[2024-05-10T05:35:51.396+0000] {logging_mixin.py:188} INFO - Uploaded data/api_data_json/research_52.json to Minio
[2024-05-10T05:35:52.120+0000] {logging_mixin.py:188} INFO - Uploaded data/api_data_json/research_53.json to Minio
[2024-05-10T05:35:52.859+0000] {logging_mixin.py:188} INFO - Uploaded data/api_data_json/research_54.json to Minio
[2024-05-10T05:35:53.642+0000] {logging_mixin.py:188} INFO - Uploaded data/api_data_json/research_55.json to Minio
[2024-05-10T05:35:54.330+0000] {logging_mixin.py:188} INFO - Uploaded data/api_data_json/research_56.json to Minio
[2024-05-10T05:35:55.277+0000] {logging_mixin.py:188} INFO - Uploaded data/api_data_json/research_57.json to Minio
[2024-05-10T05:35:56.048+0000] {logging_mixin.py:188} INFO - Uploaded data/api_data_json/research_58.json to Minio
[2024-05-10T05:35:56.721+0000] {logging_mixin.py:188} INFO - Uploaded data/api_data_json/research_59.json to Minio
[2024-05-10T05:35:57.634+0000] {logging_mixin.py:188} INFO - Uploaded data/api_data_json/research_60.json to Minio
[2024-05-10T05:35:58.489+0000] {logging_mixin.py:188} INFO - Uploaded data/api_data_json/research_61.json to Minio
[2024-05-10T05:35:59.236+0000] {logging_mixin.py:188} INFO - Uploaded data/api_data_json/research_62.json to Minio
[2024-05-10T05:36:00.079+0000] {logging_mixin.py:188} INFO - Uploaded data/api_data_json/research_63.json to Minio
[2024-05-10T05:36:00.750+0000] {logging_mixin.py:188} INFO - Uploaded data/api_data_json/research_64.json to Minio
[2024-05-10T05:36:01.515+0000] {logging_mixin.py:188} INFO - Uploaded data/api_data_json/research_65.json to Minio
[2024-05-10T05:36:02.132+0000] {logging_mixin.py:188} INFO - Uploaded data/api_data_json/research_66.json to Minio
[2024-05-10T05:36:02.978+0000] {logging_mixin.py:188} INFO - Uploaded data/api_data_json/research_67.json to Minio
[2024-05-10T05:36:03.722+0000] {logging_mixin.py:188} INFO - Uploaded data/api_data_json/research_68.json to Minio
[2024-05-10T05:36:04.623+0000] {logging_mixin.py:188} INFO - Uploaded data/api_data_json/research_69.json to Minio
[2024-05-10T05:36:05.328+0000] {logging_mixin.py:188} INFO - Uploaded data/api_data_json/research_70.json to Minio
[2024-05-10T05:36:06.095+0000] {logging_mixin.py:188} INFO - Uploaded data/api_data_json/research_71.json to Minio
[2024-05-10T05:36:06.846+0000] {logging_mixin.py:188} INFO - Uploaded data/api_data_json/research_72.json to Minio
[2024-05-10T05:36:07.626+0000] {logging_mixin.py:188} INFO - Uploaded data/api_data_json/research_73.json to Minio
[2024-05-10T05:36:08.548+0000] {logging_mixin.py:188} INFO - Uploaded data/api_data_json/research_74.json to Minio
[2024-05-10T05:36:09.443+0000] {logging_mixin.py:188} INFO - Uploaded data/api_data_json/research_75.json to Minio
[2024-05-10T05:36:10.013+0000] {logging_mixin.py:188} INFO - Uploaded data/api_data_json/research_76.json to Minio
[2024-05-10T05:36:11.403+0000] {logging_mixin.py:188} INFO - Uploaded data/api_data_json/research_77.json to Minio
[2024-05-10T05:36:12.076+0000] {logging_mixin.py:188} INFO - Uploaded data/api_data_json/research_78.json to Minio
[2024-05-10T05:36:13.067+0000] {logging_mixin.py:188} INFO - Uploaded data/api_data_json/research_79.json to Minio
[2024-05-10T05:36:13.800+0000] {logging_mixin.py:188} INFO - Uploaded data/api_data_json/research_80.json to Minio
[2024-05-10T05:36:14.594+0000] {logging_mixin.py:188} INFO - Uploaded data/api_data_json/research_81.json to Minio
[2024-05-10T05:36:15.493+0000] {logging_mixin.py:188} INFO - Uploaded data/api_data_json/research_82.json to Minio
[2024-05-10T05:36:16.189+0000] {logging_mixin.py:188} INFO - Uploaded data/api_data_json/research_83.json to Minio
[2024-05-10T05:36:16.842+0000] {logging_mixin.py:188} INFO - Uploaded data/api_data_json/research_84.json to Minio
[2024-05-10T05:36:17.608+0000] {logging_mixin.py:188} INFO - Uploaded data/api_data_json/research_85.json to Minio
[2024-05-10T05:36:18.367+0000] {logging_mixin.py:188} INFO - Uploaded data/api_data_json/research_86.json to Minio
[2024-05-10T05:36:19.154+0000] {logging_mixin.py:188} INFO - Uploaded data/api_data_json/research_87.json to Minio
[2024-05-10T05:36:19.999+0000] {logging_mixin.py:188} INFO - Uploaded data/api_data_json/research_88.json to Minio
[2024-05-10T05:36:20.781+0000] {logging_mixin.py:188} INFO - Uploaded data/api_data_json/research_89.json to Minio
[2024-05-10T05:36:21.388+0000] {logging_mixin.py:188} INFO - Uploaded data/api_data_json/research_90.json to Minio
[2024-05-10T05:36:22.028+0000] {logging_mixin.py:188} INFO - Uploaded data/api_data_json/research_91.json to Minio
[2024-05-10T05:36:22.623+0000] {logging_mixin.py:188} INFO - Uploaded data/api_data_json/research_92.json to Minio
[2024-05-10T05:36:23.227+0000] {logging_mixin.py:188} INFO - Uploaded data/api_data_json/research_93.json to Minio
[2024-05-10T05:36:23.930+0000] {logging_mixin.py:188} INFO - Uploaded data/api_data_json/research_94.json to Minio
[2024-05-10T05:36:24.780+0000] {logging_mixin.py:188} INFO - Uploaded data/api_data_json/research_95.json to Minio
[2024-05-10T05:36:25.376+0000] {logging_mixin.py:188} INFO - Uploaded data/api_data_json/research_96.json to Minio
[2024-05-10T05:36:26.389+0000] {logging_mixin.py:188} INFO - Uploaded data/api_data_json/research_97.json to Minio
[2024-05-10T05:36:28.174+0000] {logging_mixin.py:188} INFO - Uploaded data/api_data_json/research_98.json to Minio
[2024-05-10T05:36:29.034+0000] {logging_mixin.py:188} INFO - Uploaded data/api_data_json/research_99.json to Minio
[2024-05-10T05:36:29.863+0000] {logging_mixin.py:188} INFO - Uploaded data/api_data_json/research_100.json to Minio
[2024-05-10T05:36:30.747+0000] {logging_mixin.py:188} INFO - Uploaded data/api_data_json/research_101.json to Minio
[2024-05-10T05:36:31.447+0000] {logging_mixin.py:188} INFO - Uploaded data/api_data_json/research_102.json to Minio
[2024-05-10T05:36:32.383+0000] {logging_mixin.py:188} INFO - Uploaded data/api_data_json/research_103.json to Minio
[2024-05-10T05:36:33.001+0000] {logging_mixin.py:188} INFO - Uploaded data/api_data_json/research_104.json to Minio
[2024-05-10T05:36:33.577+0000] {logging_mixin.py:188} INFO - Uploaded data/api_data_json/research_105.json to Minio
[2024-05-10T05:36:34.225+0000] {logging_mixin.py:188} INFO - Uploaded data/api_data_json/research_106.json to Minio
[2024-05-10T05:36:34.877+0000] {logging_mixin.py:188} INFO - Uploaded data/api_data_json/research_107.json to Minio
[2024-05-10T05:36:35.603+0000] {logging_mixin.py:188} INFO - Uploaded data/api_data_json/research_108.json to Minio
[2024-05-10T05:36:36.499+0000] {logging_mixin.py:188} INFO - Uploaded data/api_data_json/research_109.json to Minio
[2024-05-10T05:36:37.188+0000] {logging_mixin.py:188} INFO - Uploaded data/api_data_json/research_110.json to Minio
[2024-05-10T05:36:37.879+0000] {logging_mixin.py:188} INFO - Uploaded data/api_data_json/research_111.json to Minio
[2024-05-10T05:36:38.732+0000] {logging_mixin.py:188} INFO - Uploaded data/api_data_json/research_112.json to Minio
[2024-05-10T05:36:39.426+0000] {logging_mixin.py:188} INFO - Uploaded data/api_data_json/research_113.json to Minio
[2024-05-10T05:36:40.247+0000] {logging_mixin.py:188} INFO - Uploaded data/api_data_json/research_114.json to Minio
[2024-05-10T05:36:40.984+0000] {logging_mixin.py:188} INFO - Uploaded data/api_data_json/research_115.json to Minio
[2024-05-10T05:36:41.779+0000] {logging_mixin.py:188} INFO - Uploaded data/api_data_json/research_116.json to Minio
[2024-05-10T05:36:42.400+0000] {logging_mixin.py:188} INFO - Uploaded data/api_data_json/research_117.json to Minio
[2024-05-10T05:36:43.509+0000] {logging_mixin.py:188} INFO - Uploaded data/api_data_json/research_118.json to Minio
[2024-05-10T05:36:44.427+0000] {logging_mixin.py:188} INFO - Uploaded data/api_data_json/research_119.json to Minio
[2024-05-10T05:36:45.959+0000] {logging_mixin.py:188} INFO - Uploaded data/api_data_json/research_120.json to Minio
[2024-05-10T05:36:46.762+0000] {logging_mixin.py:188} INFO - Uploaded data/api_data_json/research_121.json to Minio
[2024-05-10T05:36:47.463+0000] {logging_mixin.py:188} INFO - Uploaded data/api_data_json/research_122.json to Minio
[2024-05-10T05:36:48.288+0000] {logging_mixin.py:188} INFO - Uploaded data/api_data_json/research_123.json to Minio
[2024-05-10T05:36:49.063+0000] {logging_mixin.py:188} INFO - Uploaded data/api_data_json/research_124.json to Minio
[2024-05-10T05:36:49.843+0000] {logging_mixin.py:188} INFO - Uploaded data/api_data_json/research_125.json to Minio
[2024-05-10T05:36:50.598+0000] {logging_mixin.py:188} INFO - Uploaded data/api_data_json/research_126.json to Minio
[2024-05-10T05:36:51.347+0000] {logging_mixin.py:188} INFO - Uploaded data/api_data_json/research_127.json to Minio
[2024-05-10T05:36:51.943+0000] {logging_mixin.py:188} INFO - Uploaded data/api_data_json/research_128.json to Minio
[2024-05-10T05:36:52.671+0000] {logging_mixin.py:188} INFO - Uploaded data/api_data_json/research_129.json to Minio
[2024-05-10T05:36:53.347+0000] {logging_mixin.py:188} INFO - Uploaded data/api_data_json/research_130.json to Minio
[2024-05-10T05:36:54.416+0000] {logging_mixin.py:188} INFO - Uploaded data/api_data_json/research_131.json to Minio
[2024-05-10T05:36:55.301+0000] {logging_mixin.py:188} INFO - Uploaded data/api_data_json/research_132.json to Minio
[2024-05-10T05:36:55.902+0000] {logging_mixin.py:188} INFO - Uploaded data/api_data_json/research_133.json to Minio
[2024-05-10T05:36:56.506+0000] {logging_mixin.py:188} INFO - Uploaded data/api_data_json/research_134.json to Minio
[2024-05-10T05:36:57.158+0000] {logging_mixin.py:188} INFO - Uploaded data/api_data_json/research_135.json to Minio
[2024-05-10T05:36:57.836+0000] {logging_mixin.py:188} INFO - Uploaded data/api_data_json/research_136.json to Minio
[2024-05-10T05:36:58.431+0000] {logging_mixin.py:188} INFO - Uploaded data/api_data_json/research_137.json to Minio
[2024-05-10T05:36:59.903+0000] {logging_mixin.py:188} INFO - Uploaded data/api_data_json/research_138.json to Minio
[2024-05-10T05:37:00.522+0000] {logging_mixin.py:188} INFO - Uploaded data/api_data_json/research_139.json to Minio
[2024-05-10T05:37:01.185+0000] {logging_mixin.py:188} INFO - Uploaded data/api_data_json/research_140.json to Minio
[2024-05-10T05:37:02.022+0000] {logging_mixin.py:188} INFO - Uploaded data/api_data_json/research_141.json to Minio
[2024-05-10T05:37:02.756+0000] {logging_mixin.py:188} INFO - Uploaded data/api_data_json/research_142.json to Minio
[2024-05-10T05:37:03.341+0000] {logging_mixin.py:188} INFO - Uploaded data/api_data_json/research_143.json to Minio
[2024-05-10T05:37:03.980+0000] {logging_mixin.py:188} INFO - Uploaded data/api_data_json/research_144.json to Minio
[2024-05-10T05:37:04.624+0000] {logging_mixin.py:188} INFO - Uploaded data/api_data_json/research_145.json to Minio
[2024-05-10T05:37:07.912+0000] {logging_mixin.py:188} INFO - Uploaded data/api_data_json/research_146.json to Minio
[2024-05-10T05:37:08.566+0000] {logging_mixin.py:188} INFO - Uploaded data/api_data_json/research_147.json to Minio
[2024-05-10T05:37:09.193+0000] {logging_mixin.py:188} INFO - Uploaded data/api_data_json/research_148.json to Minio
[2024-05-10T05:37:09.811+0000] {logging_mixin.py:188} INFO - Uploaded data/api_data_json/research_149.json to Minio
[2024-05-10T05:37:10.538+0000] {logging_mixin.py:188} INFO - Uploaded data/api_data_json/research_150.json to Minio
[2024-05-10T05:37:11.115+0000] {logging_mixin.py:188} INFO - Uploaded data/api_data_json/research_151.json to Minio
[2024-05-10T05:37:11.775+0000] {logging_mixin.py:188} INFO - Uploaded data/api_data_json/research_152.json to Minio
[2024-05-10T05:37:12.483+0000] {logging_mixin.py:188} INFO - Uploaded data/api_data_json/research_153.json to Minio
[2024-05-10T05:37:13.181+0000] {logging_mixin.py:188} INFO - Uploaded data/api_data_json/research_154.json to Minio
[2024-05-10T05:37:13.781+0000] {logging_mixin.py:188} INFO - Uploaded data/api_data_json/research_155.json to Minio
[2024-05-10T05:37:14.423+0000] {logging_mixin.py:188} INFO - Uploaded data/api_data_json/research_156.json to Minio
[2024-05-10T05:37:15.052+0000] {logging_mixin.py:188} INFO - Uploaded data/api_data_json/research_157.json to Minio
[2024-05-10T05:37:15.695+0000] {logging_mixin.py:188} INFO - Uploaded data/api_data_json/research_158.json to Minio
[2024-05-10T05:37:16.439+0000] {logging_mixin.py:188} INFO - Uploaded data/api_data_json/research_159.json to Minio
[2024-05-10T05:37:17.244+0000] {logging_mixin.py:188} INFO - Uploaded data/api_data_json/research_160.json to Minio
[2024-05-10T05:37:17.960+0000] {logging_mixin.py:188} INFO - Uploaded data/api_data_json/research_161.json to Minio
[2024-05-10T05:37:18.796+0000] {logging_mixin.py:188} INFO - Uploaded data/api_data_json/research_162.json to Minio
[2024-05-10T05:37:19.502+0000] {logging_mixin.py:188} INFO - Uploaded data/api_data_json/research_163.json to Minio
[2024-05-10T05:37:20.240+0000] {logging_mixin.py:188} INFO - Uploaded data/api_data_json/research_164.json to Minio
[2024-05-10T05:37:21.154+0000] {logging_mixin.py:188} INFO - Uploaded data/api_data_json/research_165.json to Minio
[2024-05-10T05:37:21.923+0000] {logging_mixin.py:188} INFO - Uploaded data/api_data_json/research_166.json to Minio
[2024-05-10T05:37:22.569+0000] {logging_mixin.py:188} INFO - Uploaded data/api_data_json/research_167.json to Minio
[2024-05-10T05:37:23.158+0000] {logging_mixin.py:188} INFO - Uploaded data/api_data_json/research_168.json to Minio
[2024-05-10T05:37:23.842+0000] {logging_mixin.py:188} INFO - Uploaded data/api_data_json/research_169.json to Minio
[2024-05-10T05:37:24.644+0000] {logging_mixin.py:188} INFO - Uploaded data/api_data_json/research_170.json to Minio
[2024-05-10T05:37:25.493+0000] {logging_mixin.py:188} INFO - Uploaded data/api_data_json/research_171.json to Minio
[2024-05-10T05:37:26.487+0000] {logging_mixin.py:188} INFO - Uploaded data/api_data_json/research_172.json to Minio
[2024-05-10T05:37:27.419+0000] {logging_mixin.py:188} INFO - Uploaded data/api_data_json/research_173.json to Minio
[2024-05-10T05:37:28.100+0000] {logging_mixin.py:188} INFO - Uploaded data/api_data_json/research_174.json to Minio
[2024-05-10T05:37:28.754+0000] {logging_mixin.py:188} INFO - Uploaded data/api_data_json/research_175.json to Minio
[2024-05-10T05:37:29.518+0000] {logging_mixin.py:188} INFO - Uploaded data/api_data_json/research_176.json to Minio
[2024-05-10T05:37:30.326+0000] {logging_mixin.py:188} INFO - Uploaded data/api_data_json/research_177.json to Minio
[2024-05-10T05:37:31.032+0000] {logging_mixin.py:188} INFO - Uploaded data/api_data_json/research_178.json to Minio
[2024-05-10T05:37:31.624+0000] {logging_mixin.py:188} INFO - Uploaded data/api_data_json/research_179.json to Minio
[2024-05-10T05:37:32.222+0000] {logging_mixin.py:188} INFO - Uploaded data/api_data_json/research_180.json to Minio
[2024-05-10T05:37:32.841+0000] {logging_mixin.py:188} INFO - Uploaded data/api_data_json/research_181.json to Minio
[2024-05-10T05:37:33.515+0000] {logging_mixin.py:188} INFO - Uploaded data/api_data_json/research_182.json to Minio
[2024-05-10T05:37:34.294+0000] {logging_mixin.py:188} INFO - Uploaded data/api_data_json/research_183.json to Minio
[2024-05-10T05:37:34.904+0000] {logging_mixin.py:188} INFO - Uploaded data/api_data_json/research_184.json to Minio
[2024-05-10T05:37:35.584+0000] {logging_mixin.py:188} INFO - Uploaded data/api_data_json/research_185.json to Minio
[2024-05-10T05:37:36.275+0000] {logging_mixin.py:188} INFO - Uploaded data/api_data_json/research_186.json to Minio
[2024-05-10T05:37:36.994+0000] {logging_mixin.py:188} INFO - Uploaded data/api_data_json/research_187.json to Minio
[2024-05-10T05:37:37.692+0000] {logging_mixin.py:188} INFO - Uploaded data/api_data_json/research_188.json to Minio
[2024-05-10T05:37:38.330+0000] {logging_mixin.py:188} INFO - Uploaded data/api_data_json/research_189.json to Minio
[2024-05-10T05:37:38.903+0000] {logging_mixin.py:188} INFO - Uploaded data/api_data_json/research_190.json to Minio
[2024-05-10T05:37:39.695+0000] {logging_mixin.py:188} INFO - Uploaded data/api_data_json/research_191.json to Minio
[2024-05-10T05:37:40.387+0000] {logging_mixin.py:188} INFO - Uploaded data/api_data_json/research_192.json to Minio
[2024-05-10T05:37:41.013+0000] {logging_mixin.py:188} INFO - Uploaded data/api_data_json/research_193.json to Minio
[2024-05-10T05:37:41.695+0000] {logging_mixin.py:188} INFO - Uploaded data/api_data_json/research_194.json to Minio
[2024-05-10T05:37:42.287+0000] {logging_mixin.py:188} INFO - Uploaded data/api_data_json/research_195.json to Minio
[2024-05-10T05:37:42.958+0000] {logging_mixin.py:188} INFO - Uploaded data/api_data_json/research_196.json to Minio
[2024-05-10T05:37:43.586+0000] {logging_mixin.py:188} INFO - Uploaded data/api_data_json/research_197.json to Minio
[2024-05-10T05:37:44.254+0000] {logging_mixin.py:188} INFO - Uploaded data/api_data_json/research_198.json to Minio
[2024-05-10T05:37:44.901+0000] {logging_mixin.py:188} INFO - Uploaded data/api_data_json/research_199.json to Minio
[2024-05-10T05:37:45.720+0000] {logging_mixin.py:188} INFO - Uploaded data/api_data_json/research_200.json to Minio
[2024-05-10T05:37:46.425+0000] {logging_mixin.py:188} INFO - Uploaded data/api_data_json/research_201.json to Minio
[2024-05-10T05:37:47.072+0000] {logging_mixin.py:188} INFO - Uploaded data/api_data_json/research_202.json to Minio
[2024-05-10T05:37:47.708+0000] {logging_mixin.py:188} INFO - Uploaded data/api_data_json/research_203.json to Minio
[2024-05-10T05:37:48.317+0000] {logging_mixin.py:188} INFO - Uploaded data/api_data_json/research_204.json to Minio
[2024-05-10T05:37:49.028+0000] {logging_mixin.py:188} INFO - Uploaded data/api_data_json/research_205.json to Minio
[2024-05-10T05:37:49.713+0000] {logging_mixin.py:188} INFO - Uploaded data/api_data_json/research_206.json to Minio
[2024-05-10T05:37:50.307+0000] {logging_mixin.py:188} INFO - Uploaded data/api_data_json/research_207.json to Minio
[2024-05-10T05:37:51.114+0000] {logging_mixin.py:188} INFO - Uploaded data/api_data_json/research_208.json to Minio
[2024-05-10T05:37:51.821+0000] {logging_mixin.py:188} INFO - Uploaded data/api_data_json/research_209.json to Minio
[2024-05-10T05:37:52.591+0000] {logging_mixin.py:188} INFO - Uploaded data/api_data_json/research_210.json to Minio
[2024-05-10T05:37:53.239+0000] {logging_mixin.py:188} INFO - Uploaded data/api_data_json/research_211.json to Minio
[2024-05-10T05:37:57.187+0000] {logging_mixin.py:188} INFO - Uploaded data/api_data_json/research_212.json to Minio
[2024-05-10T05:37:59.564+0000] {logging_mixin.py:188} INFO - Uploaded data/api_data_json/research_213.json to Minio
[2024-05-10T05:38:01.850+0000] {logging_mixin.py:188} INFO - Uploaded data/api_data_json/research_214.json to Minio
[2024-05-10T05:38:02.490+0000] {logging_mixin.py:188} INFO - Uploaded data/api_data_json/research_215.json to Minio
[2024-05-10T05:38:07.224+0000] {logging_mixin.py:188} INFO - Uploaded data/api_data_json/research_216.json to Minio
[2024-05-10T05:38:08.154+0000] {logging_mixin.py:188} INFO - Uploaded data/api_data_json/research_217.json to Minio
[2024-05-10T05:38:08.784+0000] {logging_mixin.py:188} INFO - Uploaded data/api_data_json/research_218.json to Minio
[2024-05-10T05:38:09.542+0000] {logging_mixin.py:188} INFO - Uploaded data/api_data_json/research_219.json to Minio
[2024-05-10T05:38:10.158+0000] {logging_mixin.py:188} INFO - Uploaded data/api_data_json/research_220.json to Minio
[2024-05-10T05:38:10.883+0000] {logging_mixin.py:188} INFO - Uploaded data/api_data_json/research_221.json to Minio
[2024-05-10T05:38:12.026+0000] {logging_mixin.py:188} INFO - Uploaded data/api_data_json/research_222.json to Minio
[2024-05-10T05:38:12.723+0000] {logging_mixin.py:188} INFO - Uploaded data/api_data_json/research_223.json to Minio
[2024-05-10T05:38:13.474+0000] {logging_mixin.py:188} INFO - Uploaded data/api_data_json/research_224.json to Minio
[2024-05-10T05:38:14.206+0000] {logging_mixin.py:188} INFO - Uploaded data/api_data_json/research_225.json to Minio
[2024-05-10T05:38:14.923+0000] {logging_mixin.py:188} INFO - Uploaded data/api_data_json/research_226.json to Minio
[2024-05-10T05:38:15.646+0000] {logging_mixin.py:188} INFO - Uploaded data/api_data_json/research_227.json to Minio
[2024-05-10T05:38:16.323+0000] {logging_mixin.py:188} INFO - Uploaded data/api_data_json/research_228.json to Minio
[2024-05-10T05:38:16.978+0000] {logging_mixin.py:188} INFO - Uploaded data/api_data_json/research_229.json to Minio
[2024-05-10T05:38:17.640+0000] {logging_mixin.py:188} INFO - Uploaded data/api_data_json/research_230.json to Minio
[2024-05-10T05:38:18.561+0000] {logging_mixin.py:188} INFO - Uploaded data/api_data_json/research_231.json to Minio
[2024-05-10T05:38:19.207+0000] {logging_mixin.py:188} INFO - Uploaded data/api_data_json/research_232.json to Minio
[2024-05-10T05:38:19.868+0000] {logging_mixin.py:188} INFO - Uploaded data/api_data_json/research_233.json to Minio
[2024-05-10T05:38:20.580+0000] {logging_mixin.py:188} INFO - Uploaded data/api_data_json/research_234.json to Minio
[2024-05-10T05:38:21.240+0000] {logging_mixin.py:188} INFO - Uploaded data/api_data_json/research_235.json to Minio
[2024-05-10T05:38:21.874+0000] {logging_mixin.py:188} INFO - Uploaded data/api_data_json/research_236.json to Minio
[2024-05-10T05:38:22.575+0000] {logging_mixin.py:188} INFO - Uploaded data/api_data_json/research_237.json to Minio
[2024-05-10T05:38:23.483+0000] {logging_mixin.py:188} INFO - Uploaded data/api_data_json/research_238.json to Minio
[2024-05-10T05:38:24.311+0000] {logging_mixin.py:188} INFO - Uploaded data/api_data_json/research_239.json to Minio
[2024-05-10T05:38:25.425+0000] {logging_mixin.py:188} INFO - Uploaded data/api_data_json/research_240.json to Minio
[2024-05-10T05:38:27.029+0000] {logging_mixin.py:188} INFO - Uploaded data/api_data_json/research_241.json to Minio
[2024-05-10T05:38:27.838+0000] {logging_mixin.py:188} INFO - Uploaded data/api_data_json/research_242.json to Minio
[2024-05-10T05:38:28.575+0000] {logging_mixin.py:188} INFO - Uploaded data/api_data_json/research_243.json to Minio
[2024-05-10T05:38:29.165+0000] {logging_mixin.py:188} INFO - Uploaded data/api_data_json/research_244.json to Minio
[2024-05-10T05:38:29.865+0000] {logging_mixin.py:188} INFO - Uploaded data/api_data_json/research_245.json to Minio
[2024-05-10T05:38:30.517+0000] {logging_mixin.py:188} INFO - Uploaded data/api_data_json/research_246.json to Minio
[2024-05-10T05:38:31.159+0000] {logging_mixin.py:188} INFO - Uploaded data/api_data_json/research_247.json to Minio
[2024-05-10T05:38:31.945+0000] {logging_mixin.py:188} INFO - Uploaded data/api_data_json/research_248.json to Minio
[2024-05-10T05:38:32.586+0000] {logging_mixin.py:188} INFO - Uploaded data/api_data_json/research_249.json to Minio
[2024-05-10T05:38:33.203+0000] {logging_mixin.py:188} INFO - Uploaded data/api_data_json/research_250.json to Minio
[2024-05-10T05:38:35.002+0000] {logging_mixin.py:188} INFO - Uploaded data/api_data_json/research_251.json to Minio
[2024-05-10T05:38:35.693+0000] {logging_mixin.py:188} INFO - Uploaded data/api_data_json/research_252.json to Minio
[2024-05-10T05:38:36.352+0000] {logging_mixin.py:188} INFO - Uploaded data/api_data_json/research_253.json to Minio
[2024-05-10T05:38:37.074+0000] {logging_mixin.py:188} INFO - Uploaded data/api_data_json/research_254.json to Minio
[2024-05-10T05:38:37.715+0000] {logging_mixin.py:188} INFO - Uploaded data/api_data_json/research_255.json to Minio
[2024-05-10T05:38:38.374+0000] {logging_mixin.py:188} INFO - Uploaded data/api_data_json/research_256.json to Minio
[2024-05-10T05:38:39.052+0000] {logging_mixin.py:188} INFO - Uploaded data/api_data_json/research_257.json to Minio
[2024-05-10T05:38:40.427+0000] {logging_mixin.py:188} INFO - Uploaded data/api_data_json/research_258.json to Minio
[2024-05-10T05:38:46.484+0000] {logging_mixin.py:188} INFO - Uploaded data/api_data_json/research_259.json to Minio
[2024-05-10T05:38:47.400+0000] {logging_mixin.py:188} INFO - Uploaded data/api_data_json/research_260.json to Minio
[2024-05-10T05:38:48.111+0000] {logging_mixin.py:188} INFO - Uploaded data/api_data_json/research_261.json to Minio
[2024-05-10T05:38:48.903+0000] {logging_mixin.py:188} INFO - Uploaded data/api_data_json/research_262.json to Minio
[2024-05-10T05:38:49.621+0000] {logging_mixin.py:188} INFO - Uploaded data/api_data_json/research_263.json to Minio
[2024-05-10T05:38:50.333+0000] {logging_mixin.py:188} INFO - Uploaded data/api_data_json/research_264.json to Minio
[2024-05-10T05:38:50.915+0000] {logging_mixin.py:188} INFO - Uploaded data/api_data_json/research_265.json to Minio
[2024-05-10T05:38:51.514+0000] {logging_mixin.py:188} INFO - Uploaded data/api_data_json/research_266.json to Minio
[2024-05-10T05:38:52.177+0000] {logging_mixin.py:188} INFO - Uploaded data/api_data_json/research_267.json to Minio
[2024-05-10T05:38:52.810+0000] {logging_mixin.py:188} INFO - Uploaded data/api_data_json/research_268.json to Minio
[2024-05-10T05:38:53.872+0000] {logging_mixin.py:188} INFO - Uploaded data/api_data_json/research_269.json to Minio
[2024-05-10T05:38:54.765+0000] {logging_mixin.py:188} INFO - Uploaded data/api_data_json/research_270.json to Minio
[2024-05-10T05:38:56.471+0000] {logging_mixin.py:188} INFO - Uploaded data/api_data_json/research_271.json to Minio
[2024-05-10T05:38:57.115+0000] {logging_mixin.py:188} INFO - Uploaded data/api_data_json/research_272.json to Minio
[2024-05-10T05:38:57.749+0000] {logging_mixin.py:188} INFO - Uploaded data/api_data_json/research_273.json to Minio
[2024-05-10T05:38:58.498+0000] {logging_mixin.py:188} INFO - Uploaded data/api_data_json/research_274.json to Minio
[2024-05-10T05:38:59.267+0000] {logging_mixin.py:188} INFO - Uploaded data/api_data_json/research_275.json to Minio
[2024-05-10T05:38:59.876+0000] {logging_mixin.py:188} INFO - Uploaded data/api_data_json/research_276.json to Minio
[2024-05-10T05:39:00.501+0000] {logging_mixin.py:188} INFO - Uploaded data/api_data_json/research_277.json to Minio
[2024-05-10T05:39:01.147+0000] {logging_mixin.py:188} INFO - Uploaded data/api_data_json/research_278.json to Minio
[2024-05-10T05:39:01.828+0000] {logging_mixin.py:188} INFO - Uploaded data/api_data_json/research_279.json to Minio
[2024-05-10T05:39:02.450+0000] {logging_mixin.py:188} INFO - Uploaded data/api_data_json/research_280.json to Minio
[2024-05-10T05:39:03.082+0000] {logging_mixin.py:188} INFO - Uploaded data/api_data_json/research_281.json to Minio
[2024-05-10T05:39:03.815+0000] {logging_mixin.py:188} INFO - Uploaded data/api_data_json/research_282.json to Minio
[2024-05-10T05:39:04.574+0000] {logging_mixin.py:188} INFO - Uploaded data/api_data_json/research_283.json to Minio
[2024-05-10T05:39:05.210+0000] {logging_mixin.py:188} INFO - Uploaded data/api_data_json/research_284.json to Minio
[2024-05-10T05:39:05.793+0000] {logging_mixin.py:188} INFO - Uploaded data/api_data_json/research_285.json to Minio
[2024-05-10T05:39:06.405+0000] {logging_mixin.py:188} INFO - Uploaded data/api_data_json/research_286.json to Minio
[2024-05-10T05:39:07.141+0000] {logging_mixin.py:188} INFO - Uploaded data/api_data_json/research_287.json to Minio
[2024-05-10T05:39:07.755+0000] {logging_mixin.py:188} INFO - Uploaded data/api_data_json/research_288.json to Minio
[2024-05-10T05:39:08.445+0000] {logging_mixin.py:188} INFO - Uploaded data/api_data_json/research_289.json to Minio
[2024-05-10T05:39:09.152+0000] {logging_mixin.py:188} INFO - Uploaded data/api_data_json/research_290.json to Minio
[2024-05-10T05:39:10.129+0000] {logging_mixin.py:188} INFO - Uploaded data/api_data_json/research_291.json to Minio
[2024-05-10T05:39:10.867+0000] {logging_mixin.py:188} INFO - Uploaded data/api_data_json/research_292.json to Minio
[2024-05-10T05:39:19.627+0000] {logging_mixin.py:188} INFO - Uploaded data/api_data_json/research_293.json to Minio
[2024-05-10T05:39:20.364+0000] {logging_mixin.py:188} INFO - Uploaded data/api_data_json/research_294.json to Minio
[2024-05-10T05:39:21.066+0000] {logging_mixin.py:188} INFO - Uploaded data/api_data_json/research_295.json to Minio
[2024-05-10T05:39:21.667+0000] {logging_mixin.py:188} INFO - Uploaded data/api_data_json/research_296.json to Minio
[2024-05-10T05:39:22.284+0000] {logging_mixin.py:188} INFO - Uploaded data/api_data_json/research_297.json to Minio
[2024-05-10T05:39:23.316+0000] {logging_mixin.py:188} INFO - Uploaded data/api_data_json/research_298.json to Minio
[2024-05-10T05:39:24.120+0000] {logging_mixin.py:188} INFO - Uploaded data/api_data_json/research_299.json to Minio
[2024-05-10T05:39:24.919+0000] {logging_mixin.py:188} INFO - Uploaded data/api_data_json/research_300.json to Minio
[2024-05-10T05:39:25.699+0000] {logging_mixin.py:188} INFO - Uploaded data/api_data_json/research_301.json to Minio
[2024-05-10T05:39:26.406+0000] {logging_mixin.py:188} INFO - Uploaded data/api_data_json/research_302.json to Minio
[2024-05-10T05:39:27.010+0000] {logging_mixin.py:188} INFO - Uploaded data/api_data_json/research_303.json to Minio
[2024-05-10T05:39:27.960+0000] {logging_mixin.py:188} INFO - Uploaded data/api_data_json/research_304.json to Minio
[2024-05-10T05:39:28.660+0000] {logging_mixin.py:188} INFO - Uploaded data/api_data_json/research_305.json to Minio
[2024-05-10T05:39:29.298+0000] {logging_mixin.py:188} INFO - Uploaded data/api_data_json/research_306.json to Minio
[2024-05-10T05:39:29.978+0000] {logging_mixin.py:188} INFO - Uploaded data/api_data_json/research_307.json to Minio
[2024-05-10T05:39:30.574+0000] {logging_mixin.py:188} INFO - Uploaded data/api_data_json/research_308.json to Minio
[2024-05-10T05:39:31.558+0000] {logging_mixin.py:188} INFO - Uploaded data/api_data_json/research_309.json to Minio
[2024-05-10T05:39:32.175+0000] {logging_mixin.py:188} INFO - Uploaded data/api_data_json/research_310.json to Minio
[2024-05-10T05:39:32.734+0000] {logging_mixin.py:188} INFO - Uploaded data/api_data_json/research_311.json to Minio
[2024-05-10T05:39:33.465+0000] {logging_mixin.py:188} INFO - Uploaded data/api_data_json/research_312.json to Minio
[2024-05-10T05:39:34.645+0000] {logging_mixin.py:188} INFO - Uploaded data/api_data_json/research_313.json to Minio
[2024-05-10T05:39:35.282+0000] {logging_mixin.py:188} INFO - Uploaded data/api_data_json/research_314.json to Minio
[2024-05-10T05:39:35.911+0000] {logging_mixin.py:188} INFO - Uploaded data/api_data_json/research_315.json to Minio
[2024-05-10T05:39:36.663+0000] {logging_mixin.py:188} INFO - Uploaded data/api_data_json/research_316.json to Minio
[2024-05-10T05:39:37.701+0000] {logging_mixin.py:188} INFO - Uploaded data/api_data_json/research_317.json to Minio
[2024-05-10T05:39:38.300+0000] {logging_mixin.py:188} INFO - Uploaded data/api_data_json/research_318.json to Minio
[2024-05-10T05:39:39.039+0000] {logging_mixin.py:188} INFO - Uploaded data/api_data_json/research_319.json to Minio
[2024-05-10T05:39:39.856+0000] {logging_mixin.py:188} INFO - Uploaded data/api_data_json/research_320.json to Minio
[2024-05-10T05:39:40.795+0000] {logging_mixin.py:188} INFO - Uploaded data/api_data_json/research_321.json to Minio
[2024-05-10T05:39:41.479+0000] {logging_mixin.py:188} INFO - Uploaded data/api_data_json/research_322.json to Minio
[2024-05-10T05:39:42.159+0000] {logging_mixin.py:188} INFO - Uploaded data/api_data_json/research_323.json to Minio
[2024-05-10T05:39:42.763+0000] {logging_mixin.py:188} INFO - Uploaded data/api_data_json/research_324.json to Minio
[2024-05-10T05:39:43.409+0000] {logging_mixin.py:188} INFO - Uploaded data/api_data_json/research_325.json to Minio
[2024-05-10T05:39:44.414+0000] {logging_mixin.py:188} INFO - Uploaded data/api_data_json/research_326.json to Minio
[2024-05-10T05:39:45.082+0000] {logging_mixin.py:188} INFO - Uploaded data/api_data_json/research_327.json to Minio
[2024-05-10T05:39:45.771+0000] {logging_mixin.py:188} INFO - Uploaded data/api_data_json/research_328.json to Minio
[2024-05-10T05:39:46.661+0000] {logging_mixin.py:188} INFO - Uploaded data/api_data_json/research_329.json to Minio
[2024-05-10T05:39:47.333+0000] {logging_mixin.py:188} INFO - Uploaded data/api_data_json/research_330.json to Minio
[2024-05-10T05:39:47.952+0000] {logging_mixin.py:188} INFO - Uploaded data/api_data_json/research_331.json to Minio
[2024-05-10T05:39:48.556+0000] {logging_mixin.py:188} INFO - Uploaded data/api_data_json/research_332.json to Minio
[2024-05-10T05:39:49.266+0000] {logging_mixin.py:188} INFO - Uploaded data/api_data_json/research_333.json to Minio
[2024-05-10T05:39:50.032+0000] {logging_mixin.py:188} INFO - Uploaded data/api_data_json/research_334.json to Minio
[2024-05-10T05:39:50.741+0000] {logging_mixin.py:188} INFO - Uploaded data/api_data_json/research_335.json to Minio
[2024-05-10T05:39:51.412+0000] {logging_mixin.py:188} INFO - Uploaded data/api_data_json/research_336.json to Minio
[2024-05-10T05:39:52.201+0000] {logging_mixin.py:188} INFO - Uploaded data/api_data_json/research_337.json to Minio
[2024-05-10T05:39:52.967+0000] {logging_mixin.py:188} INFO - Uploaded data/api_data_json/research_338.json to Minio
[2024-05-10T05:39:53.644+0000] {logging_mixin.py:188} INFO - Uploaded data/api_data_json/research_339.json to Minio
[2024-05-10T05:39:54.547+0000] {logging_mixin.py:188} INFO - Uploaded data/api_data_json/research_340.json to Minio
[2024-05-10T05:39:55.218+0000] {logging_mixin.py:188} INFO - Uploaded data/api_data_json/research_341.json to Minio
[2024-05-10T05:39:56.261+0000] {logging_mixin.py:188} INFO - Uploaded data/api_data_json/research_342.json to Minio
[2024-05-10T05:39:57.509+0000] {logging_mixin.py:188} INFO - Uploaded data/api_data_json/research_343.json to Minio
[2024-05-10T05:39:58.149+0000] {logging_mixin.py:188} INFO - Uploaded data/api_data_json/research_344.json to Minio
[2024-05-10T05:39:58.781+0000] {logging_mixin.py:188} INFO - Uploaded data/api_data_json/research_345.json to Minio
[2024-05-10T05:39:59.565+0000] {logging_mixin.py:188} INFO - Uploaded data/api_data_json/research_346.json to Minio
[2024-05-10T05:40:01.836+0000] {logging_mixin.py:188} INFO - Uploaded data/api_data_json/research_347.json to Minio
[2024-05-10T05:40:02.510+0000] {logging_mixin.py:188} INFO - Uploaded data/api_data_json/research_348.json to Minio
[2024-05-10T05:40:03.759+0000] {logging_mixin.py:188} INFO - Uploaded data/api_data_json/research_349.json to Minio
[2024-05-10T05:40:04.396+0000] {logging_mixin.py:188} INFO - Uploaded data/api_data_json/research_350.json to Minio
[2024-05-10T05:40:05.373+0000] {logging_mixin.py:188} INFO - Uploaded data/api_data_json/research_351.json to Minio
[2024-05-10T05:40:06.301+0000] {logging_mixin.py:188} INFO - Uploaded data/api_data_json/research_352.json to Minio
[2024-05-10T05:40:07.222+0000] {logging_mixin.py:188} INFO - Uploaded data/api_data_json/research_353.json to Minio
[2024-05-10T05:40:07.863+0000] {logging_mixin.py:188} INFO - Uploaded data/api_data_json/research_354.json to Minio
[2024-05-10T05:40:08.589+0000] {logging_mixin.py:188} INFO - Uploaded data/api_data_json/research_355.json to Minio
[2024-05-10T05:40:09.241+0000] {logging_mixin.py:188} INFO - Uploaded data/api_data_json/research_356.json to Minio
[2024-05-10T05:40:09.887+0000] {logging_mixin.py:188} INFO - Uploaded data/api_data_json/research_357.json to Minio
[2024-05-10T05:40:11.061+0000] {logging_mixin.py:188} INFO - Uploaded data/api_data_json/research_358.json to Minio
[2024-05-10T05:40:11.830+0000] {logging_mixin.py:188} INFO - Uploaded data/api_data_json/research_359.json to Minio
[2024-05-10T05:40:12.574+0000] {logging_mixin.py:188} INFO - Uploaded data/api_data_json/research_360.json to Minio
[2024-05-10T05:40:13.335+0000] {logging_mixin.py:188} INFO - Uploaded data/api_data_json/research_361.json to Minio
[2024-05-10T05:40:13.952+0000] {logging_mixin.py:188} INFO - Uploaded data/api_data_json/research_362.json to Minio
[2024-05-10T05:40:14.937+0000] {logging_mixin.py:188} INFO - Uploaded data/api_data_json/research_363.json to Minio
[2024-05-10T05:40:15.620+0000] {logging_mixin.py:188} INFO - Uploaded data/api_data_json/research_364.json to Minio
[2024-05-10T05:40:16.347+0000] {logging_mixin.py:188} INFO - Uploaded data/api_data_json/research_365.json to Minio
[2024-05-10T05:40:17.111+0000] {logging_mixin.py:188} INFO - Uploaded data/api_data_json/research_366.json to Minio
[2024-05-10T05:40:17.899+0000] {logging_mixin.py:188} INFO - Uploaded data/api_data_json/research_367.json to Minio
[2024-05-10T05:40:18.598+0000] {logging_mixin.py:188} INFO - Uploaded data/api_data_json/research_368.json to Minio
[2024-05-10T05:40:19.297+0000] {logging_mixin.py:188} INFO - Uploaded data/api_data_json/research_369.json to Minio
[2024-05-10T05:40:19.929+0000] {logging_mixin.py:188} INFO - Uploaded data/api_data_json/research_370.json to Minio
[2024-05-10T05:40:20.656+0000] {logging_mixin.py:188} INFO - Uploaded data/api_data_json/research_371.json to Minio
[2024-05-10T05:40:21.628+0000] {logging_mixin.py:188} INFO - Uploaded data/api_data_json/research_372.json to Minio
[2024-05-10T05:40:22.268+0000] {logging_mixin.py:188} INFO - Uploaded data/api_data_json/research_373.json to Minio
[2024-05-10T05:40:23.024+0000] {logging_mixin.py:188} INFO - Uploaded data/api_data_json/research_374.json to Minio
[2024-05-10T05:40:23.939+0000] {logging_mixin.py:188} INFO - Uploaded data/api_data_json/research_375.json to Minio
[2024-05-10T05:40:24.651+0000] {logging_mixin.py:188} INFO - Uploaded data/api_data_json/research_376.json to Minio
[2024-05-10T05:40:25.405+0000] {logging_mixin.py:188} INFO - Uploaded data/api_data_json/research_377.json to Minio
[2024-05-10T05:40:26.031+0000] {logging_mixin.py:188} INFO - Uploaded data/api_data_json/research_378.json to Minio
[2024-05-10T05:40:27.113+0000] {logging_mixin.py:188} INFO - Uploaded data/api_data_json/research_379.json to Minio
[2024-05-10T05:40:27.974+0000] {logging_mixin.py:188} INFO - Uploaded data/api_data_json/research_380.json to Minio
[2024-05-10T05:40:29.028+0000] {logging_mixin.py:188} INFO - Uploaded data/api_data_json/research_381.json to Minio
[2024-05-10T05:40:29.714+0000] {logging_mixin.py:188} INFO - Uploaded data/api_data_json/research_382.json to Minio
[2024-05-10T05:40:30.341+0000] {logging_mixin.py:188} INFO - Uploaded data/api_data_json/research_383.json to Minio
[2024-05-10T05:40:31.010+0000] {logging_mixin.py:188} INFO - Uploaded data/api_data_json/research_384.json to Minio
[2024-05-10T05:40:31.617+0000] {logging_mixin.py:188} INFO - Uploaded data/api_data_json/research_385.json to Minio
[2024-05-10T05:40:32.305+0000] {logging_mixin.py:188} INFO - Uploaded data/api_data_json/research_386.json to Minio
[2024-05-10T05:40:32.998+0000] {logging_mixin.py:188} INFO - Uploaded data/api_data_json/research_387.json to Minio
[2024-05-10T05:40:49.294+0000] {logging_mixin.py:188} INFO - Uploaded data/api_data_json/research_388.json to Minio
[2024-05-10T05:40:49.930+0000] {logging_mixin.py:188} INFO - Uploaded data/api_data_json/research_389.json to Minio
[2024-05-10T05:40:51.101+0000] {logging_mixin.py:188} INFO - Uploaded data/api_data_json/research_390.json to Minio
[2024-05-10T05:40:51.740+0000] {logging_mixin.py:188} INFO - Uploaded data/api_data_json/research_391.json to Minio
[2024-05-10T05:40:52.771+0000] {logging_mixin.py:188} INFO - Uploaded data/api_data_json/research_392.json to Minio
[2024-05-10T05:40:53.547+0000] {logging_mixin.py:188} INFO - Uploaded data/api_data_json/research_393.json to Minio
[2024-05-10T05:40:54.557+0000] {logging_mixin.py:188} INFO - Uploaded data/api_data_json/research_394.json to Minio
[2024-05-10T05:40:55.200+0000] {logging_mixin.py:188} INFO - Uploaded data/api_data_json/research_395.json to Minio
[2024-05-10T05:40:56.143+0000] {logging_mixin.py:188} INFO - Uploaded data/api_data_json/research_396.json to Minio
[2024-05-10T05:40:56.834+0000] {logging_mixin.py:188} INFO - Uploaded data/api_data_json/research_397.json to Minio
[2024-05-10T05:40:57.563+0000] {logging_mixin.py:188} INFO - Uploaded data/api_data_json/research_398.json to Minio
[2024-05-10T05:40:58.633+0000] {logging_mixin.py:188} INFO - Uploaded data/api_data_json/research_399.json to Minio
[2024-05-10T05:40:59.332+0000] {logging_mixin.py:188} INFO - Uploaded data/api_data_json/research_400.json to Minio
[2024-05-10T05:40:59.947+0000] {logging_mixin.py:188} INFO - Uploaded data/api_data_json/research_401.json to Minio
[2024-05-10T05:41:00.594+0000] {logging_mixin.py:188} INFO - Uploaded data/api_data_json/research_402.json to Minio
[2024-05-10T05:41:01.522+0000] {logging_mixin.py:188} INFO - Uploaded data/api_data_json/research_403.json to Minio
[2024-05-10T05:41:02.293+0000] {logging_mixin.py:188} INFO - Uploaded data/api_data_json/research_404.json to Minio
[2024-05-10T05:41:03.079+0000] {logging_mixin.py:188} INFO - Uploaded data/api_data_json/research_405.json to Minio
[2024-05-10T05:41:03.750+0000] {logging_mixin.py:188} INFO - Uploaded data/api_data_json/research_406.json to Minio
[2024-05-10T05:41:04.753+0000] {logging_mixin.py:188} INFO - Uploaded data/api_data_json/research_407.json to Minio
[2024-05-10T05:41:13.589+0000] {logging_mixin.py:188} INFO - Uploaded data/api_data_json/research_408.json to Minio
[2024-05-10T05:41:14.316+0000] {logging_mixin.py:188} INFO - Uploaded data/api_data_json/research_409.json to Minio
[2024-05-10T05:41:15.148+0000] {logging_mixin.py:188} INFO - Uploaded data/api_data_json/research_410.json to Minio
[2024-05-10T05:41:23.701+0000] {logging_mixin.py:188} INFO - Uploaded data/api_data_json/research_411.json to Minio
[2024-05-10T05:41:24.393+0000] {logging_mixin.py:188} INFO - Uploaded data/api_data_json/research_412.json to Minio
[2024-05-10T05:41:25.314+0000] {logging_mixin.py:188} INFO - Uploaded data/api_data_json/research_413.json to Minio
[2024-05-10T05:41:33.488+0000] {logging_mixin.py:188} INFO - Uploaded data/api_data_json/research_414.json to Minio
[2024-05-10T05:41:34.154+0000] {logging_mixin.py:188} INFO - Uploaded data/api_data_json/research_415.json to Minio
[2024-05-10T05:41:38.010+0000] {logging_mixin.py:188} INFO - Uploaded data/api_data_json/research_416.json to Minio
[2024-05-10T05:41:40.167+0000] {logging_mixin.py:188} INFO - Uploaded data/api_data_json/research_417.json to Minio
[2024-05-10T05:41:40.859+0000] {logging_mixin.py:188} INFO - Uploaded data/api_data_json/research_418.json to Minio
[2024-05-10T05:41:41.821+0000] {logging_mixin.py:188} INFO - Uploaded data/api_data_json/research_419.json to Minio
[2024-05-10T05:41:42.475+0000] {logging_mixin.py:188} INFO - Uploaded data/api_data_json/research_420.json to Minio
[2024-05-10T05:41:43.139+0000] {logging_mixin.py:188} INFO - Uploaded data/api_data_json/research_421.json to Minio
[2024-05-10T05:41:43.871+0000] {logging_mixin.py:188} INFO - Uploaded data/api_data_json/research_422.json to Minio
[2024-05-10T05:41:44.876+0000] {logging_mixin.py:188} INFO - Uploaded data/api_data_json/research_423.json to Minio
[2024-05-10T05:41:45.519+0000] {logging_mixin.py:188} INFO - Uploaded data/api_data_json/research_424.json to Minio
[2024-05-10T05:41:46.129+0000] {logging_mixin.py:188} INFO - Uploaded data/api_data_json/research_425.json to Minio
[2024-05-10T05:41:47.505+0000] {logging_mixin.py:188} INFO - Uploaded data/api_data_json/research_426.json to Minio
[2024-05-10T05:41:48.175+0000] {logging_mixin.py:188} INFO - Uploaded data/api_data_json/research_427.json to Minio
[2024-05-10T05:41:49.144+0000] {logging_mixin.py:188} INFO - Uploaded data/api_data_json/research_428.json to Minio
[2024-05-10T05:41:50.026+0000] {logging_mixin.py:188} INFO - Uploaded data/api_data_json/research_429.json to Minio
[2024-05-10T05:41:50.029+0000] {python.py:237} INFO - Done. Returned value was: None
[2024-05-10T05:41:50.030+0000] {taskinstance.py:441} INFO - ::group::Post task execution logs
[2024-05-10T05:41:50.040+0000] {taskinstance.py:1206} INFO - Marking task as SUCCESS. dag_id=data_pipeline, task_id=get_api_data, run_id=manual__2024-05-10T05:03:57.192168+00:00, execution_date=20240510T050357, start_date=20240510T053431, end_date=20240510T054150
[2024-05-10T05:41:50.082+0000] {local_task_job_runner.py:240} INFO - Task exited with return code 0
[2024-05-10T05:41:50.105+0000] {taskinstance.py:3498} INFO - 0 downstream tasks scheduled from follow-on schedule check
[2024-05-10T05:41:50.107+0000] {local_task_job_runner.py:222} INFO - ::endgroup::
