[2024-05-10T04:14:18.145+0000] {local_task_job_runner.py:120} INFO - ::group::Pre task execution logs
[2024-05-10T04:14:18.168+0000] {taskinstance.py:2076} INFO - Dependencies all met for dep_context=non-requeueable deps ti=<TaskInstance: ml_pipeline.concat_data manual__2024-05-10T04:11:51.213452+00:00 [queued]>
[2024-05-10T04:14:18.176+0000] {taskinstance.py:2076} INFO - Dependencies all met for dep_context=requeueable deps ti=<TaskInstance: ml_pipeline.concat_data manual__2024-05-10T04:11:51.213452+00:00 [queued]>
[2024-05-10T04:14:18.177+0000] {taskinstance.py:2306} INFO - Starting attempt 3 of 6
[2024-05-10T04:14:18.188+0000] {taskinstance.py:2330} INFO - Executing <Task(PythonOperator): concat_data> on 2024-05-10 04:11:51.213452+00:00
[2024-05-10T04:14:18.194+0000] {logging_mixin.py:188} WARNING - /home/***/.local/lib/python3.12/site-packages/***/task/task_runner/standard_task_runner.py:61 DeprecationWarning: This process (pid=14456) is multi-threaded, use of fork() may lead to deadlocks in the child.
[2024-05-10T04:14:18.195+0000] {standard_task_runner.py:63} INFO - Started process 14458 to run task
[2024-05-10T04:14:18.194+0000] {standard_task_runner.py:90} INFO - Running: ['***', 'tasks', 'run', 'ml_pipeline', 'concat_data', 'manual__2024-05-10T04:11:51.213452+00:00', '--job-id', '262', '--raw', '--subdir', 'DAGS_FOLDER/main_dag.py', '--cfg-path', '/tmp/tmpyg58wybe']
[2024-05-10T04:14:18.196+0000] {standard_task_runner.py:91} INFO - Job 262: Subtask concat_data
[2024-05-10T04:14:18.208+0000] {logging_mixin.py:188} WARNING - /home/***/.local/lib/python3.12/site-packages/***/settings.py:195 DeprecationWarning: The sql_alchemy_conn option in [core] has been moved to the sql_alchemy_conn option in [database] - the old setting has been used, but please update your config.
[2024-05-10T04:14:18.235+0000] {task_command.py:426} INFO - Running <TaskInstance: ml_pipeline.concat_data manual__2024-05-10T04:11:51.213452+00:00 [running]> on host 3031e573f05c
[2024-05-10T04:14:18.309+0000] {taskinstance.py:2648} INFO - Exporting env vars: AIRFLOW_CTX_DAG_OWNER='***' AIRFLOW_CTX_DAG_ID='ml_pipeline' AIRFLOW_CTX_TASK_ID='concat_data' AIRFLOW_CTX_EXECUTION_DATE='2024-05-10T04:11:51.213452+00:00' AIRFLOW_CTX_TRY_NUMBER='3' AIRFLOW_CTX_DAG_RUN_ID='manual__2024-05-10T04:11:51.213452+00:00'
[2024-05-10T04:14:18.310+0000] {taskinstance.py:430} INFO - ::endgroup::
[2024-05-10T04:14:18.357+0000] {logging_mixin.py:188} INFO - 0    2017
1    2017
2    2017
3    2017
4    2017
Name: publication_year, dtype: object
[2024-05-10T04:14:18.653+0000] {logging_mixin.py:188} INFO - 20191
[2024-05-10T04:14:19.147+0000] {logging_mixin.py:188} INFO - 20216
[2024-05-10T04:14:19.274+0000] {logging_mixin.py:188} INFO - Uploaded data/database.csv to Minio
[2024-05-10T04:14:19.276+0000] {python.py:237} INFO - Done. Returned value was: None
[2024-05-10T04:14:19.277+0000] {taskinstance.py:441} INFO - ::group::Post task execution logs
[2024-05-10T04:14:19.284+0000] {taskinstance.py:1206} INFO - Marking task as SUCCESS. dag_id=ml_pipeline, task_id=concat_data, run_id=manual__2024-05-10T04:11:51.213452+00:00, execution_date=20240510T041151, start_date=20240510T041418, end_date=20240510T041419
[2024-05-10T04:14:19.332+0000] {local_task_job_runner.py:240} INFO - Task exited with return code 0
[2024-05-10T04:14:19.345+0000] {taskinstance.py:3498} INFO - 0 downstream tasks scheduled from follow-on schedule check
[2024-05-10T04:14:19.348+0000] {local_task_job_runner.py:222} INFO - ::endgroup::
