[2024-05-10T04:15:10.095+0000] {local_task_job_runner.py:120} INFO - ::group::Pre task execution logs
[2024-05-10T04:15:10.118+0000] {taskinstance.py:2076} INFO - Dependencies all met for dep_context=non-requeueable deps ti=<TaskInstance: ml_pipeline.concat_data manual__2024-05-10T04:11:51.213452+00:00 [queued]>
[2024-05-10T04:15:10.125+0000] {taskinstance.py:2076} INFO - Dependencies all met for dep_context=requeueable deps ti=<TaskInstance: ml_pipeline.concat_data manual__2024-05-10T04:11:51.213452+00:00 [queued]>
[2024-05-10T04:15:10.126+0000] {taskinstance.py:2306} INFO - Starting attempt 4 of 7
[2024-05-10T04:15:10.137+0000] {taskinstance.py:2330} INFO - Executing <Task(PythonOperator): concat_data> on 2024-05-10 04:11:51.213452+00:00
[2024-05-10T04:15:10.144+0000] {logging_mixin.py:188} WARNING - /home/***/.local/lib/python3.12/site-packages/***/task/task_runner/standard_task_runner.py:61 DeprecationWarning: This process (pid=14499) is multi-threaded, use of fork() may lead to deadlocks in the child.
[2024-05-10T04:15:10.145+0000] {standard_task_runner.py:63} INFO - Started process 14501 to run task
[2024-05-10T04:15:10.144+0000] {standard_task_runner.py:90} INFO - Running: ['***', 'tasks', 'run', 'ml_pipeline', 'concat_data', 'manual__2024-05-10T04:11:51.213452+00:00', '--job-id', '263', '--raw', '--subdir', 'DAGS_FOLDER/main_dag.py', '--cfg-path', '/tmp/tmpjqreffca']
[2024-05-10T04:15:10.147+0000] {standard_task_runner.py:91} INFO - Job 263: Subtask concat_data
[2024-05-10T04:15:10.157+0000] {logging_mixin.py:188} WARNING - /home/***/.local/lib/python3.12/site-packages/***/settings.py:195 DeprecationWarning: The sql_alchemy_conn option in [core] has been moved to the sql_alchemy_conn option in [database] - the old setting has been used, but please update your config.
[2024-05-10T04:15:10.187+0000] {task_command.py:426} INFO - Running <TaskInstance: ml_pipeline.concat_data manual__2024-05-10T04:11:51.213452+00:00 [running]> on host 3031e573f05c
[2024-05-10T04:15:10.258+0000] {taskinstance.py:2648} INFO - Exporting env vars: AIRFLOW_CTX_DAG_OWNER='***' AIRFLOW_CTX_DAG_ID='ml_pipeline' AIRFLOW_CTX_TASK_ID='concat_data' AIRFLOW_CTX_EXECUTION_DATE='2024-05-10T04:11:51.213452+00:00' AIRFLOW_CTX_TRY_NUMBER='4' AIRFLOW_CTX_DAG_RUN_ID='manual__2024-05-10T04:11:51.213452+00:00'
[2024-05-10T04:15:10.259+0000] {taskinstance.py:430} INFO - ::endgroup::
[2024-05-10T04:15:10.305+0000] {logging_mixin.py:188} INFO - 0    2017
1    2017
2    2017
3    2017
4    2017
Name: publication_year, dtype: object
[2024-05-10T04:15:10.635+0000] {logging_mixin.py:188} INFO - 20216
[2024-05-10T04:15:11.122+0000] {logging_mixin.py:188} INFO - 20166
[2024-05-10T04:15:11.245+0000] {logging_mixin.py:188} INFO - Uploaded data/database.csv to Minio
[2024-05-10T04:15:11.248+0000] {python.py:237} INFO - Done. Returned value was: None
[2024-05-10T04:15:11.249+0000] {taskinstance.py:441} INFO - ::group::Post task execution logs
[2024-05-10T04:15:11.255+0000] {taskinstance.py:1206} INFO - Marking task as SUCCESS. dag_id=ml_pipeline, task_id=concat_data, run_id=manual__2024-05-10T04:11:51.213452+00:00, execution_date=20240510T041151, start_date=20240510T041510, end_date=20240510T041511
[2024-05-10T04:15:11.283+0000] {local_task_job_runner.py:240} INFO - Task exited with return code 0
[2024-05-10T04:15:11.296+0000] {taskinstance.py:3498} INFO - 0 downstream tasks scheduled from follow-on schedule check
[2024-05-10T04:15:11.299+0000] {local_task_job_runner.py:222} INFO - ::endgroup::
