[2024-05-10T10:15:04.083+0000] {local_task_job_runner.py:120} INFO - ::group::Pre task execution logs
[2024-05-10T10:15:04.105+0000] {taskinstance.py:2076} INFO - Dependencies all met for dep_context=non-requeueable deps ti=<TaskInstance: data_pipeline.clean_api_data manual__2024-05-10T09:58:46.082243+00:00 [queued]>
[2024-05-10T10:15:04.111+0000] {taskinstance.py:2076} INFO - Dependencies all met for dep_context=requeueable deps ti=<TaskInstance: data_pipeline.clean_api_data manual__2024-05-10T09:58:46.082243+00:00 [queued]>
[2024-05-10T10:15:04.112+0000] {taskinstance.py:2306} INFO - Starting attempt 18 of 21
[2024-05-10T10:15:04.124+0000] {taskinstance.py:2330} INFO - Executing <Task(PythonOperator): clean_api_data> on 2024-05-10 09:58:46.082243+00:00
[2024-05-10T10:15:04.129+0000] {logging_mixin.py:188} WARNING - /home/***/.local/lib/python3.12/site-packages/***/task/task_runner/standard_task_runner.py:61 DeprecationWarning: This process (pid=834) is multi-threaded, use of fork() may lead to deadlocks in the child.
[2024-05-10T10:15:04.130+0000] {standard_task_runner.py:63} INFO - Started process 836 to run task
[2024-05-10T10:15:04.129+0000] {standard_task_runner.py:90} INFO - Running: ['***', 'tasks', 'run', 'data_pipeline', 'clean_api_data', 'manual__2024-05-10T09:58:46.082243+00:00', '--job-id', '372', '--raw', '--subdir', 'DAGS_FOLDER/main_dag.py', '--cfg-path', '/tmp/tmpmyy_i31r']
[2024-05-10T10:15:04.131+0000] {standard_task_runner.py:91} INFO - Job 372: Subtask clean_api_data
[2024-05-10T10:15:04.142+0000] {logging_mixin.py:188} WARNING - /home/***/.local/lib/python3.12/site-packages/***/settings.py:195 DeprecationWarning: The sql_alchemy_conn option in [core] has been moved to the sql_alchemy_conn option in [database] - the old setting has been used, but please update your config.
[2024-05-10T10:15:04.166+0000] {task_command.py:426} INFO - Running <TaskInstance: data_pipeline.clean_api_data manual__2024-05-10T09:58:46.082243+00:00 [running]> on host dbfcb70dcca2
[2024-05-10T10:15:04.239+0000] {taskinstance.py:2648} INFO - Exporting env vars: AIRFLOW_CTX_DAG_OWNER='***' AIRFLOW_CTX_DAG_ID='data_pipeline' AIRFLOW_CTX_TASK_ID='clean_api_data' AIRFLOW_CTX_EXECUTION_DATE='2024-05-10T09:58:46.082243+00:00' AIRFLOW_CTX_TRY_NUMBER='18' AIRFLOW_CTX_DAG_RUN_ID='manual__2024-05-10T09:58:46.082243+00:00'
[2024-05-10T10:15:04.240+0000] {taskinstance.py:430} INFO - ::endgroup::
[2024-05-10T10:15:04.299+0000] {logging_mixin.py:188} INFO -                                                title  ...                                           keywords
0  Shear capacity of high performance fiber reinf...  ...  [Fiber content, High performance fiber reinfor...
1                   Mutation operators in BPMN model  ...        [BPMN, Mutation Operator, Mutation Testing]
2  Characteristics and catalytic properties of Ni...  ...  [CO2 hydrogenation, Methanation, Nickel cataly...
3  Disruption of c-Kit Signaling in KitW-sh/W-sh ...  ...                                                 []
4  Ce3+-ion-induced visible-light photocatalytic ...  ...                                                 []

[5 rows x 5 columns]
[2024-05-10T10:15:04.356+0000] {logging_mixin.py:188} INFO -                                                title  ...                                           keywords
0  Shear capacity of high performance fiber reinf...  ...  [Fiber content, High performance fiber reinfor...
1                   Mutation operators in BPMN model  ...        [BPMN, Mutation Operator, Mutation Testing]
2  Characteristics and catalytic properties of Ni...  ...  [CO2 hydrogenation, Methanation, Nickel cataly...
3  Disruption of c-Kit Signaling in KitW-sh/W-sh ...  ...                                                 []
4  Ce3+-ion-induced visible-light photocatalytic ...  ...                                                 []

[5 rows x 5 columns]
[2024-05-10T10:15:04.357+0000] {logging_mixin.py:188} INFO - Saved data to /opt/***/data/api_data_csv/api_data.csvapi_data.csv
[2024-05-10T10:15:04.382+0000] {logging_mixin.py:188} INFO - Uploaded data/api_data_csv/api_data.csv to Minio
[2024-05-10T10:15:04.382+0000] {python.py:237} INFO - Done. Returned value was:                                                  title  ...                                           keywords
0    Shear capacity of high performance fiber reinf...  ...  [Fiber content, High performance fiber reinfor...
1                     Mutation operators in BPMN model  ...        [BPMN, Mutation Operator, Mutation Testing]
2    Characteristics and catalytic properties of Ni...  ...  [CO2 hydrogenation, Methanation, Nickel cataly...
3    Disruption of c-Kit Signaling in KitW-sh/W-sh ...  ...                                                 []
4    Ce3+-ion-induced visible-light photocatalytic ...  ...                                                 []
..                                                 ...  ...                                                ...
995  Towards 5G cellular: Understanding 3D in-build...  ...  [5G, Architecture, Control-/user-plane, Femtoc...
996  Modeling of root-reinforced soil slope under r...  ...  [Centrifuge modeling, Landslides, Seepage anal...
997  Production of massoia lactone by Aureobasidium...  ...  [Aureobasidium pullulans, fragrant biosurfacta...
998  Efficiencies of NF and RO membranes on pharmac...  ...  [Carbamazepine, Membrane fouling, Nanofiltrati...
999  Two-dimensional modeling of the oxidative coup...  ...  [Fixed bed reactor, Gas hour space velocity (G...

[1000 rows x 5 columns]
[2024-05-10T10:15:04.392+0000] {taskinstance.py:441} INFO - ::group::Post task execution logs
[2024-05-10T10:15:04.447+0000] {taskinstance.py:1206} INFO - Marking task as SUCCESS. dag_id=data_pipeline, task_id=clean_api_data, run_id=manual__2024-05-10T09:58:46.082243+00:00, execution_date=20240510T095846, start_date=20240510T101504, end_date=20240510T101504
[2024-05-10T10:15:04.465+0000] {local_task_job_runner.py:240} INFO - Task exited with return code 0
[2024-05-10T10:15:04.482+0000] {taskinstance.py:3498} INFO - 1 downstream tasks scheduled from follow-on schedule check
[2024-05-10T10:15:04.486+0000] {local_task_job_runner.py:222} INFO - ::endgroup::
