[2024-05-10T10:01:42.233+0000] {local_task_job_runner.py:120} INFO - ::group::Pre task execution logs
[2024-05-10T10:01:42.256+0000] {taskinstance.py:2076} INFO - Dependencies all met for dep_context=non-requeueable deps ti=<TaskInstance: data_pipeline.clean_api_data manual__2024-05-10T09:58:46.082243+00:00 [queued]>
[2024-05-10T10:01:42.263+0000] {taskinstance.py:2076} INFO - Dependencies all met for dep_context=requeueable deps ti=<TaskInstance: data_pipeline.clean_api_data manual__2024-05-10T09:58:46.082243+00:00 [queued]>
[2024-05-10T10:01:42.263+0000] {taskinstance.py:2306} INFO - Starting attempt 3 of 6
[2024-05-10T10:01:42.273+0000] {taskinstance.py:2330} INFO - Executing <Task(PythonOperator): clean_api_data> on 2024-05-10 09:58:46.082243+00:00
[2024-05-10T10:01:42.280+0000] {logging_mixin.py:188} WARNING - /home/***/.local/lib/python3.12/site-packages/***/task/task_runner/standard_task_runner.py:61 DeprecationWarning: This process (pid=275) is multi-threaded, use of fork() may lead to deadlocks in the child.
[2024-05-10T10:01:42.282+0000] {standard_task_runner.py:63} INFO - Started process 283 to run task
[2024-05-10T10:01:42.281+0000] {standard_task_runner.py:90} INFO - Running: ['***', 'tasks', 'run', 'data_pipeline', 'clean_api_data', 'manual__2024-05-10T09:58:46.082243+00:00', '--job-id', '350', '--raw', '--subdir', 'DAGS_FOLDER/main_dag.py', '--cfg-path', '/tmp/tmpg25erbp4']
[2024-05-10T10:01:42.282+0000] {standard_task_runner.py:91} INFO - Job 350: Subtask clean_api_data
[2024-05-10T10:01:42.293+0000] {logging_mixin.py:188} WARNING - /home/***/.local/lib/python3.12/site-packages/***/settings.py:195 DeprecationWarning: The sql_alchemy_conn option in [core] has been moved to the sql_alchemy_conn option in [database] - the old setting has been used, but please update your config.
[2024-05-10T10:01:42.317+0000] {task_command.py:426} INFO - Running <TaskInstance: data_pipeline.clean_api_data manual__2024-05-10T09:58:46.082243+00:00 [running]> on host dbfcb70dcca2
[2024-05-10T10:01:42.723+0000] {taskinstance.py:2648} INFO - Exporting env vars: AIRFLOW_CTX_DAG_OWNER='***' AIRFLOW_CTX_DAG_ID='data_pipeline' AIRFLOW_CTX_TASK_ID='clean_api_data' AIRFLOW_CTX_EXECUTION_DATE='2024-05-10T09:58:46.082243+00:00' AIRFLOW_CTX_TRY_NUMBER='3' AIRFLOW_CTX_DAG_RUN_ID='manual__2024-05-10T09:58:46.082243+00:00'
[2024-05-10T10:01:42.724+0000] {taskinstance.py:430} INFO - ::endgroup::
[2024-05-10T10:01:42.790+0000] {taskinstance.py:441} INFO - ::group::Post task execution logs
[2024-05-10T10:01:42.790+0000] {taskinstance.py:2905} ERROR - Task failed with exception
Traceback (most recent call last):
  File "/home/airflow/.local/lib/python3.12/site-packages/airflow/models/taskinstance.py", line 465, in _execute_task
    result = _execute_callable(context=context, **execute_callable_kwargs)
             ^^^^^^^^^^^^^^^^^^^^^^^^^^^^^^^^^^^^^^^^^^^^^^^^^^^^^^^^^^^^^
  File "/home/airflow/.local/lib/python3.12/site-packages/airflow/models/taskinstance.py", line 432, in _execute_callable
    return execute_callable(context=context, **execute_callable_kwargs)
           ^^^^^^^^^^^^^^^^^^^^^^^^^^^^^^^^^^^^^^^^^^^^^^^^^^^^^^^^^^^^
  File "/home/airflow/.local/lib/python3.12/site-packages/airflow/models/baseoperator.py", line 400, in wrapper
    return func(self, *args, **kwargs)
           ^^^^^^^^^^^^^^^^^^^^^^^^^^^
  File "/home/airflow/.local/lib/python3.12/site-packages/airflow/operators/python.py", line 235, in execute
    return_value = self.execute_callable()
                   ^^^^^^^^^^^^^^^^^^^^^^^
  File "/home/airflow/.local/lib/python3.12/site-packages/airflow/operators/python.py", line 252, in execute_callable
    return self.python_callable(*self.op_args, **self.op_kwargs)
           ^^^^^^^^^^^^^^^^^^^^^^^^^^^^^^^^^^^^^^^^^^^^^^^^^^^^^
  File "/opt/airflow/dags/tasks/clean_data.py", line 62, in clean_api_data
    df = df.apply(lambda x: cleanse_unicode(x))
         ^^^^^^^^^^^^^^^^^^^^^^^^^^^^^^^^^^^^^^
  File "/home/airflow/.local/lib/python3.12/site-packages/pandas/core/frame.py", line 10034, in apply
    return op.apply().__finalize__(self, method="apply")
           ^^^^^^^^^^
  File "/home/airflow/.local/lib/python3.12/site-packages/pandas/core/apply.py", line 837, in apply
    return self.apply_standard()
           ^^^^^^^^^^^^^^^^^^^^^
  File "/home/airflow/.local/lib/python3.12/site-packages/pandas/core/apply.py", line 965, in apply_standard
    results, res_index = self.apply_series_generator()
                         ^^^^^^^^^^^^^^^^^^^^^^^^^^^^^
  File "/home/airflow/.local/lib/python3.12/site-packages/pandas/core/apply.py", line 981, in apply_series_generator
    results[i] = self.func(v, *self.args, **self.kwargs)
                 ^^^^^^^^^^^^^^^^^^^^^^^^^^^^^^^^^^^^^^^
  File "/opt/airflow/dags/tasks/clean_data.py", line 62, in <lambda>
    df = df.apply(lambda x: cleanse_unicode(x))
                            ^^^^^^^^^^^^^^^^^^
  File "/opt/airflow/dags/tasks/clean_data.py", line 14, in cleanse_unicode
    temp = single_quote_expr.sub("'", s, re.U)
           ^^^^^^^^^^^^^^^^^^^^^^^^^^^^^^^^^^^
TypeError: expected string or bytes-like object, got 'Series'
[2024-05-10T10:01:43.235+0000] {taskinstance.py:1206} INFO - Marking task as UP_FOR_RETRY. dag_id=data_pipeline, task_id=clean_api_data, run_id=manual__2024-05-10T09:58:46.082243+00:00, execution_date=20240510T095846, start_date=20240510T100142, end_date=20240510T100143
[2024-05-10T10:01:44.366+0000] {standard_task_runner.py:110} ERROR - Failed to execute job 350 for task clean_api_data (expected string or bytes-like object, got 'Series'; 283)
[2024-05-10T10:01:44.384+0000] {local_task_job_runner.py:240} INFO - Task exited with return code 1
[2024-05-10T10:01:44.401+0000] {taskinstance.py:3498} INFO - 0 downstream tasks scheduled from follow-on schedule check
[2024-05-10T10:01:45.100+0000] {local_task_job_runner.py:222} INFO - ::endgroup::
