[2024-05-10T05:55:12.687+0000] {local_task_job_runner.py:120} INFO - ::group::Pre task execution logs
[2024-05-10T05:55:12.707+0000] {taskinstance.py:2076} INFO - Dependencies all met for dep_context=non-requeueable deps ti=<TaskInstance: data_pipeline.get_api_data manual__2024-05-10T05:55:10.803977+00:00 [queued]>
[2024-05-10T05:55:12.714+0000] {taskinstance.py:2076} INFO - Dependencies all met for dep_context=requeueable deps ti=<TaskInstance: data_pipeline.get_api_data manual__2024-05-10T05:55:10.803977+00:00 [queued]>
[2024-05-10T05:55:12.715+0000] {taskinstance.py:2306} INFO - Starting attempt 1 of 4
[2024-05-10T05:55:12.725+0000] {taskinstance.py:2330} INFO - Executing <Task(PythonOperator): get_api_data> on 2024-05-10 05:55:10.803977+00:00
[2024-05-10T05:55:12.731+0000] {logging_mixin.py:188} WARNING - /home/***/.local/lib/python3.12/site-packages/***/task/task_runner/standard_task_runner.py:61 DeprecationWarning: This process (pid=17224) is multi-threaded, use of fork() may lead to deadlocks in the child.
[2024-05-10T05:55:12.732+0000] {standard_task_runner.py:63} INFO - Started process 17226 to run task
[2024-05-10T05:55:12.731+0000] {standard_task_runner.py:90} INFO - Running: ['***', 'tasks', 'run', 'data_pipeline', 'get_api_data', 'manual__2024-05-10T05:55:10.803977+00:00', '--job-id', '289', '--raw', '--subdir', 'DAGS_FOLDER/main_dag.py', '--cfg-path', '/tmp/tmpm4l4td60']
[2024-05-10T05:55:12.733+0000] {standard_task_runner.py:91} INFO - Job 289: Subtask get_api_data
[2024-05-10T05:55:12.743+0000] {logging_mixin.py:188} WARNING - /home/***/.local/lib/python3.12/site-packages/***/settings.py:195 DeprecationWarning: The sql_alchemy_conn option in [core] has been moved to the sql_alchemy_conn option in [database] - the old setting has been used, but please update your config.
[2024-05-10T05:55:12.768+0000] {task_command.py:426} INFO - Running <TaskInstance: data_pipeline.get_api_data manual__2024-05-10T05:55:10.803977+00:00 [running]> on host 3031e573f05c
[2024-05-10T05:55:12.833+0000] {taskinstance.py:2648} INFO - Exporting env vars: AIRFLOW_CTX_DAG_OWNER='***' AIRFLOW_CTX_DAG_ID='data_pipeline' AIRFLOW_CTX_TASK_ID='get_api_data' AIRFLOW_CTX_EXECUTION_DATE='2024-05-10T05:55:10.803977+00:00' AIRFLOW_CTX_TRY_NUMBER='1' AIRFLOW_CTX_DAG_RUN_ID='manual__2024-05-10T05:55:10.803977+00:00'
[2024-05-10T05:55:12.834+0000] {taskinstance.py:430} INFO - ::endgroup::
[2024-05-10T05:55:15.287+0000] {logging_mixin.py:188} INFO - Retrieved data for page 120
[2024-05-10T05:55:17.017+0000] {logging_mixin.py:188} INFO - Retrieved data for page 121
[2024-05-10T05:55:18.933+0000] {logging_mixin.py:188} INFO - Retrieved data for page 122
[2024-05-10T05:55:20.635+0000] {logging_mixin.py:188} INFO - Retrieved data for page 123
[2024-05-10T05:55:23.201+0000] {logging_mixin.py:188} INFO - Retrieved data for page 124
[2024-05-10T05:55:24.924+0000] {logging_mixin.py:188} INFO - Retrieved data for page 125
[2024-05-10T05:55:27.513+0000] {logging_mixin.py:188} INFO - Retrieved data for page 126
[2024-05-10T05:55:29.585+0000] {logging_mixin.py:188} INFO - Retrieved data for page 127
[2024-05-10T05:55:31.638+0000] {logging_mixin.py:188} INFO - Retrieved data for page 128
[2024-05-10T05:55:33.819+0000] {logging_mixin.py:188} INFO - Retrieved data for page 129
[2024-05-10T05:55:35.603+0000] {logging_mixin.py:188} INFO - Retrieved data for page 130
[2024-05-10T05:55:37.358+0000] {logging_mixin.py:188} INFO - Retrieved data for page 131
[2024-05-10T05:55:39.549+0000] {logging_mixin.py:188} INFO - Retrieved data for page 132
[2024-05-10T05:55:41.201+0000] {logging_mixin.py:188} INFO - Retrieved data for page 133
[2024-05-10T05:55:43.409+0000] {logging_mixin.py:188} INFO - Retrieved data for page 134
[2024-05-10T05:55:45.116+0000] {logging_mixin.py:188} INFO - Retrieved data for page 135
[2024-05-10T05:55:47.396+0000] {logging_mixin.py:188} INFO - Retrieved data for page 136
[2024-05-10T05:55:57.773+0000] {logging_mixin.py:188} INFO - Retrieved data for page 137
[2024-05-10T05:55:59.643+0000] {logging_mixin.py:188} INFO - Retrieved data for page 138
[2024-05-10T05:56:02.111+0000] {logging_mixin.py:188} INFO - Retrieved data for page 139
[2024-05-10T05:56:02.771+0000] {logging_mixin.py:188} INFO - Uploaded data/api_data_json/research_0.json to Minio
[2024-05-10T05:56:03.343+0000] {logging_mixin.py:188} INFO - Uploaded data/api_data_json/research_1.json to Minio
[2024-05-10T05:56:04.006+0000] {logging_mixin.py:188} INFO - Uploaded data/api_data_json/research_2.json to Minio
[2024-05-10T05:56:04.712+0000] {logging_mixin.py:188} INFO - Uploaded data/api_data_json/research_3.json to Minio
[2024-05-10T05:56:05.254+0000] {logging_mixin.py:188} INFO - Uploaded data/api_data_json/research_4.json to Minio
[2024-05-10T05:56:05.796+0000] {logging_mixin.py:188} INFO - Uploaded data/api_data_json/research_5.json to Minio
[2024-05-10T05:56:06.445+0000] {logging_mixin.py:188} INFO - Uploaded data/api_data_json/research_6.json to Minio
[2024-05-10T05:56:08.043+0000] {logging_mixin.py:188} INFO - Uploaded data/api_data_json/research_7.json to Minio
[2024-05-10T05:56:09.054+0000] {logging_mixin.py:188} INFO - Uploaded data/api_data_json/research_8.json to Minio
[2024-05-10T05:56:09.853+0000] {logging_mixin.py:188} INFO - Uploaded data/api_data_json/research_9.json to Minio
[2024-05-10T05:56:10.672+0000] {logging_mixin.py:188} INFO - Uploaded data/api_data_json/research_10.json to Minio
[2024-05-10T05:56:11.266+0000] {logging_mixin.py:188} INFO - Uploaded data/api_data_json/research_11.json to Minio
[2024-05-10T05:56:19.011+0000] {logging_mixin.py:188} INFO - Uploaded data/api_data_json/research_12.json to Minio
[2024-05-10T05:56:19.763+0000] {logging_mixin.py:188} INFO - Uploaded data/api_data_json/research_13.json to Minio
[2024-05-10T05:56:27.131+0000] {logging_mixin.py:188} INFO - Uploaded data/api_data_json/research_14.json to Minio
[2024-05-10T05:56:28.079+0000] {logging_mixin.py:188} INFO - Uploaded data/api_data_json/research_15.json to Minio
[2024-05-10T05:56:28.679+0000] {logging_mixin.py:188} INFO - Uploaded data/api_data_json/research_16.json to Minio
[2024-05-10T05:56:40.309+0000] {logging_mixin.py:188} INFO - Uploaded data/api_data_json/research_17.json to Minio
[2024-05-10T05:56:41.091+0000] {logging_mixin.py:188} INFO - Uploaded data/api_data_json/research_18.json to Minio
[2024-05-10T05:56:42.643+0000] {logging_mixin.py:188} INFO - Uploaded data/api_data_json/research_19.json to Minio
[2024-05-10T05:56:43.330+0000] {logging_mixin.py:188} INFO - Uploaded data/api_data_json/research_20.json to Minio
[2024-05-10T05:56:43.987+0000] {logging_mixin.py:188} INFO - Uploaded data/api_data_json/research_21.json to Minio
[2024-05-10T05:56:44.764+0000] {logging_mixin.py:188} INFO - Uploaded data/api_data_json/research_22.json to Minio
[2024-05-10T05:56:45.462+0000] {logging_mixin.py:188} INFO - Uploaded data/api_data_json/research_23.json to Minio
[2024-05-10T05:56:46.021+0000] {logging_mixin.py:188} INFO - Uploaded data/api_data_json/research_24.json to Minio
[2024-05-10T05:56:46.622+0000] {logging_mixin.py:188} INFO - Uploaded data/api_data_json/research_25.json to Minio
[2024-05-10T05:56:47.370+0000] {logging_mixin.py:188} INFO - Uploaded data/api_data_json/research_26.json to Minio
[2024-05-10T05:56:48.130+0000] {logging_mixin.py:188} INFO - Uploaded data/api_data_json/research_27.json to Minio
[2024-05-10T05:56:48.797+0000] {logging_mixin.py:188} INFO - Uploaded data/api_data_json/research_28.json to Minio
[2024-05-10T05:56:49.714+0000] {logging_mixin.py:188} INFO - Uploaded data/api_data_json/research_29.json to Minio
[2024-05-10T05:56:50.300+0000] {logging_mixin.py:188} INFO - Uploaded data/api_data_json/research_30.json to Minio
[2024-05-10T05:56:50.972+0000] {logging_mixin.py:188} INFO - Uploaded data/api_data_json/research_31.json to Minio
[2024-05-10T05:56:51.629+0000] {logging_mixin.py:188} INFO - Uploaded data/api_data_json/research_32.json to Minio
[2024-05-10T05:56:52.220+0000] {logging_mixin.py:188} INFO - Uploaded data/api_data_json/research_33.json to Minio
[2024-05-10T05:56:52.762+0000] {logging_mixin.py:188} INFO - Failed to retrieve data: 500
[2024-05-10T05:56:53.371+0000] {logging_mixin.py:188} INFO - Uploaded data/api_data_json/research_35.json to Minio
[2024-05-10T05:56:54.200+0000] {logging_mixin.py:188} INFO - Uploaded data/api_data_json/research_36.json to Minio
[2024-05-10T05:56:55.217+0000] {logging_mixin.py:188} INFO - Uploaded data/api_data_json/research_37.json to Minio
[2024-05-10T05:56:57.101+0000] {logging_mixin.py:188} INFO - Uploaded data/api_data_json/research_38.json to Minio
[2024-05-10T05:56:57.644+0000] {logging_mixin.py:188} INFO - Uploaded data/api_data_json/research_39.json to Minio
[2024-05-10T05:56:58.436+0000] {logging_mixin.py:188} INFO - Uploaded data/api_data_json/research_40.json to Minio
[2024-05-10T05:56:59.026+0000] {logging_mixin.py:188} INFO - Uploaded data/api_data_json/research_41.json to Minio
[2024-05-10T05:57:00.459+0000] {logging_mixin.py:188} INFO - Uploaded data/api_data_json/research_42.json to Minio
[2024-05-10T05:57:01.156+0000] {logging_mixin.py:188} INFO - Uploaded data/api_data_json/research_43.json to Minio
[2024-05-10T05:57:01.776+0000] {logging_mixin.py:188} INFO - Uploaded data/api_data_json/research_44.json to Minio
[2024-05-10T05:57:02.668+0000] {logging_mixin.py:188} INFO - Uploaded data/api_data_json/research_45.json to Minio
[2024-05-10T05:57:03.245+0000] {logging_mixin.py:188} INFO - Uploaded data/api_data_json/research_46.json to Minio
[2024-05-10T05:57:10.542+0000] {logging_mixin.py:188} INFO - Uploaded data/api_data_json/research_47.json to Minio
[2024-05-10T05:57:11.139+0000] {logging_mixin.py:188} INFO - Uploaded data/api_data_json/research_48.json to Minio
[2024-05-10T05:57:11.859+0000] {logging_mixin.py:188} INFO - Uploaded data/api_data_json/research_49.json to Minio
[2024-05-10T05:57:12.464+0000] {logging_mixin.py:188} INFO - Uploaded data/api_data_json/research_50.json to Minio
[2024-05-10T05:57:13.130+0000] {logging_mixin.py:188} INFO - Uploaded data/api_data_json/research_51.json to Minio
[2024-05-10T05:57:13.725+0000] {logging_mixin.py:188} INFO - Uploaded data/api_data_json/research_52.json to Minio
[2024-05-10T05:57:14.656+0000] {logging_mixin.py:188} INFO - Uploaded data/api_data_json/research_53.json to Minio
[2024-05-10T05:57:15.258+0000] {logging_mixin.py:188} INFO - Uploaded data/api_data_json/research_54.json to Minio
[2024-05-10T05:57:15.810+0000] {logging_mixin.py:188} INFO - Uploaded data/api_data_json/research_55.json to Minio
[2024-05-10T05:57:16.774+0000] {logging_mixin.py:188} INFO - Uploaded data/api_data_json/research_56.json to Minio
[2024-05-10T05:57:17.533+0000] {logging_mixin.py:188} INFO - Uploaded data/api_data_json/research_57.json to Minio
[2024-05-10T05:57:18.364+0000] {logging_mixin.py:188} INFO - Uploaded data/api_data_json/research_58.json to Minio
[2024-05-10T05:57:18.945+0000] {logging_mixin.py:188} INFO - Uploaded data/api_data_json/research_59.json to Minio
[2024-05-10T05:57:19.622+0000] {logging_mixin.py:188} INFO - Uploaded data/api_data_json/research_60.json to Minio
[2024-05-10T05:57:20.274+0000] {logging_mixin.py:188} INFO - Uploaded data/api_data_json/research_61.json to Minio
[2024-05-10T05:57:21.143+0000] {logging_mixin.py:188} INFO - Uploaded data/api_data_json/research_62.json to Minio
[2024-05-10T05:57:21.848+0000] {logging_mixin.py:188} INFO - Uploaded data/api_data_json/research_63.json to Minio
[2024-05-10T05:57:22.457+0000] {logging_mixin.py:188} INFO - Uploaded data/api_data_json/research_64.json to Minio
[2024-05-10T05:57:23.085+0000] {logging_mixin.py:188} INFO - Uploaded data/api_data_json/research_65.json to Minio
[2024-05-10T05:57:26.547+0000] {logging_mixin.py:188} INFO - Uploaded data/api_data_json/research_66.json to Minio
[2024-05-10T05:57:27.171+0000] {logging_mixin.py:188} INFO - Uploaded data/api_data_json/research_67.json to Minio
[2024-05-10T05:57:27.760+0000] {logging_mixin.py:188} INFO - Uploaded data/api_data_json/research_68.json to Minio
[2024-05-10T05:57:28.412+0000] {logging_mixin.py:188} INFO - Uploaded data/api_data_json/research_69.json to Minio
[2024-05-10T05:57:29.007+0000] {logging_mixin.py:188} INFO - Uploaded data/api_data_json/research_70.json to Minio
[2024-05-10T05:57:29.642+0000] {logging_mixin.py:188} INFO - Uploaded data/api_data_json/research_71.json to Minio
[2024-05-10T05:57:30.197+0000] {logging_mixin.py:188} INFO - Uploaded data/api_data_json/research_72.json to Minio
[2024-05-10T05:57:31.099+0000] {logging_mixin.py:188} INFO - Uploaded data/api_data_json/research_73.json to Minio
[2024-05-10T05:57:31.897+0000] {logging_mixin.py:188} INFO - Uploaded data/api_data_json/research_74.json to Minio
[2024-05-10T05:57:32.541+0000] {logging_mixin.py:188} INFO - Uploaded data/api_data_json/research_75.json to Minio
[2024-05-10T05:57:34.104+0000] {logging_mixin.py:188} INFO - Uploaded data/api_data_json/research_76.json to Minio
[2024-05-10T05:57:34.646+0000] {logging_mixin.py:188} INFO - Uploaded data/api_data_json/research_77.json to Minio
[2024-05-10T05:57:35.202+0000] {logging_mixin.py:188} INFO - Uploaded data/api_data_json/research_78.json to Minio
[2024-05-10T05:57:36.057+0000] {logging_mixin.py:188} INFO - Uploaded data/api_data_json/research_79.json to Minio
[2024-05-10T05:57:36.614+0000] {logging_mixin.py:188} INFO - Uploaded data/api_data_json/research_80.json to Minio
[2024-05-10T05:57:37.151+0000] {logging_mixin.py:188} INFO - Uploaded data/api_data_json/research_81.json to Minio
[2024-05-10T05:57:37.665+0000] {logging_mixin.py:188} INFO - Uploaded data/api_data_json/research_82.json to Minio
[2024-05-10T05:57:38.351+0000] {logging_mixin.py:188} INFO - Uploaded data/api_data_json/research_83.json to Minio
[2024-05-10T05:57:39.025+0000] {logging_mixin.py:188} INFO - Uploaded data/api_data_json/research_84.json to Minio
[2024-05-10T05:57:39.678+0000] {logging_mixin.py:188} INFO - Uploaded data/api_data_json/research_85.json to Minio
[2024-05-10T05:57:49.933+0000] {logging_mixin.py:188} INFO - Uploaded data/api_data_json/research_86.json to Minio
[2024-05-10T05:57:50.648+0000] {logging_mixin.py:188} INFO - Uploaded data/api_data_json/research_87.json to Minio
[2024-05-10T05:57:51.240+0000] {logging_mixin.py:188} INFO - Uploaded data/api_data_json/research_88.json to Minio
[2024-05-10T05:57:51.912+0000] {logging_mixin.py:188} INFO - Uploaded data/api_data_json/research_89.json to Minio
[2024-05-10T05:57:53.078+0000] {logging_mixin.py:188} INFO - Uploaded data/api_data_json/research_90.json to Minio
[2024-05-10T05:57:53.726+0000] {logging_mixin.py:188} INFO - Uploaded data/api_data_json/research_91.json to Minio
[2024-05-10T05:57:55.023+0000] {logging_mixin.py:188} INFO - Uploaded data/api_data_json/research_92.json to Minio
[2024-05-10T05:57:56.324+0000] {logging_mixin.py:188} INFO - Uploaded data/api_data_json/research_93.json to Minio
[2024-05-10T05:57:56.855+0000] {logging_mixin.py:188} INFO - Uploaded data/api_data_json/research_94.json to Minio
[2024-05-10T05:57:57.599+0000] {logging_mixin.py:188} INFO - Uploaded data/api_data_json/research_95.json to Minio
[2024-05-10T05:57:58.192+0000] {logging_mixin.py:188} INFO - Uploaded data/api_data_json/research_96.json to Minio
[2024-05-10T05:57:58.818+0000] {logging_mixin.py:188} INFO - Uploaded data/api_data_json/research_97.json to Minio
[2024-05-10T05:58:00.136+0000] {logging_mixin.py:188} INFO - Uploaded data/api_data_json/research_98.json to Minio
[2024-05-10T05:58:00.965+0000] {logging_mixin.py:188} INFO - Uploaded data/api_data_json/research_99.json to Minio
[2024-05-10T05:58:01.611+0000] {logging_mixin.py:188} INFO - Uploaded data/api_data_json/research_100.json to Minio
[2024-05-10T05:58:02.228+0000] {logging_mixin.py:188} INFO - Uploaded data/api_data_json/research_101.json to Minio
[2024-05-10T05:58:03.249+0000] {logging_mixin.py:188} INFO - Uploaded data/api_data_json/research_102.json to Minio
[2024-05-10T05:58:04.035+0000] {logging_mixin.py:188} INFO - Uploaded data/api_data_json/research_103.json to Minio
[2024-05-10T05:58:04.665+0000] {logging_mixin.py:188} INFO - Uploaded data/api_data_json/research_104.json to Minio
[2024-05-10T05:58:05.541+0000] {logging_mixin.py:188} INFO - Uploaded data/api_data_json/research_105.json to Minio
[2024-05-10T05:58:06.823+0000] {logging_mixin.py:188} INFO - Uploaded data/api_data_json/research_106.json to Minio
[2024-05-10T05:58:07.430+0000] {logging_mixin.py:188} INFO - Uploaded data/api_data_json/research_107.json to Minio
[2024-05-10T05:58:08.165+0000] {logging_mixin.py:188} INFO - Uploaded data/api_data_json/research_108.json to Minio
[2024-05-10T05:58:08.778+0000] {logging_mixin.py:188} INFO - Uploaded data/api_data_json/research_109.json to Minio
[2024-05-10T05:58:15.172+0000] {logging_mixin.py:188} INFO - Uploaded data/api_data_json/research_110.json to Minio
[2024-05-10T05:58:22.331+0000] {logging_mixin.py:188} INFO - Uploaded data/api_data_json/research_111.json to Minio
[2024-05-10T05:58:29.214+0000] {logging_mixin.py:188} INFO - Uploaded data/api_data_json/research_112.json to Minio
[2024-05-10T05:58:29.891+0000] {logging_mixin.py:188} INFO - Uploaded data/api_data_json/research_113.json to Minio
[2024-05-10T05:58:30.816+0000] {logging_mixin.py:188} INFO - Uploaded data/api_data_json/research_114.json to Minio
[2024-05-10T05:58:37.808+0000] {logging_mixin.py:188} INFO - Uploaded data/api_data_json/research_115.json to Minio
[2024-05-10T05:58:43.088+0000] {logging_mixin.py:188} INFO - Uploaded data/api_data_json/research_116.json to Minio
[2024-05-10T05:58:50.514+0000] {logging_mixin.py:188} INFO - Uploaded data/api_data_json/research_117.json to Minio
[2024-05-10T05:58:51.078+0000] {logging_mixin.py:188} INFO - Uploaded data/api_data_json/research_118.json to Minio
[2024-05-10T05:58:51.695+0000] {logging_mixin.py:188} INFO - Uploaded data/api_data_json/research_119.json to Minio
[2024-05-10T05:58:55.537+0000] {logging_mixin.py:188} INFO - Uploaded data/api_data_json/research_120.json to Minio
[2024-05-10T05:58:58.101+0000] {logging_mixin.py:188} INFO - Uploaded data/api_data_json/research_121.json to Minio
[2024-05-10T05:58:58.947+0000] {logging_mixin.py:188} INFO - Uploaded data/api_data_json/research_122.json to Minio
[2024-05-10T05:58:59.641+0000] {logging_mixin.py:188} INFO - Uploaded data/api_data_json/research_123.json to Minio
[2024-05-10T05:59:00.382+0000] {logging_mixin.py:188} INFO - Uploaded data/api_data_json/research_124.json to Minio
[2024-05-10T05:59:01.021+0000] {logging_mixin.py:188} INFO - Uploaded data/api_data_json/research_125.json to Minio
[2024-05-10T05:59:01.655+0000] {logging_mixin.py:188} INFO - Uploaded data/api_data_json/research_126.json to Minio
[2024-05-10T05:59:02.389+0000] {logging_mixin.py:188} INFO - Uploaded data/api_data_json/research_127.json to Minio
[2024-05-10T05:59:03.082+0000] {logging_mixin.py:188} INFO - Uploaded data/api_data_json/research_128.json to Minio
[2024-05-10T05:59:11.678+0000] {logging_mixin.py:188} INFO - Uploaded data/api_data_json/research_129.json to Minio
[2024-05-10T05:59:12.462+0000] {logging_mixin.py:188} INFO - Uploaded data/api_data_json/research_130.json to Minio
[2024-05-10T05:59:13.108+0000] {logging_mixin.py:188} INFO - Uploaded data/api_data_json/research_131.json to Minio
[2024-05-10T05:59:13.697+0000] {logging_mixin.py:188} INFO - Uploaded data/api_data_json/research_132.json to Minio
[2024-05-10T05:59:14.316+0000] {logging_mixin.py:188} INFO - Uploaded data/api_data_json/research_133.json to Minio
[2024-05-10T05:59:14.883+0000] {logging_mixin.py:188} INFO - Uploaded data/api_data_json/research_134.json to Minio
[2024-05-10T05:59:15.459+0000] {logging_mixin.py:188} INFO - Uploaded data/api_data_json/research_135.json to Minio
[2024-05-10T05:59:16.147+0000] {logging_mixin.py:188} INFO - Uploaded data/api_data_json/research_136.json to Minio
[2024-05-10T05:59:16.788+0000] {logging_mixin.py:188} INFO - Uploaded data/api_data_json/research_137.json to Minio
[2024-05-10T05:59:17.419+0000] {logging_mixin.py:188} INFO - Uploaded data/api_data_json/research_138.json to Minio
[2024-05-10T05:59:18.017+0000] {logging_mixin.py:188} INFO - Uploaded data/api_data_json/research_139.json to Minio
[2024-05-10T05:59:18.644+0000] {logging_mixin.py:188} INFO - Uploaded data/api_data_json/research_140.json to Minio
[2024-05-10T05:59:19.301+0000] {logging_mixin.py:188} INFO - Uploaded data/api_data_json/research_141.json to Minio
[2024-05-10T05:59:20.001+0000] {logging_mixin.py:188} INFO - Uploaded data/api_data_json/research_142.json to Minio
[2024-05-10T05:59:21.163+0000] {logging_mixin.py:188} INFO - Uploaded data/api_data_json/research_143.json to Minio
[2024-05-10T05:59:21.928+0000] {logging_mixin.py:188} INFO - Uploaded data/api_data_json/research_144.json to Minio
[2024-05-10T05:59:22.584+0000] {logging_mixin.py:188} INFO - Uploaded data/api_data_json/research_145.json to Minio
[2024-05-10T05:59:23.217+0000] {logging_mixin.py:188} INFO - Uploaded data/api_data_json/research_146.json to Minio
[2024-05-10T05:59:24.073+0000] {logging_mixin.py:188} INFO - Uploaded data/api_data_json/research_147.json to Minio
[2024-05-10T05:59:24.686+0000] {logging_mixin.py:188} INFO - Uploaded data/api_data_json/research_148.json to Minio
[2024-05-10T05:59:25.265+0000] {logging_mixin.py:188} INFO - Uploaded data/api_data_json/research_149.json to Minio
[2024-05-10T05:59:30.063+0000] {logging_mixin.py:188} INFO - Uploaded data/api_data_json/research_150.json to Minio
[2024-05-10T05:59:37.919+0000] {logging_mixin.py:188} INFO - Uploaded data/api_data_json/research_151.json to Minio
[2024-05-10T05:59:38.532+0000] {logging_mixin.py:188} INFO - Uploaded data/api_data_json/research_152.json to Minio
[2024-05-10T05:59:39.169+0000] {logging_mixin.py:188} INFO - Uploaded data/api_data_json/research_153.json to Minio
[2024-05-10T05:59:43.191+0000] {logging_mixin.py:188} INFO - Uploaded data/api_data_json/research_154.json to Minio
[2024-05-10T05:59:46.960+0000] {logging_mixin.py:188} INFO - Uploaded data/api_data_json/research_155.json to Minio
[2024-05-10T05:59:47.568+0000] {logging_mixin.py:188} INFO - Uploaded data/api_data_json/research_156.json to Minio
[2024-05-10T06:00:25.717+0000] {logging_mixin.py:188} INFO - Uploaded data/api_data_json/research_157.json to Minio
[2024-05-10T06:00:43.386+0000] {logging_mixin.py:188} INFO - Uploaded data/api_data_json/research_158.json to Minio
[2024-05-10T06:00:48.948+0000] {logging_mixin.py:188} INFO - Uploaded data/api_data_json/research_159.json to Minio
[2024-05-10T06:00:49.691+0000] {logging_mixin.py:188} INFO - Uploaded data/api_data_json/research_160.json to Minio
[2024-05-10T06:00:50.450+0000] {logging_mixin.py:188} INFO - Uploaded data/api_data_json/research_161.json to Minio
[2024-05-10T06:00:56.589+0000] {logging_mixin.py:188} INFO - Uploaded data/api_data_json/research_162.json to Minio
[2024-05-10T06:00:57.179+0000] {logging_mixin.py:188} INFO - Uploaded data/api_data_json/research_163.json to Minio
[2024-05-10T06:00:57.765+0000] {logging_mixin.py:188} INFO - Uploaded data/api_data_json/research_164.json to Minio
[2024-05-10T06:00:58.665+0000] {logging_mixin.py:188} INFO - Uploaded data/api_data_json/research_165.json to Minio
[2024-05-10T06:00:59.977+0000] {logging_mixin.py:188} INFO - Uploaded data/api_data_json/research_166.json to Minio
[2024-05-10T06:01:00.740+0000] {logging_mixin.py:188} INFO - Uploaded data/api_data_json/research_167.json to Minio
[2024-05-10T06:01:01.384+0000] {logging_mixin.py:188} INFO - Uploaded data/api_data_json/research_168.json to Minio
[2024-05-10T06:01:08.090+0000] {logging_mixin.py:188} INFO - Uploaded data/api_data_json/research_169.json to Minio
[2024-05-10T06:01:09.010+0000] {logging_mixin.py:188} INFO - Uploaded data/api_data_json/research_170.json to Minio
[2024-05-10T06:01:09.618+0000] {logging_mixin.py:188} INFO - Uploaded data/api_data_json/research_171.json to Minio
[2024-05-10T06:01:10.161+0000] {logging_mixin.py:188} INFO - Uploaded data/api_data_json/research_172.json to Minio
[2024-05-10T06:01:16.715+0000] {logging_mixin.py:188} INFO - Uploaded data/api_data_json/research_173.json to Minio
[2024-05-10T06:01:20.917+0000] {logging_mixin.py:188} INFO - Uploaded data/api_data_json/research_174.json to Minio
[2024-05-10T06:01:28.737+0000] {logging_mixin.py:188} INFO - Uploaded data/api_data_json/research_175.json to Minio
[2024-05-10T06:01:29.498+0000] {logging_mixin.py:188} INFO - Uploaded data/api_data_json/research_176.json to Minio
[2024-05-10T06:01:30.149+0000] {logging_mixin.py:188} INFO - Uploaded data/api_data_json/research_177.json to Minio
[2024-05-10T06:01:36.547+0000] {logging_mixin.py:188} INFO - Uploaded data/api_data_json/research_178.json to Minio
[2024-05-10T06:01:37.184+0000] {logging_mixin.py:188} INFO - Uploaded data/api_data_json/research_179.json to Minio
[2024-05-10T06:01:37.947+0000] {logging_mixin.py:188} INFO - Uploaded data/api_data_json/research_180.json to Minio
[2024-05-10T06:01:38.874+0000] {logging_mixin.py:188} INFO - Uploaded data/api_data_json/research_181.json to Minio
[2024-05-10T06:01:39.551+0000] {logging_mixin.py:188} INFO - Uploaded data/api_data_json/research_182.json to Minio
[2024-05-10T06:01:40.280+0000] {logging_mixin.py:188} INFO - Uploaded data/api_data_json/research_183.json to Minio
[2024-05-10T06:01:41.019+0000] {logging_mixin.py:188} INFO - Uploaded data/api_data_json/research_184.json to Minio
[2024-05-10T06:01:41.697+0000] {logging_mixin.py:188} INFO - Uploaded data/api_data_json/research_185.json to Minio
[2024-05-10T06:01:42.408+0000] {logging_mixin.py:188} INFO - Uploaded data/api_data_json/research_186.json to Minio
[2024-05-10T06:01:43.396+0000] {logging_mixin.py:188} INFO - Uploaded data/api_data_json/research_187.json to Minio
[2024-05-10T06:01:44.124+0000] {logging_mixin.py:188} INFO - Uploaded data/api_data_json/research_188.json to Minio
[2024-05-10T06:01:44.790+0000] {logging_mixin.py:188} INFO - Uploaded data/api_data_json/research_189.json to Minio
[2024-05-10T06:01:45.436+0000] {logging_mixin.py:188} INFO - Uploaded data/api_data_json/research_190.json to Minio
[2024-05-10T06:01:46.122+0000] {logging_mixin.py:188} INFO - Uploaded data/api_data_json/research_191.json to Minio
[2024-05-10T06:01:46.761+0000] {logging_mixin.py:188} INFO - Uploaded data/api_data_json/research_192.json to Minio
[2024-05-10T06:01:47.415+0000] {logging_mixin.py:188} INFO - Uploaded data/api_data_json/research_193.json to Minio
[2024-05-10T06:01:48.031+0000] {logging_mixin.py:188} INFO - Uploaded data/api_data_json/research_194.json to Minio
[2024-05-10T06:01:48.612+0000] {logging_mixin.py:188} INFO - Uploaded data/api_data_json/research_195.json to Minio
[2024-05-10T06:01:49.217+0000] {logging_mixin.py:188} INFO - Uploaded data/api_data_json/research_196.json to Minio
[2024-05-10T06:01:49.934+0000] {logging_mixin.py:188} INFO - Uploaded data/api_data_json/research_197.json to Minio
[2024-05-10T06:01:50.874+0000] {logging_mixin.py:188} INFO - Uploaded data/api_data_json/research_198.json to Minio
[2024-05-10T06:01:51.833+0000] {logging_mixin.py:188} INFO - Uploaded data/api_data_json/research_199.json to Minio
[2024-05-10T06:01:52.971+0000] {logging_mixin.py:188} INFO - Uploaded data/api_data_json/research_200.json to Minio
[2024-05-10T06:01:53.649+0000] {logging_mixin.py:188} INFO - Uploaded data/api_data_json/research_201.json to Minio
[2024-05-10T06:01:54.920+0000] {logging_mixin.py:188} INFO - Uploaded data/api_data_json/research_202.json to Minio
[2024-05-10T06:01:55.484+0000] {logging_mixin.py:188} INFO - Uploaded data/api_data_json/research_203.json to Minio
[2024-05-10T06:01:56.453+0000] {logging_mixin.py:188} INFO - Uploaded data/api_data_json/research_204.json to Minio
[2024-05-10T06:01:57.089+0000] {logging_mixin.py:188} INFO - Uploaded data/api_data_json/research_205.json to Minio
[2024-05-10T06:01:57.724+0000] {logging_mixin.py:188} INFO - Uploaded data/api_data_json/research_206.json to Minio
[2024-05-10T06:01:58.338+0000] {logging_mixin.py:188} INFO - Uploaded data/api_data_json/research_207.json to Minio
[2024-05-10T06:01:59.014+0000] {logging_mixin.py:188} INFO - Uploaded data/api_data_json/research_208.json to Minio
[2024-05-10T06:02:04.729+0000] {logging_mixin.py:188} INFO - Uploaded data/api_data_json/research_209.json to Minio
[2024-05-10T06:02:05.315+0000] {logging_mixin.py:188} INFO - Uploaded data/api_data_json/research_210.json to Minio
[2024-05-10T06:02:05.923+0000] {logging_mixin.py:188} INFO - Uploaded data/api_data_json/research_211.json to Minio
[2024-05-10T06:02:06.508+0000] {logging_mixin.py:188} INFO - Uploaded data/api_data_json/research_212.json to Minio
[2024-05-10T06:02:07.145+0000] {logging_mixin.py:188} INFO - Uploaded data/api_data_json/research_213.json to Minio
[2024-05-10T06:02:07.696+0000] {logging_mixin.py:188} INFO - Uploaded data/api_data_json/research_214.json to Minio
[2024-05-10T06:02:08.391+0000] {logging_mixin.py:188} INFO - Uploaded data/api_data_json/research_215.json to Minio
[2024-05-10T06:02:09.089+0000] {logging_mixin.py:188} INFO - Uploaded data/api_data_json/research_216.json to Minio
[2024-05-10T06:02:09.691+0000] {logging_mixin.py:188} INFO - Uploaded data/api_data_json/research_217.json to Minio
[2024-05-10T06:02:10.219+0000] {logging_mixin.py:188} INFO - Uploaded data/api_data_json/research_218.json to Minio
[2024-05-10T06:02:10.799+0000] {logging_mixin.py:188} INFO - Uploaded data/api_data_json/research_219.json to Minio
[2024-05-10T06:02:11.455+0000] {logging_mixin.py:188} INFO - Uploaded data/api_data_json/research_220.json to Minio
[2024-05-10T06:02:12.173+0000] {logging_mixin.py:188} INFO - Uploaded data/api_data_json/research_221.json to Minio
[2024-05-10T06:02:12.821+0000] {logging_mixin.py:188} INFO - Uploaded data/api_data_json/research_222.json to Minio
[2024-05-10T06:02:13.513+0000] {logging_mixin.py:188} INFO - Uploaded data/api_data_json/research_223.json to Minio
[2024-05-10T06:02:14.268+0000] {logging_mixin.py:188} INFO - Uploaded data/api_data_json/research_224.json to Minio
[2024-05-10T06:02:14.924+0000] {logging_mixin.py:188} INFO - Uploaded data/api_data_json/research_225.json to Minio
[2024-05-10T06:02:15.560+0000] {logging_mixin.py:188} INFO - Uploaded data/api_data_json/research_226.json to Minio
[2024-05-10T06:02:16.164+0000] {logging_mixin.py:188} INFO - Uploaded data/api_data_json/research_227.json to Minio
[2024-05-10T06:02:16.739+0000] {logging_mixin.py:188} INFO - Uploaded data/api_data_json/research_228.json to Minio
[2024-05-10T06:02:17.677+0000] {logging_mixin.py:188} INFO - Uploaded data/api_data_json/research_229.json to Minio
[2024-05-10T06:02:24.663+0000] {logging_mixin.py:188} INFO - Uploaded data/api_data_json/research_230.json to Minio
[2024-05-10T06:02:25.517+0000] {logging_mixin.py:188} INFO - Uploaded data/api_data_json/research_231.json to Minio
[2024-05-10T06:02:26.125+0000] {logging_mixin.py:188} INFO - Uploaded data/api_data_json/research_232.json to Minio
[2024-05-10T06:02:26.912+0000] {logging_mixin.py:188} INFO - Uploaded data/api_data_json/research_233.json to Minio
[2024-05-10T06:02:27.547+0000] {logging_mixin.py:188} INFO - Uploaded data/api_data_json/research_234.json to Minio
[2024-05-10T06:02:28.238+0000] {logging_mixin.py:188} INFO - Uploaded data/api_data_json/research_235.json to Minio
[2024-05-10T06:02:28.811+0000] {logging_mixin.py:188} INFO - Uploaded data/api_data_json/research_236.json to Minio
[2024-05-10T06:02:29.458+0000] {logging_mixin.py:188} INFO - Uploaded data/api_data_json/research_237.json to Minio
[2024-05-10T06:02:30.141+0000] {logging_mixin.py:188} INFO - Uploaded data/api_data_json/research_238.json to Minio
[2024-05-10T06:02:35.555+0000] {logging_mixin.py:188} INFO - Uploaded data/api_data_json/research_239.json to Minio
[2024-05-10T06:02:54.183+0000] {logging_mixin.py:188} INFO - Uploaded data/api_data_json/research_240.json to Minio
[2024-05-10T06:03:00.469+0000] {logging_mixin.py:188} INFO - Uploaded data/api_data_json/research_241.json to Minio
[2024-05-10T06:03:01.395+0000] {logging_mixin.py:188} INFO - Uploaded data/api_data_json/research_242.json to Minio
[2024-05-10T06:03:05.488+0000] {logging_mixin.py:188} INFO - Uploaded data/api_data_json/research_243.json to Minio
[2024-05-10T06:03:07.804+0000] {logging_mixin.py:188} INFO - Uploaded data/api_data_json/research_244.json to Minio
[2024-05-10T06:03:08.664+0000] {logging_mixin.py:188} INFO - Uploaded data/api_data_json/research_245.json to Minio
[2024-05-10T06:03:09.456+0000] {logging_mixin.py:188} INFO - Uploaded data/api_data_json/research_246.json to Minio
[2024-05-10T06:03:10.211+0000] {logging_mixin.py:188} INFO - Uploaded data/api_data_json/research_247.json to Minio
[2024-05-10T06:03:10.812+0000] {logging_mixin.py:188} INFO - Uploaded data/api_data_json/research_248.json to Minio
[2024-05-10T06:03:11.501+0000] {logging_mixin.py:188} INFO - Uploaded data/api_data_json/research_249.json to Minio
[2024-05-10T06:03:12.120+0000] {logging_mixin.py:188} INFO - Uploaded data/api_data_json/research_250.json to Minio
[2024-05-10T06:03:12.896+0000] {logging_mixin.py:188} INFO - Uploaded data/api_data_json/research_251.json to Minio
[2024-05-10T06:03:13.497+0000] {logging_mixin.py:188} INFO - Uploaded data/api_data_json/research_252.json to Minio
[2024-05-10T06:03:14.063+0000] {logging_mixin.py:188} INFO - Uploaded data/api_data_json/research_253.json to Minio
[2024-05-10T06:03:14.655+0000] {logging_mixin.py:188} INFO - Uploaded data/api_data_json/research_254.json to Minio
[2024-05-10T06:03:19.013+0000] {logging_mixin.py:188} INFO - Uploaded data/api_data_json/research_255.json to Minio
[2024-05-10T06:03:22.818+0000] {logging_mixin.py:188} INFO - Uploaded data/api_data_json/research_256.json to Minio
[2024-05-10T06:03:25.620+0000] {logging_mixin.py:188} INFO - Uploaded data/api_data_json/research_257.json to Minio
[2024-05-10T06:03:26.201+0000] {logging_mixin.py:188} INFO - Uploaded data/api_data_json/research_258.json to Minio
[2024-05-10T06:03:26.799+0000] {logging_mixin.py:188} INFO - Uploaded data/api_data_json/research_259.json to Minio
[2024-05-10T06:03:27.432+0000] {logging_mixin.py:188} INFO - Uploaded data/api_data_json/research_260.json to Minio
[2024-05-10T06:03:28.016+0000] {logging_mixin.py:188} INFO - Uploaded data/api_data_json/research_261.json to Minio
[2024-05-10T06:03:32.248+0000] {logging_mixin.py:188} INFO - Uploaded data/api_data_json/research_262.json to Minio
[2024-05-10T06:03:34.015+0000] {logging_mixin.py:188} INFO - Uploaded data/api_data_json/research_263.json to Minio
[2024-05-10T06:03:34.713+0000] {logging_mixin.py:188} INFO - Uploaded data/api_data_json/research_264.json to Minio
[2024-05-10T06:03:35.695+0000] {logging_mixin.py:188} INFO - Uploaded data/api_data_json/research_265.json to Minio
[2024-05-10T06:03:36.365+0000] {logging_mixin.py:188} INFO - Uploaded data/api_data_json/research_266.json to Minio
[2024-05-10T06:03:36.939+0000] {logging_mixin.py:188} INFO - Uploaded data/api_data_json/research_267.json to Minio
[2024-05-10T06:03:37.749+0000] {logging_mixin.py:188} INFO - Uploaded data/api_data_json/research_268.json to Minio
[2024-05-10T06:03:38.496+0000] {logging_mixin.py:188} INFO - Uploaded data/api_data_json/research_269.json to Minio
[2024-05-10T06:03:39.177+0000] {logging_mixin.py:188} INFO - Uploaded data/api_data_json/research_270.json to Minio
[2024-05-10T06:03:39.894+0000] {logging_mixin.py:188} INFO - Uploaded data/api_data_json/research_271.json to Minio
[2024-05-10T06:03:40.463+0000] {logging_mixin.py:188} INFO - Uploaded data/api_data_json/research_272.json to Minio
[2024-05-10T06:03:56.402+0000] {logging_mixin.py:188} INFO - Uploaded data/api_data_json/research_273.json to Minio
[2024-05-10T06:03:57.133+0000] {logging_mixin.py:188} INFO - Uploaded data/api_data_json/research_274.json to Minio
[2024-05-10T06:03:57.924+0000] {logging_mixin.py:188} INFO - Uploaded data/api_data_json/research_275.json to Minio
[2024-05-10T06:03:58.512+0000] {logging_mixin.py:188} INFO - Uploaded data/api_data_json/research_276.json to Minio
[2024-05-10T06:03:59.242+0000] {logging_mixin.py:188} INFO - Uploaded data/api_data_json/research_277.json to Minio
[2024-05-10T06:03:59.852+0000] {logging_mixin.py:188} INFO - Uploaded data/api_data_json/research_278.json to Minio
[2024-05-10T06:04:00.567+0000] {logging_mixin.py:188} INFO - Uploaded data/api_data_json/research_279.json to Minio
[2024-05-10T06:04:01.391+0000] {logging_mixin.py:188} INFO - Uploaded data/api_data_json/research_280.json to Minio
[2024-05-10T06:04:02.232+0000] {logging_mixin.py:188} INFO - Uploaded data/api_data_json/research_281.json to Minio
[2024-05-10T06:04:02.863+0000] {logging_mixin.py:188} INFO - Uploaded data/api_data_json/research_282.json to Minio
[2024-05-10T06:04:03.495+0000] {logging_mixin.py:188} INFO - Uploaded data/api_data_json/research_283.json to Minio
[2024-05-10T06:04:04.182+0000] {logging_mixin.py:188} INFO - Uploaded data/api_data_json/research_284.json to Minio
[2024-05-10T06:04:04.787+0000] {logging_mixin.py:188} INFO - Uploaded data/api_data_json/research_285.json to Minio
[2024-05-10T06:04:15.760+0000] {logging_mixin.py:188} INFO - Uploaded data/api_data_json/research_286.json to Minio
[2024-05-10T06:04:16.629+0000] {logging_mixin.py:188} INFO - Uploaded data/api_data_json/research_287.json to Minio
[2024-05-10T06:04:21.738+0000] {logging_mixin.py:188} INFO - Uploaded data/api_data_json/research_288.json to Minio
[2024-05-10T06:04:31.099+0000] {logging_mixin.py:188} INFO - Uploaded data/api_data_json/research_289.json to Minio
[2024-05-10T06:04:31.952+0000] {logging_mixin.py:188} INFO - Uploaded data/api_data_json/research_290.json to Minio
[2024-05-10T06:04:32.570+0000] {logging_mixin.py:188} INFO - Uploaded data/api_data_json/research_291.json to Minio
[2024-05-10T06:04:41.389+0000] {logging_mixin.py:188} INFO - Uploaded data/api_data_json/research_292.json to Minio
[2024-05-10T06:04:48.463+0000] {logging_mixin.py:188} INFO - Uploaded data/api_data_json/research_293.json to Minio
[2024-05-10T06:04:49.154+0000] {logging_mixin.py:188} INFO - Uploaded data/api_data_json/research_294.json to Minio
[2024-05-10T06:04:49.741+0000] {logging_mixin.py:188} INFO - Uploaded data/api_data_json/research_295.json to Minio
[2024-05-10T06:04:50.369+0000] {logging_mixin.py:188} INFO - Uploaded data/api_data_json/research_296.json to Minio
[2024-05-10T06:04:50.941+0000] {logging_mixin.py:188} INFO - Uploaded data/api_data_json/research_297.json to Minio
[2024-05-10T06:04:51.575+0000] {logging_mixin.py:188} INFO - Uploaded data/api_data_json/research_298.json to Minio
[2024-05-10T06:04:52.202+0000] {logging_mixin.py:188} INFO - Uploaded data/api_data_json/research_299.json to Minio
[2024-05-10T06:04:52.843+0000] {logging_mixin.py:188} INFO - Uploaded data/api_data_json/research_300.json to Minio
[2024-05-10T06:04:53.769+0000] {logging_mixin.py:188} INFO - Uploaded data/api_data_json/research_301.json to Minio
[2024-05-10T06:04:54.453+0000] {logging_mixin.py:188} INFO - Uploaded data/api_data_json/research_302.json to Minio
[2024-05-10T06:04:55.069+0000] {logging_mixin.py:188} INFO - Uploaded data/api_data_json/research_303.json to Minio
[2024-05-10T06:04:55.708+0000] {logging_mixin.py:188} INFO - Uploaded data/api_data_json/research_304.json to Minio
[2024-05-10T06:04:56.354+0000] {logging_mixin.py:188} INFO - Uploaded data/api_data_json/research_305.json to Minio
[2024-05-10T06:04:57.049+0000] {logging_mixin.py:188} INFO - Uploaded data/api_data_json/research_306.json to Minio
[2024-05-10T06:04:57.617+0000] {logging_mixin.py:188} INFO - Uploaded data/api_data_json/research_307.json to Minio
[2024-05-10T06:04:58.231+0000] {logging_mixin.py:188} INFO - Uploaded data/api_data_json/research_308.json to Minio
[2024-05-10T06:04:58.913+0000] {logging_mixin.py:188} INFO - Uploaded data/api_data_json/research_309.json to Minio
[2024-05-10T06:04:59.789+0000] {logging_mixin.py:188} INFO - Uploaded data/api_data_json/research_310.json to Minio
[2024-05-10T06:05:00.454+0000] {logging_mixin.py:188} INFO - Uploaded data/api_data_json/research_311.json to Minio
[2024-05-10T06:05:01.080+0000] {logging_mixin.py:188} INFO - Uploaded data/api_data_json/research_312.json to Minio
[2024-05-10T06:05:28.721+0000] {logging_mixin.py:188} INFO - Uploaded data/api_data_json/research_313.json to Minio
[2024-05-10T06:05:29.399+0000] {logging_mixin.py:188} INFO - Uploaded data/api_data_json/research_314.json to Minio
[2024-05-10T06:05:30.060+0000] {logging_mixin.py:188} INFO - Uploaded data/api_data_json/research_315.json to Minio
[2024-05-10T06:05:30.918+0000] {logging_mixin.py:188} INFO - Uploaded data/api_data_json/research_316.json to Minio
[2024-05-10T06:05:31.473+0000] {logging_mixin.py:188} INFO - Uploaded data/api_data_json/research_317.json to Minio
[2024-05-10T06:05:32.330+0000] {logging_mixin.py:188} INFO - Uploaded data/api_data_json/research_318.json to Minio
[2024-05-10T06:05:32.985+0000] {logging_mixin.py:188} INFO - Uploaded data/api_data_json/research_319.json to Minio
[2024-05-10T06:05:33.596+0000] {logging_mixin.py:188} INFO - Uploaded data/api_data_json/research_320.json to Minio
[2024-05-10T06:05:34.185+0000] {logging_mixin.py:188} INFO - Uploaded data/api_data_json/research_321.json to Minio
[2024-05-10T06:05:34.871+0000] {logging_mixin.py:188} INFO - Uploaded data/api_data_json/research_322.json to Minio
[2024-05-10T06:05:35.528+0000] {logging_mixin.py:188} INFO - Uploaded data/api_data_json/research_323.json to Minio
[2024-05-10T06:05:36.343+0000] {logging_mixin.py:188} INFO - Uploaded data/api_data_json/research_324.json to Minio
[2024-05-10T06:05:37.092+0000] {logging_mixin.py:188} INFO - Uploaded data/api_data_json/research_325.json to Minio
[2024-05-10T06:05:37.782+0000] {logging_mixin.py:188} INFO - Uploaded data/api_data_json/research_326.json to Minio
[2024-05-10T06:05:38.376+0000] {logging_mixin.py:188} INFO - Uploaded data/api_data_json/research_327.json to Minio
[2024-05-10T06:05:39.010+0000] {logging_mixin.py:188} INFO - Uploaded data/api_data_json/research_328.json to Minio
[2024-05-10T06:05:39.784+0000] {logging_mixin.py:188} INFO - Uploaded data/api_data_json/research_329.json to Minio
[2024-05-10T06:05:40.430+0000] {logging_mixin.py:188} INFO - Uploaded data/api_data_json/research_330.json to Minio
[2024-05-10T06:05:41.056+0000] {logging_mixin.py:188} INFO - Uploaded data/api_data_json/research_331.json to Minio
[2024-05-10T06:05:41.638+0000] {logging_mixin.py:188} INFO - Uploaded data/api_data_json/research_332.json to Minio
[2024-05-10T06:05:42.325+0000] {logging_mixin.py:188} INFO - Uploaded data/api_data_json/research_333.json to Minio
[2024-05-10T06:05:42.891+0000] {logging_mixin.py:188} INFO - Uploaded data/api_data_json/research_334.json to Minio
[2024-05-10T06:05:43.543+0000] {logging_mixin.py:188} INFO - Uploaded data/api_data_json/research_335.json to Minio
[2024-05-10T06:05:44.107+0000] {logging_mixin.py:188} INFO - Uploaded data/api_data_json/research_336.json to Minio
[2024-05-10T06:05:44.817+0000] {logging_mixin.py:188} INFO - Uploaded data/api_data_json/research_337.json to Minio
[2024-05-10T06:05:45.437+0000] {logging_mixin.py:188} INFO - Uploaded data/api_data_json/research_338.json to Minio
[2024-05-10T06:05:46.031+0000] {logging_mixin.py:188} INFO - Uploaded data/api_data_json/research_339.json to Minio
[2024-05-10T06:05:46.735+0000] {logging_mixin.py:188} INFO - Uploaded data/api_data_json/research_340.json to Minio
[2024-05-10T06:05:47.347+0000] {logging_mixin.py:188} INFO - Uploaded data/api_data_json/research_341.json to Minio
[2024-05-10T06:05:48.063+0000] {logging_mixin.py:188} INFO - Uploaded data/api_data_json/research_342.json to Minio
[2024-05-10T06:05:55.789+0000] {logging_mixin.py:188} INFO - Uploaded data/api_data_json/research_343.json to Minio
[2024-05-10T06:05:56.433+0000] {logging_mixin.py:188} INFO - Uploaded data/api_data_json/research_344.json to Minio
[2024-05-10T06:05:57.054+0000] {logging_mixin.py:188} INFO - Uploaded data/api_data_json/research_345.json to Minio
[2024-05-10T06:05:57.599+0000] {logging_mixin.py:188} INFO - Uploaded data/api_data_json/research_346.json to Minio
[2024-05-10T06:05:58.180+0000] {logging_mixin.py:188} INFO - Uploaded data/api_data_json/research_347.json to Minio
[2024-05-10T06:05:58.799+0000] {logging_mixin.py:188} INFO - Uploaded data/api_data_json/research_348.json to Minio
[2024-05-10T06:05:59.532+0000] {logging_mixin.py:188} INFO - Uploaded data/api_data_json/research_349.json to Minio
[2024-05-10T06:06:05.346+0000] {logging_mixin.py:188} INFO - Uploaded data/api_data_json/research_350.json to Minio
[2024-05-10T06:06:06.011+0000] {logging_mixin.py:188} INFO - Uploaded data/api_data_json/research_351.json to Minio
[2024-05-10T06:06:11.653+0000] {logging_mixin.py:188} INFO - Uploaded data/api_data_json/research_352.json to Minio
[2024-05-10T06:06:18.825+0000] {logging_mixin.py:188} INFO - Uploaded data/api_data_json/research_353.json to Minio
[2024-05-10T06:06:19.424+0000] {logging_mixin.py:188} INFO - Uploaded data/api_data_json/research_354.json to Minio
[2024-05-10T06:06:20.083+0000] {logging_mixin.py:188} INFO - Uploaded data/api_data_json/research_355.json to Minio
[2024-05-10T06:06:20.697+0000] {logging_mixin.py:188} INFO - Uploaded data/api_data_json/research_356.json to Minio
[2024-05-10T06:06:21.238+0000] {logging_mixin.py:188} INFO - Uploaded data/api_data_json/research_357.json to Minio
[2024-05-10T06:06:40.309+0000] {logging_mixin.py:188} INFO - Uploaded data/api_data_json/research_358.json to Minio
[2024-05-10T06:06:40.908+0000] {logging_mixin.py:188} INFO - Uploaded data/api_data_json/research_359.json to Minio
[2024-05-10T06:06:41.510+0000] {logging_mixin.py:188} INFO - Uploaded data/api_data_json/research_360.json to Minio
[2024-05-10T06:06:42.079+0000] {logging_mixin.py:188} INFO - Uploaded data/api_data_json/research_361.json to Minio
[2024-05-10T06:06:42.680+0000] {logging_mixin.py:188} INFO - Uploaded data/api_data_json/research_362.json to Minio
[2024-05-10T06:06:43.306+0000] {logging_mixin.py:188} INFO - Uploaded data/api_data_json/research_363.json to Minio
[2024-05-10T06:06:43.856+0000] {logging_mixin.py:188} INFO - Uploaded data/api_data_json/research_364.json to Minio
[2024-05-10T06:06:44.508+0000] {logging_mixin.py:188} INFO - Uploaded data/api_data_json/research_365.json to Minio
[2024-05-10T06:06:45.083+0000] {logging_mixin.py:188} INFO - Uploaded data/api_data_json/research_366.json to Minio
[2024-05-10T06:06:45.853+0000] {logging_mixin.py:188} INFO - Uploaded data/api_data_json/research_367.json to Minio
[2024-05-10T06:06:46.970+0000] {logging_mixin.py:188} INFO - Uploaded data/api_data_json/research_368.json to Minio
[2024-05-10T06:06:47.606+0000] {logging_mixin.py:188} INFO - Uploaded data/api_data_json/research_369.json to Minio
[2024-05-10T06:06:48.200+0000] {logging_mixin.py:188} INFO - Uploaded data/api_data_json/research_370.json to Minio
[2024-05-10T06:06:48.792+0000] {logging_mixin.py:188} INFO - Uploaded data/api_data_json/research_371.json to Minio
[2024-05-10T06:06:49.562+0000] {logging_mixin.py:188} INFO - Uploaded data/api_data_json/research_372.json to Minio
[2024-05-10T06:06:50.244+0000] {logging_mixin.py:188} INFO - Uploaded data/api_data_json/research_373.json to Minio
[2024-05-10T06:06:50.805+0000] {logging_mixin.py:188} INFO - Uploaded data/api_data_json/research_374.json to Minio
[2024-05-10T06:06:51.403+0000] {logging_mixin.py:188} INFO - Uploaded data/api_data_json/research_375.json to Minio
[2024-05-10T06:06:52.029+0000] {logging_mixin.py:188} INFO - Uploaded data/api_data_json/research_376.json to Minio
[2024-05-10T06:06:53.304+0000] {logging_mixin.py:188} INFO - Uploaded data/api_data_json/research_377.json to Minio
[2024-05-10T06:06:53.891+0000] {logging_mixin.py:188} INFO - Uploaded data/api_data_json/research_378.json to Minio
[2024-05-10T06:06:54.928+0000] {logging_mixin.py:188} INFO - Uploaded data/api_data_json/research_379.json to Minio
[2024-05-10T06:06:55.505+0000] {logging_mixin.py:188} INFO - Uploaded data/api_data_json/research_380.json to Minio
[2024-05-10T06:06:56.489+0000] {logging_mixin.py:188} INFO - Uploaded data/api_data_json/research_381.json to Minio
[2024-05-10T06:06:57.177+0000] {logging_mixin.py:188} INFO - Uploaded data/api_data_json/research_382.json to Minio
[2024-05-10T06:06:57.846+0000] {logging_mixin.py:188} INFO - Uploaded data/api_data_json/research_383.json to Minio
[2024-05-10T06:07:05.324+0000] {logging_mixin.py:188} INFO - Uploaded data/api_data_json/research_384.json to Minio
[2024-05-10T06:07:12.135+0000] {logging_mixin.py:188} INFO - Uploaded data/api_data_json/research_385.json to Minio
[2024-05-10T06:07:12.774+0000] {logging_mixin.py:188} INFO - Uploaded data/api_data_json/research_386.json to Minio
[2024-05-10T06:07:18.934+0000] {logging_mixin.py:188} INFO - Uploaded data/api_data_json/research_387.json to Minio
[2024-05-10T06:07:19.838+0000] {logging_mixin.py:188} INFO - Uploaded data/api_data_json/research_388.json to Minio
[2024-05-10T06:07:20.581+0000] {logging_mixin.py:188} INFO - Uploaded data/api_data_json/research_389.json to Minio
[2024-05-10T06:07:21.211+0000] {logging_mixin.py:188} INFO - Uploaded data/api_data_json/research_390.json to Minio
[2024-05-10T06:07:21.907+0000] {logging_mixin.py:188} INFO - Uploaded data/api_data_json/research_391.json to Minio
[2024-05-10T06:07:22.497+0000] {logging_mixin.py:188} INFO - Uploaded data/api_data_json/research_392.json to Minio
[2024-05-10T06:07:23.133+0000] {logging_mixin.py:188} INFO - Uploaded data/api_data_json/research_393.json to Minio
[2024-05-10T06:07:23.732+0000] {logging_mixin.py:188} INFO - Uploaded data/api_data_json/research_394.json to Minio
[2024-05-10T06:07:24.296+0000] {logging_mixin.py:188} INFO - Uploaded data/api_data_json/research_395.json to Minio
[2024-05-10T06:07:25.134+0000] {logging_mixin.py:188} INFO - Uploaded data/api_data_json/research_396.json to Minio
[2024-05-10T06:07:25.846+0000] {logging_mixin.py:188} INFO - Uploaded data/api_data_json/research_397.json to Minio
[2024-05-10T06:07:26.439+0000] {logging_mixin.py:188} INFO - Uploaded data/api_data_json/research_398.json to Minio
[2024-05-10T06:07:27.006+0000] {logging_mixin.py:188} INFO - Uploaded data/api_data_json/research_399.json to Minio
[2024-05-10T06:07:27.674+0000] {logging_mixin.py:188} INFO - Uploaded data/api_data_json/research_400.json to Minio
[2024-05-10T06:07:28.246+0000] {logging_mixin.py:188} INFO - Uploaded data/api_data_json/research_401.json to Minio
[2024-05-10T06:07:28.842+0000] {logging_mixin.py:188} INFO - Uploaded data/api_data_json/research_402.json to Minio
[2024-05-10T06:07:29.393+0000] {logging_mixin.py:188} INFO - Uploaded data/api_data_json/research_403.json to Minio
[2024-05-10T06:07:29.975+0000] {logging_mixin.py:188} INFO - Uploaded data/api_data_json/research_404.json to Minio
[2024-05-10T06:07:30.552+0000] {logging_mixin.py:188} INFO - Uploaded data/api_data_json/research_405.json to Minio
[2024-05-10T06:07:31.151+0000] {logging_mixin.py:188} INFO - Uploaded data/api_data_json/research_406.json to Minio
[2024-05-10T06:07:31.766+0000] {logging_mixin.py:188} INFO - Uploaded data/api_data_json/research_407.json to Minio
[2024-05-10T06:07:32.318+0000] {logging_mixin.py:188} INFO - Uploaded data/api_data_json/research_408.json to Minio
[2024-05-10T06:07:32.913+0000] {logging_mixin.py:188} INFO - Uploaded data/api_data_json/research_409.json to Minio
[2024-05-10T06:07:33.601+0000] {logging_mixin.py:188} INFO - Uploaded data/api_data_json/research_410.json to Minio
[2024-05-10T06:07:34.312+0000] {logging_mixin.py:188} INFO - Uploaded data/api_data_json/research_411.json to Minio
[2024-05-10T06:07:35.016+0000] {logging_mixin.py:188} INFO - Uploaded data/api_data_json/research_412.json to Minio
[2024-05-10T06:07:35.615+0000] {logging_mixin.py:188} INFO - Uploaded data/api_data_json/research_413.json to Minio
[2024-05-10T06:07:36.252+0000] {logging_mixin.py:188} INFO - Uploaded data/api_data_json/research_414.json to Minio
[2024-05-10T06:07:36.850+0000] {logging_mixin.py:188} INFO - Uploaded data/api_data_json/research_415.json to Minio
[2024-05-10T06:07:37.447+0000] {logging_mixin.py:188} INFO - Uploaded data/api_data_json/research_416.json to Minio
[2024-05-10T06:07:38.035+0000] {logging_mixin.py:188} INFO - Uploaded data/api_data_json/research_417.json to Minio
[2024-05-10T06:07:38.740+0000] {logging_mixin.py:188} INFO - Uploaded data/api_data_json/research_418.json to Minio
[2024-05-10T06:07:39.430+0000] {logging_mixin.py:188} INFO - Uploaded data/api_data_json/research_419.json to Minio
[2024-05-10T06:07:40.032+0000] {logging_mixin.py:188} INFO - Uploaded data/api_data_json/research_420.json to Minio
[2024-05-10T06:07:40.686+0000] {logging_mixin.py:188} INFO - Uploaded data/api_data_json/research_421.json to Minio
[2024-05-10T06:07:41.227+0000] {logging_mixin.py:188} INFO - Uploaded data/api_data_json/research_422.json to Minio
[2024-05-10T06:07:41.776+0000] {logging_mixin.py:188} INFO - Uploaded data/api_data_json/research_423.json to Minio
[2024-05-10T06:07:42.365+0000] {logging_mixin.py:188} INFO - Uploaded data/api_data_json/research_424.json to Minio
[2024-05-10T06:07:42.997+0000] {logging_mixin.py:188} INFO - Uploaded data/api_data_json/research_425.json to Minio
[2024-05-10T06:07:43.594+0000] {logging_mixin.py:188} INFO - Uploaded data/api_data_json/research_426.json to Minio
[2024-05-10T06:07:44.254+0000] {logging_mixin.py:188} INFO - Uploaded data/api_data_json/research_427.json to Minio
[2024-05-10T06:07:44.954+0000] {logging_mixin.py:188} INFO - Uploaded data/api_data_json/research_428.json to Minio
[2024-05-10T06:07:45.568+0000] {logging_mixin.py:188} INFO - Uploaded data/api_data_json/research_429.json to Minio
[2024-05-10T06:07:46.159+0000] {logging_mixin.py:188} INFO - Uploaded data/api_data_json/research_430.json to Minio
[2024-05-10T06:07:46.773+0000] {logging_mixin.py:188} INFO - Uploaded data/api_data_json/research_431.json to Minio
[2024-05-10T06:07:47.323+0000] {logging_mixin.py:188} INFO - Uploaded data/api_data_json/research_432.json to Minio
[2024-05-10T06:07:48.120+0000] {logging_mixin.py:188} INFO - Uploaded data/api_data_json/research_433.json to Minio
[2024-05-10T06:07:48.718+0000] {logging_mixin.py:188} INFO - Uploaded data/api_data_json/research_434.json to Minio
[2024-05-10T06:07:49.355+0000] {logging_mixin.py:188} INFO - Uploaded data/api_data_json/research_435.json to Minio
[2024-05-10T06:07:50.071+0000] {logging_mixin.py:188} INFO - Uploaded data/api_data_json/research_436.json to Minio
[2024-05-10T06:07:50.707+0000] {logging_mixin.py:188} INFO - Uploaded data/api_data_json/research_437.json to Minio
[2024-05-10T06:08:10.321+0000] {logging_mixin.py:188} INFO - Uploaded data/api_data_json/research_438.json to Minio
[2024-05-10T06:08:11.414+0000] {logging_mixin.py:188} INFO - Uploaded data/api_data_json/research_439.json to Minio
[2024-05-10T06:08:12.066+0000] {logging_mixin.py:188} INFO - Uploaded data/api_data_json/research_440.json to Minio
[2024-05-10T06:08:12.705+0000] {logging_mixin.py:188} INFO - Uploaded data/api_data_json/research_441.json to Minio
[2024-05-10T06:08:13.279+0000] {logging_mixin.py:188} INFO - Uploaded data/api_data_json/research_442.json to Minio
[2024-05-10T06:08:13.871+0000] {logging_mixin.py:188} INFO - Uploaded data/api_data_json/research_443.json to Minio
[2024-05-10T06:08:14.431+0000] {logging_mixin.py:188} INFO - Uploaded data/api_data_json/research_444.json to Minio
[2024-05-10T06:08:15.475+0000] {logging_mixin.py:188} INFO - Uploaded data/api_data_json/research_445.json to Minio
[2024-05-10T06:08:16.097+0000] {logging_mixin.py:188} INFO - Uploaded data/api_data_json/research_446.json to Minio
[2024-05-10T06:08:16.808+0000] {logging_mixin.py:188} INFO - Uploaded data/api_data_json/research_447.json to Minio
[2024-05-10T06:08:17.376+0000] {logging_mixin.py:188} INFO - Uploaded data/api_data_json/research_448.json to Minio
[2024-05-10T06:08:17.981+0000] {logging_mixin.py:188} INFO - Uploaded data/api_data_json/research_449.json to Minio
[2024-05-10T06:08:18.624+0000] {logging_mixin.py:188} INFO - Uploaded data/api_data_json/research_450.json to Minio
[2024-05-10T06:08:19.221+0000] {logging_mixin.py:188} INFO - Uploaded data/api_data_json/research_451.json to Minio
[2024-05-10T06:08:19.901+0000] {logging_mixin.py:188} INFO - Uploaded data/api_data_json/research_452.json to Minio
[2024-05-10T06:08:20.612+0000] {logging_mixin.py:188} INFO - Uploaded data/api_data_json/research_453.json to Minio
[2024-05-10T06:08:21.191+0000] {logging_mixin.py:188} INFO - Uploaded data/api_data_json/research_454.json to Minio
[2024-05-10T06:08:21.833+0000] {logging_mixin.py:188} INFO - Uploaded data/api_data_json/research_455.json to Minio
[2024-05-10T06:08:22.470+0000] {logging_mixin.py:188} INFO - Uploaded data/api_data_json/research_456.json to Minio
[2024-05-10T06:08:23.039+0000] {logging_mixin.py:188} INFO - Uploaded data/api_data_json/research_457.json to Minio
[2024-05-10T06:08:23.721+0000] {logging_mixin.py:188} INFO - Uploaded data/api_data_json/research_458.json to Minio
[2024-05-10T06:08:24.308+0000] {logging_mixin.py:188} INFO - Uploaded data/api_data_json/research_459.json to Minio
[2024-05-10T06:08:24.961+0000] {logging_mixin.py:188} INFO - Uploaded data/api_data_json/research_460.json to Minio
[2024-05-10T06:08:32.501+0000] {logging_mixin.py:188} INFO - Uploaded data/api_data_json/research_461.json to Minio
[2024-05-10T06:08:33.051+0000] {logging_mixin.py:188} INFO - Uploaded data/api_data_json/research_462.json to Minio
[2024-05-10T06:08:33.672+0000] {logging_mixin.py:188} INFO - Uploaded data/api_data_json/research_463.json to Minio
[2024-05-10T06:08:34.276+0000] {logging_mixin.py:188} INFO - Uploaded data/api_data_json/research_464.json to Minio
[2024-05-10T06:08:34.839+0000] {logging_mixin.py:188} INFO - Uploaded data/api_data_json/research_465.json to Minio
[2024-05-10T06:08:35.368+0000] {logging_mixin.py:188} INFO - Uploaded data/api_data_json/research_466.json to Minio
[2024-05-10T06:08:36.140+0000] {logging_mixin.py:188} INFO - Uploaded data/api_data_json/research_467.json to Minio
[2024-05-10T06:08:36.682+0000] {logging_mixin.py:188} INFO - Uploaded data/api_data_json/research_468.json to Minio
[2024-05-10T06:08:37.277+0000] {logging_mixin.py:188} INFO - Uploaded data/api_data_json/research_469.json to Minio
[2024-05-10T06:08:37.853+0000] {logging_mixin.py:188} INFO - Uploaded data/api_data_json/research_470.json to Minio
[2024-05-10T06:08:38.568+0000] {logging_mixin.py:188} INFO - Uploaded data/api_data_json/research_471.json to Minio
[2024-05-10T06:08:39.123+0000] {logging_mixin.py:188} INFO - Uploaded data/api_data_json/research_472.json to Minio
[2024-05-10T06:08:39.684+0000] {logging_mixin.py:188} INFO - Uploaded data/api_data_json/research_473.json to Minio
[2024-05-10T06:08:44.448+0000] {logging_mixin.py:188} INFO - Uploaded data/api_data_json/research_474.json to Minio
[2024-05-10T06:08:45.085+0000] {logging_mixin.py:188} INFO - Uploaded data/api_data_json/research_475.json to Minio
[2024-05-10T06:08:45.712+0000] {logging_mixin.py:188} INFO - Uploaded data/api_data_json/research_476.json to Minio
[2024-05-10T06:08:46.471+0000] {logging_mixin.py:188} INFO - Uploaded data/api_data_json/research_477.json to Minio
[2024-05-10T06:08:47.036+0000] {logging_mixin.py:188} INFO - Uploaded data/api_data_json/research_478.json to Minio
[2024-05-10T06:08:47.038+0000] {python.py:237} INFO - Done. Returned value was: None
[2024-05-10T06:08:47.038+0000] {taskinstance.py:441} INFO - ::group::Post task execution logs
[2024-05-10T06:08:47.045+0000] {taskinstance.py:1206} INFO - Marking task as SUCCESS. dag_id=data_pipeline, task_id=get_api_data, run_id=manual__2024-05-10T05:55:10.803977+00:00, execution_date=20240510T055510, start_date=20240510T055512, end_date=20240510T060847
[2024-05-10T06:08:47.079+0000] {local_task_job_runner.py:240} INFO - Task exited with return code 0
[2024-05-10T06:08:47.097+0000] {taskinstance.py:3498} INFO - 1 downstream tasks scheduled from follow-on schedule check
[2024-05-10T06:08:47.099+0000] {local_task_job_runner.py:222} INFO - ::endgroup::
