[2024-05-10T03:45:44.479+0000] {local_task_job_runner.py:120} INFO - ::group::Pre task execution logs
[2024-05-10T03:45:44.505+0000] {taskinstance.py:2076} INFO - Dependencies all met for dep_context=non-requeueable deps ti=<TaskInstance: ml_pipeline.get_api_data manual__2024-05-10T03:45:42.162454+00:00 [queued]>
[2024-05-10T03:45:44.513+0000] {taskinstance.py:2076} INFO - Dependencies all met for dep_context=requeueable deps ti=<TaskInstance: ml_pipeline.get_api_data manual__2024-05-10T03:45:42.162454+00:00 [queued]>
[2024-05-10T03:45:44.513+0000] {taskinstance.py:2306} INFO - Starting attempt 1 of 4
[2024-05-10T03:45:44.523+0000] {taskinstance.py:2330} INFO - Executing <Task(PythonOperator): get_api_data> on 2024-05-10 03:45:42.162454+00:00
[2024-05-10T03:45:44.529+0000] {logging_mixin.py:188} WARNING - /home/***/.local/lib/python3.12/site-packages/***/task/task_runner/standard_task_runner.py:61 DeprecationWarning: This process (pid=13252) is multi-threaded, use of fork() may lead to deadlocks in the child.
[2024-05-10T03:45:44.530+0000] {standard_task_runner.py:63} INFO - Started process 13254 to run task
[2024-05-10T03:45:44.530+0000] {standard_task_runner.py:90} INFO - Running: ['***', 'tasks', 'run', 'ml_pipeline', 'get_api_data', 'manual__2024-05-10T03:45:42.162454+00:00', '--job-id', '218', '--raw', '--subdir', 'DAGS_FOLDER/main_dag.py', '--cfg-path', '/tmp/tmp4b483dx5']
[2024-05-10T03:45:44.532+0000] {standard_task_runner.py:91} INFO - Job 218: Subtask get_api_data
[2024-05-10T03:45:44.544+0000] {logging_mixin.py:188} WARNING - /home/***/.local/lib/python3.12/site-packages/***/settings.py:195 DeprecationWarning: The sql_alchemy_conn option in [core] has been moved to the sql_alchemy_conn option in [database] - the old setting has been used, but please update your config.
[2024-05-10T03:45:44.575+0000] {task_command.py:426} INFO - Running <TaskInstance: ml_pipeline.get_api_data manual__2024-05-10T03:45:42.162454+00:00 [running]> on host 3031e573f05c
[2024-05-10T03:45:44.655+0000] {taskinstance.py:2648} INFO - Exporting env vars: AIRFLOW_CTX_DAG_OWNER='***' AIRFLOW_CTX_DAG_ID='ml_pipeline' AIRFLOW_CTX_TASK_ID='get_api_data' AIRFLOW_CTX_EXECUTION_DATE='2024-05-10T03:45:42.162454+00:00' AIRFLOW_CTX_TRY_NUMBER='1' AIRFLOW_CTX_DAG_RUN_ID='manual__2024-05-10T03:45:42.162454+00:00'
[2024-05-10T03:45:44.656+0000] {taskinstance.py:430} INFO - ::endgroup::
[2024-05-10T03:45:47.921+0000] {logging_mixin.py:188} INFO - Retrieved data for page 0
[2024-05-10T03:45:48.719+0000] {logging_mixin.py:188} INFO - Saved data to /opt/***/data/api_data_json/research_0.json
[2024-05-10T03:45:48.736+0000] {logging_mixin.py:188} INFO - Uploaded data/api_data_json/research_0.json to Minio
[2024-05-10T03:45:49.309+0000] {logging_mixin.py:188} INFO - Saved data to /opt/***/data/api_data_json/research_1.json
[2024-05-10T03:45:49.364+0000] {logging_mixin.py:188} INFO - Uploaded data/api_data_json/research_1.json to Minio
[2024-05-10T03:45:50.380+0000] {logging_mixin.py:188} INFO - Saved data to /opt/***/data/api_data_json/research_2.json
[2024-05-10T03:45:50.407+0000] {logging_mixin.py:188} INFO - Uploaded data/api_data_json/research_2.json to Minio
[2024-05-10T03:45:51.305+0000] {logging_mixin.py:188} INFO - Saved data to /opt/***/data/api_data_json/research_3.json
[2024-05-10T03:45:51.320+0000] {logging_mixin.py:188} INFO - Uploaded data/api_data_json/research_3.json to Minio
[2024-05-10T03:45:51.929+0000] {logging_mixin.py:188} INFO - Saved data to /opt/***/data/api_data_json/research_4.json
[2024-05-10T03:45:51.981+0000] {logging_mixin.py:188} INFO - Uploaded data/api_data_json/research_4.json to Minio
[2024-05-10T03:45:52.695+0000] {logging_mixin.py:188} INFO - Saved data to /opt/***/data/api_data_json/research_5.json
[2024-05-10T03:45:52.717+0000] {logging_mixin.py:188} INFO - Uploaded data/api_data_json/research_5.json to Minio
[2024-05-10T03:45:53.700+0000] {logging_mixin.py:188} INFO - Saved data to /opt/***/data/api_data_json/research_6.json
[2024-05-10T03:45:53.766+0000] {logging_mixin.py:188} INFO - Uploaded data/api_data_json/research_6.json to Minio
[2024-05-10T03:45:54.498+0000] {logging_mixin.py:188} INFO - Saved data to /opt/***/data/api_data_json/research_7.json
[2024-05-10T03:45:54.514+0000] {logging_mixin.py:188} INFO - Uploaded data/api_data_json/research_7.json to Minio
[2024-05-10T03:45:55.660+0000] {logging_mixin.py:188} INFO - Saved data to /opt/***/data/api_data_json/research_8.json
[2024-05-10T03:45:55.722+0000] {logging_mixin.py:188} INFO - Uploaded data/api_data_json/research_8.json to Minio
[2024-05-10T03:45:56.492+0000] {logging_mixin.py:188} INFO - Saved data to /opt/***/data/api_data_json/research_9.json
[2024-05-10T03:45:56.529+0000] {logging_mixin.py:188} INFO - Uploaded data/api_data_json/research_9.json to Minio
[2024-05-10T03:45:58.274+0000] {logging_mixin.py:188} INFO - Saved data to /opt/***/data/api_data_json/research_10.json
[2024-05-10T03:45:58.326+0000] {logging_mixin.py:188} INFO - Uploaded data/api_data_json/research_10.json to Minio
[2024-05-10T03:45:59.083+0000] {logging_mixin.py:188} INFO - Saved data to /opt/***/data/api_data_json/research_11.json
[2024-05-10T03:45:59.106+0000] {logging_mixin.py:188} INFO - Uploaded data/api_data_json/research_11.json to Minio
[2024-05-10T03:45:59.959+0000] {logging_mixin.py:188} INFO - Saved data to /opt/***/data/api_data_json/research_12.json
[2024-05-10T03:46:00.008+0000] {logging_mixin.py:188} INFO - Uploaded data/api_data_json/research_12.json to Minio
[2024-05-10T03:46:01.016+0000] {logging_mixin.py:188} INFO - Saved data to /opt/***/data/api_data_json/research_13.json
[2024-05-10T03:46:01.054+0000] {logging_mixin.py:188} INFO - Uploaded data/api_data_json/research_13.json to Minio
[2024-05-10T03:46:01.747+0000] {logging_mixin.py:188} INFO - Saved data to /opt/***/data/api_data_json/research_14.json
[2024-05-10T03:46:01.804+0000] {logging_mixin.py:188} INFO - Uploaded data/api_data_json/research_14.json to Minio
[2024-05-10T03:46:02.494+0000] {logging_mixin.py:188} INFO - Saved data to /opt/***/data/api_data_json/research_15.json
[2024-05-10T03:46:02.544+0000] {logging_mixin.py:188} INFO - Uploaded data/api_data_json/research_15.json to Minio
[2024-05-10T03:46:03.290+0000] {logging_mixin.py:188} INFO - Saved data to /opt/***/data/api_data_json/research_16.json
[2024-05-10T03:46:03.354+0000] {logging_mixin.py:188} INFO - Uploaded data/api_data_json/research_16.json to Minio
[2024-05-10T03:46:04.421+0000] {logging_mixin.py:188} INFO - Saved data to /opt/***/data/api_data_json/research_17.json
[2024-05-10T03:46:04.479+0000] {logging_mixin.py:188} INFO - Uploaded data/api_data_json/research_17.json to Minio
[2024-05-10T03:46:05.306+0000] {logging_mixin.py:188} INFO - Saved data to /opt/***/data/api_data_json/research_18.json
[2024-05-10T03:46:05.363+0000] {logging_mixin.py:188} INFO - Uploaded data/api_data_json/research_18.json to Minio
[2024-05-10T03:46:06.463+0000] {logging_mixin.py:188} INFO - Saved data to /opt/***/data/api_data_json/research_19.json
[2024-05-10T03:46:06.494+0000] {logging_mixin.py:188} INFO - Uploaded data/api_data_json/research_19.json to Minio
[2024-05-10T03:46:07.111+0000] {logging_mixin.py:188} INFO - Saved data to /opt/***/data/api_data_json/research_20.json
[2024-05-10T03:46:07.183+0000] {logging_mixin.py:188} INFO - Uploaded data/api_data_json/research_20.json to Minio
[2024-05-10T03:46:09.626+0000] {logging_mixin.py:188} INFO - Saved data to /opt/***/data/api_data_json/research_21.json
[2024-05-10T03:46:09.692+0000] {logging_mixin.py:188} INFO - Uploaded data/api_data_json/research_21.json to Minio
[2024-05-10T03:46:10.342+0000] {logging_mixin.py:188} INFO - Saved data to /opt/***/data/api_data_json/research_22.json
[2024-05-10T03:46:10.359+0000] {logging_mixin.py:188} INFO - Uploaded data/api_data_json/research_22.json to Minio
[2024-05-10T03:46:11.285+0000] {logging_mixin.py:188} INFO - Saved data to /opt/***/data/api_data_json/research_23.json
[2024-05-10T03:46:11.304+0000] {logging_mixin.py:188} INFO - Uploaded data/api_data_json/research_23.json to Minio
[2024-05-10T03:46:11.937+0000] {logging_mixin.py:188} INFO - Saved data to /opt/***/data/api_data_json/research_24.json
[2024-05-10T03:46:11.979+0000] {logging_mixin.py:188} INFO - Uploaded data/api_data_json/research_24.json to Minio
[2024-05-10T03:46:11.985+0000] {python.py:237} INFO - Done. Returned value was: None
[2024-05-10T03:46:11.988+0000] {taskinstance.py:441} INFO - ::group::Post task execution logs
[2024-05-10T03:46:12.019+0000] {taskinstance.py:1206} INFO - Marking task as SUCCESS. dag_id=ml_pipeline, task_id=get_api_data, run_id=manual__2024-05-10T03:45:42.162454+00:00, execution_date=20240510T034542, start_date=20240510T034544, end_date=20240510T034612
[2024-05-10T03:46:12.102+0000] {local_task_job_runner.py:240} INFO - Task exited with return code 0
[2024-05-10T03:46:12.172+0000] {taskinstance.py:3498} INFO - 1 downstream tasks scheduled from follow-on schedule check
[2024-05-10T03:46:12.176+0000] {local_task_job_runner.py:222} INFO - ::endgroup::
