[2024-05-10T07:47:11.059+0000] {local_task_job_runner.py:120} INFO - ::group::Pre task execution logs
[2024-05-10T07:47:11.082+0000] {taskinstance.py:2076} INFO - Dependencies all met for dep_context=non-requeueable deps ti=<TaskInstance: data_pipeline.get_api_data manual__2024-05-10T07:47:08.649616+00:00 [queued]>
[2024-05-10T07:47:11.088+0000] {taskinstance.py:2076} INFO - Dependencies all met for dep_context=requeueable deps ti=<TaskInstance: data_pipeline.get_api_data manual__2024-05-10T07:47:08.649616+00:00 [queued]>
[2024-05-10T07:47:11.089+0000] {taskinstance.py:2306} INFO - Starting attempt 1 of 4
[2024-05-10T07:47:11.099+0000] {taskinstance.py:2330} INFO - Executing <Task(PythonOperator): get_api_data> on 2024-05-10 07:47:08.649616+00:00
[2024-05-10T07:47:11.104+0000] {logging_mixin.py:188} WARNING - /home/***/.local/lib/python3.12/site-packages/***/task/task_runner/standard_task_runner.py:61 DeprecationWarning: This process (pid=21288) is multi-threaded, use of fork() may lead to deadlocks in the child.
[2024-05-10T07:47:11.105+0000] {standard_task_runner.py:63} INFO - Started process 21293 to run task
[2024-05-10T07:47:11.104+0000] {standard_task_runner.py:90} INFO - Running: ['***', 'tasks', 'run', 'data_pipeline', 'get_api_data', 'manual__2024-05-10T07:47:08.649616+00:00', '--job-id', '325', '--raw', '--subdir', 'DAGS_FOLDER/main_dag.py', '--cfg-path', '/tmp/tmpkvzhboex']
[2024-05-10T07:47:11.106+0000] {standard_task_runner.py:91} INFO - Job 325: Subtask get_api_data
[2024-05-10T07:47:11.116+0000] {logging_mixin.py:188} WARNING - /home/***/.local/lib/python3.12/site-packages/***/settings.py:195 DeprecationWarning: The sql_alchemy_conn option in [core] has been moved to the sql_alchemy_conn option in [database] - the old setting has been used, but please update your config.
[2024-05-10T07:47:11.142+0000] {task_command.py:426} INFO - Running <TaskInstance: data_pipeline.get_api_data manual__2024-05-10T07:47:08.649616+00:00 [running]> on host 3031e573f05c
[2024-05-10T07:47:11.214+0000] {taskinstance.py:2648} INFO - Exporting env vars: AIRFLOW_CTX_DAG_OWNER='***' AIRFLOW_CTX_DAG_ID='data_pipeline' AIRFLOW_CTX_TASK_ID='get_api_data' AIRFLOW_CTX_EXECUTION_DATE='2024-05-10T07:47:08.649616+00:00' AIRFLOW_CTX_TRY_NUMBER='1' AIRFLOW_CTX_DAG_RUN_ID='manual__2024-05-10T07:47:08.649616+00:00'
[2024-05-10T07:47:11.215+0000] {taskinstance.py:430} INFO - ::endgroup::
[2024-05-10T07:47:12.452+0000] {logging_mixin.py:188} INFO - Retrieved data for page 0
[2024-05-10T07:47:13.173+0000] {logging_mixin.py:188} INFO - Uploaded data/api_data_json/research_0.json to Minio
[2024-05-10T07:47:13.980+0000] {logging_mixin.py:188} INFO - Uploaded data/api_data_json/research_1.json to Minio
[2024-05-10T07:47:14.952+0000] {logging_mixin.py:188} INFO - Uploaded data/api_data_json/research_2.json to Minio
[2024-05-10T07:47:15.614+0000] {logging_mixin.py:188} INFO - Uploaded data/api_data_json/research_3.json to Minio
[2024-05-10T07:47:16.239+0000] {logging_mixin.py:188} INFO - Uploaded data/api_data_json/research_4.json to Minio
[2024-05-10T07:47:17.013+0000] {logging_mixin.py:188} INFO - Uploaded data/api_data_json/research_5.json to Minio
[2024-05-10T07:47:17.633+0000] {logging_mixin.py:188} INFO - Uploaded data/api_data_json/research_6.json to Minio
[2024-05-10T07:47:18.253+0000] {logging_mixin.py:188} INFO - Uploaded data/api_data_json/research_7.json to Minio
[2024-05-10T07:47:18.882+0000] {logging_mixin.py:188} INFO - Uploaded data/api_data_json/research_8.json to Minio
[2024-05-10T07:47:19.535+0000] {logging_mixin.py:188} INFO - Uploaded data/api_data_json/research_9.json to Minio
[2024-05-10T07:47:20.145+0000] {logging_mixin.py:188} INFO - Uploaded data/api_data_json/research_10.json to Minio
[2024-05-10T07:47:20.721+0000] {logging_mixin.py:188} INFO - Uploaded data/api_data_json/research_11.json to Minio
[2024-05-10T07:47:21.315+0000] {logging_mixin.py:188} INFO - Uploaded data/api_data_json/research_12.json to Minio
[2024-05-10T07:47:22.029+0000] {logging_mixin.py:188} INFO - Uploaded data/api_data_json/research_13.json to Minio
[2024-05-10T07:47:22.613+0000] {logging_mixin.py:188} INFO - Uploaded data/api_data_json/research_14.json to Minio
[2024-05-10T07:47:23.229+0000] {logging_mixin.py:188} INFO - Uploaded data/api_data_json/research_15.json to Minio
[2024-05-10T07:47:24.224+0000] {logging_mixin.py:188} INFO - Uploaded data/api_data_json/research_16.json to Minio
[2024-05-10T07:47:24.980+0000] {logging_mixin.py:188} INFO - Uploaded data/api_data_json/research_17.json to Minio
[2024-05-10T07:47:25.556+0000] {logging_mixin.py:188} INFO - Uploaded data/api_data_json/research_18.json to Minio
[2024-05-10T07:47:26.155+0000] {logging_mixin.py:188} INFO - Uploaded data/api_data_json/research_19.json to Minio
[2024-05-10T07:47:26.798+0000] {logging_mixin.py:188} INFO - Uploaded data/api_data_json/research_20.json to Minio
[2024-05-10T07:47:27.520+0000] {logging_mixin.py:188} INFO - Uploaded data/api_data_json/research_21.json to Minio
[2024-05-10T07:47:28.123+0000] {logging_mixin.py:188} INFO - Uploaded data/api_data_json/research_22.json to Minio
[2024-05-10T07:47:28.789+0000] {logging_mixin.py:188} INFO - Uploaded data/api_data_json/research_23.json to Minio
[2024-05-10T07:47:29.373+0000] {logging_mixin.py:188} INFO - Uploaded data/api_data_json/research_24.json to Minio
[2024-05-10T07:47:29.375+0000] {python.py:237} INFO - Done. Returned value was: None
[2024-05-10T07:47:29.376+0000] {taskinstance.py:441} INFO - ::group::Post task execution logs
[2024-05-10T07:47:29.382+0000] {taskinstance.py:1206} INFO - Marking task as SUCCESS. dag_id=data_pipeline, task_id=get_api_data, run_id=manual__2024-05-10T07:47:08.649616+00:00, execution_date=20240510T074708, start_date=20240510T074711, end_date=20240510T074729
[2024-05-10T07:47:29.424+0000] {local_task_job_runner.py:240} INFO - Task exited with return code 0
[2024-05-10T07:47:29.444+0000] {taskinstance.py:3498} INFO - 1 downstream tasks scheduled from follow-on schedule check
[2024-05-10T07:47:29.446+0000] {local_task_job_runner.py:222} INFO - ::endgroup::
