[2024-05-10T07:42:12.740+0000] {local_task_job_runner.py:120} INFO - ::group::Pre task execution logs
[2024-05-10T07:42:12.761+0000] {taskinstance.py:2076} INFO - Dependencies all met for dep_context=non-requeueable deps ti=<TaskInstance: data_pipeline.concat_data manual__2024-05-10T07:38:46.053570+00:00 [queued]>
[2024-05-10T07:42:12.769+0000] {taskinstance.py:2076} INFO - Dependencies all met for dep_context=requeueable deps ti=<TaskInstance: data_pipeline.concat_data manual__2024-05-10T07:38:46.053570+00:00 [queued]>
[2024-05-10T07:42:12.777+0000] {taskinstance.py:2306} INFO - Starting attempt 3 of 6
[2024-05-10T07:42:12.789+0000] {taskinstance.py:2330} INFO - Executing <Task(PythonOperator): concat_data> on 2024-05-10 07:38:46.053570+00:00
[2024-05-10T07:42:12.795+0000] {logging_mixin.py:188} WARNING - /home/***/.local/lib/python3.12/site-packages/***/task/task_runner/standard_task_runner.py:61 DeprecationWarning: This process (pid=21066) is multi-threaded, use of fork() may lead to deadlocks in the child.
[2024-05-10T07:42:12.796+0000] {standard_task_runner.py:63} INFO - Started process 21068 to run task
[2024-05-10T07:42:12.795+0000] {standard_task_runner.py:90} INFO - Running: ['***', 'tasks', 'run', 'data_pipeline', 'concat_data', 'manual__2024-05-10T07:38:46.053570+00:00', '--job-id', '320', '--raw', '--subdir', 'DAGS_FOLDER/main_dag.py', '--cfg-path', '/tmp/tmp7wkm3xo3']
[2024-05-10T07:42:12.797+0000] {standard_task_runner.py:91} INFO - Job 320: Subtask concat_data
[2024-05-10T07:42:12.819+0000] {logging_mixin.py:188} WARNING - /home/***/.local/lib/python3.12/site-packages/***/settings.py:195 DeprecationWarning: The sql_alchemy_conn option in [core] has been moved to the sql_alchemy_conn option in [database] - the old setting has been used, but please update your config.
[2024-05-10T07:42:12.845+0000] {task_command.py:426} INFO - Running <TaskInstance: data_pipeline.concat_data manual__2024-05-10T07:38:46.053570+00:00 [running]> on host 3031e573f05c
[2024-05-10T07:42:12.924+0000] {taskinstance.py:2648} INFO - Exporting env vars: AIRFLOW_CTX_DAG_OWNER='***' AIRFLOW_CTX_DAG_ID='data_pipeline' AIRFLOW_CTX_TASK_ID='concat_data' AIRFLOW_CTX_EXECUTION_DATE='2024-05-10T07:38:46.053570+00:00' AIRFLOW_CTX_TRY_NUMBER='3' AIRFLOW_CTX_DAG_RUN_ID='manual__2024-05-10T07:38:46.053570+00:00'
[2024-05-10T07:42:12.925+0000] {taskinstance.py:430} INFO - ::endgroup::
[2024-05-10T07:42:13.264+0000] {logging_mixin.py:188} INFO -                                                title  ...                                           keywords
0  Publichealthandinternationalepidemiologyforrad...  ...                                                 []
1  FlexiblePrintedActiveAntennaforDigitalTelevisi...  ...                                                 []
2  Parametricstudyofhydrogenproductionviasorption...  ...  [CirculatingfluidizedbedComputationalfluiddyna...
3  Superhydrophobiccoatingfromfluoroalkylsilanemo...  ...  [EncapsulationFluoroalkylsilaneNaturalrubberOi...
4  ElectrochemicalimpedancebasedDNAsensorusingpyr...  ...  [acpcPNAElectrochemicalimpedancespectroscopyMy...

[5 rows x 5 columns]
[2024-05-10T07:42:13.265+0000] {logging_mixin.py:188} INFO - 22229
[2024-05-10T07:42:13.715+0000] {logging_mixin.py:188} INFO - 22229
[2024-05-10T07:42:14.037+0000] {logging_mixin.py:188} INFO - Uploaded data/database.csv to Minio
[2024-05-10T07:42:14.040+0000] {python.py:237} INFO - Done. Returned value was: None
[2024-05-10T07:42:14.040+0000] {taskinstance.py:441} INFO - ::group::Post task execution logs
[2024-05-10T07:42:14.049+0000] {taskinstance.py:1206} INFO - Marking task as SUCCESS. dag_id=data_pipeline, task_id=concat_data, run_id=manual__2024-05-10T07:38:46.053570+00:00, execution_date=20240510T073846, start_date=20240510T074212, end_date=20240510T074214
[2024-05-10T07:42:14.093+0000] {local_task_job_runner.py:240} INFO - Task exited with return code 0
[2024-05-10T07:42:14.112+0000] {taskinstance.py:3498} INFO - 0 downstream tasks scheduled from follow-on schedule check
[2024-05-10T07:42:14.115+0000] {local_task_job_runner.py:222} INFO - ::endgroup::
