[2024-05-10T03:42:21.638+0000] {local_task_job_runner.py:120} INFO - ::group::Pre task execution logs
[2024-05-10T03:42:21.661+0000] {taskinstance.py:2076} INFO - Dependencies all met for dep_context=non-requeueable deps ti=<TaskInstance: ml_pipeline.get_api_data manual__2024-05-10T03:42:18.815651+00:00 [queued]>
[2024-05-10T03:42:21.668+0000] {taskinstance.py:2076} INFO - Dependencies all met for dep_context=requeueable deps ti=<TaskInstance: ml_pipeline.get_api_data manual__2024-05-10T03:42:18.815651+00:00 [queued]>
[2024-05-10T03:42:21.668+0000] {taskinstance.py:2306} INFO - Starting attempt 1 of 4
[2024-05-10T03:42:21.681+0000] {taskinstance.py:2330} INFO - Executing <Task(PythonOperator): get_api_data> on 2024-05-10 03:42:18.815651+00:00
[2024-05-10T03:42:21.687+0000] {logging_mixin.py:188} WARNING - /home/***/.local/lib/python3.12/site-packages/***/task/task_runner/standard_task_runner.py:61 DeprecationWarning: This process (pid=13114) is multi-threaded, use of fork() may lead to deadlocks in the child.
[2024-05-10T03:42:21.687+0000] {standard_task_runner.py:90} INFO - Running: ['***', 'tasks', 'run', 'ml_pipeline', 'get_api_data', 'manual__2024-05-10T03:42:18.815651+00:00', '--job-id', '214', '--raw', '--subdir', 'DAGS_FOLDER/main_dag.py', '--cfg-path', '/tmp/tmprqpbrpwc']
[2024-05-10T03:42:21.688+0000] {standard_task_runner.py:63} INFO - Started process 13116 to run task
[2024-05-10T03:42:21.689+0000] {standard_task_runner.py:91} INFO - Job 214: Subtask get_api_data
[2024-05-10T03:42:21.700+0000] {logging_mixin.py:188} WARNING - /home/***/.local/lib/python3.12/site-packages/***/settings.py:195 DeprecationWarning: The sql_alchemy_conn option in [core] has been moved to the sql_alchemy_conn option in [database] - the old setting has been used, but please update your config.
[2024-05-10T03:42:21.728+0000] {task_command.py:426} INFO - Running <TaskInstance: ml_pipeline.get_api_data manual__2024-05-10T03:42:18.815651+00:00 [running]> on host 3031e573f05c
[2024-05-10T03:42:21.798+0000] {taskinstance.py:2648} INFO - Exporting env vars: AIRFLOW_CTX_DAG_OWNER='***' AIRFLOW_CTX_DAG_ID='ml_pipeline' AIRFLOW_CTX_TASK_ID='get_api_data' AIRFLOW_CTX_EXECUTION_DATE='2024-05-10T03:42:18.815651+00:00' AIRFLOW_CTX_TRY_NUMBER='1' AIRFLOW_CTX_DAG_RUN_ID='manual__2024-05-10T03:42:18.815651+00:00'
[2024-05-10T03:42:21.799+0000] {taskinstance.py:430} INFO - ::endgroup::
[2024-05-10T03:42:24.146+0000] {logging_mixin.py:188} INFO - Retrieved data for page 0
[2024-05-10T03:42:26.389+0000] {logging_mixin.py:188} INFO - Saved data to /opt/***/data/api_data_json/research_0.json
[2024-05-10T03:42:26.419+0000] {logging_mixin.py:188} INFO - Uploaded data/api_data_json/research_0.json to Minio
[2024-05-10T03:42:27.030+0000] {logging_mixin.py:188} INFO - Saved data to /opt/***/data/api_data_json/research_1.json
[2024-05-10T03:42:27.099+0000] {logging_mixin.py:188} INFO - Uploaded data/api_data_json/research_1.json to Minio
[2024-05-10T03:42:28.407+0000] {logging_mixin.py:188} INFO - Saved data to /opt/***/data/api_data_json/research_2.json
[2024-05-10T03:42:28.432+0000] {logging_mixin.py:188} INFO - Uploaded data/api_data_json/research_2.json to Minio
[2024-05-10T03:42:31.064+0000] {logging_mixin.py:188} INFO - Saved data to /opt/***/data/api_data_json/research_3.json
[2024-05-10T03:42:31.137+0000] {logging_mixin.py:188} INFO - Uploaded data/api_data_json/research_3.json to Minio
[2024-05-10T03:42:31.721+0000] {logging_mixin.py:188} INFO - Saved data to /opt/***/data/api_data_json/research_4.json
[2024-05-10T03:42:31.773+0000] {logging_mixin.py:188} INFO - Uploaded data/api_data_json/research_4.json to Minio
[2024-05-10T03:42:34.147+0000] {logging_mixin.py:188} INFO - Saved data to /opt/***/data/api_data_json/research_5.json
[2024-05-10T03:42:34.170+0000] {logging_mixin.py:188} INFO - Uploaded data/api_data_json/research_5.json to Minio
[2024-05-10T03:42:36.051+0000] {logging_mixin.py:188} INFO - Saved data to /opt/***/data/api_data_json/research_6.json
[2024-05-10T03:42:36.080+0000] {logging_mixin.py:188} INFO - Uploaded data/api_data_json/research_6.json to Minio
[2024-05-10T03:42:37.200+0000] {logging_mixin.py:188} INFO - Saved data to /opt/***/data/api_data_json/research_7.json
[2024-05-10T03:42:37.256+0000] {logging_mixin.py:188} INFO - Uploaded data/api_data_json/research_7.json to Minio
[2024-05-10T03:42:37.863+0000] {logging_mixin.py:188} INFO - Saved data to /opt/***/data/api_data_json/research_8.json
[2024-05-10T03:42:37.881+0000] {logging_mixin.py:188} INFO - Uploaded data/api_data_json/research_8.json to Minio
[2024-05-10T03:42:38.703+0000] {logging_mixin.py:188} INFO - Saved data to /opt/***/data/api_data_json/research_9.json
[2024-05-10T03:42:38.718+0000] {logging_mixin.py:188} INFO - Uploaded data/api_data_json/research_9.json to Minio
[2024-05-10T03:42:40.433+0000] {logging_mixin.py:188} INFO - Saved data to /opt/***/data/api_data_json/research_10.json
[2024-05-10T03:42:40.508+0000] {logging_mixin.py:188} INFO - Uploaded data/api_data_json/research_10.json to Minio
[2024-05-10T03:42:41.432+0000] {logging_mixin.py:188} INFO - Saved data to /opt/***/data/api_data_json/research_11.json
[2024-05-10T03:42:41.496+0000] {logging_mixin.py:188} INFO - Uploaded data/api_data_json/research_11.json to Minio
[2024-05-10T03:42:42.181+0000] {logging_mixin.py:188} INFO - Saved data to /opt/***/data/api_data_json/research_12.json
[2024-05-10T03:42:42.230+0000] {logging_mixin.py:188} INFO - Uploaded data/api_data_json/research_12.json to Minio
[2024-05-10T03:42:43.036+0000] {logging_mixin.py:188} INFO - Saved data to /opt/***/data/api_data_json/research_13.json
[2024-05-10T03:42:43.076+0000] {logging_mixin.py:188} INFO - Uploaded data/api_data_json/research_13.json to Minio
[2024-05-10T03:42:43.998+0000] {logging_mixin.py:188} INFO - Saved data to /opt/***/data/api_data_json/research_14.json
[2024-05-10T03:42:44.119+0000] {logging_mixin.py:188} INFO - Uploaded data/api_data_json/research_14.json to Minio
[2024-05-10T03:42:44.688+0000] {logging_mixin.py:188} INFO - Saved data to /opt/***/data/api_data_json/research_15.json
[2024-05-10T03:42:44.707+0000] {logging_mixin.py:188} INFO - Uploaded data/api_data_json/research_15.json to Minio
[2024-05-10T03:42:45.677+0000] {logging_mixin.py:188} INFO - Saved data to /opt/***/data/api_data_json/research_16.json
[2024-05-10T03:42:45.751+0000] {logging_mixin.py:188} INFO - Uploaded data/api_data_json/research_16.json to Minio
[2024-05-10T03:42:46.431+0000] {logging_mixin.py:188} INFO - Saved data to /opt/***/data/api_data_json/research_17.json
[2024-05-10T03:42:46.453+0000] {logging_mixin.py:188} INFO - Uploaded data/api_data_json/research_17.json to Minio
[2024-05-10T03:42:47.052+0000] {logging_mixin.py:188} INFO - Saved data to /opt/***/data/api_data_json/research_18.json
[2024-05-10T03:42:47.069+0000] {logging_mixin.py:188} INFO - Uploaded data/api_data_json/research_18.json to Minio
[2024-05-10T03:42:47.629+0000] {logging_mixin.py:188} INFO - Saved data to /opt/***/data/api_data_json/research_19.json
[2024-05-10T03:42:47.648+0000] {logging_mixin.py:188} INFO - Uploaded data/api_data_json/research_19.json to Minio
[2024-05-10T03:42:48.757+0000] {logging_mixin.py:188} INFO - Saved data to /opt/***/data/api_data_json/research_20.json
[2024-05-10T03:42:48.806+0000] {logging_mixin.py:188} INFO - Uploaded data/api_data_json/research_20.json to Minio
[2024-05-10T03:42:49.523+0000] {logging_mixin.py:188} INFO - Saved data to /opt/***/data/api_data_json/research_21.json
[2024-05-10T03:42:49.546+0000] {logging_mixin.py:188} INFO - Uploaded data/api_data_json/research_21.json to Minio
[2024-05-10T03:42:50.169+0000] {logging_mixin.py:188} INFO - Saved data to /opt/***/data/api_data_json/research_22.json
[2024-05-10T03:42:50.254+0000] {logging_mixin.py:188} INFO - Uploaded data/api_data_json/research_22.json to Minio
[2024-05-10T03:42:51.142+0000] {logging_mixin.py:188} INFO - Saved data to /opt/***/data/api_data_json/research_23.json
[2024-05-10T03:42:51.182+0000] {logging_mixin.py:188} INFO - Uploaded data/api_data_json/research_23.json to Minio
[2024-05-10T03:42:51.945+0000] {logging_mixin.py:188} INFO - Saved data to /opt/***/data/api_data_json/research_24.json
[2024-05-10T03:42:51.967+0000] {logging_mixin.py:188} INFO - Uploaded data/api_data_json/research_24.json to Minio
[2024-05-10T03:42:51.969+0000] {python.py:237} INFO - Done. Returned value was: None
[2024-05-10T03:42:51.970+0000] {taskinstance.py:441} INFO - ::group::Post task execution logs
[2024-05-10T03:42:51.976+0000] {taskinstance.py:1206} INFO - Marking task as SUCCESS. dag_id=ml_pipeline, task_id=get_api_data, run_id=manual__2024-05-10T03:42:18.815651+00:00, execution_date=20240510T034218, start_date=20240510T034221, end_date=20240510T034251
[2024-05-10T03:42:52.012+0000] {local_task_job_runner.py:240} INFO - Task exited with return code 0
[2024-05-10T03:42:52.032+0000] {taskinstance.py:3498} INFO - 1 downstream tasks scheduled from follow-on schedule check
[2024-05-10T03:42:52.035+0000] {local_task_job_runner.py:222} INFO - ::endgroup::
