[2024-05-09T23:50:48.380+0000] {local_task_job_runner.py:120} INFO - ::group::Pre task execution logs
[2024-05-09T23:50:48.474+0000] {taskinstance.py:2076} INFO - Dependencies all met for dep_context=non-requeueable deps ti=<TaskInstance: ml_pipeline.get_api_data manual__2024-05-09T23:50:40.734674+00:00 [queued]>
[2024-05-09T23:50:48.483+0000] {taskinstance.py:2076} INFO - Dependencies all met for dep_context=requeueable deps ti=<TaskInstance: ml_pipeline.get_api_data manual__2024-05-09T23:50:40.734674+00:00 [queued]>
[2024-05-09T23:50:48.484+0000] {taskinstance.py:2306} INFO - Starting attempt 1 of 4
[2024-05-09T23:50:48.501+0000] {taskinstance.py:2330} INFO - Executing <Task(PythonOperator): get_api_data> on 2024-05-09 23:50:40.734674+00:00
[2024-05-09T23:50:48.508+0000] {logging_mixin.py:188} WARNING - /home/***/.local/lib/python3.12/site-packages/***/task/task_runner/standard_task_runner.py:61 DeprecationWarning: This process (pid=4981) is multi-threaded, use of fork() may lead to deadlocks in the child.
[2024-05-09T23:50:48.509+0000] {standard_task_runner.py:63} INFO - Started process 4983 to run task
[2024-05-09T23:50:48.508+0000] {standard_task_runner.py:90} INFO - Running: ['***', 'tasks', 'run', 'ml_pipeline', 'get_api_data', 'manual__2024-05-09T23:50:40.734674+00:00', '--job-id', '168', '--raw', '--subdir', 'DAGS_FOLDER/main_dag.py', '--cfg-path', '/tmp/tmpokn7w_s9']
[2024-05-09T23:50:48.510+0000] {standard_task_runner.py:91} INFO - Job 168: Subtask get_api_data
[2024-05-09T23:50:48.525+0000] {logging_mixin.py:188} WARNING - /home/***/.local/lib/python3.12/site-packages/***/settings.py:195 DeprecationWarning: The sql_alchemy_conn option in [core] has been moved to the sql_alchemy_conn option in [database] - the old setting has been used, but please update your config.
[2024-05-09T23:50:48.568+0000] {task_command.py:426} INFO - Running <TaskInstance: ml_pipeline.get_api_data manual__2024-05-09T23:50:40.734674+00:00 [running]> on host 3031e573f05c
[2024-05-09T23:50:48.667+0000] {taskinstance.py:2648} INFO - Exporting env vars: AIRFLOW_CTX_DAG_OWNER='***' AIRFLOW_CTX_DAG_ID='ml_pipeline' AIRFLOW_CTX_TASK_ID='get_api_data' AIRFLOW_CTX_EXECUTION_DATE='2024-05-09T23:50:40.734674+00:00' AIRFLOW_CTX_TRY_NUMBER='1' AIRFLOW_CTX_DAG_RUN_ID='manual__2024-05-09T23:50:40.734674+00:00'
[2024-05-09T23:50:48.669+0000] {taskinstance.py:430} INFO - ::endgroup::
[2024-05-09T23:50:51.205+0000] {logging_mixin.py:188} INFO - Retrieved data for page 0
[2024-05-09T23:50:53.374+0000] {taskinstance.py:441} INFO - ::group::Post task execution logs
[2024-05-09T23:50:53.376+0000] {taskinstance.py:2905} ERROR - Task failed with exception
Traceback (most recent call last):
  File "/home/airflow/.local/lib/python3.12/site-packages/airflow/models/taskinstance.py", line 465, in _execute_task
    result = _execute_callable(context=context, **execute_callable_kwargs)
             ^^^^^^^^^^^^^^^^^^^^^^^^^^^^^^^^^^^^^^^^^^^^^^^^^^^^^^^^^^^^^
  File "/home/airflow/.local/lib/python3.12/site-packages/airflow/models/taskinstance.py", line 432, in _execute_callable
    return execute_callable(context=context, **execute_callable_kwargs)
           ^^^^^^^^^^^^^^^^^^^^^^^^^^^^^^^^^^^^^^^^^^^^^^^^^^^^^^^^^^^^
  File "/home/airflow/.local/lib/python3.12/site-packages/airflow/models/baseoperator.py", line 400, in wrapper
    return func(self, *args, **kwargs)
           ^^^^^^^^^^^^^^^^^^^^^^^^^^^
  File "/home/airflow/.local/lib/python3.12/site-packages/airflow/operators/python.py", line 235, in execute
    return_value = self.execute_callable()
                   ^^^^^^^^^^^^^^^^^^^^^^^
  File "/home/airflow/.local/lib/python3.12/site-packages/airflow/operators/python.py", line 252, in execute_callable
    return self.python_callable(*self.op_args, **self.op_kwargs)
           ^^^^^^^^^^^^^^^^^^^^^^^^^^^^^^^^^^^^^^^^^^^^^^^^^^^^^
  File "/opt/airflow/dags/tasks/get_api_data.py", line 50, in get_api_data
    with open(file_path, 'w') as f:
         ^^^^^^^^^^^^^^^^^^^^
FileNotFoundError: [Errno 2] No such file or directory: '/opt/airflow/data/api_data_json/research_0.json'
[2024-05-09T23:50:53.399+0000] {taskinstance.py:1206} INFO - Marking task as UP_FOR_RETRY. dag_id=ml_pipeline, task_id=get_api_data, run_id=manual__2024-05-09T23:50:40.734674+00:00, execution_date=20240509T235040, start_date=20240509T235048, end_date=20240509T235053
[2024-05-09T23:50:53.417+0000] {standard_task_runner.py:110} ERROR - Failed to execute job 168 for task get_api_data ([Errno 2] No such file or directory: '/opt/airflow/data/api_data_json/research_0.json'; 4983)
[2024-05-09T23:50:53.462+0000] {local_task_job_runner.py:240} INFO - Task exited with return code 1
[2024-05-09T23:50:53.485+0000] {taskinstance.py:3498} INFO - 0 downstream tasks scheduled from follow-on schedule check
[2024-05-09T23:50:53.583+0000] {local_task_job_runner.py:222} INFO - ::endgroup::
