[2024-05-09T23:51:43.066+0000] {local_task_job_runner.py:120} INFO - ::group::Pre task execution logs
[2024-05-09T23:51:43.092+0000] {taskinstance.py:2076} INFO - Dependencies all met for dep_context=non-requeueable deps ti=<TaskInstance: ml_pipeline.get_api_data manual__2024-05-09T23:50:40.734674+00:00 [queued]>
[2024-05-09T23:51:43.100+0000] {taskinstance.py:2076} INFO - Dependencies all met for dep_context=requeueable deps ti=<TaskInstance: ml_pipeline.get_api_data manual__2024-05-09T23:50:40.734674+00:00 [queued]>
[2024-05-09T23:51:43.101+0000] {taskinstance.py:2306} INFO - Starting attempt 2 of 5
[2024-05-09T23:51:43.113+0000] {taskinstance.py:2330} INFO - Executing <Task(PythonOperator): get_api_data> on 2024-05-09 23:50:40.734674+00:00
[2024-05-09T23:51:43.119+0000] {logging_mixin.py:188} WARNING - /home/***/.local/lib/python3.12/site-packages/***/task/task_runner/standard_task_runner.py:61 DeprecationWarning: This process (pid=5044) is multi-threaded, use of fork() may lead to deadlocks in the child.
[2024-05-09T23:51:43.120+0000] {standard_task_runner.py:63} INFO - Started process 5046 to run task
[2024-05-09T23:51:43.119+0000] {standard_task_runner.py:90} INFO - Running: ['***', 'tasks', 'run', 'ml_pipeline', 'get_api_data', 'manual__2024-05-09T23:50:40.734674+00:00', '--job-id', '169', '--raw', '--subdir', 'DAGS_FOLDER/main_dag.py', '--cfg-path', '/tmp/tmpfrrg_i0u']
[2024-05-09T23:51:43.121+0000] {standard_task_runner.py:91} INFO - Job 169: Subtask get_api_data
[2024-05-09T23:51:43.133+0000] {logging_mixin.py:188} WARNING - /home/***/.local/lib/python3.12/site-packages/***/settings.py:195 DeprecationWarning: The sql_alchemy_conn option in [core] has been moved to the sql_alchemy_conn option in [database] - the old setting has been used, but please update your config.
[2024-05-09T23:51:43.160+0000] {task_command.py:426} INFO - Running <TaskInstance: ml_pipeline.get_api_data manual__2024-05-09T23:50:40.734674+00:00 [running]> on host 3031e573f05c
[2024-05-09T23:51:43.232+0000] {taskinstance.py:2648} INFO - Exporting env vars: AIRFLOW_CTX_DAG_OWNER='***' AIRFLOW_CTX_DAG_ID='ml_pipeline' AIRFLOW_CTX_TASK_ID='get_api_data' AIRFLOW_CTX_EXECUTION_DATE='2024-05-09T23:50:40.734674+00:00' AIRFLOW_CTX_TRY_NUMBER='2' AIRFLOW_CTX_DAG_RUN_ID='manual__2024-05-09T23:50:40.734674+00:00'
[2024-05-09T23:51:43.234+0000] {taskinstance.py:430} INFO - ::endgroup::
[2024-05-09T23:51:44.491+0000] {logging_mixin.py:188} INFO - Retrieved data for page 0
[2024-05-09T23:51:45.425+0000] {logging_mixin.py:188} INFO - Saved data to /opt/***/data/api_data_json/research_0.json
[2024-05-09T23:51:45.723+0000] {logging_mixin.py:188} INFO - Uploaded data/api_data_json/research_0.json to Minio
[2024-05-09T23:51:47.906+0000] {logging_mixin.py:188} INFO - Saved data to /opt/***/data/api_data_json/research_1.json
[2024-05-09T23:51:47.964+0000] {logging_mixin.py:188} INFO - Uploaded data/api_data_json/research_1.json to Minio
[2024-05-09T23:51:48.999+0000] {logging_mixin.py:188} INFO - Saved data to /opt/***/data/api_data_json/research_2.json
[2024-05-09T23:51:49.109+0000] {logging_mixin.py:188} INFO - Uploaded data/api_data_json/research_2.json to Minio
[2024-05-09T23:51:50.119+0000] {logging_mixin.py:188} INFO - Saved data to /opt/***/data/api_data_json/research_3.json
[2024-05-09T23:51:50.192+0000] {logging_mixin.py:188} INFO - Uploaded data/api_data_json/research_3.json to Minio
[2024-05-09T23:51:52.219+0000] {logging_mixin.py:188} INFO - Saved data to /opt/***/data/api_data_json/research_4.json
[2024-05-09T23:51:52.274+0000] {logging_mixin.py:188} INFO - Uploaded data/api_data_json/research_4.json to Minio
[2024-05-09T23:51:53.196+0000] {logging_mixin.py:188} INFO - Saved data to /opt/***/data/api_data_json/research_5.json
[2024-05-09T23:51:53.234+0000] {logging_mixin.py:188} INFO - Uploaded data/api_data_json/research_5.json to Minio
[2024-05-09T23:51:53.777+0000] {logging_mixin.py:188} INFO - Saved data to /opt/***/data/api_data_json/research_6.json
[2024-05-09T23:51:53.823+0000] {logging_mixin.py:188} INFO - Uploaded data/api_data_json/research_6.json to Minio
[2024-05-09T23:51:54.367+0000] {logging_mixin.py:188} INFO - Saved data to /opt/***/data/api_data_json/research_7.json
[2024-05-09T23:51:54.395+0000] {logging_mixin.py:188} INFO - Uploaded data/api_data_json/research_7.json to Minio
[2024-05-09T23:51:54.940+0000] {logging_mixin.py:188} INFO - Saved data to /opt/***/data/api_data_json/research_8.json
[2024-05-09T23:51:54.962+0000] {logging_mixin.py:188} INFO - Uploaded data/api_data_json/research_8.json to Minio
[2024-05-09T23:51:55.556+0000] {logging_mixin.py:188} INFO - Saved data to /opt/***/data/api_data_json/research_9.json
[2024-05-09T23:51:55.581+0000] {logging_mixin.py:188} INFO - Uploaded data/api_data_json/research_9.json to Minio
[2024-05-09T23:51:56.556+0000] {logging_mixin.py:188} INFO - Saved data to /opt/***/data/api_data_json/research_10.json
[2024-05-09T23:51:56.621+0000] {logging_mixin.py:188} INFO - Uploaded data/api_data_json/research_10.json to Minio
[2024-05-09T23:51:57.262+0000] {logging_mixin.py:188} INFO - Saved data to /opt/***/data/api_data_json/research_11.json
[2024-05-09T23:51:57.320+0000] {logging_mixin.py:188} INFO - Uploaded data/api_data_json/research_11.json to Minio
[2024-05-09T23:51:57.906+0000] {logging_mixin.py:188} INFO - Saved data to /opt/***/data/api_data_json/research_12.json
[2024-05-09T23:51:58.006+0000] {logging_mixin.py:188} INFO - Uploaded data/api_data_json/research_12.json to Minio
[2024-05-09T23:52:00.090+0000] {logging_mixin.py:188} INFO - Saved data to /opt/***/data/api_data_json/research_13.json
[2024-05-09T23:52:00.139+0000] {logging_mixin.py:188} INFO - Uploaded data/api_data_json/research_13.json to Minio
[2024-05-09T23:52:00.757+0000] {logging_mixin.py:188} INFO - Saved data to /opt/***/data/api_data_json/research_14.json
[2024-05-09T23:52:00.816+0000] {logging_mixin.py:188} INFO - Uploaded data/api_data_json/research_14.json to Minio
[2024-05-09T23:52:02.934+0000] {logging_mixin.py:188} INFO - Saved data to /opt/***/data/api_data_json/research_15.json
[2024-05-09T23:52:02.985+0000] {logging_mixin.py:188} INFO - Uploaded data/api_data_json/research_15.json to Minio
[2024-05-09T23:52:03.755+0000] {logging_mixin.py:188} INFO - Saved data to /opt/***/data/api_data_json/research_16.json
[2024-05-09T23:52:03.828+0000] {logging_mixin.py:188} INFO - Uploaded data/api_data_json/research_16.json to Minio
[2024-05-09T23:52:04.481+0000] {logging_mixin.py:188} INFO - Saved data to /opt/***/data/api_data_json/research_17.json
[2024-05-09T23:52:04.532+0000] {logging_mixin.py:188} INFO - Uploaded data/api_data_json/research_17.json to Minio
[2024-05-09T23:52:05.350+0000] {logging_mixin.py:188} INFO - Saved data to /opt/***/data/api_data_json/research_18.json
[2024-05-09T23:52:05.367+0000] {logging_mixin.py:188} INFO - Uploaded data/api_data_json/research_18.json to Minio
[2024-05-09T23:52:06.026+0000] {logging_mixin.py:188} INFO - Saved data to /opt/***/data/api_data_json/research_19.json
[2024-05-09T23:52:06.110+0000] {logging_mixin.py:188} INFO - Uploaded data/api_data_json/research_19.json to Minio
[2024-05-09T23:52:06.724+0000] {logging_mixin.py:188} INFO - Saved data to /opt/***/data/api_data_json/research_20.json
[2024-05-09T23:52:06.763+0000] {logging_mixin.py:188} INFO - Uploaded data/api_data_json/research_20.json to Minio
[2024-05-09T23:52:07.428+0000] {logging_mixin.py:188} INFO - Saved data to /opt/***/data/api_data_json/research_21.json
[2024-05-09T23:52:07.468+0000] {logging_mixin.py:188} INFO - Uploaded data/api_data_json/research_21.json to Minio
[2024-05-09T23:52:08.147+0000] {logging_mixin.py:188} INFO - Saved data to /opt/***/data/api_data_json/research_22.json
[2024-05-09T23:52:08.183+0000] {logging_mixin.py:188} INFO - Uploaded data/api_data_json/research_22.json to Minio
[2024-05-09T23:52:08.795+0000] {logging_mixin.py:188} INFO - Saved data to /opt/***/data/api_data_json/research_23.json
[2024-05-09T23:52:08.822+0000] {logging_mixin.py:188} INFO - Uploaded data/api_data_json/research_23.json to Minio
[2024-05-09T23:52:09.404+0000] {logging_mixin.py:188} INFO - Saved data to /opt/***/data/api_data_json/research_24.json
[2024-05-09T23:52:09.484+0000] {logging_mixin.py:188} INFO - Uploaded data/api_data_json/research_24.json to Minio
[2024-05-09T23:52:09.491+0000] {python.py:237} INFO - Done. Returned value was: None
[2024-05-09T23:52:09.494+0000] {taskinstance.py:441} INFO - ::group::Post task execution logs
[2024-05-09T23:52:09.511+0000] {taskinstance.py:1206} INFO - Marking task as SUCCESS. dag_id=ml_pipeline, task_id=get_api_data, run_id=manual__2024-05-09T23:50:40.734674+00:00, execution_date=20240509T235040, start_date=20240509T235143, end_date=20240509T235209
[2024-05-09T23:52:09.539+0000] {local_task_job_runner.py:240} INFO - Task exited with return code 0
[2024-05-09T23:52:09.565+0000] {taskinstance.py:3498} INFO - 1 downstream tasks scheduled from follow-on schedule check
[2024-05-09T23:52:09.567+0000] {local_task_job_runner.py:222} INFO - ::endgroup::
