[2024-05-10T03:59:40.593+0000] {local_task_job_runner.py:120} INFO - ::group::Pre task execution logs
[2024-05-10T03:59:40.615+0000] {taskinstance.py:2076} INFO - Dependencies all met for dep_context=non-requeueable deps ti=<TaskInstance: ml_pipeline.get_api_data manual__2024-05-10T03:59:38.704770+00:00 [queued]>
[2024-05-10T03:59:40.623+0000] {taskinstance.py:2076} INFO - Dependencies all met for dep_context=requeueable deps ti=<TaskInstance: ml_pipeline.get_api_data manual__2024-05-10T03:59:38.704770+00:00 [queued]>
[2024-05-10T03:59:40.624+0000] {taskinstance.py:2306} INFO - Starting attempt 1 of 4
[2024-05-10T03:59:40.635+0000] {taskinstance.py:2330} INFO - Executing <Task(PythonOperator): get_api_data> on 2024-05-10 03:59:38.704770+00:00
[2024-05-10T03:59:40.640+0000] {logging_mixin.py:188} WARNING - /home/***/.local/lib/python3.12/site-packages/***/task/task_runner/standard_task_runner.py:61 DeprecationWarning: This process (pid=13800) is multi-threaded, use of fork() may lead to deadlocks in the child.
[2024-05-10T03:59:40.641+0000] {standard_task_runner.py:63} INFO - Started process 13802 to run task
[2024-05-10T03:59:40.640+0000] {standard_task_runner.py:90} INFO - Running: ['***', 'tasks', 'run', 'ml_pipeline', 'get_api_data', 'manual__2024-05-10T03:59:38.704770+00:00', '--job-id', '235', '--raw', '--subdir', 'DAGS_FOLDER/main_dag.py', '--cfg-path', '/tmp/tmp5vtxk4ka']
[2024-05-10T03:59:40.642+0000] {standard_task_runner.py:91} INFO - Job 235: Subtask get_api_data
[2024-05-10T03:59:40.653+0000] {logging_mixin.py:188} WARNING - /home/***/.local/lib/python3.12/site-packages/***/settings.py:195 DeprecationWarning: The sql_alchemy_conn option in [core] has been moved to the sql_alchemy_conn option in [database] - the old setting has been used, but please update your config.
[2024-05-10T03:59:40.680+0000] {task_command.py:426} INFO - Running <TaskInstance: ml_pipeline.get_api_data manual__2024-05-10T03:59:38.704770+00:00 [running]> on host 3031e573f05c
[2024-05-10T03:59:40.752+0000] {taskinstance.py:2648} INFO - Exporting env vars: AIRFLOW_CTX_DAG_OWNER='***' AIRFLOW_CTX_DAG_ID='ml_pipeline' AIRFLOW_CTX_TASK_ID='get_api_data' AIRFLOW_CTX_EXECUTION_DATE='2024-05-10T03:59:38.704770+00:00' AIRFLOW_CTX_TRY_NUMBER='1' AIRFLOW_CTX_DAG_RUN_ID='manual__2024-05-10T03:59:38.704770+00:00'
[2024-05-10T03:59:40.753+0000] {taskinstance.py:430} INFO - ::endgroup::
[2024-05-10T03:59:41.866+0000] {logging_mixin.py:188} INFO - Retrieved data for page 0
[2024-05-10T03:59:42.512+0000] {logging_mixin.py:188} INFO - Saved data to /opt/***/data/api_data_json/research_0.json
[2024-05-10T03:59:42.536+0000] {logging_mixin.py:188} INFO - Uploaded data/api_data_json/research_0.json to Minio
[2024-05-10T03:59:43.181+0000] {logging_mixin.py:188} INFO - Saved data to /opt/***/data/api_data_json/research_1.json
[2024-05-10T03:59:43.241+0000] {logging_mixin.py:188} INFO - Uploaded data/api_data_json/research_1.json to Minio
[2024-05-10T03:59:44.392+0000] {logging_mixin.py:188} INFO - Saved data to /opt/***/data/api_data_json/research_2.json
[2024-05-10T03:59:44.470+0000] {logging_mixin.py:188} INFO - Uploaded data/api_data_json/research_2.json to Minio
[2024-05-10T03:59:45.757+0000] {logging_mixin.py:188} INFO - Saved data to /opt/***/data/api_data_json/research_3.json
[2024-05-10T03:59:45.779+0000] {logging_mixin.py:188} INFO - Uploaded data/api_data_json/research_3.json to Minio
[2024-05-10T03:59:46.680+0000] {logging_mixin.py:188} INFO - Saved data to /opt/***/data/api_data_json/research_4.json
[2024-05-10T03:59:46.735+0000] {logging_mixin.py:188} INFO - Uploaded data/api_data_json/research_4.json to Minio
[2024-05-10T03:59:47.442+0000] {logging_mixin.py:188} INFO - Saved data to /opt/***/data/api_data_json/research_5.json
[2024-05-10T03:59:47.510+0000] {logging_mixin.py:188} INFO - Uploaded data/api_data_json/research_5.json to Minio
[2024-05-10T03:59:48.085+0000] {logging_mixin.py:188} INFO - Saved data to /opt/***/data/api_data_json/research_6.json
[2024-05-10T03:59:48.103+0000] {logging_mixin.py:188} INFO - Uploaded data/api_data_json/research_6.json to Minio
[2024-05-10T03:59:48.942+0000] {logging_mixin.py:188} INFO - Saved data to /opt/***/data/api_data_json/research_7.json
[2024-05-10T03:59:48.967+0000] {logging_mixin.py:188} INFO - Uploaded data/api_data_json/research_7.json to Minio
[2024-05-10T03:59:49.623+0000] {logging_mixin.py:188} INFO - Saved data to /opt/***/data/api_data_json/research_8.json
[2024-05-10T03:59:49.647+0000] {logging_mixin.py:188} INFO - Uploaded data/api_data_json/research_8.json to Minio
[2024-05-10T03:59:50.288+0000] {logging_mixin.py:188} INFO - Saved data to /opt/***/data/api_data_json/research_9.json
[2024-05-10T03:59:50.361+0000] {logging_mixin.py:188} INFO - Uploaded data/api_data_json/research_9.json to Minio
[2024-05-10T03:59:51.645+0000] {logging_mixin.py:188} INFO - Saved data to /opt/***/data/api_data_json/research_10.json
[2024-05-10T03:59:51.701+0000] {logging_mixin.py:188} INFO - Uploaded data/api_data_json/research_10.json to Minio
[2024-05-10T03:59:52.483+0000] {logging_mixin.py:188} INFO - Saved data to /opt/***/data/api_data_json/research_11.json
[2024-05-10T03:59:52.551+0000] {logging_mixin.py:188} INFO - Uploaded data/api_data_json/research_11.json to Minio
[2024-05-10T03:59:53.410+0000] {logging_mixin.py:188} INFO - Saved data to /opt/***/data/api_data_json/research_12.json
[2024-05-10T03:59:53.474+0000] {logging_mixin.py:188} INFO - Uploaded data/api_data_json/research_12.json to Minio
[2024-05-10T03:59:54.476+0000] {logging_mixin.py:188} INFO - Saved data to /opt/***/data/api_data_json/research_13.json
[2024-05-10T03:59:54.499+0000] {logging_mixin.py:188} INFO - Uploaded data/api_data_json/research_13.json to Minio
[2024-05-10T03:59:55.454+0000] {logging_mixin.py:188} INFO - Saved data to /opt/***/data/api_data_json/research_14.json
[2024-05-10T03:59:55.513+0000] {logging_mixin.py:188} INFO - Uploaded data/api_data_json/research_14.json to Minio
[2024-05-10T03:59:56.868+0000] {logging_mixin.py:188} INFO - Saved data to /opt/***/data/api_data_json/research_15.json
[2024-05-10T03:59:56.928+0000] {logging_mixin.py:188} INFO - Uploaded data/api_data_json/research_15.json to Minio
[2024-05-10T03:59:58.256+0000] {logging_mixin.py:188} INFO - Saved data to /opt/***/data/api_data_json/research_16.json
[2024-05-10T03:59:58.274+0000] {logging_mixin.py:188} INFO - Uploaded data/api_data_json/research_16.json to Minio
[2024-05-10T03:59:58.880+0000] {logging_mixin.py:188} INFO - Saved data to /opt/***/data/api_data_json/research_17.json
[2024-05-10T03:59:58.902+0000] {logging_mixin.py:188} INFO - Uploaded data/api_data_json/research_17.json to Minio
[2024-05-10T03:59:59.744+0000] {logging_mixin.py:188} INFO - Saved data to /opt/***/data/api_data_json/research_18.json
[2024-05-10T03:59:59.760+0000] {logging_mixin.py:188} INFO - Uploaded data/api_data_json/research_18.json to Minio
[2024-05-10T04:00:00.594+0000] {logging_mixin.py:188} INFO - Saved data to /opt/***/data/api_data_json/research_19.json
[2024-05-10T04:00:00.646+0000] {logging_mixin.py:188} INFO - Uploaded data/api_data_json/research_19.json to Minio
[2024-05-10T04:00:24.059+0000] {logging_mixin.py:188} INFO - Saved data to /opt/***/data/api_data_json/research_20.json
[2024-05-10T04:00:24.137+0000] {logging_mixin.py:188} INFO - Uploaded data/api_data_json/research_20.json to Minio
[2024-05-10T04:00:26.077+0000] {logging_mixin.py:188} INFO - Saved data to /opt/***/data/api_data_json/research_21.json
[2024-05-10T04:00:26.107+0000] {logging_mixin.py:188} INFO - Uploaded data/api_data_json/research_21.json to Minio
[2024-05-10T04:00:26.987+0000] {logging_mixin.py:188} INFO - Saved data to /opt/***/data/api_data_json/research_22.json
[2024-05-10T04:00:27.005+0000] {logging_mixin.py:188} INFO - Uploaded data/api_data_json/research_22.json to Minio
[2024-05-10T04:00:27.533+0000] {logging_mixin.py:188} INFO - Saved data to /opt/***/data/api_data_json/research_23.json
[2024-05-10T04:00:27.557+0000] {logging_mixin.py:188} INFO - Uploaded data/api_data_json/research_23.json to Minio
[2024-05-10T04:00:28.110+0000] {logging_mixin.py:188} INFO - Saved data to /opt/***/data/api_data_json/research_24.json
[2024-05-10T04:00:28.172+0000] {logging_mixin.py:188} INFO - Uploaded data/api_data_json/research_24.json to Minio
[2024-05-10T04:00:28.180+0000] {python.py:237} INFO - Done. Returned value was: None
[2024-05-10T04:00:28.186+0000] {taskinstance.py:441} INFO - ::group::Post task execution logs
[2024-05-10T04:00:28.219+0000] {taskinstance.py:1206} INFO - Marking task as SUCCESS. dag_id=ml_pipeline, task_id=get_api_data, run_id=manual__2024-05-10T03:59:38.704770+00:00, execution_date=20240510T035938, start_date=20240510T035940, end_date=20240510T040028
[2024-05-10T04:00:28.292+0000] {local_task_job_runner.py:240} INFO - Task exited with return code 0
[2024-05-10T04:00:28.365+0000] {taskinstance.py:3498} INFO - 1 downstream tasks scheduled from follow-on schedule check
[2024-05-10T04:00:28.369+0000] {local_task_job_runner.py:222} INFO - ::endgroup::
