[2024-05-10T14:22:20.238+0000] {local_task_job_runner.py:120} INFO - ::group::Pre task execution logs
[2024-05-10T14:22:20.263+0000] {taskinstance.py:2076} INFO - Dependencies all met for dep_context=non-requeueable deps ti=<TaskInstance: data_pipeline.clean_api_data manual__2024-05-10T10:18:14.377791+00:00 [queued]>
[2024-05-10T14:22:20.270+0000] {taskinstance.py:2076} INFO - Dependencies all met for dep_context=requeueable deps ti=<TaskInstance: data_pipeline.clean_api_data manual__2024-05-10T10:18:14.377791+00:00 [queued]>
[2024-05-10T14:22:20.270+0000] {taskinstance.py:2306} INFO - Starting attempt 20 of 23
[2024-05-10T14:22:20.282+0000] {taskinstance.py:2330} INFO - Executing <Task(PythonOperator): clean_api_data> on 2024-05-10 10:18:14.377791+00:00
[2024-05-10T14:22:20.288+0000] {logging_mixin.py:188} WARNING - /home/***/.local/lib/python3.12/site-packages/***/task/task_runner/standard_task_runner.py:61 DeprecationWarning: This process (pid=11542) is multi-threaded, use of fork() may lead to deadlocks in the child.
[2024-05-10T14:22:20.289+0000] {standard_task_runner.py:63} INFO - Started process 11544 to run task
[2024-05-10T14:22:20.288+0000] {standard_task_runner.py:90} INFO - Running: ['***', 'tasks', 'run', 'data_pipeline', 'clean_api_data', 'manual__2024-05-10T10:18:14.377791+00:00', '--job-id', '583', '--raw', '--subdir', 'DAGS_FOLDER/main_dag.py', '--cfg-path', '/tmp/tmpsehbpkfa']
[2024-05-10T14:22:20.290+0000] {standard_task_runner.py:91} INFO - Job 583: Subtask clean_api_data
[2024-05-10T14:22:20.301+0000] {logging_mixin.py:188} WARNING - /home/***/.local/lib/python3.12/site-packages/***/settings.py:195 DeprecationWarning: The sql_alchemy_conn option in [core] has been moved to the sql_alchemy_conn option in [database] - the old setting has been used, but please update your config.
[2024-05-10T14:22:20.328+0000] {task_command.py:426} INFO - Running <TaskInstance: data_pipeline.clean_api_data manual__2024-05-10T10:18:14.377791+00:00 [running]> on host dbfcb70dcca2
[2024-05-10T14:22:20.400+0000] {taskinstance.py:2648} INFO - Exporting env vars: AIRFLOW_CTX_DAG_OWNER='***' AIRFLOW_CTX_DAG_ID='data_pipeline' AIRFLOW_CTX_TASK_ID='clean_api_data' AIRFLOW_CTX_EXECUTION_DATE='2024-05-10T10:18:14.377791+00:00' AIRFLOW_CTX_TRY_NUMBER='20' AIRFLOW_CTX_DAG_RUN_ID='manual__2024-05-10T10:18:14.377791+00:00'
[2024-05-10T14:22:20.401+0000] {taskinstance.py:430} INFO - ::endgroup::
[2024-05-10T14:22:20.478+0000] {logging_mixin.py:188} INFO - Saved data to /opt/***/data/api_data_csv/api_data.csvapi_data.csv
[2024-05-10T14:22:20.497+0000] {logging_mixin.py:188} INFO - Uploaded data/api_data_csv/api_data.csv to Minio
[2024-05-10T14:22:20.498+0000] {python.py:237} INFO - Done. Returned value was:                                                  title  ... keywords
0    Shear capacity of high performance fiber reinf...  ...         
1                     Mutation operators in BPMN model  ...         
2    Characteristics and catalytic properties of Ni...  ...         
3    Disruption of c Kit Signaling in KitW sh W sh ...  ...         
4    Ce3  ion induced visible light photocatalytic ...  ...         
..                                                 ...  ...      ...
995  Towards 5G cellular  Understanding 3D in build...  ...         
996  Modeling of root reinforced soil slope under r...  ...         
997  Production of massoia lactone by Aureobasidium...  ...         
998  Efficiencies of NF and RO membranes on pharmac...  ...         
999  Two dimensional modeling of the oxidative coup...  ...         

[1000 rows x 5 columns]
[2024-05-10T14:22:20.508+0000] {taskinstance.py:441} INFO - ::group::Post task execution logs
[2024-05-10T14:22:20.545+0000] {taskinstance.py:1206} INFO - Marking task as SUCCESS. dag_id=data_pipeline, task_id=clean_api_data, run_id=manual__2024-05-10T10:18:14.377791+00:00, execution_date=20240510T101814, start_date=20240510T142220, end_date=20240510T142220
[2024-05-10T14:22:20.583+0000] {local_task_job_runner.py:240} INFO - Task exited with return code 0
[2024-05-10T14:22:20.603+0000] {taskinstance.py:3498} INFO - 1 downstream tasks scheduled from follow-on schedule check
[2024-05-10T14:22:20.604+0000] {local_task_job_runner.py:222} INFO - ::endgroup::
