[2024-05-10T07:36:17.955+0000] {local_task_job_runner.py:120} INFO - ::group::Pre task execution logs
[2024-05-10T07:36:17.976+0000] {taskinstance.py:2076} INFO - Dependencies all met for dep_context=non-requeueable deps ti=<TaskInstance: data_pipeline.concat_data manual__2024-05-10T07:28:51.301077+00:00 [queued]>
[2024-05-10T07:36:17.983+0000] {taskinstance.py:2076} INFO - Dependencies all met for dep_context=requeueable deps ti=<TaskInstance: data_pipeline.concat_data manual__2024-05-10T07:28:51.301077+00:00 [queued]>
[2024-05-10T07:36:17.984+0000] {taskinstance.py:2306} INFO - Starting attempt 10 of 13
[2024-05-10T07:36:17.993+0000] {taskinstance.py:2330} INFO - Executing <Task(PythonOperator): concat_data> on 2024-05-10 07:28:51.301077+00:00
[2024-05-10T07:36:17.999+0000] {logging_mixin.py:188} WARNING - /home/***/.local/lib/python3.12/site-packages/***/task/task_runner/standard_task_runner.py:61 DeprecationWarning: This process (pid=20798) is multi-threaded, use of fork() may lead to deadlocks in the child.
[2024-05-10T07:36:18.000+0000] {standard_task_runner.py:63} INFO - Started process 20800 to run task
[2024-05-10T07:36:17.999+0000] {standard_task_runner.py:90} INFO - Running: ['***', 'tasks', 'run', 'data_pipeline', 'concat_data', 'manual__2024-05-10T07:28:51.301077+00:00', '--job-id', '312', '--raw', '--subdir', 'DAGS_FOLDER/main_dag.py', '--cfg-path', '/tmp/tmp4e52y0qa']
[2024-05-10T07:36:18.001+0000] {standard_task_runner.py:91} INFO - Job 312: Subtask concat_data
[2024-05-10T07:36:18.011+0000] {logging_mixin.py:188} WARNING - /home/***/.local/lib/python3.12/site-packages/***/settings.py:195 DeprecationWarning: The sql_alchemy_conn option in [core] has been moved to the sql_alchemy_conn option in [database] - the old setting has been used, but please update your config.
[2024-05-10T07:36:18.038+0000] {task_command.py:426} INFO - Running <TaskInstance: data_pipeline.concat_data manual__2024-05-10T07:28:51.301077+00:00 [running]> on host 3031e573f05c
[2024-05-10T07:36:18.106+0000] {taskinstance.py:2648} INFO - Exporting env vars: AIRFLOW_CTX_DAG_OWNER='***' AIRFLOW_CTX_DAG_ID='data_pipeline' AIRFLOW_CTX_TASK_ID='concat_data' AIRFLOW_CTX_EXECUTION_DATE='2024-05-10T07:28:51.301077+00:00' AIRFLOW_CTX_TRY_NUMBER='10' AIRFLOW_CTX_DAG_RUN_ID='manual__2024-05-10T07:28:51.301077+00:00'
[2024-05-10T07:36:18.107+0000] {taskinstance.py:430} INFO - ::endgroup::
[2024-05-10T07:36:18.352+0000] {logging_mixin.py:188} INFO - 21121
[2024-05-10T07:36:19.137+0000] {logging_mixin.py:188} INFO - 22114
[2024-05-10T07:36:19.261+0000] {logging_mixin.py:188} INFO - Uploaded data/database.csv to Minio
[2024-05-10T07:36:19.265+0000] {python.py:237} INFO - Done. Returned value was: None
[2024-05-10T07:36:19.266+0000] {taskinstance.py:441} INFO - ::group::Post task execution logs
[2024-05-10T07:36:19.273+0000] {taskinstance.py:1206} INFO - Marking task as SUCCESS. dag_id=data_pipeline, task_id=concat_data, run_id=manual__2024-05-10T07:28:51.301077+00:00, execution_date=20240510T072851, start_date=20240510T073617, end_date=20240510T073619
[2024-05-10T07:36:19.297+0000] {local_task_job_runner.py:240} INFO - Task exited with return code 0
[2024-05-10T07:36:19.306+0000] {local_task_job_runner.py:222} INFO - ::endgroup::
