[2024-05-10T07:34:48.478+0000] {local_task_job_runner.py:120} INFO - ::group::Pre task execution logs
[2024-05-10T07:34:48.499+0000] {taskinstance.py:2076} INFO - Dependencies all met for dep_context=non-requeueable deps ti=<TaskInstance: data_pipeline.concat_data manual__2024-05-10T07:28:51.301077+00:00 [queued]>
[2024-05-10T07:34:48.507+0000] {taskinstance.py:2076} INFO - Dependencies all met for dep_context=requeueable deps ti=<TaskInstance: data_pipeline.concat_data manual__2024-05-10T07:28:51.301077+00:00 [queued]>
[2024-05-10T07:34:48.508+0000] {taskinstance.py:2306} INFO - Starting attempt 8 of 11
[2024-05-10T07:34:48.519+0000] {taskinstance.py:2330} INFO - Executing <Task(PythonOperator): concat_data> on 2024-05-10 07:28:51.301077+00:00
[2024-05-10T07:34:48.525+0000] {logging_mixin.py:188} WARNING - /home/***/.local/lib/python3.12/site-packages/***/task/task_runner/standard_task_runner.py:61 DeprecationWarning: This process (pid=20721) is multi-threaded, use of fork() may lead to deadlocks in the child.
[2024-05-10T07:34:48.524+0000] {standard_task_runner.py:90} INFO - Running: ['***', 'tasks', 'run', 'data_pipeline', 'concat_data', 'manual__2024-05-10T07:28:51.301077+00:00', '--job-id', '310', '--raw', '--subdir', 'DAGS_FOLDER/main_dag.py', '--cfg-path', '/tmp/tmpiczvd4cw']
[2024-05-10T07:34:48.526+0000] {standard_task_runner.py:63} INFO - Started process 20723 to run task
[2024-05-10T07:34:48.526+0000] {standard_task_runner.py:91} INFO - Job 310: Subtask concat_data
[2024-05-10T07:34:48.538+0000] {logging_mixin.py:188} WARNING - /home/***/.local/lib/python3.12/site-packages/***/settings.py:195 DeprecationWarning: The sql_alchemy_conn option in [core] has been moved to the sql_alchemy_conn option in [database] - the old setting has been used, but please update your config.
[2024-05-10T07:34:48.565+0000] {task_command.py:426} INFO - Running <TaskInstance: data_pipeline.concat_data manual__2024-05-10T07:28:51.301077+00:00 [running]> on host 3031e573f05c
[2024-05-10T07:34:48.631+0000] {taskinstance.py:2648} INFO - Exporting env vars: AIRFLOW_CTX_DAG_OWNER='***' AIRFLOW_CTX_DAG_ID='data_pipeline' AIRFLOW_CTX_TASK_ID='concat_data' AIRFLOW_CTX_EXECUTION_DATE='2024-05-10T07:28:51.301077+00:00' AIRFLOW_CTX_TRY_NUMBER='8' AIRFLOW_CTX_DAG_RUN_ID='manual__2024-05-10T07:28:51.301077+00:00'
[2024-05-10T07:34:48.633+0000] {taskinstance.py:430} INFO - ::endgroup::
[2024-05-10T07:34:48.949+0000] {logging_mixin.py:188} INFO - 21121
[2024-05-10T07:34:50.028+0000] {logging_mixin.py:188} INFO - 21121
[2024-05-10T07:34:50.134+0000] {logging_mixin.py:188} INFO - Uploaded data/database.csv to Minio
[2024-05-10T07:34:50.136+0000] {python.py:237} INFO - Done. Returned value was: None
[2024-05-10T07:34:50.137+0000] {taskinstance.py:441} INFO - ::group::Post task execution logs
[2024-05-10T07:34:50.143+0000] {taskinstance.py:1206} INFO - Marking task as SUCCESS. dag_id=data_pipeline, task_id=concat_data, run_id=manual__2024-05-10T07:28:51.301077+00:00, execution_date=20240510T072851, start_date=20240510T073448, end_date=20240510T073450
[2024-05-10T07:34:50.184+0000] {local_task_job_runner.py:240} INFO - Task exited with return code 0
[2024-05-10T07:34:50.196+0000] {taskinstance.py:3498} INFO - 0 downstream tasks scheduled from follow-on schedule check
[2024-05-10T07:34:50.198+0000] {local_task_job_runner.py:222} INFO - ::endgroup::
