[2024-05-10T07:38:48.006+0000] {local_task_job_runner.py:120} INFO - ::group::Pre task execution logs
[2024-05-10T07:38:48.029+0000] {taskinstance.py:2076} INFO - Dependencies all met for dep_context=non-requeueable deps ti=<TaskInstance: data_pipeline.get_api_data manual__2024-05-10T07:38:46.053570+00:00 [queued]>
[2024-05-10T07:38:48.037+0000] {taskinstance.py:2076} INFO - Dependencies all met for dep_context=requeueable deps ti=<TaskInstance: data_pipeline.get_api_data manual__2024-05-10T07:38:46.053570+00:00 [queued]>
[2024-05-10T07:38:48.038+0000] {taskinstance.py:2306} INFO - Starting attempt 1 of 4
[2024-05-10T07:38:48.048+0000] {taskinstance.py:2330} INFO - Executing <Task(PythonOperator): get_api_data> on 2024-05-10 07:38:46.053570+00:00
[2024-05-10T07:38:48.055+0000] {logging_mixin.py:188} WARNING - /home/***/.local/lib/python3.12/site-packages/***/task/task_runner/standard_task_runner.py:61 DeprecationWarning: This process (pid=20908) is multi-threaded, use of fork() may lead to deadlocks in the child.
[2024-05-10T07:38:48.055+0000] {standard_task_runner.py:63} INFO - Started process 20910 to run task
[2024-05-10T07:38:48.055+0000] {standard_task_runner.py:90} INFO - Running: ['***', 'tasks', 'run', 'data_pipeline', 'get_api_data', 'manual__2024-05-10T07:38:46.053570+00:00', '--job-id', '314', '--raw', '--subdir', 'DAGS_FOLDER/main_dag.py', '--cfg-path', '/tmp/tmphg5c6l_5']
[2024-05-10T07:38:48.056+0000] {standard_task_runner.py:91} INFO - Job 314: Subtask get_api_data
[2024-05-10T07:38:48.066+0000] {logging_mixin.py:188} WARNING - /home/***/.local/lib/python3.12/site-packages/***/settings.py:195 DeprecationWarning: The sql_alchemy_conn option in [core] has been moved to the sql_alchemy_conn option in [database] - the old setting has been used, but please update your config.
[2024-05-10T07:38:48.092+0000] {task_command.py:426} INFO - Running <TaskInstance: data_pipeline.get_api_data manual__2024-05-10T07:38:46.053570+00:00 [running]> on host 3031e573f05c
[2024-05-10T07:38:48.164+0000] {taskinstance.py:2648} INFO - Exporting env vars: AIRFLOW_CTX_DAG_OWNER='***' AIRFLOW_CTX_DAG_ID='data_pipeline' AIRFLOW_CTX_TASK_ID='get_api_data' AIRFLOW_CTX_EXECUTION_DATE='2024-05-10T07:38:46.053570+00:00' AIRFLOW_CTX_TRY_NUMBER='1' AIRFLOW_CTX_DAG_RUN_ID='manual__2024-05-10T07:38:46.053570+00:00'
[2024-05-10T07:38:48.165+0000] {taskinstance.py:430} INFO - ::endgroup::
[2024-05-10T07:38:49.658+0000] {logging_mixin.py:188} INFO - Retrieved data for page 0
[2024-05-10T07:38:50.394+0000] {logging_mixin.py:188} INFO - Uploaded data/api_data_json/research_0.json to Minio
[2024-05-10T07:38:51.012+0000] {logging_mixin.py:188} INFO - Uploaded data/api_data_json/research_1.json to Minio
[2024-05-10T07:38:52.026+0000] {logging_mixin.py:188} INFO - Uploaded data/api_data_json/research_2.json to Minio
[2024-05-10T07:38:52.952+0000] {logging_mixin.py:188} INFO - Uploaded data/api_data_json/research_3.json to Minio
[2024-05-10T07:38:53.521+0000] {logging_mixin.py:188} INFO - Uploaded data/api_data_json/research_4.json to Minio
[2024-05-10T07:38:54.537+0000] {logging_mixin.py:188} INFO - Uploaded data/api_data_json/research_5.json to Minio
[2024-05-10T07:38:55.887+0000] {logging_mixin.py:188} INFO - Uploaded data/api_data_json/research_6.json to Minio
[2024-05-10T07:38:56.575+0000] {logging_mixin.py:188} INFO - Uploaded data/api_data_json/research_7.json to Minio
[2024-05-10T07:38:57.295+0000] {logging_mixin.py:188} INFO - Uploaded data/api_data_json/research_8.json to Minio
[2024-05-10T07:38:57.945+0000] {logging_mixin.py:188} INFO - Uploaded data/api_data_json/research_9.json to Minio
[2024-05-10T07:38:58.705+0000] {logging_mixin.py:188} INFO - Uploaded data/api_data_json/research_10.json to Minio
[2024-05-10T07:38:59.880+0000] {logging_mixin.py:188} INFO - Uploaded data/api_data_json/research_11.json to Minio
[2024-05-10T07:39:00.494+0000] {logging_mixin.py:188} INFO - Uploaded data/api_data_json/research_12.json to Minio
[2024-05-10T07:39:01.118+0000] {logging_mixin.py:188} INFO - Uploaded data/api_data_json/research_13.json to Minio
[2024-05-10T07:39:01.829+0000] {logging_mixin.py:188} INFO - Uploaded data/api_data_json/research_14.json to Minio
[2024-05-10T07:39:02.487+0000] {logging_mixin.py:188} INFO - Uploaded data/api_data_json/research_15.json to Minio
[2024-05-10T07:39:03.263+0000] {logging_mixin.py:188} INFO - Uploaded data/api_data_json/research_16.json to Minio
[2024-05-10T07:39:03.951+0000] {logging_mixin.py:188} INFO - Uploaded data/api_data_json/research_17.json to Minio
[2024-05-10T07:39:06.074+0000] {logging_mixin.py:188} INFO - Uploaded data/api_data_json/research_18.json to Minio
[2024-05-10T07:39:06.818+0000] {logging_mixin.py:188} INFO - Uploaded data/api_data_json/research_19.json to Minio
[2024-05-10T07:39:07.406+0000] {logging_mixin.py:188} INFO - Uploaded data/api_data_json/research_20.json to Minio
[2024-05-10T07:39:08.133+0000] {logging_mixin.py:188} INFO - Uploaded data/api_data_json/research_21.json to Minio
[2024-05-10T07:39:08.760+0000] {logging_mixin.py:188} INFO - Uploaded data/api_data_json/research_22.json to Minio
[2024-05-10T07:39:09.433+0000] {logging_mixin.py:188} INFO - Uploaded data/api_data_json/research_23.json to Minio
[2024-05-10T07:39:10.016+0000] {logging_mixin.py:188} INFO - Uploaded data/api_data_json/research_24.json to Minio
[2024-05-10T07:39:10.017+0000] {python.py:237} INFO - Done. Returned value was: None
[2024-05-10T07:39:10.018+0000] {taskinstance.py:441} INFO - ::group::Post task execution logs
[2024-05-10T07:39:10.025+0000] {taskinstance.py:1206} INFO - Marking task as SUCCESS. dag_id=data_pipeline, task_id=get_api_data, run_id=manual__2024-05-10T07:38:46.053570+00:00, execution_date=20240510T073846, start_date=20240510T073848, end_date=20240510T073910
[2024-05-10T07:39:10.070+0000] {local_task_job_runner.py:240} INFO - Task exited with return code 0
[2024-05-10T07:39:10.089+0000] {taskinstance.py:3498} INFO - 1 downstream tasks scheduled from follow-on schedule check
[2024-05-10T07:39:10.092+0000] {local_task_job_runner.py:222} INFO - ::endgroup::
