[2024-05-09T16:47:41.910+0000] {local_task_job_runner.py:120} INFO - ::group::Pre task execution logs
[2024-05-09T16:47:41.940+0000] {taskinstance.py:2076} INFO - Dependencies all met for dep_context=non-requeueable deps ti=<TaskInstance: ml_pipeline.get_api_data manual__2024-05-09T16:47:27.173183+00:00 [queued]>
[2024-05-09T16:47:41.947+0000] {taskinstance.py:2076} INFO - Dependencies all met for dep_context=requeueable deps ti=<TaskInstance: ml_pipeline.get_api_data manual__2024-05-09T16:47:27.173183+00:00 [queued]>
[2024-05-09T16:47:41.948+0000] {taskinstance.py:2306} INFO - Starting attempt 1 of 4
[2024-05-09T16:47:41.958+0000] {taskinstance.py:2330} INFO - Executing <Task(PythonOperator): get_api_data> on 2024-05-09 16:47:27.173183+00:00
[2024-05-09T16:47:41.964+0000] {logging_mixin.py:188} WARNING - /home/***/.local/lib/python3.12/site-packages/***/task/task_runner/standard_task_runner.py:61 DeprecationWarning: This process (pid=212) is multi-threaded, use of fork() may lead to deadlocks in the child.
[2024-05-09T16:47:41.966+0000] {standard_task_runner.py:63} INFO - Started process 220 to run task
[2024-05-09T16:47:41.964+0000] {standard_task_runner.py:90} INFO - Running: ['***', 'tasks', 'run', 'ml_pipeline', 'get_api_data', 'manual__2024-05-09T16:47:27.173183+00:00', '--job-id', '49', '--raw', '--subdir', 'DAGS_FOLDER/main_dag.py', '--cfg-path', '/tmp/tmp81e8_tce']
[2024-05-09T16:47:41.966+0000] {standard_task_runner.py:91} INFO - Job 49: Subtask get_api_data
[2024-05-09T16:47:41.977+0000] {logging_mixin.py:188} WARNING - /home/***/.local/lib/python3.12/site-packages/***/settings.py:195 DeprecationWarning: The sql_alchemy_conn option in [core] has been moved to the sql_alchemy_conn option in [database] - the old setting has been used, but please update your config.
[2024-05-09T16:47:42.009+0000] {task_command.py:426} INFO - Running <TaskInstance: ml_pipeline.get_api_data manual__2024-05-09T16:47:27.173183+00:00 [running]> on host c791a6edb1aa
[2024-05-09T16:47:42.080+0000] {taskinstance.py:2648} INFO - Exporting env vars: AIRFLOW_CTX_DAG_OWNER='***' AIRFLOW_CTX_DAG_ID='ml_pipeline' AIRFLOW_CTX_TASK_ID='get_api_data' AIRFLOW_CTX_EXECUTION_DATE='2024-05-09T16:47:27.173183+00:00' AIRFLOW_CTX_TRY_NUMBER='1' AIRFLOW_CTX_DAG_RUN_ID='manual__2024-05-09T16:47:27.173183+00:00'
[2024-05-09T16:47:42.081+0000] {taskinstance.py:430} INFO - ::endgroup::
[2024-05-09T16:47:42.109+0000] {logging_mixin.py:188} INFO - Hello from get_api_data
[2024-05-09T16:47:42.109+0000] {python.py:237} INFO - Done. Returned value was: None
[2024-05-09T16:47:42.110+0000] {taskinstance.py:441} INFO - ::group::Post task execution logs
[2024-05-09T16:47:42.123+0000] {taskinstance.py:1206} INFO - Marking task as SUCCESS. dag_id=ml_pipeline, task_id=get_api_data, run_id=manual__2024-05-09T16:47:27.173183+00:00, execution_date=20240509T164727, start_date=20240509T164741, end_date=20240509T164742
[2024-05-09T16:47:42.179+0000] {local_task_job_runner.py:240} INFO - Task exited with return code 0
[2024-05-09T16:47:42.211+0000] {taskinstance.py:3498} INFO - 1 downstream tasks scheduled from follow-on schedule check
[2024-05-09T16:47:42.214+0000] {local_task_job_runner.py:222} INFO - ::endgroup::
