[2024-05-09T16:38:59.338+0000] {local_task_job_runner.py:120} INFO - ::group::Pre task execution logs
[2024-05-09T16:38:59.366+0000] {taskinstance.py:2076} INFO - Dependencies all met for dep_context=non-requeueable deps ti=<TaskInstance: ml_pipeline.get_api_data manual__2024-05-09T16:38:57.225619+00:00 [queued]>
[2024-05-09T16:38:59.374+0000] {taskinstance.py:2076} INFO - Dependencies all met for dep_context=requeueable deps ti=<TaskInstance: ml_pipeline.get_api_data manual__2024-05-09T16:38:57.225619+00:00 [queued]>
[2024-05-09T16:38:59.382+0000] {taskinstance.py:2306} INFO - Starting attempt 1 of 4
[2024-05-09T16:38:59.403+0000] {taskinstance.py:2330} INFO - Executing <Task(PythonOperator): get_api_data> on 2024-05-09 16:38:57.225619+00:00
[2024-05-09T16:38:59.411+0000] {logging_mixin.py:188} WARNING - /home/***/.local/lib/python3.12/site-packages/***/task/task_runner/standard_task_runner.py:61 DeprecationWarning: This process (pid=772) is multi-threaded, use of fork() may lead to deadlocks in the child.
[2024-05-09T16:38:59.412+0000] {standard_task_runner.py:63} INFO - Started process 778 to run task
[2024-05-09T16:38:59.411+0000] {standard_task_runner.py:90} INFO - Running: ['***', 'tasks', 'run', 'ml_pipeline', 'get_api_data', 'manual__2024-05-09T16:38:57.225619+00:00', '--job-id', '44', '--raw', '--subdir', 'DAGS_FOLDER/main_dag.py', '--cfg-path', '/tmp/tmpy8ocebq2']
[2024-05-09T16:38:59.413+0000] {standard_task_runner.py:91} INFO - Job 44: Subtask get_api_data
[2024-05-09T16:38:59.432+0000] {logging_mixin.py:188} WARNING - /home/***/.local/lib/python3.12/site-packages/***/settings.py:195 DeprecationWarning: The sql_alchemy_conn option in [core] has been moved to the sql_alchemy_conn option in [database] - the old setting has been used, but please update your config.
[2024-05-09T16:38:59.467+0000] {task_command.py:426} INFO - Running <TaskInstance: ml_pipeline.get_api_data manual__2024-05-09T16:38:57.225619+00:00 [running]> on host c78fa7b1ea7a
[2024-05-09T16:38:59.551+0000] {taskinstance.py:2648} INFO - Exporting env vars: AIRFLOW_CTX_DAG_OWNER='***' AIRFLOW_CTX_DAG_ID='ml_pipeline' AIRFLOW_CTX_TASK_ID='get_api_data' AIRFLOW_CTX_EXECUTION_DATE='2024-05-09T16:38:57.225619+00:00' AIRFLOW_CTX_TRY_NUMBER='1' AIRFLOW_CTX_DAG_RUN_ID='manual__2024-05-09T16:38:57.225619+00:00'
[2024-05-09T16:38:59.553+0000] {taskinstance.py:430} INFO - ::endgroup::
[2024-05-09T16:38:59.564+0000] {logging_mixin.py:188} INFO - Hello World
[2024-05-09T16:38:59.565+0000] {python.py:237} INFO - Done. Returned value was: None
[2024-05-09T16:38:59.565+0000] {taskinstance.py:441} INFO - ::group::Post task execution logs
[2024-05-09T16:38:59.573+0000] {taskinstance.py:1206} INFO - Marking task as SUCCESS. dag_id=ml_pipeline, task_id=get_api_data, run_id=manual__2024-05-09T16:38:57.225619+00:00, execution_date=20240509T163857, start_date=20240509T163859, end_date=20240509T163859
[2024-05-09T16:38:59.626+0000] {local_task_job_runner.py:240} INFO - Task exited with return code 0
[2024-05-09T16:38:59.649+0000] {taskinstance.py:3498} INFO - 0 downstream tasks scheduled from follow-on schedule check
[2024-05-09T16:38:59.662+0000] {local_task_job_runner.py:222} INFO - ::endgroup::
