[2024-05-10T12:09:48.900+0000] {local_task_job_runner.py:120} INFO - ::group::Pre task execution logs
[2024-05-10T12:09:48.923+0000] {taskinstance.py:2076} INFO - Dependencies all met for dep_context=non-requeueable deps ti=<TaskInstance: data_pipeline.concat_data manual__2024-05-10T10:18:14.377791+00:00 [queued]>
[2024-05-10T12:09:48.930+0000] {taskinstance.py:2076} INFO - Dependencies all met for dep_context=requeueable deps ti=<TaskInstance: data_pipeline.concat_data manual__2024-05-10T10:18:14.377791+00:00 [queued]>
[2024-05-10T12:09:48.931+0000] {taskinstance.py:2306} INFO - Starting attempt 8 of 11
[2024-05-10T12:09:48.942+0000] {taskinstance.py:2330} INFO - Executing <Task(PythonOperator): concat_data> on 2024-05-10 10:18:14.377791+00:00
[2024-05-10T12:09:48.948+0000] {logging_mixin.py:188} WARNING - /home/***/.local/lib/python3.12/site-packages/***/task/task_runner/standard_task_runner.py:61 DeprecationWarning: This process (pid=5559) is multi-threaded, use of fork() may lead to deadlocks in the child.
[2024-05-10T12:09:48.949+0000] {standard_task_runner.py:63} INFO - Started process 5561 to run task
[2024-05-10T12:09:48.948+0000] {standard_task_runner.py:90} INFO - Running: ['***', 'tasks', 'run', 'data_pipeline', 'concat_data', 'manual__2024-05-10T10:18:14.377791+00:00', '--job-id', '445', '--raw', '--subdir', 'DAGS_FOLDER/main_dag.py', '--cfg-path', '/tmp/tmp_m7aklda']
[2024-05-10T12:09:48.950+0000] {standard_task_runner.py:91} INFO - Job 445: Subtask concat_data
[2024-05-10T12:09:48.962+0000] {logging_mixin.py:188} WARNING - /home/***/.local/lib/python3.12/site-packages/***/settings.py:195 DeprecationWarning: The sql_alchemy_conn option in [core] has been moved to the sql_alchemy_conn option in [database] - the old setting has been used, but please update your config.
[2024-05-10T12:09:48.986+0000] {task_command.py:426} INFO - Running <TaskInstance: data_pipeline.concat_data manual__2024-05-10T10:18:14.377791+00:00 [running]> on host dbfcb70dcca2
[2024-05-10T12:09:49.170+0000] {taskinstance.py:2648} INFO - Exporting env vars: AIRFLOW_CTX_DAG_OWNER='***' AIRFLOW_CTX_DAG_ID='data_pipeline' AIRFLOW_CTX_TASK_ID='concat_data' AIRFLOW_CTX_EXECUTION_DATE='2024-05-10T10:18:14.377791+00:00' AIRFLOW_CTX_TRY_NUMBER='8' AIRFLOW_CTX_DAG_RUN_ID='manual__2024-05-10T10:18:14.377791+00:00'
[2024-05-10T12:09:49.172+0000] {taskinstance.py:430} INFO - ::endgroup::
[2024-05-10T12:09:49.225+0000] {logging_mixin.py:188} INFO -                                                  title  ... keywords
0    Shear capacity of high performance fiber reinf...  ...         
1                     Mutation operators in BPMN model  ...         
2    Characteristics and catalytic properties of Ni...  ...         
3    Disruption of c Kit Signaling in KitW sh W sh ...  ...         
4    Ce3  ion induced visible light photocatalytic ...  ...         
..                                                 ...  ...      ...
995  Towards 5G cellular  Understanding 3D in build...  ...         
996  Modeling of root reinforced soil slope under r...  ...         
997  Production of massoia lactone by Aureobasidium...  ...         
998  Efficiencies of NF and RO membranes on pharmac...  ...         
999  Two dimensional modeling of the oxidative coup...  ...         

[1000 rows x 5 columns]
[2024-05-10T12:09:49.469+0000] {logging_mixin.py:188} INFO -                                                title  ...                                           keywords
0  Public health and international epidemiology f...  ...                                                 []
1  Flexible Printed Active Antenna for Digital Te...  ...                                                 []
2  Parametric study of hydrogen production via so...  ...  [ Circulating fluidized bed ,  Computational f...
3  Superhydrophobic coating from fluoroalkylsilan...  ...  [ Encapsulation ,  Fluoroalkylsilane ,  Natura...
4  Electrochemical impedance based DNA sensor usi...  ...  [ acpcPNA ,  Electrochemical impedance spectro...

[5 rows x 5 columns]
[2024-05-10T12:09:49.470+0000] {logging_mixin.py:188} INFO - 21758
[2024-05-10T12:09:50.131+0000] {logging_mixin.py:188} INFO - 21136
[2024-05-10T12:09:50.240+0000] {logging_mixin.py:188} INFO - Uploaded data/database.csv to Minio
[2024-05-10T12:09:50.241+0000] {python.py:237} INFO - Done. Returned value was:                                                    title  ...                                           keywords
0      Public health and international epidemiology f...  ...                                                 []
1      Flexible Printed Active Antenna for Digital Te...  ...                                                 []
2      Parametric study of hydrogen production via so...  ...  [ Circulating fluidized bed ,  Computational f...
3      Superhydrophobic coating from fluoroalkylsilan...  ...  [ Encapsulation ,  Fluoroalkylsilane ,  Natura...
4      Electrochemical impedance based DNA sensor usi...  ...  [ acpcPNA ,  Electrochemical impedance spectro...
...                                                  ...  ...                                                ...
22308  Epidemiology, Natural History, and Risk Strati...  ...                                                   
22375  Usability evaluation of the university library...  ...                                                   
22416  Two decades' contribution of occupational medi...  ...                                                   
22455  Patients' Perceived Treatment Effectiveness in...  ...                                                   
22557  Counter intuitive channel allocation improveme...  ...                                                   

[21136 rows x 5 columns]
[2024-05-10T12:09:50.250+0000] {taskinstance.py:441} INFO - ::group::Post task execution logs
[2024-05-10T12:09:50.874+0000] {taskinstance.py:1206} INFO - Marking task as SUCCESS. dag_id=data_pipeline, task_id=concat_data, run_id=manual__2024-05-10T10:18:14.377791+00:00, execution_date=20240510T101814, start_date=20240510T120948, end_date=20240510T120950
[2024-05-10T12:09:50.928+0000] {local_task_job_runner.py:240} INFO - Task exited with return code 0
[2024-05-10T12:09:50.947+0000] {taskinstance.py:3498} INFO - 1 downstream tasks scheduled from follow-on schedule check
[2024-05-10T12:09:50.948+0000] {local_task_job_runner.py:222} INFO - ::endgroup::
