[2024-05-10T12:41:02.652+0000] {local_task_job_runner.py:120} INFO - ::group::Pre task execution logs
[2024-05-10T12:41:02.674+0000] {taskinstance.py:2076} INFO - Dependencies all met for dep_context=non-requeueable deps ti=<TaskInstance: data_pipeline.concat_data manual__2024-05-10T10:18:14.377791+00:00 [queued]>
[2024-05-10T12:41:02.681+0000] {taskinstance.py:2076} INFO - Dependencies all met for dep_context=requeueable deps ti=<TaskInstance: data_pipeline.concat_data manual__2024-05-10T10:18:14.377791+00:00 [queued]>
[2024-05-10T12:41:02.682+0000] {taskinstance.py:2306} INFO - Starting attempt 17 of 20
[2024-05-10T12:41:02.692+0000] {taskinstance.py:2330} INFO - Executing <Task(PythonOperator): concat_data> on 2024-05-10 10:18:14.377791+00:00
[2024-05-10T12:41:02.698+0000] {logging_mixin.py:188} WARNING - /home/***/.local/lib/python3.12/site-packages/***/task/task_runner/standard_task_runner.py:61 DeprecationWarning: This process (pid=7238) is multi-threaded, use of fork() may lead to deadlocks in the child.
[2024-05-10T12:41:02.699+0000] {standard_task_runner.py:63} INFO - Started process 7240 to run task
[2024-05-10T12:41:02.699+0000] {standard_task_runner.py:90} INFO - Running: ['***', 'tasks', 'run', 'data_pipeline', 'concat_data', 'manual__2024-05-10T10:18:14.377791+00:00', '--job-id', '501', '--raw', '--subdir', 'DAGS_FOLDER/main_dag.py', '--cfg-path', '/tmp/tmp4im01kuc']
[2024-05-10T12:41:02.700+0000] {standard_task_runner.py:91} INFO - Job 501: Subtask concat_data
[2024-05-10T12:41:02.711+0000] {logging_mixin.py:188} WARNING - /home/***/.local/lib/python3.12/site-packages/***/settings.py:195 DeprecationWarning: The sql_alchemy_conn option in [core] has been moved to the sql_alchemy_conn option in [database] - the old setting has been used, but please update your config.
[2024-05-10T12:41:02.734+0000] {task_command.py:426} INFO - Running <TaskInstance: data_pipeline.concat_data manual__2024-05-10T10:18:14.377791+00:00 [running]> on host dbfcb70dcca2
[2024-05-10T12:41:02.905+0000] {taskinstance.py:2648} INFO - Exporting env vars: AIRFLOW_CTX_DAG_OWNER='***' AIRFLOW_CTX_DAG_ID='data_pipeline' AIRFLOW_CTX_TASK_ID='concat_data' AIRFLOW_CTX_EXECUTION_DATE='2024-05-10T10:18:14.377791+00:00' AIRFLOW_CTX_TRY_NUMBER='17' AIRFLOW_CTX_DAG_RUN_ID='manual__2024-05-10T10:18:14.377791+00:00'
[2024-05-10T12:41:02.906+0000] {taskinstance.py:430} INFO - ::endgroup::
[2024-05-10T12:41:03.181+0000] {logging_mixin.py:188} INFO -                                                title  ...                                           keywords
0  Public health and international epidemiology f...  ...                                                 []
1  Flexible Printed Active Antenna for Digital Te...  ...                                                 []
2  Parametric study of hydrogen production via so...  ...  [ Circulating fluidized bed ,  Computational f...
3  Superhydrophobic coating from fluoroalkylsilan...  ...  [ Encapsulation ,  Fluoroalkylsilane ,  Natura...
4  Electrochemical impedance based DNA sensor usi...  ...  [ acpcPNA ,  Electrochemical impedance spectro...

[5 rows x 5 columns]
[2024-05-10T12:41:03.181+0000] {logging_mixin.py:188} INFO - 21137
[2024-05-10T12:41:03.802+0000] {logging_mixin.py:188} INFO - 21137
[2024-05-10T12:41:03.913+0000] {logging_mixin.py:188} INFO - Uploaded data/database.csv to Minio
[2024-05-10T12:41:03.914+0000] {logging_mixin.py:188} INFO - 0         
1         
2         
3         
4         
        ..
21132     
21133     
21134     
21135     
21136     
Name: publication_year, Length: 21137, dtype: object
[2024-05-10T12:41:03.915+0000] {python.py:237} INFO - Done. Returned value was:                                                    title  ...                                           keywords
0      Public health and international epidemiology f...  ...                                                 []
1      Flexible Printed Active Antenna for Digital Te...  ...                                                 []
2      Parametric study of hydrogen production via so...  ...  [ Circulating fluidized bed ,  Computational f...
3      Superhydrophobic coating from fluoroalkylsilan...  ...  [ Encapsulation ,  Fluoroalkylsilane ,  Natura...
4      Electrochemical impedance based DNA sensor usi...  ...  [ acpcPNA ,  Electrochemical impedance spectro...
...                                                  ...  ...                                                ...
21132  Usability evaluation of the university library...  ...                                                   
21133  Two decades' contribution of occupational medi...  ...                                                   
21134  Patients' Perceived Treatment Effectiveness in...  ...                                                   
21135  Counter intuitive channel allocation improveme...  ...                                                   
21136  Corrigendum to "A comparison of eugenol and me...  ...                                                   

[21137 rows x 5 columns]
[2024-05-10T12:41:03.922+0000] {taskinstance.py:441} INFO - ::group::Post task execution logs
[2024-05-10T12:41:04.505+0000] {taskinstance.py:1206} INFO - Marking task as SUCCESS. dag_id=data_pipeline, task_id=concat_data, run_id=manual__2024-05-10T10:18:14.377791+00:00, execution_date=20240510T101814, start_date=20240510T124102, end_date=20240510T124104
[2024-05-10T12:41:04.558+0000] {local_task_job_runner.py:240} INFO - Task exited with return code 0
[2024-05-10T12:41:04.577+0000] {taskinstance.py:3498} INFO - 1 downstream tasks scheduled from follow-on schedule check
[2024-05-10T12:41:04.579+0000] {local_task_job_runner.py:222} INFO - ::endgroup::
