[2024-05-10T12:34:57.718+0000] {local_task_job_runner.py:120} INFO - ::group::Pre task execution logs
[2024-05-10T12:34:57.741+0000] {taskinstance.py:2076} INFO - Dependencies all met for dep_context=non-requeueable deps ti=<TaskInstance: data_pipeline.concat_data manual__2024-05-10T10:18:14.377791+00:00 [queued]>
[2024-05-10T12:34:57.748+0000] {taskinstance.py:2076} INFO - Dependencies all met for dep_context=requeueable deps ti=<TaskInstance: data_pipeline.concat_data manual__2024-05-10T10:18:14.377791+00:00 [queued]>
[2024-05-10T12:34:57.749+0000] {taskinstance.py:2306} INFO - Starting attempt 12 of 15
[2024-05-10T12:34:57.760+0000] {taskinstance.py:2330} INFO - Executing <Task(PythonOperator): concat_data> on 2024-05-10 10:18:14.377791+00:00
[2024-05-10T12:34:57.767+0000] {standard_task_runner.py:90} INFO - Running: ['***', 'tasks', 'run', 'data_pipeline', 'concat_data', 'manual__2024-05-10T10:18:14.377791+00:00', '--job-id', '486', '--raw', '--subdir', 'DAGS_FOLDER/main_dag.py', '--cfg-path', '/tmp/tmpbluzw4a5']
[2024-05-10T12:34:57.767+0000] {logging_mixin.py:188} WARNING - /home/***/.local/lib/python3.12/site-packages/***/task/task_runner/standard_task_runner.py:61 DeprecationWarning: This process (pid=6846) is multi-threaded, use of fork() may lead to deadlocks in the child.
[2024-05-10T12:34:57.769+0000] {standard_task_runner.py:91} INFO - Job 486: Subtask concat_data
[2024-05-10T12:34:57.769+0000] {standard_task_runner.py:63} INFO - Started process 6848 to run task
[2024-05-10T12:34:57.780+0000] {logging_mixin.py:188} WARNING - /home/***/.local/lib/python3.12/site-packages/***/settings.py:195 DeprecationWarning: The sql_alchemy_conn option in [core] has been moved to the sql_alchemy_conn option in [database] - the old setting has been used, but please update your config.
[2024-05-10T12:34:57.806+0000] {task_command.py:426} INFO - Running <TaskInstance: data_pipeline.concat_data manual__2024-05-10T10:18:14.377791+00:00 [running]> on host dbfcb70dcca2
[2024-05-10T12:34:57.974+0000] {taskinstance.py:2648} INFO - Exporting env vars: AIRFLOW_CTX_DAG_OWNER='***' AIRFLOW_CTX_DAG_ID='data_pipeline' AIRFLOW_CTX_TASK_ID='concat_data' AIRFLOW_CTX_EXECUTION_DATE='2024-05-10T10:18:14.377791+00:00' AIRFLOW_CTX_TRY_NUMBER='12' AIRFLOW_CTX_DAG_RUN_ID='manual__2024-05-10T10:18:14.377791+00:00'
[2024-05-10T12:34:57.975+0000] {taskinstance.py:430} INFO - ::endgroup::
[2024-05-10T12:34:58.026+0000] {logging_mixin.py:188} INFO -                                                  title  ... keywords
0    Shear capacity of high performance fiber reinf...  ...         
1                     Mutation operators in BPMN model  ...         
2    Characteristics and catalytic properties of Ni...  ...         
3    Disruption of c Kit Signaling in KitW sh W sh ...  ...         
4    Ce3  ion induced visible light photocatalytic ...  ...         
..                                                 ...  ...      ...
995  Towards 5G cellular  Understanding 3D in build...  ...         
996  Modeling of root reinforced soil slope under r...  ...         
997  Production of massoia lactone by Aureobasidium...  ...         
998  Efficiencies of NF and RO membranes on pharmac...  ...         
999  Two dimensional modeling of the oxidative coup...  ...         

[1000 rows x 5 columns]
[2024-05-10T12:34:58.290+0000] {logging_mixin.py:188} INFO -                                                title  ...                                           keywords
0  Public health and international epidemiology f...  ...                                                 []
1  Flexible Printed Active Antenna for Digital Te...  ...                                                 []
2  Parametric study of hydrogen production via so...  ...  [ Circulating fluidized bed ,  Computational f...
3  Superhydrophobic coating from fluoroalkylsilan...  ...  [ Encapsulation ,  Fluoroalkylsilane ,  Natura...
4  Electrochemical impedance based DNA sensor usi...  ...  [ acpcPNA ,  Electrochemical impedance spectro...

[5 rows x 5 columns]
[2024-05-10T12:34:58.290+0000] {logging_mixin.py:188} INFO - 21137
[2024-05-10T12:34:58.936+0000] {logging_mixin.py:188} INFO - 21137
[2024-05-10T12:34:59.081+0000] {logging_mixin.py:188} INFO - Uploaded data/database.csv to Minio
[2024-05-10T12:34:59.081+0000] {python.py:237} INFO - Done. Returned value was:                                                    title  ...                                           keywords
0      Public health and international epidemiology f...  ...                                                 []
1      Flexible Printed Active Antenna for Digital Te...  ...                                                 []
2      Parametric study of hydrogen production via so...  ...  [ Circulating fluidized bed ,  Computational f...
3      Superhydrophobic coating from fluoroalkylsilan...  ...  [ Encapsulation ,  Fluoroalkylsilane ,  Natura...
4      Electrochemical impedance based DNA sensor usi...  ...  [ acpcPNA ,  Electrochemical impedance spectro...
...                                                  ...  ...                                                ...
21132  Usability evaluation of the university library...  ...                                                   
21133  Two decades' contribution of occupational medi...  ...                                                   
21134  Patients' Perceived Treatment Effectiveness in...  ...                                                   
21135  Counter intuitive channel allocation improveme...  ...                                                   
21136  Corrigendum to "A comparison of eugenol and me...  ...                                                   

[21137 rows x 5 columns]
[2024-05-10T12:34:59.089+0000] {taskinstance.py:441} INFO - ::group::Post task execution logs
[2024-05-10T12:34:59.692+0000] {taskinstance.py:1206} INFO - Marking task as SUCCESS. dag_id=data_pipeline, task_id=concat_data, run_id=manual__2024-05-10T10:18:14.377791+00:00, execution_date=20240510T101814, start_date=20240510T123457, end_date=20240510T123459
[2024-05-10T12:34:59.708+0000] {local_task_job_runner.py:240} INFO - Task exited with return code 0
[2024-05-10T12:34:59.726+0000] {taskinstance.py:3498} INFO - 1 downstream tasks scheduled from follow-on schedule check
[2024-05-10T12:34:59.728+0000] {local_task_job_runner.py:222} INFO - ::endgroup::
