[2024-05-10T14:43:08.454+0000] {local_task_job_runner.py:120} INFO - ::group::Pre task execution logs
[2024-05-10T14:43:08.481+0000] {taskinstance.py:2076} INFO - Dependencies all met for dep_context=non-requeueable deps ti=<TaskInstance: data_pipeline.concat_data manual__2024-05-10T10:18:14.377791+00:00 [queued]>
[2024-05-10T14:43:08.490+0000] {taskinstance.py:2076} INFO - Dependencies all met for dep_context=requeueable deps ti=<TaskInstance: data_pipeline.concat_data manual__2024-05-10T10:18:14.377791+00:00 [queued]>
[2024-05-10T14:43:08.491+0000] {taskinstance.py:2306} INFO - Starting attempt 42 of 45
[2024-05-10T14:43:08.502+0000] {taskinstance.py:2330} INFO - Executing <Task(PythonOperator): concat_data> on 2024-05-10 10:18:14.377791+00:00
[2024-05-10T14:43:08.509+0000] {logging_mixin.py:188} WARNING - /home/***/.local/lib/python3.12/site-packages/***/task/task_runner/standard_task_runner.py:61 DeprecationWarning: This process (pid=12565) is multi-threaded, use of fork() may lead to deadlocks in the child.
[2024-05-10T14:43:08.510+0000] {standard_task_runner.py:63} INFO - Started process 12567 to run task
[2024-05-10T14:43:08.509+0000] {standard_task_runner.py:90} INFO - Running: ['***', 'tasks', 'run', 'data_pipeline', 'concat_data', 'manual__2024-05-10T10:18:14.377791+00:00', '--job-id', '615', '--raw', '--subdir', 'DAGS_FOLDER/main_dag.py', '--cfg-path', '/tmp/tmp_gcxsozd']
[2024-05-10T14:43:08.511+0000] {standard_task_runner.py:91} INFO - Job 615: Subtask concat_data
[2024-05-10T14:43:08.523+0000] {logging_mixin.py:188} WARNING - /home/***/.local/lib/python3.12/site-packages/***/settings.py:195 DeprecationWarning: The sql_alchemy_conn option in [core] has been moved to the sql_alchemy_conn option in [database] - the old setting has been used, but please update your config.
[2024-05-10T14:43:08.553+0000] {task_command.py:426} INFO - Running <TaskInstance: data_pipeline.concat_data manual__2024-05-10T10:18:14.377791+00:00 [running]> on host dbfcb70dcca2
[2024-05-10T14:43:08.770+0000] {taskinstance.py:2648} INFO - Exporting env vars: AIRFLOW_CTX_DAG_OWNER='***' AIRFLOW_CTX_DAG_ID='data_pipeline' AIRFLOW_CTX_TASK_ID='concat_data' AIRFLOW_CTX_EXECUTION_DATE='2024-05-10T10:18:14.377791+00:00' AIRFLOW_CTX_TRY_NUMBER='42' AIRFLOW_CTX_DAG_RUN_ID='manual__2024-05-10T10:18:14.377791+00:00'
[2024-05-10T14:43:08.771+0000] {taskinstance.py:430} INFO - ::endgroup::
[2024-05-10T14:43:08.827+0000] {logging_mixin.py:188} INFO - 0      2017
1      2017
2      2017
3      2016
4      2016
       ... 
995    2017
996    2017
997    2017
998    2017
999    2017
Name: publication_year, Length: 1000, dtype: object
[2024-05-10T14:43:09.974+0000] {logging_mixin.py:188} INFO - Uploaded data/database.csv to Minio
[2024-05-10T14:43:09.977+0000] {python.py:237} INFO - Done. Returned value was:                                                    title  ...                                           keywords
0      Public health and international epidemiology f...  ...                                                 []
1      Flexible Printed Active Antenna for Digital Te...  ...                                                 []
2      Parametric study of hydrogen production via so...  ...  ['Circulating fluidized bed', 'Computational f...
3      Superhydrophobic coating from fluoroalkylsilan...  ...  ['Encapsulation', 'Fluoroalkylsilane', 'Natura...
4      Electrochemical impedance based DNA sensor usi...  ...  ['acpcPNA', 'Electrochemical impedance spectro...
...                                                  ...  ...                                                ...
21747  Study of the liquid-film-forming apparatus as ...  ...  ['Alternative aeration system' 'aquaculture po...
21748  Towards 5G cellular: Understanding 3D in-build...  ...  ['5G' 'Architecture' 'Control-/user-plane' 'Fe...
21749  Modeling of root-reinforced soil slope under r...  ...  ['Centrifuge modeling' 'Landslides' 'Seepage a...
21750  Production of massoia lactone by Aureobasidium...  ...  ['Aureobasidium pullulans' 'fragrant biosurfac...
21751  Two-dimensional modeling of the oxidative coup...  ...  ['Fixed bed reactor' 'Gas hour space velocity ...

[21752 rows x 5 columns]
[2024-05-10T14:43:09.992+0000] {taskinstance.py:441} INFO - ::group::Post task execution logs
[2024-05-10T14:43:10.753+0000] {taskinstance.py:1206} INFO - Marking task as SUCCESS. dag_id=data_pipeline, task_id=concat_data, run_id=manual__2024-05-10T10:18:14.377791+00:00, execution_date=20240510T101814, start_date=20240510T144308, end_date=20240510T144310
[2024-05-10T14:43:10.772+0000] {local_task_job_runner.py:240} INFO - Task exited with return code 0
[2024-05-10T14:43:10.795+0000] {taskinstance.py:3498} INFO - 1 downstream tasks scheduled from follow-on schedule check
[2024-05-10T14:43:10.797+0000] {local_task_job_runner.py:222} INFO - ::endgroup::
