[2024-05-10T14:23:28.822+0000] {local_task_job_runner.py:120} INFO - ::group::Pre task execution logs
[2024-05-10T14:23:28.846+0000] {taskinstance.py:2076} INFO - Dependencies all met for dep_context=non-requeueable deps ti=<TaskInstance: data_pipeline.concat_data manual__2024-05-10T10:18:14.377791+00:00 [queued]>
[2024-05-10T14:23:28.853+0000] {taskinstance.py:2076} INFO - Dependencies all met for dep_context=requeueable deps ti=<TaskInstance: data_pipeline.concat_data manual__2024-05-10T10:18:14.377791+00:00 [queued]>
[2024-05-10T14:23:28.854+0000] {taskinstance.py:2306} INFO - Starting attempt 36 of 39
[2024-05-10T14:23:28.865+0000] {taskinstance.py:2330} INFO - Executing <Task(PythonOperator): concat_data> on 2024-05-10 10:18:14.377791+00:00
[2024-05-10T14:23:28.871+0000] {logging_mixin.py:188} WARNING - /home/***/.local/lib/python3.12/site-packages/***/task/task_runner/standard_task_runner.py:61 DeprecationWarning: This process (pid=11627) is multi-threaded, use of fork() may lead to deadlocks in the child.
[2024-05-10T14:23:28.872+0000] {standard_task_runner.py:63} INFO - Started process 11629 to run task
[2024-05-10T14:23:28.871+0000] {standard_task_runner.py:90} INFO - Running: ['***', 'tasks', 'run', 'data_pipeline', 'concat_data', 'manual__2024-05-10T10:18:14.377791+00:00', '--job-id', '588', '--raw', '--subdir', 'DAGS_FOLDER/main_dag.py', '--cfg-path', '/tmp/tmpbsjnd50k']
[2024-05-10T14:23:28.873+0000] {standard_task_runner.py:91} INFO - Job 588: Subtask concat_data
[2024-05-10T14:23:28.884+0000] {logging_mixin.py:188} WARNING - /home/***/.local/lib/python3.12/site-packages/***/settings.py:195 DeprecationWarning: The sql_alchemy_conn option in [core] has been moved to the sql_alchemy_conn option in [database] - the old setting has been used, but please update your config.
[2024-05-10T14:23:28.908+0000] {task_command.py:426} INFO - Running <TaskInstance: data_pipeline.concat_data manual__2024-05-10T10:18:14.377791+00:00 [running]> on host dbfcb70dcca2
[2024-05-10T14:23:29.097+0000] {taskinstance.py:2648} INFO - Exporting env vars: AIRFLOW_CTX_DAG_OWNER='***' AIRFLOW_CTX_DAG_ID='data_pipeline' AIRFLOW_CTX_TASK_ID='concat_data' AIRFLOW_CTX_EXECUTION_DATE='2024-05-10T10:18:14.377791+00:00' AIRFLOW_CTX_TRY_NUMBER='36' AIRFLOW_CTX_DAG_RUN_ID='manual__2024-05-10T10:18:14.377791+00:00'
[2024-05-10T14:23:29.098+0000] {taskinstance.py:430} INFO - ::endgroup::
[2024-05-10T14:23:29.144+0000] {logging_mixin.py:188} INFO - 0      2017
1      2017
2      2017
3      2016
4      2016
       ... 
995    2017
996    2017
997    2017
998    2017
999    2017
Name: publication_year, Length: 1000, dtype: object
[2024-05-10T14:23:30.173+0000] {logging_mixin.py:188} INFO - Uploaded data/database.csv to Minio
[2024-05-10T14:23:30.174+0000] {python.py:237} INFO - Done. Returned value was:                                                    title  ...                                           keywords
0      Public health and international epidemiology f...  ...                                                 []
1      Flexible Printed Active Antenna for Digital Te...  ...                                                 []
2      Parametric study of hydrogen production via so...  ...  ['Circulating fluidized bed', 'Computational f...
3      Superhydrophobic coating from fluoroalkylsilan...  ...  ['Encapsulation', 'Fluoroalkylsilane', 'Natura...
4      Electrochemical impedance based DNA sensor usi...  ...  ['acpcPNA', 'Electrochemical impedance spectro...
...                                                  ...  ...                                                ...
21116  Towards 5G cellular  Understanding 3D in build...  ...  ['5G' 'Architecture' 'Control  user plane' 'Fe...
21117  Modeling of root reinforced soil slope under r...  ...  ['Centrifuge modeling' 'Landslides' 'Seepage a...
21118  Production of massoia lactone by Aureobasidium...  ...  ['Aureobasidium pullulans' 'fragrant biosurfac...
21119  Efficiencies of NF and RO membranes on pharmac...  ...  ['Carbamazepine' 'Membrane fouling' 'Nanofiltr...
21120  Two dimensional modeling of the oxidative coup...  ...  ['Fixed bed reactor' 'Gas hour space velocity ...

[21121 rows x 5 columns]
[2024-05-10T14:23:30.185+0000] {taskinstance.py:441} INFO - ::group::Post task execution logs
[2024-05-10T14:23:30.771+0000] {taskinstance.py:1206} INFO - Marking task as SUCCESS. dag_id=data_pipeline, task_id=concat_data, run_id=manual__2024-05-10T10:18:14.377791+00:00, execution_date=20240510T101814, start_date=20240510T142328, end_date=20240510T142330
[2024-05-10T14:23:30.812+0000] {local_task_job_runner.py:240} INFO - Task exited with return code 0
[2024-05-10T14:23:30.830+0000] {taskinstance.py:3498} INFO - 1 downstream tasks scheduled from follow-on schedule check
[2024-05-10T14:23:30.832+0000] {local_task_job_runner.py:222} INFO - ::endgroup::
