[2024-05-10T05:00:00.511+0000] {local_task_job_runner.py:120} INFO - ::group::Pre task execution logs
[2024-05-10T05:00:00.535+0000] {taskinstance.py:2076} INFO - Dependencies all met for dep_context=non-requeueable deps ti=<TaskInstance: data_pipeline.concat_data manual__2024-05-10T04:28:40.860231+00:00 [queued]>
[2024-05-10T05:00:00.543+0000] {taskinstance.py:2076} INFO - Dependencies all met for dep_context=requeueable deps ti=<TaskInstance: data_pipeline.concat_data manual__2024-05-10T04:28:40.860231+00:00 [queued]>
[2024-05-10T05:00:00.544+0000] {taskinstance.py:2306} INFO - Starting attempt 2 of 5
[2024-05-10T05:00:00.555+0000] {taskinstance.py:2330} INFO - Executing <Task(PythonOperator): concat_data> on 2024-05-10 04:28:40.860231+00:00
[2024-05-10T05:00:00.561+0000] {logging_mixin.py:188} WARNING - /home/***/.local/lib/python3.12/site-packages/***/task/task_runner/standard_task_runner.py:61 DeprecationWarning: This process (pid=16084) is multi-threaded, use of fork() may lead to deadlocks in the child.
[2024-05-10T05:00:00.562+0000] {standard_task_runner.py:63} INFO - Started process 16086 to run task
[2024-05-10T05:00:00.561+0000] {standard_task_runner.py:90} INFO - Running: ['***', 'tasks', 'run', 'data_pipeline', 'concat_data', 'manual__2024-05-10T04:28:40.860231+00:00', '--job-id', '277', '--raw', '--subdir', 'DAGS_FOLDER/main_dag.py', '--cfg-path', '/tmp/tmp3sevdgwh']
[2024-05-10T05:00:00.563+0000] {standard_task_runner.py:91} INFO - Job 277: Subtask concat_data
[2024-05-10T05:00:00.575+0000] {logging_mixin.py:188} WARNING - /home/***/.local/lib/python3.12/site-packages/***/settings.py:195 DeprecationWarning: The sql_alchemy_conn option in [core] has been moved to the sql_alchemy_conn option in [database] - the old setting has been used, but please update your config.
[2024-05-10T05:00:00.605+0000] {task_command.py:426} INFO - Running <TaskInstance: data_pipeline.concat_data manual__2024-05-10T04:28:40.860231+00:00 [running]> on host 3031e573f05c
[2024-05-10T05:00:00.679+0000] {taskinstance.py:2648} INFO - Exporting env vars: AIRFLOW_CTX_DAG_OWNER='***' AIRFLOW_CTX_DAG_ID='data_pipeline' AIRFLOW_CTX_TASK_ID='concat_data' AIRFLOW_CTX_EXECUTION_DATE='2024-05-10T04:28:40.860231+00:00' AIRFLOW_CTX_TRY_NUMBER='2' AIRFLOW_CTX_DAG_RUN_ID='manual__2024-05-10T04:28:40.860231+00:00'
[2024-05-10T05:00:00.680+0000] {taskinstance.py:430} INFO - ::endgroup::
[2024-05-10T05:00:01.080+0000] {logging_mixin.py:188} INFO - 21055
[2024-05-10T05:00:01.854+0000] {logging_mixin.py:188} INFO - 21962
[2024-05-10T05:00:02.040+0000] {logging_mixin.py:188} INFO - Uploaded data/database.csv to Minio
[2024-05-10T05:00:02.044+0000] {python.py:237} INFO - Done. Returned value was: None
[2024-05-10T05:00:02.045+0000] {taskinstance.py:441} INFO - ::group::Post task execution logs
[2024-05-10T05:00:02.054+0000] {taskinstance.py:1206} INFO - Marking task as SUCCESS. dag_id=data_pipeline, task_id=concat_data, run_id=manual__2024-05-10T04:28:40.860231+00:00, execution_date=20240510T042840, start_date=20240510T050000, end_date=20240510T050002
[2024-05-10T05:00:02.100+0000] {local_task_job_runner.py:240} INFO - Task exited with return code 0
[2024-05-10T05:00:02.119+0000] {taskinstance.py:3498} INFO - 0 downstream tasks scheduled from follow-on schedule check
[2024-05-10T05:00:02.121+0000] {local_task_job_runner.py:222} INFO - ::endgroup::
