[2024-05-10T10:13:15.218+0000] {local_task_job_runner.py:120} INFO - ::group::Pre task execution logs
[2024-05-10T10:13:15.244+0000] {taskinstance.py:2076} INFO - Dependencies all met for dep_context=non-requeueable deps ti=<TaskInstance: data_pipeline.concat_data manual__2024-05-10T09:58:46.082243+00:00 [queued]>
[2024-05-10T10:13:15.256+0000] {taskinstance.py:2076} INFO - Dependencies all met for dep_context=requeueable deps ti=<TaskInstance: data_pipeline.concat_data manual__2024-05-10T09:58:46.082243+00:00 [queued]>
[2024-05-10T10:13:15.258+0000] {taskinstance.py:2306} INFO - Starting attempt 1 of 4
[2024-05-10T10:13:15.268+0000] {taskinstance.py:2330} INFO - Executing <Task(PythonOperator): concat_data> on 2024-05-10 09:58:46.082243+00:00
[2024-05-10T10:13:15.275+0000] {logging_mixin.py:188} WARNING - /home/***/.local/lib/python3.12/site-packages/***/task/task_runner/standard_task_runner.py:61 DeprecationWarning: This process (pid=707) is multi-threaded, use of fork() may lead to deadlocks in the child.
[2024-05-10T10:13:15.276+0000] {standard_task_runner.py:63} INFO - Started process 709 to run task
[2024-05-10T10:13:15.275+0000] {standard_task_runner.py:90} INFO - Running: ['***', 'tasks', 'run', 'data_pipeline', 'concat_data', 'manual__2024-05-10T09:58:46.082243+00:00', '--job-id', '365', '--raw', '--subdir', 'DAGS_FOLDER/main_dag.py', '--cfg-path', '/tmp/tmpn_3g6np4']
[2024-05-10T10:13:15.276+0000] {standard_task_runner.py:91} INFO - Job 365: Subtask concat_data
[2024-05-10T10:13:15.287+0000] {logging_mixin.py:188} WARNING - /home/***/.local/lib/python3.12/site-packages/***/settings.py:195 DeprecationWarning: The sql_alchemy_conn option in [core] has been moved to the sql_alchemy_conn option in [database] - the old setting has been used, but please update your config.
[2024-05-10T10:13:15.313+0000] {task_command.py:426} INFO - Running <TaskInstance: data_pipeline.concat_data manual__2024-05-10T09:58:46.082243+00:00 [running]> on host dbfcb70dcca2
[2024-05-10T10:13:15.377+0000] {taskinstance.py:2648} INFO - Exporting env vars: AIRFLOW_CTX_DAG_OWNER='***' AIRFLOW_CTX_DAG_ID='data_pipeline' AIRFLOW_CTX_TASK_ID='concat_data' AIRFLOW_CTX_EXECUTION_DATE='2024-05-10T09:58:46.082243+00:00' AIRFLOW_CTX_TRY_NUMBER='1' AIRFLOW_CTX_DAG_RUN_ID='manual__2024-05-10T09:58:46.082243+00:00'
[2024-05-10T10:13:15.378+0000] {taskinstance.py:430} INFO - ::endgroup::
[2024-05-10T10:13:15.461+0000] {logging_mixin.py:188} INFO -                                                  title  ...                                           keywords
0    shear capacity of high performance fiber reinf...  ...  ['fiber content', 'high performance fiber rein...
1                     mutation operators in bpmn model  ...  ['bpmn', 'mutation operator', 'mutation testing']
2    characteristics and catalytic properties of ni...  ...  ['co2 hydrogenation', 'methanation', 'nickel c...
3    disruption of c-kit signaling in kitw-sh/w-sh ...  ...                                                 []
4    ce3+-ion-induced visible-light photocatalytic ...  ...                                                 []
..                                                 ...  ...                                                ...
995  towards 5g cellular: understanding 3d in-build...  ...  ['5g', 'architecture', 'control-/user-plane', ...
996  modeling of root-reinforced soil slope under r...  ...  ['centrifuge modeling', 'landslides', 'seepage...
997  production of massoia lactone by aureobasidium...  ...  ['aureobasidium pullulans', 'fragrant biosurfa...
998  efficiencies of nf and ro membranes on pharmac...  ...  ['carbamazepine', 'membrane fouling', 'nanofil...
999  two-dimensional modeling of the oxidative coup...  ...  ['fixed bed reactor', 'gas hour space velocity...

[1000 rows x 5 columns]
[2024-05-10T10:13:15.730+0000] {logging_mixin.py:188} INFO -                                                title  ...                                           keywords
0  Public health and international epidemiology f...  ...                                                 []
1  Flexible Printed Active Antenna for Digital Te...  ...                                                 []
2  Parametric study of hydrogen production via so...  ...  ['Circulating fluidized bed', 'Computational f...
3  Superhydrophobic coating from fluoroalkylsilan...  ...  ['Encapsulation', 'Fluoroalkylsilane', 'Natura...
4  Electrochemical impedance-based DNA sensor usi...  ...  ['acpcPNA', 'Electrochemical impedance spectro...

[5 rows x 5 columns]
[2024-05-10T10:13:15.731+0000] {logging_mixin.py:188} INFO - 20216
[2024-05-10T10:13:16.203+0000] {logging_mixin.py:188} INFO - 21137
[2024-05-10T10:13:16.318+0000] {logging_mixin.py:188} INFO - Uploaded data/database.csv to Minio
[2024-05-10T10:13:16.320+0000] {python.py:237} INFO - Done. Returned value was: None
[2024-05-10T10:13:16.321+0000] {taskinstance.py:441} INFO - ::group::Post task execution logs
[2024-05-10T10:13:16.328+0000] {taskinstance.py:1206} INFO - Marking task as SUCCESS. dag_id=data_pipeline, task_id=concat_data, run_id=manual__2024-05-10T09:58:46.082243+00:00, execution_date=20240510T095846, start_date=20240510T101315, end_date=20240510T101316
[2024-05-10T10:13:16.372+0000] {local_task_job_runner.py:240} INFO - Task exited with return code 0
[2024-05-10T10:13:16.386+0000] {taskinstance.py:3498} INFO - 0 downstream tasks scheduled from follow-on schedule check
[2024-05-10T10:13:16.388+0000] {local_task_job_runner.py:222} INFO - ::endgroup::
