[2024-05-10T04:08:23.041+0000] {local_task_job_runner.py:120} INFO - ::group::Pre task execution logs
[2024-05-10T04:08:23.071+0000] {taskinstance.py:2076} INFO - Dependencies all met for dep_context=non-requeueable deps ti=<TaskInstance: ml_pipeline.concat_data manual__2024-05-10T04:03:01.527190+00:00 [queued]>
[2024-05-10T04:08:23.081+0000] {taskinstance.py:2076} INFO - Dependencies all met for dep_context=requeueable deps ti=<TaskInstance: ml_pipeline.concat_data manual__2024-05-10T04:03:01.527190+00:00 [queued]>
[2024-05-10T04:08:23.082+0000] {taskinstance.py:2306} INFO - Starting attempt 6 of 9
[2024-05-10T04:08:23.095+0000] {taskinstance.py:2330} INFO - Executing <Task(PythonOperator): concat_data> on 2024-05-10 04:03:01.527190+00:00
[2024-05-10T04:08:23.100+0000] {logging_mixin.py:188} WARNING - /home/***/.local/lib/python3.12/site-packages/***/task/task_runner/standard_task_runner.py:61 DeprecationWarning: This process (pid=14178) is multi-threaded, use of fork() may lead to deadlocks in the child.
[2024-05-10T04:08:23.102+0000] {standard_task_runner.py:63} INFO - Started process 14180 to run task
[2024-05-10T04:08:23.101+0000] {standard_task_runner.py:90} INFO - Running: ['***', 'tasks', 'run', 'ml_pipeline', 'concat_data', 'manual__2024-05-10T04:03:01.527190+00:00', '--job-id', '251', '--raw', '--subdir', 'DAGS_FOLDER/main_dag.py', '--cfg-path', '/tmp/tmprl3e4l7g']
[2024-05-10T04:08:23.103+0000] {standard_task_runner.py:91} INFO - Job 251: Subtask concat_data
[2024-05-10T04:08:23.114+0000] {logging_mixin.py:188} WARNING - /home/***/.local/lib/python3.12/site-packages/***/settings.py:195 DeprecationWarning: The sql_alchemy_conn option in [core] has been moved to the sql_alchemy_conn option in [database] - the old setting has been used, but please update your config.
[2024-05-10T04:08:23.141+0000] {task_command.py:426} INFO - Running <TaskInstance: ml_pipeline.concat_data manual__2024-05-10T04:03:01.527190+00:00 [running]> on host 3031e573f05c
[2024-05-10T04:08:23.213+0000] {taskinstance.py:2648} INFO - Exporting env vars: AIRFLOW_CTX_DAG_OWNER='***' AIRFLOW_CTX_DAG_ID='ml_pipeline' AIRFLOW_CTX_TASK_ID='concat_data' AIRFLOW_CTX_EXECUTION_DATE='2024-05-10T04:03:01.527190+00:00' AIRFLOW_CTX_TRY_NUMBER='6' AIRFLOW_CTX_DAG_RUN_ID='manual__2024-05-10T04:03:01.527190+00:00'
[2024-05-10T04:08:23.214+0000] {taskinstance.py:430} INFO - ::endgroup::
[2024-05-10T04:08:23.260+0000] {logging_mixin.py:188} INFO - 0    2017
1    2017
2    2017
3    2017
4    2017
Name: publication_year, dtype: object
[2024-05-10T04:08:23.371+0000] {logging_mixin.py:188} INFO - 20166
[2024-05-10T04:08:23.555+0000] {logging_mixin.py:188} INFO - 20166
[2024-05-10T04:08:23.632+0000] {logging_mixin.py:188} INFO - Uploaded data/database.csv to Minio
[2024-05-10T04:08:23.634+0000] {python.py:237} INFO - Done. Returned value was: None
[2024-05-10T04:08:23.635+0000] {taskinstance.py:441} INFO - ::group::Post task execution logs
[2024-05-10T04:08:23.642+0000] {taskinstance.py:1206} INFO - Marking task as SUCCESS. dag_id=ml_pipeline, task_id=concat_data, run_id=manual__2024-05-10T04:03:01.527190+00:00, execution_date=20240510T040301, start_date=20240510T040823, end_date=20240510T040823
[2024-05-10T04:08:23.677+0000] {local_task_job_runner.py:240} INFO - Task exited with return code 0
[2024-05-10T04:08:23.693+0000] {taskinstance.py:3498} INFO - 0 downstream tasks scheduled from follow-on schedule check
[2024-05-10T04:08:23.695+0000] {local_task_job_runner.py:222} INFO - ::endgroup::
