[2024-05-10T03:43:02.685+0000] {local_task_job_runner.py:120} INFO - ::group::Pre task execution logs
[2024-05-10T03:43:02.711+0000] {taskinstance.py:2076} INFO - Dependencies all met for dep_context=non-requeueable deps ti=<TaskInstance: ml_pipeline.concat_data manual__2024-05-10T03:42:18.815651+00:00 [queued]>
[2024-05-10T03:43:02.719+0000] {taskinstance.py:2076} INFO - Dependencies all met for dep_context=requeueable deps ti=<TaskInstance: ml_pipeline.concat_data manual__2024-05-10T03:42:18.815651+00:00 [queued]>
[2024-05-10T03:43:02.720+0000] {taskinstance.py:2306} INFO - Starting attempt 1 of 4
[2024-05-10T03:43:02.733+0000] {taskinstance.py:2330} INFO - Executing <Task(PythonOperator): concat_data> on 2024-05-10 03:42:18.815651+00:00
[2024-05-10T03:43:02.740+0000] {logging_mixin.py:188} WARNING - /home/***/.local/lib/python3.12/site-packages/***/task/task_runner/standard_task_runner.py:61 DeprecationWarning: This process (pid=13149) is multi-threaded, use of fork() may lead to deadlocks in the child.
[2024-05-10T03:43:02.740+0000] {standard_task_runner.py:90} INFO - Running: ['***', 'tasks', 'run', 'ml_pipeline', 'concat_data', 'manual__2024-05-10T03:42:18.815651+00:00', '--job-id', '217', '--raw', '--subdir', 'DAGS_FOLDER/main_dag.py', '--cfg-path', '/tmp/tmpqzyyh9ik']
[2024-05-10T03:43:02.741+0000] {standard_task_runner.py:63} INFO - Started process 13151 to run task
[2024-05-10T03:43:02.741+0000] {standard_task_runner.py:91} INFO - Job 217: Subtask concat_data
[2024-05-10T03:43:02.753+0000] {logging_mixin.py:188} WARNING - /home/***/.local/lib/python3.12/site-packages/***/settings.py:195 DeprecationWarning: The sql_alchemy_conn option in [core] has been moved to the sql_alchemy_conn option in [database] - the old setting has been used, but please update your config.
[2024-05-10T03:43:02.781+0000] {task_command.py:426} INFO - Running <TaskInstance: ml_pipeline.concat_data manual__2024-05-10T03:42:18.815651+00:00 [running]> on host 3031e573f05c
[2024-05-10T03:43:02.860+0000] {taskinstance.py:2648} INFO - Exporting env vars: AIRFLOW_CTX_DAG_OWNER='***' AIRFLOW_CTX_DAG_ID='ml_pipeline' AIRFLOW_CTX_TASK_ID='concat_data' AIRFLOW_CTX_EXECUTION_DATE='2024-05-10T03:42:18.815651+00:00' AIRFLOW_CTX_TRY_NUMBER='1' AIRFLOW_CTX_DAG_RUN_ID='manual__2024-05-10T03:42:18.815651+00:00'
[2024-05-10T03:43:02.861+0000] {taskinstance.py:430} INFO - ::endgroup::
[2024-05-10T03:43:02.933+0000] {logging_mixin.py:188} INFO -                                                title  ...                                           keywords
0  Shear capacity of high performance fiber reinf...  ...  [Fiber content, High performance fiber reinfor...
1                   Mutation operators in BPMN model  ...        [BPMN, Mutation Operator, Mutation Testing]
2  Characteristics and catalytic properties of Ni...  ...  [CO2 hydrogenation, Methanation, Nickel cataly...
3  Flexible and stretchable electrode based on mu...  ...                                                 []
4  Emerging chytrid fungal pathogen, batrachochyt...  ...  [Batrachochytrium dendrobatidis, Chytridiomyco...

[5 rows x 5 columns]
[2024-05-10T03:43:03.097+0000] {logging_mixin.py:188} INFO - 21142
[2024-05-10T03:43:03.564+0000] {logging_mixin.py:188} INFO - Uploaded data/database.csv to Minio
[2024-05-10T03:43:03.565+0000] {logging_mixin.py:188} INFO - 22141
[2024-05-10T03:43:03.567+0000] {python.py:237} INFO - Done. Returned value was: None
[2024-05-10T03:43:03.567+0000] {taskinstance.py:441} INFO - ::group::Post task execution logs
[2024-05-10T03:43:03.578+0000] {taskinstance.py:1206} INFO - Marking task as SUCCESS. dag_id=ml_pipeline, task_id=concat_data, run_id=manual__2024-05-10T03:42:18.815651+00:00, execution_date=20240510T034218, start_date=20240510T034302, end_date=20240510T034303
[2024-05-10T03:43:03.637+0000] {local_task_job_runner.py:240} INFO - Task exited with return code 0
[2024-05-10T03:43:03.655+0000] {taskinstance.py:3498} INFO - 0 downstream tasks scheduled from follow-on schedule check
[2024-05-10T03:43:03.657+0000] {local_task_job_runner.py:222} INFO - ::endgroup::
