[2024-05-10T04:06:13.761+0000] {local_task_job_runner.py:120} INFO - ::group::Pre task execution logs
[2024-05-10T04:06:13.785+0000] {taskinstance.py:2076} INFO - Dependencies all met for dep_context=non-requeueable deps ti=<TaskInstance: ml_pipeline.clean_api_data manual__2024-05-10T04:03:01.527190+00:00 [queued]>
[2024-05-10T04:06:13.794+0000] {taskinstance.py:2076} INFO - Dependencies all met for dep_context=requeueable deps ti=<TaskInstance: ml_pipeline.clean_api_data manual__2024-05-10T04:03:01.527190+00:00 [queued]>
[2024-05-10T04:06:13.794+0000] {taskinstance.py:2306} INFO - Starting attempt 2 of 5
[2024-05-10T04:06:13.808+0000] {taskinstance.py:2330} INFO - Executing <Task(PythonOperator): clean_api_data> on 2024-05-10 04:03:01.527190+00:00
[2024-05-10T04:06:13.813+0000] {logging_mixin.py:188} WARNING - /home/***/.local/lib/python3.12/site-packages/***/task/task_runner/standard_task_runner.py:61 DeprecationWarning: This process (pid=14054) is multi-threaded, use of fork() may lead to deadlocks in the child.
[2024-05-10T04:06:13.814+0000] {standard_task_runner.py:63} INFO - Started process 14056 to run task
[2024-05-10T04:06:13.813+0000] {standard_task_runner.py:90} INFO - Running: ['***', 'tasks', 'run', 'ml_pipeline', 'clean_api_data', 'manual__2024-05-10T04:03:01.527190+00:00', '--job-id', '243', '--raw', '--subdir', 'DAGS_FOLDER/main_dag.py', '--cfg-path', '/tmp/tmp17vdc_8a']
[2024-05-10T04:06:13.816+0000] {standard_task_runner.py:91} INFO - Job 243: Subtask clean_api_data
[2024-05-10T04:06:13.828+0000] {logging_mixin.py:188} WARNING - /home/***/.local/lib/python3.12/site-packages/***/settings.py:195 DeprecationWarning: The sql_alchemy_conn option in [core] has been moved to the sql_alchemy_conn option in [database] - the old setting has been used, but please update your config.
[2024-05-10T04:06:13.857+0000] {task_command.py:426} INFO - Running <TaskInstance: ml_pipeline.clean_api_data manual__2024-05-10T04:03:01.527190+00:00 [running]> on host 3031e573f05c
[2024-05-10T04:06:13.938+0000] {taskinstance.py:2648} INFO - Exporting env vars: AIRFLOW_CTX_DAG_OWNER='***' AIRFLOW_CTX_DAG_ID='ml_pipeline' AIRFLOW_CTX_TASK_ID='clean_api_data' AIRFLOW_CTX_EXECUTION_DATE='2024-05-10T04:03:01.527190+00:00' AIRFLOW_CTX_TRY_NUMBER='2' AIRFLOW_CTX_DAG_RUN_ID='manual__2024-05-10T04:03:01.527190+00:00'
[2024-05-10T04:06:13.939+0000] {taskinstance.py:430} INFO - ::endgroup::
[2024-05-10T04:06:13.973+0000] {logging_mixin.py:188} INFO -                                                title  ...                                           keywords
0  Shear capacity of high performance fiber reinf...  ...  [Fiber content, High performance fiber reinfor...
1                   Mutation operators in BPMN model  ...        [BPMN, Mutation Operator, Mutation Testing]
2  Characteristics and catalytic properties of Ni...  ...  [CO2 hydrogenation, Methanation, Nickel cataly...
3  Improving of crystal size distribution control...  ...  [Batch crystallizer, Crystal size distribution...
4  On-line digit set conversion for rational digi...  ...  [On-line computation, Rational digit set, RN-c...

[5 rows x 5 columns]
[2024-05-10T04:06:13.991+0000] {logging_mixin.py:188} INFO -                                                title  ...                                           keywords
0  Shear capacity of high performance fiber reinf...  ...  [Fiber content, High performance fiber reinfor...
1                   Mutation operators in BPMN model  ...        [BPMN, Mutation Operator, Mutation Testing]
2  Characteristics and catalytic properties of Ni...  ...  [CO2 hydrogenation, Methanation, Nickel cataly...
3  Improving of crystal size distribution control...  ...  [Batch crystallizer, Crystal size distribution...
4  On-line digit set conversion for rational digi...  ...  [On-line computation, Rational digit set, RN-c...

[5 rows x 5 columns]
[2024-05-10T04:06:13.991+0000] {logging_mixin.py:188} INFO - Saved data to /opt/***/data/api_data_csv/api_data.csvapi_data.csv
[2024-05-10T04:06:14.007+0000] {logging_mixin.py:188} INFO - Uploaded data/api_data_csv/api_data.csv to Minio
[2024-05-10T04:06:14.007+0000] {python.py:237} INFO - Done. Returned value was:                                                 title  ...                                           keywords
0   Shear capacity of high performance fiber reinf...  ...  [Fiber content, High performance fiber reinfor...
1                    Mutation operators in BPMN model  ...        [BPMN, Mutation Operator, Mutation Testing]
2   Characteristics and catalytic properties of Ni...  ...  [CO2 hydrogenation, Methanation, Nickel cataly...
3   Improving of crystal size distribution control...  ...  [Batch crystallizer, Crystal size distribution...
4   On-line digit set conversion for rational digi...  ...  [On-line computation, Rational digit set, RN-c...
5   Motion-resistant pulse oximetry processing bas...  ...  [Continuous wavelet transform, Motion artifact...
6   Scaled boundary finite element method for two-...  ...  [Multi-field problems, SBFEM, Scaled boundary ...
7   A comparative study on the risk perceptions of...  ...  [Critical risk factor (CRF), Public-private pa...
8   Ethanolic extract of Streblus asper leaves pro...  ...  [Apoptosis, Caenorhabditis elegans, Glutamate ...
9        Extreme anomalous score clustering algorithm  ...  [Anomalous score, Clustering algorithm, Extrem...
10  Extreme anomalous oversampling technique for c...  ...  [Class imbalance, Extreme anomalous score, Neg...
11  Predicting customer churn in mobile football a...  ...  [Classification, Customer churn, Data mining, ...
12  Phoyunnanin E inhibits migration of non-small ...  ...  [Epithelial to mesenchymal transition, Integri...
13  Evidence of Multi-Component Ion Exchange in Do...  ...                                                 []
14  Spatially Resolved Kinematics in the Central 1...  ...    [galaxies: high-redshift, galaxies: photometry]
15  UAV-based multispectral aerial image retrieval...  ...  [Agricultural Monitoring System, multispectral...
16  Miniaturization of power dividers using quarte...  ...  [Conjugately characteristic-impedance transmis...
17  Analysis of cancerous tissue temperature in th...  ...  [Bioheat transfer, Breast cancer, COMSOL Multi...
18  Investigation of alkoxysilanes in the presence...  ...  [Alkoxysilanes, Ethylene polymerization, Exter...
19  Input modeling prioritization using statistica...  ...  [Constraints handling, Input parameters modeli...
20  Analytic hierarchy process for stakeholder par...  ...  [Analytic hierarchy process (AHP), Integrated ...
21  A novel design and implementation of a 4-DOF u...  ...  [Active assistive control strategy, Pre-record...
22  Parallel-axis gear design methodology for mini...  ...  [Gear design, Load capacity, Power loss, Vibra...
23  Evaluating damaged concrete depth in reinforce...  ...  [Destructive test, Fire-damaged concrete, Non-...
24  Warehouse layout design for an automotive raw ...  ...  [Automotive industry, Warehouse layout design,...

[25 rows x 5 columns]
[2024-05-10T04:06:14.024+0000] {taskinstance.py:441} INFO - ::group::Post task execution logs
[2024-05-10T04:06:14.055+0000] {taskinstance.py:1206} INFO - Marking task as SUCCESS. dag_id=ml_pipeline, task_id=clean_api_data, run_id=manual__2024-05-10T04:03:01.527190+00:00, execution_date=20240510T040301, start_date=20240510T040613, end_date=20240510T040614
[2024-05-10T04:06:14.109+0000] {local_task_job_runner.py:240} INFO - Task exited with return code 0
[2024-05-10T04:06:14.139+0000] {taskinstance.py:3498} INFO - 1 downstream tasks scheduled from follow-on schedule check
[2024-05-10T04:06:14.142+0000] {local_task_job_runner.py:222} INFO - ::endgroup::
