[2024-05-10T16:09:38.460+0000] {processor.py:161} INFO - Started process (PID=1829) to work on /opt/airflow/dags/tasks/get_api_data.py
[2024-05-10T16:09:38.461+0000] {processor.py:830} INFO - Processing file /opt/airflow/dags/tasks/get_api_data.py for tasks to queue
[2024-05-10T16:09:38.464+0000] {logging_mixin.py:188} INFO - [2024-05-10T16:09:38.463+0000] {dagbag.py:545} INFO - Filling up the DagBag from /opt/airflow/dags/tasks/get_api_data.py
[2024-05-10T16:09:38.746+0000] {processor.py:842} WARNING - No viable dags retrieved from /opt/airflow/dags/tasks/get_api_data.py
[2024-05-10T16:09:38.785+0000] {processor.py:183} INFO - Processing /opt/airflow/dags/tasks/get_api_data.py took 0.333 seconds
[2024-05-10T16:09:41.578+0000] {processor.py:161} INFO - Started process (PID=1838) to work on /opt/airflow/dags/tasks/get_api_data.py
[2024-05-10T16:09:41.582+0000] {processor.py:830} INFO - Processing file /opt/airflow/dags/tasks/get_api_data.py for tasks to queue
[2024-05-10T16:09:41.600+0000] {logging_mixin.py:188} INFO - [2024-05-10T16:09:41.599+0000] {dagbag.py:545} INFO - Filling up the DagBag from /opt/airflow/dags/tasks/get_api_data.py
[2024-05-10T16:09:42.055+0000] {processor.py:842} WARNING - No viable dags retrieved from /opt/airflow/dags/tasks/get_api_data.py
[2024-05-10T16:09:42.080+0000] {processor.py:183} INFO - Processing /opt/airflow/dags/tasks/get_api_data.py took 0.516 seconds
[2024-05-10T16:09:52.252+0000] {processor.py:161} INFO - Started process (PID=1847) to work on /opt/airflow/dags/tasks/get_api_data.py
[2024-05-10T16:09:52.253+0000] {processor.py:830} INFO - Processing file /opt/airflow/dags/tasks/get_api_data.py for tasks to queue
[2024-05-10T16:09:52.256+0000] {logging_mixin.py:188} INFO - [2024-05-10T16:09:52.256+0000] {dagbag.py:545} INFO - Filling up the DagBag from /opt/airflow/dags/tasks/get_api_data.py
[2024-05-10T16:09:52.628+0000] {processor.py:842} WARNING - No viable dags retrieved from /opt/airflow/dags/tasks/get_api_data.py
[2024-05-10T16:09:52.646+0000] {processor.py:183} INFO - Processing /opt/airflow/dags/tasks/get_api_data.py took 0.406 seconds
[2024-05-10T16:10:02.900+0000] {processor.py:161} INFO - Started process (PID=1859) to work on /opt/airflow/dags/tasks/get_api_data.py
[2024-05-10T16:10:02.905+0000] {processor.py:830} INFO - Processing file /opt/airflow/dags/tasks/get_api_data.py for tasks to queue
[2024-05-10T16:10:02.919+0000] {logging_mixin.py:188} INFO - [2024-05-10T16:10:02.914+0000] {dagbag.py:545} INFO - Filling up the DagBag from /opt/airflow/dags/tasks/get_api_data.py
[2024-05-10T16:10:03.393+0000] {processor.py:842} WARNING - No viable dags retrieved from /opt/airflow/dags/tasks/get_api_data.py
[2024-05-10T16:10:03.446+0000] {processor.py:183} INFO - Processing /opt/airflow/dags/tasks/get_api_data.py took 0.580 seconds
[2024-05-10T16:10:13.640+0000] {processor.py:161} INFO - Started process (PID=1870) to work on /opt/airflow/dags/tasks/get_api_data.py
[2024-05-10T16:10:13.642+0000] {processor.py:830} INFO - Processing file /opt/airflow/dags/tasks/get_api_data.py for tasks to queue
[2024-05-10T16:10:13.649+0000] {logging_mixin.py:188} INFO - [2024-05-10T16:10:13.648+0000] {dagbag.py:545} INFO - Filling up the DagBag from /opt/airflow/dags/tasks/get_api_data.py
[2024-05-10T16:10:13.926+0000] {processor.py:842} WARNING - No viable dags retrieved from /opt/airflow/dags/tasks/get_api_data.py
[2024-05-10T16:10:13.945+0000] {processor.py:183} INFO - Processing /opt/airflow/dags/tasks/get_api_data.py took 0.331 seconds
[2024-05-10T16:10:24.039+0000] {processor.py:161} INFO - Started process (PID=1881) to work on /opt/airflow/dags/tasks/get_api_data.py
[2024-05-10T16:10:24.040+0000] {processor.py:830} INFO - Processing file /opt/airflow/dags/tasks/get_api_data.py for tasks to queue
[2024-05-10T16:10:24.045+0000] {logging_mixin.py:188} INFO - [2024-05-10T16:10:24.044+0000] {dagbag.py:545} INFO - Filling up the DagBag from /opt/airflow/dags/tasks/get_api_data.py
[2024-05-10T16:10:24.410+0000] {processor.py:842} WARNING - No viable dags retrieved from /opt/airflow/dags/tasks/get_api_data.py
[2024-05-10T16:10:24.430+0000] {processor.py:183} INFO - Processing /opt/airflow/dags/tasks/get_api_data.py took 0.402 seconds
[2024-05-10T16:10:35.171+0000] {processor.py:161} INFO - Started process (PID=1892) to work on /opt/airflow/dags/tasks/get_api_data.py
[2024-05-10T16:10:35.173+0000] {processor.py:830} INFO - Processing file /opt/airflow/dags/tasks/get_api_data.py for tasks to queue
[2024-05-10T16:10:35.176+0000] {logging_mixin.py:188} INFO - [2024-05-10T16:10:35.175+0000] {dagbag.py:545} INFO - Filling up the DagBag from /opt/airflow/dags/tasks/get_api_data.py
[2024-05-10T16:10:35.471+0000] {processor.py:842} WARNING - No viable dags retrieved from /opt/airflow/dags/tasks/get_api_data.py
[2024-05-10T16:10:35.490+0000] {processor.py:183} INFO - Processing /opt/airflow/dags/tasks/get_api_data.py took 0.329 seconds
[2024-05-10T16:10:45.661+0000] {processor.py:161} INFO - Started process (PID=1903) to work on /opt/airflow/dags/tasks/get_api_data.py
[2024-05-10T16:10:45.663+0000] {processor.py:830} INFO - Processing file /opt/airflow/dags/tasks/get_api_data.py for tasks to queue
[2024-05-10T16:10:45.665+0000] {logging_mixin.py:188} INFO - [2024-05-10T16:10:45.665+0000] {dagbag.py:545} INFO - Filling up the DagBag from /opt/airflow/dags/tasks/get_api_data.py
[2024-05-10T16:10:45.963+0000] {processor.py:842} WARNING - No viable dags retrieved from /opt/airflow/dags/tasks/get_api_data.py
[2024-05-10T16:10:45.982+0000] {processor.py:183} INFO - Processing /opt/airflow/dags/tasks/get_api_data.py took 0.330 seconds
[2024-05-10T16:10:56.845+0000] {processor.py:161} INFO - Started process (PID=1914) to work on /opt/airflow/dags/tasks/get_api_data.py
[2024-05-10T16:10:56.847+0000] {processor.py:830} INFO - Processing file /opt/airflow/dags/tasks/get_api_data.py for tasks to queue
[2024-05-10T16:10:56.854+0000] {logging_mixin.py:188} INFO - [2024-05-10T16:10:56.850+0000] {dagbag.py:545} INFO - Filling up the DagBag from /opt/airflow/dags/tasks/get_api_data.py
[2024-05-10T16:10:57.190+0000] {processor.py:842} WARNING - No viable dags retrieved from /opt/airflow/dags/tasks/get_api_data.py
[2024-05-10T16:10:57.209+0000] {processor.py:183} INFO - Processing /opt/airflow/dags/tasks/get_api_data.py took 0.383 seconds
[2024-05-10T16:11:07.344+0000] {processor.py:161} INFO - Started process (PID=1925) to work on /opt/airflow/dags/tasks/get_api_data.py
[2024-05-10T16:11:07.346+0000] {processor.py:830} INFO - Processing file /opt/airflow/dags/tasks/get_api_data.py for tasks to queue
[2024-05-10T16:11:07.352+0000] {logging_mixin.py:188} INFO - [2024-05-10T16:11:07.351+0000] {dagbag.py:545} INFO - Filling up the DagBag from /opt/airflow/dags/tasks/get_api_data.py
[2024-05-10T16:11:07.627+0000] {processor.py:842} WARNING - No viable dags retrieved from /opt/airflow/dags/tasks/get_api_data.py
[2024-05-10T16:11:07.645+0000] {processor.py:183} INFO - Processing /opt/airflow/dags/tasks/get_api_data.py took 0.314 seconds
[2024-05-10T16:11:17.913+0000] {processor.py:161} INFO - Started process (PID=1936) to work on /opt/airflow/dags/tasks/get_api_data.py
[2024-05-10T16:11:17.929+0000] {processor.py:830} INFO - Processing file /opt/airflow/dags/tasks/get_api_data.py for tasks to queue
[2024-05-10T16:11:17.948+0000] {logging_mixin.py:188} INFO - [2024-05-10T16:11:17.947+0000] {dagbag.py:545} INFO - Filling up the DagBag from /opt/airflow/dags/tasks/get_api_data.py
[2024-05-10T16:11:18.394+0000] {processor.py:842} WARNING - No viable dags retrieved from /opt/airflow/dags/tasks/get_api_data.py
[2024-05-10T16:11:18.456+0000] {processor.py:183} INFO - Processing /opt/airflow/dags/tasks/get_api_data.py took 0.564 seconds
[2024-05-10T16:11:28.768+0000] {processor.py:161} INFO - Started process (PID=1947) to work on /opt/airflow/dags/tasks/get_api_data.py
[2024-05-10T16:11:28.769+0000] {processor.py:830} INFO - Processing file /opt/airflow/dags/tasks/get_api_data.py for tasks to queue
[2024-05-10T16:11:28.772+0000] {logging_mixin.py:188} INFO - [2024-05-10T16:11:28.772+0000] {dagbag.py:545} INFO - Filling up the DagBag from /opt/airflow/dags/tasks/get_api_data.py
[2024-05-10T16:11:29.077+0000] {processor.py:842} WARNING - No viable dags retrieved from /opt/airflow/dags/tasks/get_api_data.py
[2024-05-10T16:11:29.095+0000] {processor.py:183} INFO - Processing /opt/airflow/dags/tasks/get_api_data.py took 0.334 seconds
[2024-05-10T16:11:40.334+0000] {processor.py:161} INFO - Started process (PID=1958) to work on /opt/airflow/dags/tasks/get_api_data.py
[2024-05-10T16:11:40.337+0000] {processor.py:830} INFO - Processing file /opt/airflow/dags/tasks/get_api_data.py for tasks to queue
[2024-05-10T16:11:40.444+0000] {logging_mixin.py:188} INFO - [2024-05-10T16:11:40.443+0000] {dagbag.py:545} INFO - Filling up the DagBag from /opt/airflow/dags/tasks/get_api_data.py
[2024-05-10T16:11:40.893+0000] {processor.py:842} WARNING - No viable dags retrieved from /opt/airflow/dags/tasks/get_api_data.py
[2024-05-10T16:11:40.912+0000] {processor.py:183} INFO - Processing /opt/airflow/dags/tasks/get_api_data.py took 0.666 seconds
[2024-05-10T16:11:51.162+0000] {processor.py:161} INFO - Started process (PID=1966) to work on /opt/airflow/dags/tasks/get_api_data.py
[2024-05-10T16:11:51.163+0000] {processor.py:830} INFO - Processing file /opt/airflow/dags/tasks/get_api_data.py for tasks to queue
[2024-05-10T16:11:51.168+0000] {logging_mixin.py:188} INFO - [2024-05-10T16:11:51.166+0000] {dagbag.py:545} INFO - Filling up the DagBag from /opt/airflow/dags/tasks/get_api_data.py
[2024-05-10T16:11:51.464+0000] {processor.py:842} WARNING - No viable dags retrieved from /opt/airflow/dags/tasks/get_api_data.py
[2024-05-10T16:11:51.482+0000] {processor.py:183} INFO - Processing /opt/airflow/dags/tasks/get_api_data.py took 0.328 seconds
[2024-05-10T16:12:01.596+0000] {processor.py:161} INFO - Started process (PID=1974) to work on /opt/airflow/dags/tasks/get_api_data.py
[2024-05-10T16:12:01.601+0000] {processor.py:830} INFO - Processing file /opt/airflow/dags/tasks/get_api_data.py for tasks to queue
[2024-05-10T16:12:01.603+0000] {logging_mixin.py:188} INFO - [2024-05-10T16:12:01.602+0000] {dagbag.py:545} INFO - Filling up the DagBag from /opt/airflow/dags/tasks/get_api_data.py
[2024-05-10T16:12:01.819+0000] {processor.py:842} WARNING - No viable dags retrieved from /opt/airflow/dags/tasks/get_api_data.py
[2024-05-10T16:12:01.834+0000] {processor.py:183} INFO - Processing /opt/airflow/dags/tasks/get_api_data.py took 0.253 seconds
[2024-05-10T16:12:11.987+0000] {processor.py:161} INFO - Started process (PID=1985) to work on /opt/airflow/dags/tasks/get_api_data.py
[2024-05-10T16:12:11.988+0000] {processor.py:830} INFO - Processing file /opt/airflow/dags/tasks/get_api_data.py for tasks to queue
[2024-05-10T16:12:11.992+0000] {logging_mixin.py:188} INFO - [2024-05-10T16:12:11.991+0000] {dagbag.py:545} INFO - Filling up the DagBag from /opt/airflow/dags/tasks/get_api_data.py
[2024-05-10T16:12:12.153+0000] {processor.py:842} WARNING - No viable dags retrieved from /opt/airflow/dags/tasks/get_api_data.py
[2024-05-10T16:12:12.165+0000] {processor.py:183} INFO - Processing /opt/airflow/dags/tasks/get_api_data.py took 0.186 seconds
[2024-05-10T16:12:22.272+0000] {processor.py:161} INFO - Started process (PID=1996) to work on /opt/airflow/dags/tasks/get_api_data.py
[2024-05-10T16:12:22.273+0000] {processor.py:830} INFO - Processing file /opt/airflow/dags/tasks/get_api_data.py for tasks to queue
[2024-05-10T16:12:22.275+0000] {logging_mixin.py:188} INFO - [2024-05-10T16:12:22.274+0000] {dagbag.py:545} INFO - Filling up the DagBag from /opt/airflow/dags/tasks/get_api_data.py
[2024-05-10T16:12:22.430+0000] {processor.py:842} WARNING - No viable dags retrieved from /opt/airflow/dags/tasks/get_api_data.py
[2024-05-10T16:12:22.441+0000] {processor.py:183} INFO - Processing /opt/airflow/dags/tasks/get_api_data.py took 0.174 seconds
[2024-05-10T16:12:32.612+0000] {processor.py:161} INFO - Started process (PID=2007) to work on /opt/airflow/dags/tasks/get_api_data.py
[2024-05-10T16:12:32.614+0000] {processor.py:830} INFO - Processing file /opt/airflow/dags/tasks/get_api_data.py for tasks to queue
[2024-05-10T16:12:32.617+0000] {logging_mixin.py:188} INFO - [2024-05-10T16:12:32.616+0000] {dagbag.py:545} INFO - Filling up the DagBag from /opt/airflow/dags/tasks/get_api_data.py
[2024-05-10T16:12:32.785+0000] {processor.py:842} WARNING - No viable dags retrieved from /opt/airflow/dags/tasks/get_api_data.py
[2024-05-10T16:12:32.795+0000] {processor.py:183} INFO - Processing /opt/airflow/dags/tasks/get_api_data.py took 0.192 seconds
[2024-05-10T16:12:42.928+0000] {processor.py:161} INFO - Started process (PID=2018) to work on /opt/airflow/dags/tasks/get_api_data.py
[2024-05-10T16:12:42.929+0000] {processor.py:830} INFO - Processing file /opt/airflow/dags/tasks/get_api_data.py for tasks to queue
[2024-05-10T16:12:42.931+0000] {logging_mixin.py:188} INFO - [2024-05-10T16:12:42.931+0000] {dagbag.py:545} INFO - Filling up the DagBag from /opt/airflow/dags/tasks/get_api_data.py
[2024-05-10T16:12:43.086+0000] {processor.py:842} WARNING - No viable dags retrieved from /opt/airflow/dags/tasks/get_api_data.py
[2024-05-10T16:12:43.099+0000] {processor.py:183} INFO - Processing /opt/airflow/dags/tasks/get_api_data.py took 0.176 seconds
[2024-05-10T16:12:53.183+0000] {processor.py:161} INFO - Started process (PID=2026) to work on /opt/airflow/dags/tasks/get_api_data.py
[2024-05-10T16:12:53.184+0000] {processor.py:830} INFO - Processing file /opt/airflow/dags/tasks/get_api_data.py for tasks to queue
[2024-05-10T16:12:53.185+0000] {logging_mixin.py:188} INFO - [2024-05-10T16:12:53.185+0000] {dagbag.py:545} INFO - Filling up the DagBag from /opt/airflow/dags/tasks/get_api_data.py
[2024-05-10T16:12:53.359+0000] {processor.py:842} WARNING - No viable dags retrieved from /opt/airflow/dags/tasks/get_api_data.py
[2024-05-10T16:12:53.374+0000] {processor.py:183} INFO - Processing /opt/airflow/dags/tasks/get_api_data.py took 0.196 seconds
[2024-05-10T16:13:03.538+0000] {processor.py:161} INFO - Started process (PID=2034) to work on /opt/airflow/dags/tasks/get_api_data.py
[2024-05-10T16:13:03.539+0000] {processor.py:830} INFO - Processing file /opt/airflow/dags/tasks/get_api_data.py for tasks to queue
[2024-05-10T16:13:03.541+0000] {logging_mixin.py:188} INFO - [2024-05-10T16:13:03.541+0000] {dagbag.py:545} INFO - Filling up the DagBag from /opt/airflow/dags/tasks/get_api_data.py
[2024-05-10T16:13:03.713+0000] {processor.py:842} WARNING - No viable dags retrieved from /opt/airflow/dags/tasks/get_api_data.py
[2024-05-10T16:13:03.727+0000] {processor.py:183} INFO - Processing /opt/airflow/dags/tasks/get_api_data.py took 0.196 seconds
[2024-05-10T16:13:13.842+0000] {processor.py:161} INFO - Started process (PID=2045) to work on /opt/airflow/dags/tasks/get_api_data.py
[2024-05-10T16:13:13.843+0000] {processor.py:830} INFO - Processing file /opt/airflow/dags/tasks/get_api_data.py for tasks to queue
[2024-05-10T16:13:13.845+0000] {logging_mixin.py:188} INFO - [2024-05-10T16:13:13.845+0000] {dagbag.py:545} INFO - Filling up the DagBag from /opt/airflow/dags/tasks/get_api_data.py
[2024-05-10T16:13:14.008+0000] {processor.py:842} WARNING - No viable dags retrieved from /opt/airflow/dags/tasks/get_api_data.py
[2024-05-10T16:13:14.020+0000] {processor.py:183} INFO - Processing /opt/airflow/dags/tasks/get_api_data.py took 0.183 seconds
[2024-05-10T16:13:24.940+0000] {processor.py:161} INFO - Started process (PID=2056) to work on /opt/airflow/dags/tasks/get_api_data.py
[2024-05-10T16:13:24.941+0000] {processor.py:830} INFO - Processing file /opt/airflow/dags/tasks/get_api_data.py for tasks to queue
[2024-05-10T16:13:24.943+0000] {logging_mixin.py:188} INFO - [2024-05-10T16:13:24.943+0000] {dagbag.py:545} INFO - Filling up the DagBag from /opt/airflow/dags/tasks/get_api_data.py
[2024-05-10T16:13:25.107+0000] {processor.py:842} WARNING - No viable dags retrieved from /opt/airflow/dags/tasks/get_api_data.py
[2024-05-10T16:13:25.121+0000] {processor.py:183} INFO - Processing /opt/airflow/dags/tasks/get_api_data.py took 0.186 seconds
[2024-05-10T16:13:35.380+0000] {processor.py:161} INFO - Started process (PID=2067) to work on /opt/airflow/dags/tasks/get_api_data.py
[2024-05-10T16:13:35.382+0000] {processor.py:830} INFO - Processing file /opt/airflow/dags/tasks/get_api_data.py for tasks to queue
[2024-05-10T16:13:35.387+0000] {logging_mixin.py:188} INFO - [2024-05-10T16:13:35.387+0000] {dagbag.py:545} INFO - Filling up the DagBag from /opt/airflow/dags/tasks/get_api_data.py
[2024-05-10T16:13:35.565+0000] {processor.py:842} WARNING - No viable dags retrieved from /opt/airflow/dags/tasks/get_api_data.py
[2024-05-10T16:13:35.576+0000] {processor.py:183} INFO - Processing /opt/airflow/dags/tasks/get_api_data.py took 0.203 seconds
[2024-05-10T16:13:45.771+0000] {processor.py:161} INFO - Started process (PID=2078) to work on /opt/airflow/dags/tasks/get_api_data.py
[2024-05-10T16:13:45.772+0000] {processor.py:830} INFO - Processing file /opt/airflow/dags/tasks/get_api_data.py for tasks to queue
[2024-05-10T16:13:45.786+0000] {logging_mixin.py:188} INFO - [2024-05-10T16:13:45.786+0000] {dagbag.py:545} INFO - Filling up the DagBag from /opt/airflow/dags/tasks/get_api_data.py
[2024-05-10T16:13:46.188+0000] {processor.py:842} WARNING - No viable dags retrieved from /opt/airflow/dags/tasks/get_api_data.py
[2024-05-10T16:13:46.206+0000] {processor.py:183} INFO - Processing /opt/airflow/dags/tasks/get_api_data.py took 0.476 seconds
[2024-05-10T16:13:56.350+0000] {processor.py:161} INFO - Started process (PID=2089) to work on /opt/airflow/dags/tasks/get_api_data.py
[2024-05-10T16:13:56.351+0000] {processor.py:830} INFO - Processing file /opt/airflow/dags/tasks/get_api_data.py for tasks to queue
[2024-05-10T16:13:56.353+0000] {logging_mixin.py:188} INFO - [2024-05-10T16:13:56.352+0000] {dagbag.py:545} INFO - Filling up the DagBag from /opt/airflow/dags/tasks/get_api_data.py
[2024-05-10T16:13:56.779+0000] {processor.py:842} WARNING - No viable dags retrieved from /opt/airflow/dags/tasks/get_api_data.py
[2024-05-10T16:13:56.792+0000] {processor.py:183} INFO - Processing /opt/airflow/dags/tasks/get_api_data.py took 0.448 seconds
[2024-05-10T16:14:06.931+0000] {processor.py:161} INFO - Started process (PID=2106) to work on /opt/airflow/dags/tasks/get_api_data.py
[2024-05-10T16:14:06.932+0000] {processor.py:830} INFO - Processing file /opt/airflow/dags/tasks/get_api_data.py for tasks to queue
[2024-05-10T16:14:06.935+0000] {logging_mixin.py:188} INFO - [2024-05-10T16:14:06.935+0000] {dagbag.py:545} INFO - Filling up the DagBag from /opt/airflow/dags/tasks/get_api_data.py
[2024-05-10T16:14:07.343+0000] {processor.py:842} WARNING - No viable dags retrieved from /opt/airflow/dags/tasks/get_api_data.py
[2024-05-10T16:14:07.365+0000] {processor.py:183} INFO - Processing /opt/airflow/dags/tasks/get_api_data.py took 0.441 seconds
[2024-05-10T16:14:29.660+0000] {processor.py:161} INFO - Started process (PID=166) to work on /opt/airflow/dags/tasks/get_api_data.py
[2024-05-10T16:14:29.660+0000] {processor.py:830} INFO - Processing file /opt/airflow/dags/tasks/get_api_data.py for tasks to queue
[2024-05-10T16:14:29.662+0000] {logging_mixin.py:188} INFO - [2024-05-10T16:14:29.662+0000] {dagbag.py:545} INFO - Filling up the DagBag from /opt/airflow/dags/tasks/get_api_data.py
[2024-05-10T16:14:29.841+0000] {processor.py:842} WARNING - No viable dags retrieved from /opt/airflow/dags/tasks/get_api_data.py
[2024-05-10T16:14:29.854+0000] {processor.py:183} INFO - Processing /opt/airflow/dags/tasks/get_api_data.py took 0.200 seconds
[2024-05-10T16:14:39.974+0000] {processor.py:161} INFO - Started process (PID=178) to work on /opt/airflow/dags/tasks/get_api_data.py
[2024-05-10T16:14:39.975+0000] {processor.py:830} INFO - Processing file /opt/airflow/dags/tasks/get_api_data.py for tasks to queue
[2024-05-10T16:14:39.977+0000] {logging_mixin.py:188} INFO - [2024-05-10T16:14:39.976+0000] {dagbag.py:545} INFO - Filling up the DagBag from /opt/airflow/dags/tasks/get_api_data.py
[2024-05-10T16:14:40.224+0000] {processor.py:842} WARNING - No viable dags retrieved from /opt/airflow/dags/tasks/get_api_data.py
[2024-05-10T16:14:40.240+0000] {processor.py:183} INFO - Processing /opt/airflow/dags/tasks/get_api_data.py took 0.272 seconds
[2024-05-10T16:14:51.071+0000] {processor.py:161} INFO - Started process (PID=189) to work on /opt/airflow/dags/tasks/get_api_data.py
[2024-05-10T16:14:51.072+0000] {processor.py:830} INFO - Processing file /opt/airflow/dags/tasks/get_api_data.py for tasks to queue
[2024-05-10T16:14:51.083+0000] {logging_mixin.py:188} INFO - [2024-05-10T16:14:51.083+0000] {dagbag.py:545} INFO - Filling up the DagBag from /opt/airflow/dags/tasks/get_api_data.py
[2024-05-10T16:14:51.309+0000] {processor.py:842} WARNING - No viable dags retrieved from /opt/airflow/dags/tasks/get_api_data.py
[2024-05-10T16:14:51.324+0000] {processor.py:183} INFO - Processing /opt/airflow/dags/tasks/get_api_data.py took 0.258 seconds
[2024-05-10T16:15:01.496+0000] {processor.py:161} INFO - Started process (PID=202) to work on /opt/airflow/dags/tasks/get_api_data.py
[2024-05-10T16:15:01.497+0000] {processor.py:830} INFO - Processing file /opt/airflow/dags/tasks/get_api_data.py for tasks to queue
[2024-05-10T16:15:01.499+0000] {logging_mixin.py:188} INFO - [2024-05-10T16:15:01.498+0000] {dagbag.py:545} INFO - Filling up the DagBag from /opt/airflow/dags/tasks/get_api_data.py
[2024-05-10T16:15:01.731+0000] {processor.py:842} WARNING - No viable dags retrieved from /opt/airflow/dags/tasks/get_api_data.py
[2024-05-10T16:15:01.746+0000] {processor.py:183} INFO - Processing /opt/airflow/dags/tasks/get_api_data.py took 0.257 seconds
[2024-05-10T16:15:12.592+0000] {processor.py:161} INFO - Started process (PID=214) to work on /opt/airflow/dags/tasks/get_api_data.py
[2024-05-10T16:15:12.594+0000] {processor.py:830} INFO - Processing file /opt/airflow/dags/tasks/get_api_data.py for tasks to queue
[2024-05-10T16:15:12.596+0000] {logging_mixin.py:188} INFO - [2024-05-10T16:15:12.596+0000] {dagbag.py:545} INFO - Filling up the DagBag from /opt/airflow/dags/tasks/get_api_data.py
[2024-05-10T16:15:12.897+0000] {processor.py:842} WARNING - No viable dags retrieved from /opt/airflow/dags/tasks/get_api_data.py
[2024-05-10T16:15:12.915+0000] {processor.py:183} INFO - Processing /opt/airflow/dags/tasks/get_api_data.py took 0.331 seconds
[2024-05-10T16:15:23.766+0000] {processor.py:161} INFO - Started process (PID=225) to work on /opt/airflow/dags/tasks/get_api_data.py
[2024-05-10T16:15:23.767+0000] {processor.py:830} INFO - Processing file /opt/airflow/dags/tasks/get_api_data.py for tasks to queue
[2024-05-10T16:15:23.769+0000] {logging_mixin.py:188} INFO - [2024-05-10T16:15:23.769+0000] {dagbag.py:545} INFO - Filling up the DagBag from /opt/airflow/dags/tasks/get_api_data.py
[2024-05-10T16:15:24.127+0000] {processor.py:842} WARNING - No viable dags retrieved from /opt/airflow/dags/tasks/get_api_data.py
[2024-05-10T16:15:24.196+0000] {processor.py:183} INFO - Processing /opt/airflow/dags/tasks/get_api_data.py took 0.437 seconds
[2024-05-10T16:15:34.329+0000] {processor.py:161} INFO - Started process (PID=236) to work on /opt/airflow/dags/tasks/get_api_data.py
[2024-05-10T16:15:34.331+0000] {processor.py:830} INFO - Processing file /opt/airflow/dags/tasks/get_api_data.py for tasks to queue
[2024-05-10T16:15:34.333+0000] {logging_mixin.py:188} INFO - [2024-05-10T16:15:34.333+0000] {dagbag.py:545} INFO - Filling up the DagBag from /opt/airflow/dags/tasks/get_api_data.py
[2024-05-10T16:15:34.899+0000] {processor.py:842} WARNING - No viable dags retrieved from /opt/airflow/dags/tasks/get_api_data.py
[2024-05-10T16:15:34.933+0000] {processor.py:183} INFO - Processing /opt/airflow/dags/tasks/get_api_data.py took 0.612 seconds
[2024-05-10T16:15:45.072+0000] {processor.py:161} INFO - Started process (PID=247) to work on /opt/airflow/dags/tasks/get_api_data.py
[2024-05-10T16:15:45.073+0000] {processor.py:830} INFO - Processing file /opt/airflow/dags/tasks/get_api_data.py for tasks to queue
[2024-05-10T16:15:45.075+0000] {logging_mixin.py:188} INFO - [2024-05-10T16:15:45.075+0000] {dagbag.py:545} INFO - Filling up the DagBag from /opt/airflow/dags/tasks/get_api_data.py
[2024-05-10T16:15:45.427+0000] {processor.py:842} WARNING - No viable dags retrieved from /opt/airflow/dags/tasks/get_api_data.py
[2024-05-10T16:15:45.448+0000] {processor.py:183} INFO - Processing /opt/airflow/dags/tasks/get_api_data.py took 0.382 seconds
[2024-05-10T16:15:55.512+0000] {processor.py:161} INFO - Started process (PID=261) to work on /opt/airflow/dags/tasks/get_api_data.py
[2024-05-10T16:15:55.513+0000] {processor.py:830} INFO - Processing file /opt/airflow/dags/tasks/get_api_data.py for tasks to queue
[2024-05-10T16:15:55.514+0000] {logging_mixin.py:188} INFO - [2024-05-10T16:15:55.514+0000] {dagbag.py:545} INFO - Filling up the DagBag from /opt/airflow/dags/tasks/get_api_data.py
[2024-05-10T16:15:55.690+0000] {processor.py:842} WARNING - No viable dags retrieved from /opt/airflow/dags/tasks/get_api_data.py
[2024-05-10T16:15:55.702+0000] {processor.py:183} INFO - Processing /opt/airflow/dags/tasks/get_api_data.py took 0.195 seconds
[2024-05-10T16:16:05.810+0000] {processor.py:161} INFO - Started process (PID=269) to work on /opt/airflow/dags/tasks/get_api_data.py
[2024-05-10T16:16:05.814+0000] {processor.py:830} INFO - Processing file /opt/airflow/dags/tasks/get_api_data.py for tasks to queue
[2024-05-10T16:16:05.818+0000] {logging_mixin.py:188} INFO - [2024-05-10T16:16:05.816+0000] {dagbag.py:545} INFO - Filling up the DagBag from /opt/airflow/dags/tasks/get_api_data.py
[2024-05-10T16:16:06.022+0000] {processor.py:842} WARNING - No viable dags retrieved from /opt/airflow/dags/tasks/get_api_data.py
[2024-05-10T16:16:06.189+0000] {processor.py:183} INFO - Processing /opt/airflow/dags/tasks/get_api_data.py took 0.393 seconds
[2024-05-10T16:16:16.938+0000] {processor.py:161} INFO - Started process (PID=277) to work on /opt/airflow/dags/tasks/get_api_data.py
[2024-05-10T16:16:16.939+0000] {processor.py:830} INFO - Processing file /opt/airflow/dags/tasks/get_api_data.py for tasks to queue
[2024-05-10T16:16:16.941+0000] {logging_mixin.py:188} INFO - [2024-05-10T16:16:16.941+0000] {dagbag.py:545} INFO - Filling up the DagBag from /opt/airflow/dags/tasks/get_api_data.py
[2024-05-10T16:16:17.145+0000] {processor.py:842} WARNING - No viable dags retrieved from /opt/airflow/dags/tasks/get_api_data.py
[2024-05-10T16:16:17.161+0000] {processor.py:183} INFO - Processing /opt/airflow/dags/tasks/get_api_data.py took 0.229 seconds
[2024-05-10T16:16:27.285+0000] {processor.py:161} INFO - Started process (PID=288) to work on /opt/airflow/dags/tasks/get_api_data.py
[2024-05-10T16:16:27.286+0000] {processor.py:830} INFO - Processing file /opt/airflow/dags/tasks/get_api_data.py for tasks to queue
[2024-05-10T16:16:27.287+0000] {logging_mixin.py:188} INFO - [2024-05-10T16:16:27.287+0000] {dagbag.py:545} INFO - Filling up the DagBag from /opt/airflow/dags/tasks/get_api_data.py
[2024-05-10T16:16:27.489+0000] {processor.py:842} WARNING - No viable dags retrieved from /opt/airflow/dags/tasks/get_api_data.py
[2024-05-10T16:16:27.502+0000] {processor.py:183} INFO - Processing /opt/airflow/dags/tasks/get_api_data.py took 0.223 seconds
[2024-05-10T16:16:37.621+0000] {processor.py:161} INFO - Started process (PID=299) to work on /opt/airflow/dags/tasks/get_api_data.py
[2024-05-10T16:16:37.622+0000] {processor.py:830} INFO - Processing file /opt/airflow/dags/tasks/get_api_data.py for tasks to queue
[2024-05-10T16:16:37.624+0000] {logging_mixin.py:188} INFO - [2024-05-10T16:16:37.623+0000] {dagbag.py:545} INFO - Filling up the DagBag from /opt/airflow/dags/tasks/get_api_data.py
[2024-05-10T16:16:37.792+0000] {processor.py:842} WARNING - No viable dags retrieved from /opt/airflow/dags/tasks/get_api_data.py
[2024-05-10T16:16:37.803+0000] {processor.py:183} INFO - Processing /opt/airflow/dags/tasks/get_api_data.py took 0.188 seconds
[2024-05-10T16:16:48.069+0000] {processor.py:161} INFO - Started process (PID=310) to work on /opt/airflow/dags/tasks/get_api_data.py
[2024-05-10T16:16:48.073+0000] {processor.py:830} INFO - Processing file /opt/airflow/dags/tasks/get_api_data.py for tasks to queue
[2024-05-10T16:16:48.079+0000] {logging_mixin.py:188} INFO - [2024-05-10T16:16:48.078+0000] {dagbag.py:545} INFO - Filling up the DagBag from /opt/airflow/dags/tasks/get_api_data.py
[2024-05-10T16:16:48.422+0000] {processor.py:842} WARNING - No viable dags retrieved from /opt/airflow/dags/tasks/get_api_data.py
[2024-05-10T16:16:48.433+0000] {processor.py:183} INFO - Processing /opt/airflow/dags/tasks/get_api_data.py took 0.386 seconds
[2024-05-10T16:16:58.539+0000] {processor.py:161} INFO - Started process (PID=321) to work on /opt/airflow/dags/tasks/get_api_data.py
[2024-05-10T16:16:58.540+0000] {processor.py:830} INFO - Processing file /opt/airflow/dags/tasks/get_api_data.py for tasks to queue
[2024-05-10T16:16:58.542+0000] {logging_mixin.py:188} INFO - [2024-05-10T16:16:58.542+0000] {dagbag.py:545} INFO - Filling up the DagBag from /opt/airflow/dags/tasks/get_api_data.py
[2024-05-10T16:16:58.862+0000] {processor.py:842} WARNING - No viable dags retrieved from /opt/airflow/dags/tasks/get_api_data.py
[2024-05-10T16:16:58.877+0000] {processor.py:183} INFO - Processing /opt/airflow/dags/tasks/get_api_data.py took 0.344 seconds
[2024-05-10T16:17:09.694+0000] {processor.py:161} INFO - Started process (PID=335) to work on /opt/airflow/dags/tasks/get_api_data.py
[2024-05-10T16:17:09.698+0000] {processor.py:830} INFO - Processing file /opt/airflow/dags/tasks/get_api_data.py for tasks to queue
[2024-05-10T16:17:09.704+0000] {logging_mixin.py:188} INFO - [2024-05-10T16:17:09.704+0000] {dagbag.py:545} INFO - Filling up the DagBag from /opt/airflow/dags/tasks/get_api_data.py
[2024-05-10T16:17:09.906+0000] {processor.py:842} WARNING - No viable dags retrieved from /opt/airflow/dags/tasks/get_api_data.py
[2024-05-10T16:17:09.918+0000] {processor.py:183} INFO - Processing /opt/airflow/dags/tasks/get_api_data.py took 0.234 seconds
[2024-05-10T16:17:20.020+0000] {processor.py:161} INFO - Started process (PID=346) to work on /opt/airflow/dags/tasks/get_api_data.py
[2024-05-10T16:17:20.021+0000] {processor.py:830} INFO - Processing file /opt/airflow/dags/tasks/get_api_data.py for tasks to queue
[2024-05-10T16:17:20.023+0000] {logging_mixin.py:188} INFO - [2024-05-10T16:17:20.023+0000] {dagbag.py:545} INFO - Filling up the DagBag from /opt/airflow/dags/tasks/get_api_data.py
[2024-05-10T16:17:20.237+0000] {processor.py:842} WARNING - No viable dags retrieved from /opt/airflow/dags/tasks/get_api_data.py
[2024-05-10T16:17:20.256+0000] {processor.py:183} INFO - Processing /opt/airflow/dags/tasks/get_api_data.py took 0.242 seconds
[2024-05-10T16:17:30.410+0000] {processor.py:161} INFO - Started process (PID=354) to work on /opt/airflow/dags/tasks/get_api_data.py
[2024-05-10T16:17:30.411+0000] {processor.py:830} INFO - Processing file /opt/airflow/dags/tasks/get_api_data.py for tasks to queue
[2024-05-10T16:17:30.414+0000] {logging_mixin.py:188} INFO - [2024-05-10T16:17:30.413+0000] {dagbag.py:545} INFO - Filling up the DagBag from /opt/airflow/dags/tasks/get_api_data.py
[2024-05-10T16:17:30.705+0000] {processor.py:842} WARNING - No viable dags retrieved from /opt/airflow/dags/tasks/get_api_data.py
[2024-05-10T16:17:30.722+0000] {processor.py:183} INFO - Processing /opt/airflow/dags/tasks/get_api_data.py took 0.319 seconds
[2024-05-10T16:17:40.867+0000] {processor.py:161} INFO - Started process (PID=362) to work on /opt/airflow/dags/tasks/get_api_data.py
[2024-05-10T16:17:40.868+0000] {processor.py:830} INFO - Processing file /opt/airflow/dags/tasks/get_api_data.py for tasks to queue
[2024-05-10T16:17:40.872+0000] {logging_mixin.py:188} INFO - [2024-05-10T16:17:40.872+0000] {dagbag.py:545} INFO - Filling up the DagBag from /opt/airflow/dags/tasks/get_api_data.py
[2024-05-10T16:17:41.123+0000] {processor.py:842} WARNING - No viable dags retrieved from /opt/airflow/dags/tasks/get_api_data.py
[2024-05-10T16:17:41.144+0000] {processor.py:183} INFO - Processing /opt/airflow/dags/tasks/get_api_data.py took 0.284 seconds
[2024-05-10T16:17:51.244+0000] {processor.py:161} INFO - Started process (PID=373) to work on /opt/airflow/dags/tasks/get_api_data.py
[2024-05-10T16:17:51.245+0000] {processor.py:830} INFO - Processing file /opt/airflow/dags/tasks/get_api_data.py for tasks to queue
[2024-05-10T16:17:51.248+0000] {logging_mixin.py:188} INFO - [2024-05-10T16:17:51.247+0000] {dagbag.py:545} INFO - Filling up the DagBag from /opt/airflow/dags/tasks/get_api_data.py
[2024-05-10T16:17:51.501+0000] {processor.py:842} WARNING - No viable dags retrieved from /opt/airflow/dags/tasks/get_api_data.py
[2024-05-10T16:17:51.519+0000] {processor.py:183} INFO - Processing /opt/airflow/dags/tasks/get_api_data.py took 0.284 seconds
[2024-05-10T16:18:01.628+0000] {processor.py:161} INFO - Started process (PID=384) to work on /opt/airflow/dags/tasks/get_api_data.py
[2024-05-10T16:18:01.629+0000] {processor.py:830} INFO - Processing file /opt/airflow/dags/tasks/get_api_data.py for tasks to queue
[2024-05-10T16:18:01.631+0000] {logging_mixin.py:188} INFO - [2024-05-10T16:18:01.630+0000] {dagbag.py:545} INFO - Filling up the DagBag from /opt/airflow/dags/tasks/get_api_data.py
[2024-05-10T16:18:01.839+0000] {processor.py:842} WARNING - No viable dags retrieved from /opt/airflow/dags/tasks/get_api_data.py
[2024-05-10T16:18:01.856+0000] {processor.py:183} INFO - Processing /opt/airflow/dags/tasks/get_api_data.py took 0.233 seconds
[2024-05-10T16:18:11.979+0000] {processor.py:161} INFO - Started process (PID=395) to work on /opt/airflow/dags/tasks/get_api_data.py
[2024-05-10T16:18:11.980+0000] {processor.py:830} INFO - Processing file /opt/airflow/dags/tasks/get_api_data.py for tasks to queue
[2024-05-10T16:18:11.982+0000] {logging_mixin.py:188} INFO - [2024-05-10T16:18:11.982+0000] {dagbag.py:545} INFO - Filling up the DagBag from /opt/airflow/dags/tasks/get_api_data.py
[2024-05-10T16:18:12.174+0000] {processor.py:842} WARNING - No viable dags retrieved from /opt/airflow/dags/tasks/get_api_data.py
[2024-05-10T16:18:12.195+0000] {processor.py:183} INFO - Processing /opt/airflow/dags/tasks/get_api_data.py took 0.221 seconds
[2024-05-10T16:18:22.329+0000] {processor.py:161} INFO - Started process (PID=406) to work on /opt/airflow/dags/tasks/get_api_data.py
[2024-05-10T16:18:22.330+0000] {processor.py:830} INFO - Processing file /opt/airflow/dags/tasks/get_api_data.py for tasks to queue
[2024-05-10T16:18:22.331+0000] {logging_mixin.py:188} INFO - [2024-05-10T16:18:22.331+0000] {dagbag.py:545} INFO - Filling up the DagBag from /opt/airflow/dags/tasks/get_api_data.py
[2024-05-10T16:18:22.478+0000] {processor.py:842} WARNING - No viable dags retrieved from /opt/airflow/dags/tasks/get_api_data.py
[2024-05-10T16:18:22.490+0000] {processor.py:183} INFO - Processing /opt/airflow/dags/tasks/get_api_data.py took 0.165 seconds
[2024-05-10T16:18:32.656+0000] {processor.py:161} INFO - Started process (PID=417) to work on /opt/airflow/dags/tasks/get_api_data.py
[2024-05-10T16:18:32.657+0000] {processor.py:830} INFO - Processing file /opt/airflow/dags/tasks/get_api_data.py for tasks to queue
[2024-05-10T16:18:32.659+0000] {logging_mixin.py:188} INFO - [2024-05-10T16:18:32.658+0000] {dagbag.py:545} INFO - Filling up the DagBag from /opt/airflow/dags/tasks/get_api_data.py
[2024-05-10T16:18:32.882+0000] {processor.py:842} WARNING - No viable dags retrieved from /opt/airflow/dags/tasks/get_api_data.py
[2024-05-10T16:18:32.897+0000] {processor.py:183} INFO - Processing /opt/airflow/dags/tasks/get_api_data.py took 0.245 seconds
[2024-05-10T16:18:43.165+0000] {processor.py:161} INFO - Started process (PID=428) to work on /opt/airflow/dags/tasks/get_api_data.py
[2024-05-10T16:18:43.168+0000] {processor.py:830} INFO - Processing file /opt/airflow/dags/tasks/get_api_data.py for tasks to queue
[2024-05-10T16:18:43.176+0000] {logging_mixin.py:188} INFO - [2024-05-10T16:18:43.175+0000] {dagbag.py:545} INFO - Filling up the DagBag from /opt/airflow/dags/tasks/get_api_data.py
[2024-05-10T16:18:43.446+0000] {processor.py:842} WARNING - No viable dags retrieved from /opt/airflow/dags/tasks/get_api_data.py
[2024-05-10T16:18:43.458+0000] {processor.py:183} INFO - Processing /opt/airflow/dags/tasks/get_api_data.py took 0.318 seconds
[2024-05-10T16:18:53.568+0000] {processor.py:161} INFO - Started process (PID=439) to work on /opt/airflow/dags/tasks/get_api_data.py
[2024-05-10T16:18:53.569+0000] {processor.py:830} INFO - Processing file /opt/airflow/dags/tasks/get_api_data.py for tasks to queue
[2024-05-10T16:18:53.571+0000] {logging_mixin.py:188} INFO - [2024-05-10T16:18:53.571+0000] {dagbag.py:545} INFO - Filling up the DagBag from /opt/airflow/dags/tasks/get_api_data.py
[2024-05-10T16:18:53.771+0000] {processor.py:842} WARNING - No viable dags retrieved from /opt/airflow/dags/tasks/get_api_data.py
[2024-05-10T16:18:53.788+0000] {processor.py:183} INFO - Processing /opt/airflow/dags/tasks/get_api_data.py took 0.225 seconds
[2024-05-10T16:19:04.706+0000] {processor.py:161} INFO - Started process (PID=450) to work on /opt/airflow/dags/tasks/get_api_data.py
[2024-05-10T16:19:04.708+0000] {processor.py:830} INFO - Processing file /opt/airflow/dags/tasks/get_api_data.py for tasks to queue
[2024-05-10T16:19:04.710+0000] {logging_mixin.py:188} INFO - [2024-05-10T16:19:04.710+0000] {dagbag.py:545} INFO - Filling up the DagBag from /opt/airflow/dags/tasks/get_api_data.py
[2024-05-10T16:19:04.928+0000] {processor.py:842} WARNING - No viable dags retrieved from /opt/airflow/dags/tasks/get_api_data.py
[2024-05-10T16:19:04.945+0000] {processor.py:183} INFO - Processing /opt/airflow/dags/tasks/get_api_data.py took 0.247 seconds
[2024-05-10T16:19:15.051+0000] {processor.py:161} INFO - Started process (PID=459) to work on /opt/airflow/dags/tasks/get_api_data.py
[2024-05-10T16:19:15.052+0000] {processor.py:830} INFO - Processing file /opt/airflow/dags/tasks/get_api_data.py for tasks to queue
[2024-05-10T16:19:15.053+0000] {logging_mixin.py:188} INFO - [2024-05-10T16:19:15.053+0000] {dagbag.py:545} INFO - Filling up the DagBag from /opt/airflow/dags/tasks/get_api_data.py
[2024-05-10T16:19:15.222+0000] {processor.py:842} WARNING - No viable dags retrieved from /opt/airflow/dags/tasks/get_api_data.py
[2024-05-10T16:19:15.233+0000] {processor.py:183} INFO - Processing /opt/airflow/dags/tasks/get_api_data.py took 0.186 seconds
[2024-05-10T16:19:25.626+0000] {processor.py:161} INFO - Started process (PID=466) to work on /opt/airflow/dags/tasks/get_api_data.py
[2024-05-10T16:19:25.629+0000] {processor.py:830} INFO - Processing file /opt/airflow/dags/tasks/get_api_data.py for tasks to queue
[2024-05-10T16:19:25.633+0000] {logging_mixin.py:188} INFO - [2024-05-10T16:19:25.632+0000] {dagbag.py:545} INFO - Filling up the DagBag from /opt/airflow/dags/tasks/get_api_data.py
[2024-05-10T16:19:25.832+0000] {processor.py:842} WARNING - No viable dags retrieved from /opt/airflow/dags/tasks/get_api_data.py
[2024-05-10T16:19:25.847+0000] {processor.py:183} INFO - Processing /opt/airflow/dags/tasks/get_api_data.py took 0.244 seconds
[2024-05-10T16:19:36.349+0000] {processor.py:161} INFO - Started process (PID=477) to work on /opt/airflow/dags/tasks/get_api_data.py
[2024-05-10T16:19:36.351+0000] {processor.py:830} INFO - Processing file /opt/airflow/dags/tasks/get_api_data.py for tasks to queue
[2024-05-10T16:19:36.353+0000] {logging_mixin.py:188} INFO - [2024-05-10T16:19:36.352+0000] {dagbag.py:545} INFO - Filling up the DagBag from /opt/airflow/dags/tasks/get_api_data.py
[2024-05-10T16:19:36.545+0000] {processor.py:842} WARNING - No viable dags retrieved from /opt/airflow/dags/tasks/get_api_data.py
[2024-05-10T16:19:36.557+0000] {processor.py:183} INFO - Processing /opt/airflow/dags/tasks/get_api_data.py took 0.217 seconds
[2024-05-10T16:19:46.673+0000] {processor.py:161} INFO - Started process (PID=488) to work on /opt/airflow/dags/tasks/get_api_data.py
[2024-05-10T16:19:46.674+0000] {processor.py:830} INFO - Processing file /opt/airflow/dags/tasks/get_api_data.py for tasks to queue
[2024-05-10T16:19:46.676+0000] {logging_mixin.py:188} INFO - [2024-05-10T16:19:46.676+0000] {dagbag.py:545} INFO - Filling up the DagBag from /opt/airflow/dags/tasks/get_api_data.py
[2024-05-10T16:19:46.842+0000] {processor.py:842} WARNING - No viable dags retrieved from /opt/airflow/dags/tasks/get_api_data.py
[2024-05-10T16:19:46.854+0000] {processor.py:183} INFO - Processing /opt/airflow/dags/tasks/get_api_data.py took 0.187 seconds
[2024-05-10T16:19:56.964+0000] {processor.py:161} INFO - Started process (PID=499) to work on /opt/airflow/dags/tasks/get_api_data.py
[2024-05-10T16:19:56.965+0000] {processor.py:830} INFO - Processing file /opt/airflow/dags/tasks/get_api_data.py for tasks to queue
[2024-05-10T16:19:56.968+0000] {logging_mixin.py:188} INFO - [2024-05-10T16:19:56.967+0000] {dagbag.py:545} INFO - Filling up the DagBag from /opt/airflow/dags/tasks/get_api_data.py
[2024-05-10T16:19:57.151+0000] {processor.py:842} WARNING - No viable dags retrieved from /opt/airflow/dags/tasks/get_api_data.py
[2024-05-10T16:19:57.163+0000] {processor.py:183} INFO - Processing /opt/airflow/dags/tasks/get_api_data.py took 0.205 seconds
[2024-05-10T16:20:07.289+0000] {processor.py:161} INFO - Started process (PID=510) to work on /opt/airflow/dags/tasks/get_api_data.py
[2024-05-10T16:20:07.290+0000] {processor.py:830} INFO - Processing file /opt/airflow/dags/tasks/get_api_data.py for tasks to queue
[2024-05-10T16:20:07.291+0000] {logging_mixin.py:188} INFO - [2024-05-10T16:20:07.291+0000] {dagbag.py:545} INFO - Filling up the DagBag from /opt/airflow/dags/tasks/get_api_data.py
[2024-05-10T16:20:07.465+0000] {processor.py:842} WARNING - No viable dags retrieved from /opt/airflow/dags/tasks/get_api_data.py
[2024-05-10T16:20:07.478+0000] {processor.py:183} INFO - Processing /opt/airflow/dags/tasks/get_api_data.py took 0.195 seconds
[2024-05-10T16:20:18.487+0000] {processor.py:161} INFO - Started process (PID=521) to work on /opt/airflow/dags/tasks/get_api_data.py
[2024-05-10T16:20:18.490+0000] {processor.py:830} INFO - Processing file /opt/airflow/dags/tasks/get_api_data.py for tasks to queue
[2024-05-10T16:20:18.497+0000] {logging_mixin.py:188} INFO - [2024-05-10T16:20:18.495+0000] {dagbag.py:545} INFO - Filling up the DagBag from /opt/airflow/dags/tasks/get_api_data.py
[2024-05-10T16:20:18.956+0000] {processor.py:842} WARNING - No viable dags retrieved from /opt/airflow/dags/tasks/get_api_data.py
[2024-05-10T16:20:18.974+0000] {processor.py:183} INFO - Processing /opt/airflow/dags/tasks/get_api_data.py took 0.509 seconds
[2024-05-10T16:20:29.200+0000] {processor.py:161} INFO - Started process (PID=532) to work on /opt/airflow/dags/tasks/get_api_data.py
[2024-05-10T16:20:29.203+0000] {processor.py:830} INFO - Processing file /opt/airflow/dags/tasks/get_api_data.py for tasks to queue
[2024-05-10T16:20:29.209+0000] {logging_mixin.py:188} INFO - [2024-05-10T16:20:29.208+0000] {dagbag.py:545} INFO - Filling up the DagBag from /opt/airflow/dags/tasks/get_api_data.py
[2024-05-10T16:20:29.596+0000] {processor.py:842} WARNING - No viable dags retrieved from /opt/airflow/dags/tasks/get_api_data.py
[2024-05-10T16:20:29.607+0000] {processor.py:183} INFO - Processing /opt/airflow/dags/tasks/get_api_data.py took 0.424 seconds
[2024-05-10T16:20:39.793+0000] {processor.py:161} INFO - Started process (PID=543) to work on /opt/airflow/dags/tasks/get_api_data.py
[2024-05-10T16:20:39.851+0000] {processor.py:830} INFO - Processing file /opt/airflow/dags/tasks/get_api_data.py for tasks to queue
[2024-05-10T16:20:39.858+0000] {logging_mixin.py:188} INFO - [2024-05-10T16:20:39.857+0000] {dagbag.py:545} INFO - Filling up the DagBag from /opt/airflow/dags/tasks/get_api_data.py
[2024-05-10T16:20:40.131+0000] {processor.py:842} WARNING - No viable dags retrieved from /opt/airflow/dags/tasks/get_api_data.py
[2024-05-10T16:20:40.147+0000] {processor.py:183} INFO - Processing /opt/airflow/dags/tasks/get_api_data.py took 0.358 seconds
[2024-05-10T16:20:50.249+0000] {processor.py:161} INFO - Started process (PID=554) to work on /opt/airflow/dags/tasks/get_api_data.py
[2024-05-10T16:20:50.250+0000] {processor.py:830} INFO - Processing file /opt/airflow/dags/tasks/get_api_data.py for tasks to queue
[2024-05-10T16:20:50.252+0000] {logging_mixin.py:188} INFO - [2024-05-10T16:20:50.252+0000] {dagbag.py:545} INFO - Filling up the DagBag from /opt/airflow/dags/tasks/get_api_data.py
[2024-05-10T16:20:50.434+0000] {processor.py:842} WARNING - No viable dags retrieved from /opt/airflow/dags/tasks/get_api_data.py
[2024-05-10T16:20:50.445+0000] {processor.py:183} INFO - Processing /opt/airflow/dags/tasks/get_api_data.py took 0.202 seconds
[2024-05-10T16:21:00.594+0000] {processor.py:161} INFO - Started process (PID=565) to work on /opt/airflow/dags/tasks/get_api_data.py
[2024-05-10T16:21:00.594+0000] {processor.py:830} INFO - Processing file /opt/airflow/dags/tasks/get_api_data.py for tasks to queue
[2024-05-10T16:21:00.596+0000] {logging_mixin.py:188} INFO - [2024-05-10T16:21:00.595+0000] {dagbag.py:545} INFO - Filling up the DagBag from /opt/airflow/dags/tasks/get_api_data.py
[2024-05-10T16:21:00.758+0000] {processor.py:842} WARNING - No viable dags retrieved from /opt/airflow/dags/tasks/get_api_data.py
[2024-05-10T16:21:00.768+0000] {processor.py:183} INFO - Processing /opt/airflow/dags/tasks/get_api_data.py took 0.180 seconds
[2024-05-10T16:21:10.822+0000] {processor.py:161} INFO - Started process (PID=576) to work on /opt/airflow/dags/tasks/get_api_data.py
[2024-05-10T16:21:10.822+0000] {processor.py:830} INFO - Processing file /opt/airflow/dags/tasks/get_api_data.py for tasks to queue
[2024-05-10T16:21:10.824+0000] {logging_mixin.py:188} INFO - [2024-05-10T16:21:10.823+0000] {dagbag.py:545} INFO - Filling up the DagBag from /opt/airflow/dags/tasks/get_api_data.py
[2024-05-10T16:21:10.990+0000] {processor.py:842} WARNING - No viable dags retrieved from /opt/airflow/dags/tasks/get_api_data.py
[2024-05-10T16:21:11.004+0000] {processor.py:183} INFO - Processing /opt/airflow/dags/tasks/get_api_data.py took 0.187 seconds
[2024-05-10T16:21:21.098+0000] {processor.py:161} INFO - Started process (PID=584) to work on /opt/airflow/dags/tasks/get_api_data.py
[2024-05-10T16:21:21.099+0000] {processor.py:830} INFO - Processing file /opt/airflow/dags/tasks/get_api_data.py for tasks to queue
[2024-05-10T16:21:21.100+0000] {logging_mixin.py:188} INFO - [2024-05-10T16:21:21.100+0000] {dagbag.py:545} INFO - Filling up the DagBag from /opt/airflow/dags/tasks/get_api_data.py
[2024-05-10T16:21:21.289+0000] {processor.py:842} WARNING - No viable dags retrieved from /opt/airflow/dags/tasks/get_api_data.py
[2024-05-10T16:21:21.302+0000] {processor.py:183} INFO - Processing /opt/airflow/dags/tasks/get_api_data.py took 0.209 seconds
[2024-05-10T16:21:31.416+0000] {processor.py:161} INFO - Started process (PID=592) to work on /opt/airflow/dags/tasks/get_api_data.py
[2024-05-10T16:21:31.417+0000] {processor.py:830} INFO - Processing file /opt/airflow/dags/tasks/get_api_data.py for tasks to queue
[2024-05-10T16:21:31.419+0000] {logging_mixin.py:188} INFO - [2024-05-10T16:21:31.419+0000] {dagbag.py:545} INFO - Filling up the DagBag from /opt/airflow/dags/tasks/get_api_data.py
[2024-05-10T16:21:31.633+0000] {processor.py:842} WARNING - No viable dags retrieved from /opt/airflow/dags/tasks/get_api_data.py
[2024-05-10T16:21:31.649+0000] {processor.py:183} INFO - Processing /opt/airflow/dags/tasks/get_api_data.py took 0.240 seconds
[2024-05-10T16:21:41.798+0000] {processor.py:161} INFO - Started process (PID=603) to work on /opt/airflow/dags/tasks/get_api_data.py
[2024-05-10T16:21:41.799+0000] {processor.py:830} INFO - Processing file /opt/airflow/dags/tasks/get_api_data.py for tasks to queue
[2024-05-10T16:21:41.803+0000] {logging_mixin.py:188} INFO - [2024-05-10T16:21:41.802+0000] {dagbag.py:545} INFO - Filling up the DagBag from /opt/airflow/dags/tasks/get_api_data.py
[2024-05-10T16:21:42.168+0000] {processor.py:842} WARNING - No viable dags retrieved from /opt/airflow/dags/tasks/get_api_data.py
[2024-05-10T16:21:42.188+0000] {processor.py:183} INFO - Processing /opt/airflow/dags/tasks/get_api_data.py took 0.401 seconds
[2024-05-10T16:21:52.327+0000] {processor.py:161} INFO - Started process (PID=614) to work on /opt/airflow/dags/tasks/get_api_data.py
[2024-05-10T16:21:52.328+0000] {processor.py:830} INFO - Processing file /opt/airflow/dags/tasks/get_api_data.py for tasks to queue
[2024-05-10T16:21:52.329+0000] {logging_mixin.py:188} INFO - [2024-05-10T16:21:52.329+0000] {dagbag.py:545} INFO - Filling up the DagBag from /opt/airflow/dags/tasks/get_api_data.py
[2024-05-10T16:21:52.507+0000] {processor.py:842} WARNING - No viable dags retrieved from /opt/airflow/dags/tasks/get_api_data.py
[2024-05-10T16:21:52.521+0000] {processor.py:183} INFO - Processing /opt/airflow/dags/tasks/get_api_data.py took 0.199 seconds
[2024-05-10T16:22:02.642+0000] {processor.py:161} INFO - Started process (PID=625) to work on /opt/airflow/dags/tasks/get_api_data.py
[2024-05-10T16:22:02.643+0000] {processor.py:830} INFO - Processing file /opt/airflow/dags/tasks/get_api_data.py for tasks to queue
[2024-05-10T16:22:02.647+0000] {logging_mixin.py:188} INFO - [2024-05-10T16:22:02.645+0000] {dagbag.py:545} INFO - Filling up the DagBag from /opt/airflow/dags/tasks/get_api_data.py
[2024-05-10T16:22:02.973+0000] {processor.py:842} WARNING - No viable dags retrieved from /opt/airflow/dags/tasks/get_api_data.py
[2024-05-10T16:22:02.987+0000] {processor.py:183} INFO - Processing /opt/airflow/dags/tasks/get_api_data.py took 0.354 seconds
[2024-05-10T16:22:13.108+0000] {processor.py:161} INFO - Started process (PID=639) to work on /opt/airflow/dags/tasks/get_api_data.py
[2024-05-10T16:22:13.109+0000] {processor.py:830} INFO - Processing file /opt/airflow/dags/tasks/get_api_data.py for tasks to queue
[2024-05-10T16:22:13.111+0000] {logging_mixin.py:188} INFO - [2024-05-10T16:22:13.111+0000] {dagbag.py:545} INFO - Filling up the DagBag from /opt/airflow/dags/tasks/get_api_data.py
[2024-05-10T16:22:13.320+0000] {processor.py:842} WARNING - No viable dags retrieved from /opt/airflow/dags/tasks/get_api_data.py
[2024-05-10T16:22:13.333+0000] {processor.py:183} INFO - Processing /opt/airflow/dags/tasks/get_api_data.py took 0.230 seconds
[2024-05-10T16:22:23.457+0000] {processor.py:161} INFO - Started process (PID=650) to work on /opt/airflow/dags/tasks/get_api_data.py
[2024-05-10T16:22:23.458+0000] {processor.py:830} INFO - Processing file /opt/airflow/dags/tasks/get_api_data.py for tasks to queue
[2024-05-10T16:22:23.460+0000] {logging_mixin.py:188} INFO - [2024-05-10T16:22:23.459+0000] {dagbag.py:545} INFO - Filling up the DagBag from /opt/airflow/dags/tasks/get_api_data.py
[2024-05-10T16:22:23.624+0000] {processor.py:842} WARNING - No viable dags retrieved from /opt/airflow/dags/tasks/get_api_data.py
[2024-05-10T16:22:23.634+0000] {processor.py:183} INFO - Processing /opt/airflow/dags/tasks/get_api_data.py took 0.182 seconds
[2024-05-10T16:22:33.879+0000] {processor.py:161} INFO - Started process (PID=661) to work on /opt/airflow/dags/tasks/get_api_data.py
[2024-05-10T16:22:33.882+0000] {processor.py:830} INFO - Processing file /opt/airflow/dags/tasks/get_api_data.py for tasks to queue
[2024-05-10T16:22:33.889+0000] {logging_mixin.py:188} INFO - [2024-05-10T16:22:33.888+0000] {dagbag.py:545} INFO - Filling up the DagBag from /opt/airflow/dags/tasks/get_api_data.py
[2024-05-10T16:22:34.163+0000] {processor.py:842} WARNING - No viable dags retrieved from /opt/airflow/dags/tasks/get_api_data.py
[2024-05-10T16:22:34.174+0000] {processor.py:183} INFO - Processing /opt/airflow/dags/tasks/get_api_data.py took 0.317 seconds
[2024-05-10T16:22:44.938+0000] {processor.py:161} INFO - Started process (PID=672) to work on /opt/airflow/dags/tasks/get_api_data.py
[2024-05-10T16:22:44.939+0000] {processor.py:830} INFO - Processing file /opt/airflow/dags/tasks/get_api_data.py for tasks to queue
[2024-05-10T16:22:44.941+0000] {logging_mixin.py:188} INFO - [2024-05-10T16:22:44.940+0000] {dagbag.py:545} INFO - Filling up the DagBag from /opt/airflow/dags/tasks/get_api_data.py
[2024-05-10T16:22:45.116+0000] {processor.py:842} WARNING - No viable dags retrieved from /opt/airflow/dags/tasks/get_api_data.py
[2024-05-10T16:22:45.127+0000] {processor.py:183} INFO - Processing /opt/airflow/dags/tasks/get_api_data.py took 0.194 seconds
[2024-05-10T16:22:55.248+0000] {processor.py:161} INFO - Started process (PID=683) to work on /opt/airflow/dags/tasks/get_api_data.py
[2024-05-10T16:22:55.249+0000] {processor.py:830} INFO - Processing file /opt/airflow/dags/tasks/get_api_data.py for tasks to queue
[2024-05-10T16:22:55.250+0000] {logging_mixin.py:188} INFO - [2024-05-10T16:22:55.250+0000] {dagbag.py:545} INFO - Filling up the DagBag from /opt/airflow/dags/tasks/get_api_data.py
[2024-05-10T16:22:55.420+0000] {processor.py:842} WARNING - No viable dags retrieved from /opt/airflow/dags/tasks/get_api_data.py
[2024-05-10T16:22:55.433+0000] {processor.py:183} INFO - Processing /opt/airflow/dags/tasks/get_api_data.py took 0.191 seconds
[2024-05-10T16:23:05.534+0000] {processor.py:161} INFO - Started process (PID=691) to work on /opt/airflow/dags/tasks/get_api_data.py
[2024-05-10T16:23:05.535+0000] {processor.py:830} INFO - Processing file /opt/airflow/dags/tasks/get_api_data.py for tasks to queue
[2024-05-10T16:23:05.537+0000] {logging_mixin.py:188} INFO - [2024-05-10T16:23:05.536+0000] {dagbag.py:545} INFO - Filling up the DagBag from /opt/airflow/dags/tasks/get_api_data.py
[2024-05-10T16:23:05.730+0000] {processor.py:842} WARNING - No viable dags retrieved from /opt/airflow/dags/tasks/get_api_data.py
[2024-05-10T16:23:05.746+0000] {processor.py:183} INFO - Processing /opt/airflow/dags/tasks/get_api_data.py took 0.217 seconds
[2024-05-10T16:23:15.866+0000] {processor.py:161} INFO - Started process (PID=699) to work on /opt/airflow/dags/tasks/get_api_data.py
[2024-05-10T16:23:15.866+0000] {processor.py:830} INFO - Processing file /opt/airflow/dags/tasks/get_api_data.py for tasks to queue
[2024-05-10T16:23:15.868+0000] {logging_mixin.py:188} INFO - [2024-05-10T16:23:15.867+0000] {dagbag.py:545} INFO - Filling up the DagBag from /opt/airflow/dags/tasks/get_api_data.py
[2024-05-10T16:23:16.022+0000] {processor.py:842} WARNING - No viable dags retrieved from /opt/airflow/dags/tasks/get_api_data.py
[2024-05-10T16:23:16.036+0000] {processor.py:183} INFO - Processing /opt/airflow/dags/tasks/get_api_data.py took 0.175 seconds
[2024-05-10T16:23:26.146+0000] {processor.py:161} INFO - Started process (PID=710) to work on /opt/airflow/dags/tasks/get_api_data.py
[2024-05-10T16:23:26.147+0000] {processor.py:830} INFO - Processing file /opt/airflow/dags/tasks/get_api_data.py for tasks to queue
[2024-05-10T16:23:26.149+0000] {logging_mixin.py:188} INFO - [2024-05-10T16:23:26.148+0000] {dagbag.py:545} INFO - Filling up the DagBag from /opt/airflow/dags/tasks/get_api_data.py
[2024-05-10T16:23:26.525+0000] {processor.py:842} WARNING - No viable dags retrieved from /opt/airflow/dags/tasks/get_api_data.py
[2024-05-10T16:23:26.536+0000] {processor.py:183} INFO - Processing /opt/airflow/dags/tasks/get_api_data.py took 0.395 seconds
[2024-05-10T16:23:37.281+0000] {processor.py:161} INFO - Started process (PID=721) to work on /opt/airflow/dags/tasks/get_api_data.py
[2024-05-10T16:23:37.282+0000] {processor.py:830} INFO - Processing file /opt/airflow/dags/tasks/get_api_data.py for tasks to queue
[2024-05-10T16:23:37.284+0000] {logging_mixin.py:188} INFO - [2024-05-10T16:23:37.284+0000] {dagbag.py:545} INFO - Filling up the DagBag from /opt/airflow/dags/tasks/get_api_data.py
[2024-05-10T16:23:37.488+0000] {processor.py:842} WARNING - No viable dags retrieved from /opt/airflow/dags/tasks/get_api_data.py
[2024-05-10T16:23:37.500+0000] {processor.py:183} INFO - Processing /opt/airflow/dags/tasks/get_api_data.py took 0.226 seconds
[2024-05-10T16:23:47.654+0000] {processor.py:161} INFO - Started process (PID=732) to work on /opt/airflow/dags/tasks/get_api_data.py
[2024-05-10T16:23:47.655+0000] {processor.py:830} INFO - Processing file /opt/airflow/dags/tasks/get_api_data.py for tasks to queue
[2024-05-10T16:23:47.657+0000] {logging_mixin.py:188} INFO - [2024-05-10T16:23:47.656+0000] {dagbag.py:545} INFO - Filling up the DagBag from /opt/airflow/dags/tasks/get_api_data.py
[2024-05-10T16:23:47.994+0000] {processor.py:842} WARNING - No viable dags retrieved from /opt/airflow/dags/tasks/get_api_data.py
[2024-05-10T16:23:48.015+0000] {processor.py:183} INFO - Processing /opt/airflow/dags/tasks/get_api_data.py took 0.366 seconds
[2024-05-10T16:23:58.772+0000] {processor.py:161} INFO - Started process (PID=743) to work on /opt/airflow/dags/tasks/get_api_data.py
[2024-05-10T16:23:58.774+0000] {processor.py:830} INFO - Processing file /opt/airflow/dags/tasks/get_api_data.py for tasks to queue
[2024-05-10T16:23:58.777+0000] {logging_mixin.py:188} INFO - [2024-05-10T16:23:58.777+0000] {dagbag.py:545} INFO - Filling up the DagBag from /opt/airflow/dags/tasks/get_api_data.py
[2024-05-10T16:23:59.050+0000] {processor.py:842} WARNING - No viable dags retrieved from /opt/airflow/dags/tasks/get_api_data.py
[2024-05-10T16:23:59.062+0000] {processor.py:183} INFO - Processing /opt/airflow/dags/tasks/get_api_data.py took 0.298 seconds
[2024-05-10T16:24:09.163+0000] {processor.py:161} INFO - Started process (PID=752) to work on /opt/airflow/dags/tasks/get_api_data.py
[2024-05-10T16:24:09.166+0000] {processor.py:830} INFO - Processing file /opt/airflow/dags/tasks/get_api_data.py for tasks to queue
[2024-05-10T16:24:09.168+0000] {logging_mixin.py:188} INFO - [2024-05-10T16:24:09.168+0000] {dagbag.py:545} INFO - Filling up the DagBag from /opt/airflow/dags/tasks/get_api_data.py
[2024-05-10T16:24:09.401+0000] {processor.py:842} WARNING - No viable dags retrieved from /opt/airflow/dags/tasks/get_api_data.py
[2024-05-10T16:24:09.417+0000] {processor.py:183} INFO - Processing /opt/airflow/dags/tasks/get_api_data.py took 0.260 seconds
[2024-05-10T16:24:19.681+0000] {processor.py:161} INFO - Started process (PID=759) to work on /opt/airflow/dags/tasks/get_api_data.py
[2024-05-10T16:24:19.684+0000] {processor.py:830} INFO - Processing file /opt/airflow/dags/tasks/get_api_data.py for tasks to queue
[2024-05-10T16:24:19.692+0000] {logging_mixin.py:188} INFO - [2024-05-10T16:24:19.690+0000] {dagbag.py:545} INFO - Filling up the DagBag from /opt/airflow/dags/tasks/get_api_data.py
[2024-05-10T16:24:20.021+0000] {processor.py:842} WARNING - No viable dags retrieved from /opt/airflow/dags/tasks/get_api_data.py
[2024-05-10T16:24:20.032+0000] {processor.py:183} INFO - Processing /opt/airflow/dags/tasks/get_api_data.py took 0.374 seconds
[2024-05-10T16:24:30.669+0000] {processor.py:161} INFO - Started process (PID=770) to work on /opt/airflow/dags/tasks/get_api_data.py
[2024-05-10T16:24:30.670+0000] {processor.py:830} INFO - Processing file /opt/airflow/dags/tasks/get_api_data.py for tasks to queue
[2024-05-10T16:24:30.671+0000] {logging_mixin.py:188} INFO - [2024-05-10T16:24:30.671+0000] {dagbag.py:545} INFO - Filling up the DagBag from /opt/airflow/dags/tasks/get_api_data.py
[2024-05-10T16:24:30.955+0000] {processor.py:842} WARNING - No viable dags retrieved from /opt/airflow/dags/tasks/get_api_data.py
[2024-05-10T16:24:30.968+0000] {processor.py:183} INFO - Processing /opt/airflow/dags/tasks/get_api_data.py took 0.304 seconds
[2024-05-10T16:24:41.811+0000] {processor.py:161} INFO - Started process (PID=781) to work on /opt/airflow/dags/tasks/get_api_data.py
[2024-05-10T16:24:41.812+0000] {processor.py:830} INFO - Processing file /opt/airflow/dags/tasks/get_api_data.py for tasks to queue
[2024-05-10T16:24:41.814+0000] {logging_mixin.py:188} INFO - [2024-05-10T16:24:41.814+0000] {dagbag.py:545} INFO - Filling up the DagBag from /opt/airflow/dags/tasks/get_api_data.py
[2024-05-10T16:24:42.031+0000] {processor.py:842} WARNING - No viable dags retrieved from /opt/airflow/dags/tasks/get_api_data.py
[2024-05-10T16:24:42.047+0000] {processor.py:183} INFO - Processing /opt/airflow/dags/tasks/get_api_data.py took 0.243 seconds
[2024-05-10T16:24:52.287+0000] {processor.py:161} INFO - Started process (PID=792) to work on /opt/airflow/dags/tasks/get_api_data.py
[2024-05-10T16:24:52.289+0000] {processor.py:830} INFO - Processing file /opt/airflow/dags/tasks/get_api_data.py for tasks to queue
[2024-05-10T16:24:52.295+0000] {logging_mixin.py:188} INFO - [2024-05-10T16:24:52.293+0000] {dagbag.py:545} INFO - Filling up the DagBag from /opt/airflow/dags/tasks/get_api_data.py
[2024-05-10T16:24:52.746+0000] {processor.py:842} WARNING - No viable dags retrieved from /opt/airflow/dags/tasks/get_api_data.py
[2024-05-10T16:24:52.759+0000] {processor.py:183} INFO - Processing /opt/airflow/dags/tasks/get_api_data.py took 0.493 seconds
[2024-05-10T16:25:03.311+0000] {processor.py:161} INFO - Started process (PID=803) to work on /opt/airflow/dags/tasks/get_api_data.py
[2024-05-10T16:25:03.312+0000] {processor.py:830} INFO - Processing file /opt/airflow/dags/tasks/get_api_data.py for tasks to queue
[2024-05-10T16:25:03.315+0000] {logging_mixin.py:188} INFO - [2024-05-10T16:25:03.314+0000] {dagbag.py:545} INFO - Filling up the DagBag from /opt/airflow/dags/tasks/get_api_data.py
[2024-05-10T16:25:03.654+0000] {processor.py:842} WARNING - No viable dags retrieved from /opt/airflow/dags/tasks/get_api_data.py
[2024-05-10T16:25:03.675+0000] {processor.py:183} INFO - Processing /opt/airflow/dags/tasks/get_api_data.py took 0.372 seconds
[2024-05-10T16:25:13.774+0000] {processor.py:161} INFO - Started process (PID=814) to work on /opt/airflow/dags/tasks/get_api_data.py
[2024-05-10T16:25:13.774+0000] {processor.py:830} INFO - Processing file /opt/airflow/dags/tasks/get_api_data.py for tasks to queue
[2024-05-10T16:25:13.776+0000] {logging_mixin.py:188} INFO - [2024-05-10T16:25:13.776+0000] {dagbag.py:545} INFO - Filling up the DagBag from /opt/airflow/dags/tasks/get_api_data.py
[2024-05-10T16:25:14.095+0000] {processor.py:842} WARNING - No viable dags retrieved from /opt/airflow/dags/tasks/get_api_data.py
[2024-05-10T16:25:14.119+0000] {processor.py:183} INFO - Processing /opt/airflow/dags/tasks/get_api_data.py took 0.350 seconds
[2024-05-10T16:25:24.232+0000] {processor.py:161} INFO - Started process (PID=825) to work on /opt/airflow/dags/tasks/get_api_data.py
[2024-05-10T16:25:24.233+0000] {processor.py:830} INFO - Processing file /opt/airflow/dags/tasks/get_api_data.py for tasks to queue
[2024-05-10T16:25:24.236+0000] {logging_mixin.py:188} INFO - [2024-05-10T16:25:24.235+0000] {dagbag.py:545} INFO - Filling up the DagBag from /opt/airflow/dags/tasks/get_api_data.py
[2024-05-10T16:25:24.473+0000] {processor.py:842} WARNING - No viable dags retrieved from /opt/airflow/dags/tasks/get_api_data.py
[2024-05-10T16:25:24.489+0000] {processor.py:183} INFO - Processing /opt/airflow/dags/tasks/get_api_data.py took 0.264 seconds
[2024-05-10T16:25:34.608+0000] {processor.py:161} INFO - Started process (PID=836) to work on /opt/airflow/dags/tasks/get_api_data.py
[2024-05-10T16:25:34.609+0000] {processor.py:830} INFO - Processing file /opt/airflow/dags/tasks/get_api_data.py for tasks to queue
[2024-05-10T16:25:34.612+0000] {logging_mixin.py:188} INFO - [2024-05-10T16:25:34.612+0000] {dagbag.py:545} INFO - Filling up the DagBag from /opt/airflow/dags/tasks/get_api_data.py
[2024-05-10T16:25:34.937+0000] {processor.py:842} WARNING - No viable dags retrieved from /opt/airflow/dags/tasks/get_api_data.py
[2024-05-10T16:25:34.963+0000] {processor.py:183} INFO - Processing /opt/airflow/dags/tasks/get_api_data.py took 0.363 seconds
[2024-05-10T16:25:45.094+0000] {processor.py:161} INFO - Started process (PID=847) to work on /opt/airflow/dags/tasks/get_api_data.py
[2024-05-10T16:25:45.095+0000] {processor.py:830} INFO - Processing file /opt/airflow/dags/tasks/get_api_data.py for tasks to queue
[2024-05-10T16:25:45.097+0000] {logging_mixin.py:188} INFO - [2024-05-10T16:25:45.096+0000] {dagbag.py:545} INFO - Filling up the DagBag from /opt/airflow/dags/tasks/get_api_data.py
[2024-05-10T16:25:45.315+0000] {processor.py:842} WARNING - No viable dags retrieved from /opt/airflow/dags/tasks/get_api_data.py
[2024-05-10T16:25:45.332+0000] {processor.py:183} INFO - Processing /opt/airflow/dags/tasks/get_api_data.py took 0.242 seconds
[2024-05-10T16:25:55.452+0000] {processor.py:161} INFO - Started process (PID=858) to work on /opt/airflow/dags/tasks/get_api_data.py
[2024-05-10T16:25:55.453+0000] {processor.py:830} INFO - Processing file /opt/airflow/dags/tasks/get_api_data.py for tasks to queue
[2024-05-10T16:25:55.455+0000] {logging_mixin.py:188} INFO - [2024-05-10T16:25:55.455+0000] {dagbag.py:545} INFO - Filling up the DagBag from /opt/airflow/dags/tasks/get_api_data.py
[2024-05-10T16:25:55.646+0000] {processor.py:842} WARNING - No viable dags retrieved from /opt/airflow/dags/tasks/get_api_data.py
[2024-05-10T16:25:55.659+0000] {processor.py:183} INFO - Processing /opt/airflow/dags/tasks/get_api_data.py took 0.212 seconds
[2024-05-10T16:26:05.800+0000] {processor.py:161} INFO - Started process (PID=869) to work on /opt/airflow/dags/tasks/get_api_data.py
[2024-05-10T16:26:05.801+0000] {processor.py:830} INFO - Processing file /opt/airflow/dags/tasks/get_api_data.py for tasks to queue
[2024-05-10T16:26:05.803+0000] {logging_mixin.py:188} INFO - [2024-05-10T16:26:05.802+0000] {dagbag.py:545} INFO - Filling up the DagBag from /opt/airflow/dags/tasks/get_api_data.py
[2024-05-10T16:26:05.996+0000] {processor.py:842} WARNING - No viable dags retrieved from /opt/airflow/dags/tasks/get_api_data.py
[2024-05-10T16:26:06.007+0000] {processor.py:183} INFO - Processing /opt/airflow/dags/tasks/get_api_data.py took 0.212 seconds
[2024-05-10T16:26:16.140+0000] {processor.py:161} INFO - Started process (PID=880) to work on /opt/airflow/dags/tasks/get_api_data.py
[2024-05-10T16:26:16.141+0000] {processor.py:830} INFO - Processing file /opt/airflow/dags/tasks/get_api_data.py for tasks to queue
[2024-05-10T16:26:16.143+0000] {logging_mixin.py:188} INFO - [2024-05-10T16:26:16.143+0000] {dagbag.py:545} INFO - Filling up the DagBag from /opt/airflow/dags/tasks/get_api_data.py
[2024-05-10T16:26:16.342+0000] {processor.py:842} WARNING - No viable dags retrieved from /opt/airflow/dags/tasks/get_api_data.py
[2024-05-10T16:26:16.354+0000] {processor.py:183} INFO - Processing /opt/airflow/dags/tasks/get_api_data.py took 0.219 seconds
[2024-05-10T16:26:26.460+0000] {processor.py:161} INFO - Started process (PID=888) to work on /opt/airflow/dags/tasks/get_api_data.py
[2024-05-10T16:26:26.461+0000] {processor.py:830} INFO - Processing file /opt/airflow/dags/tasks/get_api_data.py for tasks to queue
[2024-05-10T16:26:26.463+0000] {logging_mixin.py:188} INFO - [2024-05-10T16:26:26.462+0000] {dagbag.py:545} INFO - Filling up the DagBag from /opt/airflow/dags/tasks/get_api_data.py
[2024-05-10T16:26:26.648+0000] {processor.py:842} WARNING - No viable dags retrieved from /opt/airflow/dags/tasks/get_api_data.py
[2024-05-10T16:26:26.661+0000] {processor.py:183} INFO - Processing /opt/airflow/dags/tasks/get_api_data.py took 0.207 seconds
[2024-05-10T16:26:36.800+0000] {processor.py:161} INFO - Started process (PID=896) to work on /opt/airflow/dags/tasks/get_api_data.py
[2024-05-10T16:26:36.801+0000] {processor.py:830} INFO - Processing file /opt/airflow/dags/tasks/get_api_data.py for tasks to queue
[2024-05-10T16:26:36.803+0000] {logging_mixin.py:188} INFO - [2024-05-10T16:26:36.803+0000] {dagbag.py:545} INFO - Filling up the DagBag from /opt/airflow/dags/tasks/get_api_data.py
[2024-05-10T16:26:36.961+0000] {processor.py:842} WARNING - No viable dags retrieved from /opt/airflow/dags/tasks/get_api_data.py
[2024-05-10T16:26:36.973+0000] {processor.py:183} INFO - Processing /opt/airflow/dags/tasks/get_api_data.py took 0.179 seconds
[2024-05-10T16:26:47.124+0000] {processor.py:161} INFO - Started process (PID=907) to work on /opt/airflow/dags/tasks/get_api_data.py
[2024-05-10T16:26:47.125+0000] {processor.py:830} INFO - Processing file /opt/airflow/dags/tasks/get_api_data.py for tasks to queue
[2024-05-10T16:26:47.126+0000] {logging_mixin.py:188} INFO - [2024-05-10T16:26:47.126+0000] {dagbag.py:545} INFO - Filling up the DagBag from /opt/airflow/dags/tasks/get_api_data.py
[2024-05-10T16:26:47.275+0000] {processor.py:842} WARNING - No viable dags retrieved from /opt/airflow/dags/tasks/get_api_data.py
[2024-05-10T16:26:47.286+0000] {processor.py:183} INFO - Processing /opt/airflow/dags/tasks/get_api_data.py took 0.167 seconds
