[2024-05-09T16:32:52.893+0000] {local_task_job_runner.py:120} INFO - ::group::Pre task execution logs
[2024-05-09T16:32:52.933+0000] {taskinstance.py:2076} INFO - Dependencies all met for dep_context=non-requeueable deps ti=<TaskInstance: ml_pipeline.get_api_data manual__2024-05-09T16:23:09.223600+00:00 [queued]>
[2024-05-09T16:32:52.940+0000] {taskinstance.py:2076} INFO - Dependencies all met for dep_context=requeueable deps ti=<TaskInstance: ml_pipeline.get_api_data manual__2024-05-09T16:23:09.223600+00:00 [queued]>
[2024-05-09T16:32:52.940+0000] {taskinstance.py:2306} INFO - Starting attempt 4 of 7
[2024-05-09T16:32:52.951+0000] {taskinstance.py:2330} INFO - Executing <Task(PythonOperator): get_api_data> on 2024-05-09 16:23:09.223600+00:00
[2024-05-09T16:32:52.958+0000] {logging_mixin.py:188} WARNING - /home/***/.local/lib/python3.12/site-packages/***/task/task_runner/standard_task_runner.py:61 DeprecationWarning: This process (pid=518) is multi-threaded, use of fork() may lead to deadlocks in the child.
[2024-05-09T16:32:52.959+0000] {standard_task_runner.py:63} INFO - Started process 520 to run task
[2024-05-09T16:32:52.958+0000] {standard_task_runner.py:90} INFO - Running: ['***', 'tasks', 'run', 'ml_pipeline', 'get_api_data', 'manual__2024-05-09T16:23:09.223600+00:00', '--job-id', '28', '--raw', '--subdir', 'DAGS_FOLDER/main_dag.py', '--cfg-path', '/tmp/tmpp5trth46']
[2024-05-09T16:32:52.960+0000] {standard_task_runner.py:91} INFO - Job 28: Subtask get_api_data
[2024-05-09T16:32:52.973+0000] {logging_mixin.py:188} WARNING - /home/***/.local/lib/python3.12/site-packages/***/settings.py:195 DeprecationWarning: The sql_alchemy_conn option in [core] has been moved to the sql_alchemy_conn option in [database] - the old setting has been used, but please update your config.
[2024-05-09T16:32:53.003+0000] {task_command.py:426} INFO - Running <TaskInstance: ml_pipeline.get_api_data manual__2024-05-09T16:23:09.223600+00:00 [running]> on host c78fa7b1ea7a
[2024-05-09T16:32:53.071+0000] {taskinstance.py:2648} INFO - Exporting env vars: AIRFLOW_CTX_DAG_OWNER='***' AIRFLOW_CTX_DAG_ID='ml_pipeline' AIRFLOW_CTX_TASK_ID='get_api_data' AIRFLOW_CTX_EXECUTION_DATE='2024-05-09T16:23:09.223600+00:00' AIRFLOW_CTX_TRY_NUMBER='4' AIRFLOW_CTX_DAG_RUN_ID='manual__2024-05-09T16:23:09.223600+00:00'
[2024-05-09T16:32:53.072+0000] {taskinstance.py:430} INFO - ::endgroup::
[2024-05-09T16:32:53.087+0000] {logging_mixin.py:188} INFO - Fetching data
[2024-05-09T16:32:53.088+0000] {python.py:237} INFO - Done. Returned value was: None
[2024-05-09T16:32:53.088+0000] {taskinstance.py:441} INFO - ::group::Post task execution logs
[2024-05-09T16:32:53.095+0000] {taskinstance.py:1206} INFO - Marking task as SUCCESS. dag_id=ml_pipeline, task_id=get_api_data, run_id=manual__2024-05-09T16:23:09.223600+00:00, execution_date=20240509T162309, start_date=20240509T163252, end_date=20240509T163253
[2024-05-09T16:32:53.133+0000] {local_task_job_runner.py:240} INFO - Task exited with return code 0
[2024-05-09T16:32:53.153+0000] {taskinstance.py:3498} INFO - 1 downstream tasks scheduled from follow-on schedule check
[2024-05-09T16:32:53.155+0000] {local_task_job_runner.py:222} INFO - ::endgroup::
