[2024-05-09T16:36:47.955+0000] {local_task_job_runner.py:120} INFO - ::group::Pre task execution logs
[2024-05-09T16:36:47.981+0000] {taskinstance.py:2076} INFO - Dependencies all met for dep_context=non-requeueable deps ti=<TaskInstance: ml_pipeline.get_api_data manual__2024-05-09T16:23:09.223600+00:00 [queued]>
[2024-05-09T16:36:47.988+0000] {taskinstance.py:2076} INFO - Dependencies all met for dep_context=requeueable deps ti=<TaskInstance: ml_pipeline.get_api_data manual__2024-05-09T16:23:09.223600+00:00 [queued]>
[2024-05-09T16:36:47.989+0000] {taskinstance.py:2306} INFO - Starting attempt 7 of 10
[2024-05-09T16:36:48.000+0000] {taskinstance.py:2330} INFO - Executing <Task(PythonOperator): get_api_data> on 2024-05-09 16:23:09.223600+00:00
[2024-05-09T16:36:48.007+0000] {logging_mixin.py:188} WARNING - /home/***/.local/lib/python3.12/site-packages/***/task/task_runner/standard_task_runner.py:61 DeprecationWarning: This process (pid=668) is multi-threaded, use of fork() may lead to deadlocks in the child.
[2024-05-09T16:36:48.008+0000] {standard_task_runner.py:63} INFO - Started process 670 to run task
[2024-05-09T16:36:48.007+0000] {standard_task_runner.py:90} INFO - Running: ['***', 'tasks', 'run', 'ml_pipeline', 'get_api_data', 'manual__2024-05-09T16:23:09.223600+00:00', '--job-id', '32', '--raw', '--subdir', 'DAGS_FOLDER/main_dag.py', '--cfg-path', '/tmp/tmp1eazgi3o']
[2024-05-09T16:36:48.009+0000] {standard_task_runner.py:91} INFO - Job 32: Subtask get_api_data
[2024-05-09T16:36:48.024+0000] {logging_mixin.py:188} WARNING - /home/***/.local/lib/python3.12/site-packages/***/settings.py:195 DeprecationWarning: The sql_alchemy_conn option in [core] has been moved to the sql_alchemy_conn option in [database] - the old setting has been used, but please update your config.
[2024-05-09T16:36:48.068+0000] {task_command.py:426} INFO - Running <TaskInstance: ml_pipeline.get_api_data manual__2024-05-09T16:23:09.223600+00:00 [running]> on host c78fa7b1ea7a
[2024-05-09T16:36:48.144+0000] {taskinstance.py:2648} INFO - Exporting env vars: AIRFLOW_CTX_DAG_OWNER='***' AIRFLOW_CTX_DAG_ID='ml_pipeline' AIRFLOW_CTX_TASK_ID='get_api_data' AIRFLOW_CTX_EXECUTION_DATE='2024-05-09T16:23:09.223600+00:00' AIRFLOW_CTX_TRY_NUMBER='7' AIRFLOW_CTX_DAG_RUN_ID='manual__2024-05-09T16:23:09.223600+00:00'
[2024-05-09T16:36:48.145+0000] {taskinstance.py:430} INFO - ::endgroup::
[2024-05-09T16:36:48.157+0000] {logging_mixin.py:188} INFO - Hello World
[2024-05-09T16:36:48.158+0000] {python.py:237} INFO - Done. Returned value was: None
[2024-05-09T16:36:48.158+0000] {taskinstance.py:441} INFO - ::group::Post task execution logs
[2024-05-09T16:36:48.166+0000] {taskinstance.py:1206} INFO - Marking task as SUCCESS. dag_id=ml_pipeline, task_id=get_api_data, run_id=manual__2024-05-09T16:23:09.223600+00:00, execution_date=20240509T162309, start_date=20240509T163647, end_date=20240509T163648
[2024-05-09T16:36:48.182+0000] {local_task_job_runner.py:240} INFO - Task exited with return code 0
[2024-05-09T16:36:48.202+0000] {taskinstance.py:3498} INFO - 1 downstream tasks scheduled from follow-on schedule check
[2024-05-09T16:36:48.205+0000] {local_task_job_runner.py:222} INFO - ::endgroup::
