[2024-05-09T23:06:21.749+0000] {local_task_job_runner.py:120} INFO - ::group::Pre task execution logs
[2024-05-09T23:06:21.772+0000] {taskinstance.py:2076} INFO - Dependencies all met for dep_context=non-requeueable deps ti=<TaskInstance: ml_pipeline.get_api_data manual__2024-05-09T23:06:18.856399+00:00 [queued]>
[2024-05-09T23:06:21.779+0000] {taskinstance.py:2076} INFO - Dependencies all met for dep_context=requeueable deps ti=<TaskInstance: ml_pipeline.get_api_data manual__2024-05-09T23:06:18.856399+00:00 [queued]>
[2024-05-09T23:06:21.780+0000] {taskinstance.py:2306} INFO - Starting attempt 1 of 4
[2024-05-09T23:06:21.794+0000] {taskinstance.py:2330} INFO - Executing <Task(PythonOperator): get_api_data> on 2024-05-09 23:06:18.856399+00:00
[2024-05-09T23:06:21.801+0000] {logging_mixin.py:188} WARNING - /home/***/.local/lib/python3.12/site-packages/***/task/task_runner/standard_task_runner.py:61 DeprecationWarning: This process (pid=2187) is multi-threaded, use of fork() may lead to deadlocks in the child.
[2024-05-09T23:06:21.802+0000] {standard_task_runner.py:63} INFO - Started process 2189 to run task
[2024-05-09T23:06:21.800+0000] {standard_task_runner.py:90} INFO - Running: ['***', 'tasks', 'run', 'ml_pipeline', 'get_api_data', 'manual__2024-05-09T23:06:18.856399+00:00', '--job-id', '138', '--raw', '--subdir', 'DAGS_FOLDER/main_dag.py', '--cfg-path', '/tmp/tmp4eh07go2']
[2024-05-09T23:06:21.803+0000] {standard_task_runner.py:91} INFO - Job 138: Subtask get_api_data
[2024-05-09T23:06:21.814+0000] {logging_mixin.py:188} WARNING - /home/***/.local/lib/python3.12/site-packages/***/settings.py:195 DeprecationWarning: The sql_alchemy_conn option in [core] has been moved to the sql_alchemy_conn option in [database] - the old setting has been used, but please update your config.
[2024-05-09T23:06:21.844+0000] {task_command.py:426} INFO - Running <TaskInstance: ml_pipeline.get_api_data manual__2024-05-09T23:06:18.856399+00:00 [running]> on host 3031e573f05c
[2024-05-09T23:06:21.919+0000] {taskinstance.py:2648} INFO - Exporting env vars: AIRFLOW_CTX_DAG_OWNER='***' AIRFLOW_CTX_DAG_ID='ml_pipeline' AIRFLOW_CTX_TASK_ID='get_api_data' AIRFLOW_CTX_EXECUTION_DATE='2024-05-09T23:06:18.856399+00:00' AIRFLOW_CTX_TRY_NUMBER='1' AIRFLOW_CTX_DAG_RUN_ID='manual__2024-05-09T23:06:18.856399+00:00'
[2024-05-09T23:06:21.921+0000] {taskinstance.py:430} INFO - ::endgroup::
[2024-05-09T23:06:23.123+0000] {logging_mixin.py:188} INFO - Retrieved data for page 0
[2024-05-09T23:06:23.662+0000] {logging_mixin.py:188} INFO - Saved data to /opt/***/dags/***_data/api_data_json/research_0.json
[2024-05-09T23:06:23.687+0000] {logging_mixin.py:188} INFO - Uploaded data/api_data_json/research_0.json to Minio
[2024-05-09T23:06:24.248+0000] {logging_mixin.py:188} INFO - Saved data to /opt/***/dags/***_data/api_data_json/research_1.json
[2024-05-09T23:06:24.308+0000] {logging_mixin.py:188} INFO - Uploaded data/api_data_json/research_1.json to Minio
[2024-05-09T23:06:25.112+0000] {logging_mixin.py:188} INFO - Saved data to /opt/***/dags/***_data/api_data_json/research_2.json
[2024-05-09T23:06:25.196+0000] {logging_mixin.py:188} INFO - Uploaded data/api_data_json/research_2.json to Minio
[2024-05-09T23:06:25.829+0000] {logging_mixin.py:188} INFO - Saved data to /opt/***/dags/***_data/api_data_json/research_3.json
[2024-05-09T23:06:25.851+0000] {logging_mixin.py:188} INFO - Uploaded data/api_data_json/research_3.json to Minio
[2024-05-09T23:06:26.424+0000] {logging_mixin.py:188} INFO - Saved data to /opt/***/dags/***_data/api_data_json/research_4.json
[2024-05-09T23:06:26.491+0000] {logging_mixin.py:188} INFO - Uploaded data/api_data_json/research_4.json to Minio
[2024-05-09T23:06:27.219+0000] {logging_mixin.py:188} INFO - Saved data to /opt/***/dags/***_data/api_data_json/research_5.json
[2024-05-09T23:06:27.273+0000] {logging_mixin.py:188} INFO - Uploaded data/api_data_json/research_5.json to Minio
[2024-05-09T23:06:27.860+0000] {logging_mixin.py:188} INFO - Saved data to /opt/***/dags/***_data/api_data_json/research_6.json
[2024-05-09T23:06:27.924+0000] {logging_mixin.py:188} INFO - Uploaded data/api_data_json/research_6.json to Minio
[2024-05-09T23:06:28.494+0000] {logging_mixin.py:188} INFO - Saved data to /opt/***/dags/***_data/api_data_json/research_7.json
[2024-05-09T23:06:28.525+0000] {logging_mixin.py:188} INFO - Uploaded data/api_data_json/research_7.json to Minio
[2024-05-09T23:06:29.104+0000] {logging_mixin.py:188} INFO - Saved data to /opt/***/dags/***_data/api_data_json/research_8.json
[2024-05-09T23:06:29.127+0000] {logging_mixin.py:188} INFO - Uploaded data/api_data_json/research_8.json to Minio
[2024-05-09T23:06:29.735+0000] {logging_mixin.py:188} INFO - Saved data to /opt/***/dags/***_data/api_data_json/research_9.json
[2024-05-09T23:06:29.766+0000] {logging_mixin.py:188} INFO - Uploaded data/api_data_json/research_9.json to Minio
[2024-05-09T23:06:30.351+0000] {logging_mixin.py:188} INFO - Saved data to /opt/***/dags/***_data/api_data_json/research_10.json
[2024-05-09T23:06:30.375+0000] {logging_mixin.py:188} INFO - Uploaded data/api_data_json/research_10.json to Minio
[2024-05-09T23:06:31.022+0000] {logging_mixin.py:188} INFO - Saved data to /opt/***/dags/***_data/api_data_json/research_11.json
[2024-05-09T23:06:31.091+0000] {logging_mixin.py:188} INFO - Uploaded data/api_data_json/research_11.json to Minio
[2024-05-09T23:06:31.818+0000] {logging_mixin.py:188} INFO - Saved data to /opt/***/dags/***_data/api_data_json/research_12.json
[2024-05-09T23:06:31.857+0000] {logging_mixin.py:188} INFO - Uploaded data/api_data_json/research_12.json to Minio
[2024-05-09T23:06:32.559+0000] {logging_mixin.py:188} INFO - Saved data to /opt/***/dags/***_data/api_data_json/research_13.json
[2024-05-09T23:06:32.637+0000] {logging_mixin.py:188} INFO - Uploaded data/api_data_json/research_13.json to Minio
[2024-05-09T23:06:33.365+0000] {logging_mixin.py:188} INFO - Saved data to /opt/***/dags/***_data/api_data_json/research_14.json
[2024-05-09T23:06:33.434+0000] {logging_mixin.py:188} INFO - Uploaded data/api_data_json/research_14.json to Minio
[2024-05-09T23:06:34.208+0000] {logging_mixin.py:188} INFO - Saved data to /opt/***/dags/***_data/api_data_json/research_15.json
[2024-05-09T23:06:34.271+0000] {logging_mixin.py:188} INFO - Uploaded data/api_data_json/research_15.json to Minio
[2024-05-09T23:06:35.051+0000] {logging_mixin.py:188} INFO - Saved data to /opt/***/dags/***_data/api_data_json/research_16.json
[2024-05-09T23:06:35.077+0000] {logging_mixin.py:188} INFO - Uploaded data/api_data_json/research_16.json to Minio
[2024-05-09T23:06:35.621+0000] {logging_mixin.py:188} INFO - Saved data to /opt/***/dags/***_data/api_data_json/research_17.json
[2024-05-09T23:06:35.638+0000] {logging_mixin.py:188} INFO - Uploaded data/api_data_json/research_17.json to Minio
[2024-05-09T23:06:36.166+0000] {logging_mixin.py:188} INFO - Saved data to /opt/***/dags/***_data/api_data_json/research_18.json
[2024-05-09T23:06:36.183+0000] {logging_mixin.py:188} INFO - Uploaded data/api_data_json/research_18.json to Minio
[2024-05-09T23:06:36.776+0000] {logging_mixin.py:188} INFO - Saved data to /opt/***/dags/***_data/api_data_json/research_19.json
[2024-05-09T23:06:36.846+0000] {logging_mixin.py:188} INFO - Uploaded data/api_data_json/research_19.json to Minio
[2024-05-09T23:06:37.475+0000] {logging_mixin.py:188} INFO - Saved data to /opt/***/dags/***_data/api_data_json/research_20.json
[2024-05-09T23:06:37.498+0000] {logging_mixin.py:188} INFO - Uploaded data/api_data_json/research_20.json to Minio
[2024-05-09T23:06:38.137+0000] {logging_mixin.py:188} INFO - Saved data to /opt/***/dags/***_data/api_data_json/research_21.json
[2024-05-09T23:06:38.156+0000] {logging_mixin.py:188} INFO - Uploaded data/api_data_json/research_21.json to Minio
[2024-05-09T23:06:38.814+0000] {logging_mixin.py:188} INFO - Saved data to /opt/***/dags/***_data/api_data_json/research_22.json
[2024-05-09T23:06:38.850+0000] {logging_mixin.py:188} INFO - Uploaded data/api_data_json/research_22.json to Minio
[2024-05-09T23:06:39.507+0000] {logging_mixin.py:188} INFO - Saved data to /opt/***/dags/***_data/api_data_json/research_23.json
[2024-05-09T23:06:39.522+0000] {logging_mixin.py:188} INFO - Uploaded data/api_data_json/research_23.json to Minio
[2024-05-09T23:06:40.047+0000] {logging_mixin.py:188} INFO - Saved data to /opt/***/dags/***_data/api_data_json/research_24.json
[2024-05-09T23:06:40.067+0000] {logging_mixin.py:188} INFO - Uploaded data/api_data_json/research_24.json to Minio
[2024-05-09T23:06:40.069+0000] {python.py:237} INFO - Done. Returned value was: None
[2024-05-09T23:06:40.071+0000] {taskinstance.py:441} INFO - ::group::Post task execution logs
[2024-05-09T23:06:40.078+0000] {taskinstance.py:1206} INFO - Marking task as SUCCESS. dag_id=ml_pipeline, task_id=get_api_data, run_id=manual__2024-05-09T23:06:18.856399+00:00, execution_date=20240509T230618, start_date=20240509T230621, end_date=20240509T230640
[2024-05-09T23:06:40.102+0000] {local_task_job_runner.py:240} INFO - Task exited with return code 0
[2024-05-09T23:06:40.123+0000] {taskinstance.py:3498} INFO - 1 downstream tasks scheduled from follow-on schedule check
[2024-05-09T23:06:40.126+0000] {local_task_job_runner.py:222} INFO - ::endgroup::
