[2024-05-10T13:54:59.233+0000] {local_task_job_runner.py:120} INFO - ::group::Pre task execution logs
[2024-05-10T13:54:59.256+0000] {taskinstance.py:2076} INFO - Dependencies all met for dep_context=non-requeueable deps ti=<TaskInstance: data_pipeline.divide_data manual__2024-05-10T10:18:14.377791+00:00 [queued]>
[2024-05-10T13:54:59.263+0000] {taskinstance.py:2076} INFO - Dependencies all met for dep_context=requeueable deps ti=<TaskInstance: data_pipeline.divide_data manual__2024-05-10T10:18:14.377791+00:00 [queued]>
[2024-05-10T13:54:59.264+0000] {taskinstance.py:2306} INFO - Starting attempt 133 of 136
[2024-05-10T13:54:59.274+0000] {taskinstance.py:2330} INFO - Executing <Task(PythonOperator): divide_data> on 2024-05-10 10:18:14.377791+00:00
[2024-05-10T13:54:59.280+0000] {logging_mixin.py:188} WARNING - /home/***/.local/lib/python3.12/site-packages/***/task/task_runner/standard_task_runner.py:61 DeprecationWarning: This process (pid=10413) is multi-threaded, use of fork() may lead to deadlocks in the child.
[2024-05-10T13:54:59.281+0000] {standard_task_runner.py:63} INFO - Started process 10415 to run task
[2024-05-10T13:54:59.280+0000] {standard_task_runner.py:90} INFO - Running: ['***', 'tasks', 'run', 'data_pipeline', 'divide_data', 'manual__2024-05-10T10:18:14.377791+00:00', '--job-id', '562', '--raw', '--subdir', 'DAGS_FOLDER/main_dag.py', '--cfg-path', '/tmp/tmp4l9tqtcd']
[2024-05-10T13:54:59.282+0000] {standard_task_runner.py:91} INFO - Job 562: Subtask divide_data
[2024-05-10T13:54:59.293+0000] {logging_mixin.py:188} WARNING - /home/***/.local/lib/python3.12/site-packages/***/settings.py:195 DeprecationWarning: The sql_alchemy_conn option in [core] has been moved to the sql_alchemy_conn option in [database] - the old setting has been used, but please update your config.
[2024-05-10T13:54:59.317+0000] {task_command.py:426} INFO - Running <TaskInstance: data_pipeline.divide_data manual__2024-05-10T10:18:14.377791+00:00 [running]> on host dbfcb70dcca2
[2024-05-10T13:54:59.384+0000] {taskinstance.py:2648} INFO - Exporting env vars: AIRFLOW_CTX_DAG_OWNER='***' AIRFLOW_CTX_DAG_ID='data_pipeline' AIRFLOW_CTX_TASK_ID='divide_data' AIRFLOW_CTX_EXECUTION_DATE='2024-05-10T10:18:14.377791+00:00' AIRFLOW_CTX_TRY_NUMBER='133' AIRFLOW_CTX_DAG_RUN_ID='manual__2024-05-10T10:18:14.377791+00:00'
[2024-05-10T13:54:59.385+0000] {taskinstance.py:430} INFO - ::endgroup::
[2024-05-10T13:55:05.634+0000] {logging_mixin.py:188} INFO -                                         affiliation_name                                affiliation_country
0      ['Stanford University School of Medicine', 'Ch...  ['United States', 'Thailand', 'Thailand', 'Uni...
1                           ['Chulalongkorn University']                                       ['Thailand']
2                           ['Chulalongkorn University']                                       ['Thailand']
3      ['Hirosaki University', 'Chulalongkorn Univers...  ['Japan', 'Thailand', 'Thailand', 'Japan', 'Th...
4      ['Chulalongkorn University', 'Thailand Nationa...  ['Thailand', 'Thailand', 'United States', 'Tha...
...                                                  ...                                                ...
21747                                                                                                      
21748                                                                                                      
21749                                                                                                      
21750                                                                                                      
21751                                                                                                      

[21752 rows x 2 columns]
[2024-05-10T13:55:05.636+0000] {python.py:237} INFO - Done. Returned value was: None
[2024-05-10T13:55:05.637+0000] {taskinstance.py:441} INFO - ::group::Post task execution logs
[2024-05-10T13:55:05.644+0000] {taskinstance.py:1206} INFO - Marking task as SUCCESS. dag_id=data_pipeline, task_id=divide_data, run_id=manual__2024-05-10T10:18:14.377791+00:00, execution_date=20240510T101814, start_date=20240510T135459, end_date=20240510T135505
[2024-05-10T13:55:05.667+0000] {local_task_job_runner.py:240} INFO - Task exited with return code 0
[2024-05-10T13:55:05.679+0000] {taskinstance.py:3498} INFO - 0 downstream tasks scheduled from follow-on schedule check
[2024-05-10T13:55:05.680+0000] {local_task_job_runner.py:222} INFO - ::endgroup::
