[2024-05-10T11:51:58.558+0000] {local_task_job_runner.py:120} INFO - ::group::Pre task execution logs
[2024-05-10T11:51:58.581+0000] {taskinstance.py:2076} INFO - Dependencies all met for dep_context=non-requeueable deps ti=<TaskInstance: data_pipeline.divide_data manual__2024-05-10T10:18:14.377791+00:00 [queued]>
[2024-05-10T11:51:58.588+0000] {taskinstance.py:2076} INFO - Dependencies all met for dep_context=requeueable deps ti=<TaskInstance: data_pipeline.divide_data manual__2024-05-10T10:18:14.377791+00:00 [queued]>
[2024-05-10T11:51:58.589+0000] {taskinstance.py:2306} INFO - Starting attempt 42 of 45
[2024-05-10T11:51:58.599+0000] {taskinstance.py:2330} INFO - Executing <Task(PythonOperator): divide_data> on 2024-05-10 10:18:14.377791+00:00
[2024-05-10T11:51:58.605+0000] {logging_mixin.py:188} WARNING - /home/***/.local/lib/python3.12/site-packages/***/task/task_runner/standard_task_runner.py:61 DeprecationWarning: This process (pid=4745) is multi-threaded, use of fork() may lead to deadlocks in the child.
[2024-05-10T11:51:58.605+0000] {standard_task_runner.py:63} INFO - Started process 4750 to run task
[2024-05-10T11:51:58.605+0000] {standard_task_runner.py:90} INFO - Running: ['***', 'tasks', 'run', 'data_pipeline', 'divide_data', 'manual__2024-05-10T10:18:14.377791+00:00', '--job-id', '428', '--raw', '--subdir', 'DAGS_FOLDER/main_dag.py', '--cfg-path', '/tmp/tmpiw4vemad']
[2024-05-10T11:51:58.606+0000] {standard_task_runner.py:91} INFO - Job 428: Subtask divide_data
[2024-05-10T11:51:58.616+0000] {logging_mixin.py:188} WARNING - /home/***/.local/lib/python3.12/site-packages/***/settings.py:195 DeprecationWarning: The sql_alchemy_conn option in [core] has been moved to the sql_alchemy_conn option in [database] - the old setting has been used, but please update your config.
[2024-05-10T11:51:58.640+0000] {task_command.py:426} INFO - Running <TaskInstance: data_pipeline.divide_data manual__2024-05-10T10:18:14.377791+00:00 [running]> on host dbfcb70dcca2
[2024-05-10T11:51:58.708+0000] {taskinstance.py:2648} INFO - Exporting env vars: AIRFLOW_CTX_DAG_OWNER='***' AIRFLOW_CTX_DAG_ID='data_pipeline' AIRFLOW_CTX_TASK_ID='divide_data' AIRFLOW_CTX_EXECUTION_DATE='2024-05-10T10:18:14.377791+00:00' AIRFLOW_CTX_TRY_NUMBER='42' AIRFLOW_CTX_DAG_RUN_ID='manual__2024-05-10T10:18:14.377791+00:00'
[2024-05-10T11:51:58.710+0000] {taskinstance.py:430} INFO - ::endgroup::
[2024-05-10T11:51:59.595+0000] {logging_mixin.py:188} INFO - 0        Publichealthandinternationalepidemiologyforrad...
1        FlexiblePrintedActiveAntennaforDigitalTelevisi...
2        Parametricstudyofhydrogenproductionviasorption...
3        Parametricstudyofhydrogenproductionviasorption...
4        Parametricstudyofhydrogenproductionviasorption...
                               ...                        
87666    Towards5GcellularUnderstanding3Dinbuildingsing...
87667    Modelingofrootreinforcedsoilslopeunderrainfall...
87668    ProductionofmassoialactonebyAureobasidiumpullu...
87669    EfficienciesofNFandROmembranesonpharmaceutical...
87670    Twodimensionalmodelingoftheoxidativecouplingof...
Name: title, Length: 87671, dtype: object
[2024-05-10T11:51:59.688+0000] {logging_mixin.py:188} INFO - 0                                                         
1                                                         
2                                  Circulatingfluidizedbed
3                               Computationalfluiddynamics
4                                     Multiphaseflowmodels
                               ...                        
87666    5GArchitectureControluserplaneFemtocellFrequen...
87667    CentrifugemodelingLandslidesSeepageanalysisSlo...
87668    Aureobasidiumpullulansfragrantbiosurfactantmas...
87669    CarbamazepineMembranefoulingNanofiltrationReve...
87670    FixedbedreactorGashourspacevelocityGHSVOxidati...
Name: keyword, Length: 87671, dtype: object
[2024-05-10T11:51:59.704+0000] {logging_mixin.py:188} INFO - 0         
1         
2         
3         
4         
        ..
87666     
87667     
87668     
87669     
87670     
Name: publication_year, Length: 87671, dtype: object
[2024-05-10T11:52:04.795+0000] {logging_mixin.py:188} INFO - Uploaded data/title_keywords.csv to Minio
[2024-05-10T11:52:04.988+0000] {logging_mixin.py:188} INFO - Uploaded data/title_affiliation.csv to Minio
[2024-05-10T11:52:04.990+0000] {python.py:237} INFO - Done. Returned value was: None
[2024-05-10T11:52:04.991+0000] {taskinstance.py:441} INFO - ::group::Post task execution logs
[2024-05-10T11:52:04.997+0000] {taskinstance.py:1206} INFO - Marking task as SUCCESS. dag_id=data_pipeline, task_id=divide_data, run_id=manual__2024-05-10T10:18:14.377791+00:00, execution_date=20240510T101814, start_date=20240510T115158, end_date=20240510T115204
[2024-05-10T11:52:05.027+0000] {local_task_job_runner.py:240} INFO - Task exited with return code 0
[2024-05-10T11:52:05.038+0000] {taskinstance.py:3498} INFO - 0 downstream tasks scheduled from follow-on schedule check
[2024-05-10T11:52:05.039+0000] {local_task_job_runner.py:222} INFO - ::endgroup::
