[2024-05-10T12:44:46.869+0000] {local_task_job_runner.py:120} INFO - ::group::Pre task execution logs
[2024-05-10T12:44:46.892+0000] {taskinstance.py:2076} INFO - Dependencies all met for dep_context=non-requeueable deps ti=<TaskInstance: data_pipeline.divide_data manual__2024-05-10T10:18:14.377791+00:00 [queued]>
[2024-05-10T12:44:46.899+0000] {taskinstance.py:2076} INFO - Dependencies all met for dep_context=requeueable deps ti=<TaskInstance: data_pipeline.divide_data manual__2024-05-10T10:18:14.377791+00:00 [queued]>
[2024-05-10T12:44:46.912+0000] {taskinstance.py:2306} INFO - Starting attempt 103 of 106
[2024-05-10T12:44:46.923+0000] {taskinstance.py:2330} INFO - Executing <Task(PythonOperator): divide_data> on 2024-05-10 10:18:14.377791+00:00
[2024-05-10T12:44:46.929+0000] {logging_mixin.py:188} WARNING - /home/***/.local/lib/python3.12/site-packages/***/task/task_runner/standard_task_runner.py:61 DeprecationWarning: This process (pid=7552) is multi-threaded, use of fork() may lead to deadlocks in the child.
[2024-05-10T12:44:46.930+0000] {standard_task_runner.py:63} INFO - Started process 7556 to run task
[2024-05-10T12:44:46.929+0000] {standard_task_runner.py:90} INFO - Running: ['***', 'tasks', 'run', 'data_pipeline', 'divide_data', 'manual__2024-05-10T10:18:14.377791+00:00', '--job-id', '517', '--raw', '--subdir', 'DAGS_FOLDER/main_dag.py', '--cfg-path', '/tmp/tmpbfhats1y']
[2024-05-10T12:44:46.931+0000] {standard_task_runner.py:91} INFO - Job 517: Subtask divide_data
[2024-05-10T12:44:46.941+0000] {logging_mixin.py:188} WARNING - /home/***/.local/lib/python3.12/site-packages/***/settings.py:195 DeprecationWarning: The sql_alchemy_conn option in [core] has been moved to the sql_alchemy_conn option in [database] - the old setting has been used, but please update your config.
[2024-05-10T12:44:46.968+0000] {task_command.py:426} INFO - Running <TaskInstance: data_pipeline.divide_data manual__2024-05-10T10:18:14.377791+00:00 [running]> on host dbfcb70dcca2
[2024-05-10T12:44:47.047+0000] {taskinstance.py:2648} INFO - Exporting env vars: AIRFLOW_CTX_DAG_OWNER='***' AIRFLOW_CTX_DAG_ID='data_pipeline' AIRFLOW_CTX_TASK_ID='divide_data' AIRFLOW_CTX_EXECUTION_DATE='2024-05-10T10:18:14.377791+00:00' AIRFLOW_CTX_TRY_NUMBER='103' AIRFLOW_CTX_DAG_RUN_ID='manual__2024-05-10T10:18:14.377791+00:00'
[2024-05-10T12:44:47.048+0000] {taskinstance.py:430} INFO - ::endgroup::
[2024-05-10T12:44:47.233+0000] {logging_mixin.py:188} INFO - Index(['title', 'affiliation_name', 'affiliation_country', 'publication_year',
       'keywords'],
      dtype='object')
[2024-05-10T12:44:47.235+0000] {logging_mixin.py:188} INFO - 0        nan
1        nan
2        nan
3        nan
4        nan
        ... 
21132    nan
21133    nan
21134    nan
21135    nan
21136    nan
Name: publication_year, Length: 21137, dtype: object
[2024-05-10T12:44:47.238+0000] {logging_mixin.py:188} INFO - 0        nan
1        nan
2        nan
3        nan
4        nan
        ... 
21132    nan
21133    nan
21134    nan
21135    nan
21136    nan
Name: publication_year, Length: 21137, dtype: object
[2024-05-10T12:44:49.369+0000] {python.py:237} INFO - Done. Returned value was: None
[2024-05-10T12:44:49.370+0000] {taskinstance.py:441} INFO - ::group::Post task execution logs
[2024-05-10T12:44:49.375+0000] {taskinstance.py:1206} INFO - Marking task as SUCCESS. dag_id=data_pipeline, task_id=divide_data, run_id=manual__2024-05-10T10:18:14.377791+00:00, execution_date=20240510T101814, start_date=20240510T124446, end_date=20240510T124449
[2024-05-10T12:44:49.432+0000] {local_task_job_runner.py:240} INFO - Task exited with return code 0
[2024-05-10T12:44:49.445+0000] {taskinstance.py:3498} INFO - 0 downstream tasks scheduled from follow-on schedule check
[2024-05-10T12:44:49.452+0000] {local_task_job_runner.py:222} INFO - ::endgroup::
