[2024-05-10T12:23:39.586+0000] {local_task_job_runner.py:120} INFO - ::group::Pre task execution logs
[2024-05-10T12:23:39.608+0000] {taskinstance.py:2076} INFO - Dependencies all met for dep_context=non-requeueable deps ti=<TaskInstance: data_pipeline.divide_data manual__2024-05-10T10:18:14.377791+00:00 [queued]>
[2024-05-10T12:23:39.614+0000] {taskinstance.py:2076} INFO - Dependencies all met for dep_context=requeueable deps ti=<TaskInstance: data_pipeline.divide_data manual__2024-05-10T10:18:14.377791+00:00 [queued]>
[2024-05-10T12:23:39.615+0000] {taskinstance.py:2306} INFO - Starting attempt 69 of 72
[2024-05-10T12:23:39.626+0000] {taskinstance.py:2330} INFO - Executing <Task(PythonOperator): divide_data> on 2024-05-10 10:18:14.377791+00:00
[2024-05-10T12:23:39.631+0000] {logging_mixin.py:188} WARNING - /home/***/.local/lib/python3.12/site-packages/***/task/task_runner/standard_task_runner.py:61 DeprecationWarning: This process (pid=6209) is multi-threaded, use of fork() may lead to deadlocks in the child.
[2024-05-10T12:23:39.632+0000] {standard_task_runner.py:63} INFO - Started process 6211 to run task
[2024-05-10T12:23:39.631+0000] {standard_task_runner.py:90} INFO - Running: ['***', 'tasks', 'run', 'data_pipeline', 'divide_data', 'manual__2024-05-10T10:18:14.377791+00:00', '--job-id', '461', '--raw', '--subdir', 'DAGS_FOLDER/main_dag.py', '--cfg-path', '/tmp/tmps7oq_bbc']
[2024-05-10T12:23:39.633+0000] {standard_task_runner.py:91} INFO - Job 461: Subtask divide_data
[2024-05-10T12:23:39.644+0000] {logging_mixin.py:188} WARNING - /home/***/.local/lib/python3.12/site-packages/***/settings.py:195 DeprecationWarning: The sql_alchemy_conn option in [core] has been moved to the sql_alchemy_conn option in [database] - the old setting has been used, but please update your config.
[2024-05-10T12:23:39.667+0000] {task_command.py:426} INFO - Running <TaskInstance: data_pipeline.divide_data manual__2024-05-10T10:18:14.377791+00:00 [running]> on host dbfcb70dcca2
[2024-05-10T12:23:39.733+0000] {taskinstance.py:2648} INFO - Exporting env vars: AIRFLOW_CTX_DAG_OWNER='***' AIRFLOW_CTX_DAG_ID='data_pipeline' AIRFLOW_CTX_TASK_ID='divide_data' AIRFLOW_CTX_EXECUTION_DATE='2024-05-10T10:18:14.377791+00:00' AIRFLOW_CTX_TRY_NUMBER='69' AIRFLOW_CTX_DAG_RUN_ID='manual__2024-05-10T10:18:14.377791+00:00'
[2024-05-10T12:23:39.734+0000] {taskinstance.py:430} INFO - ::endgroup::
[2024-05-10T12:23:39.911+0000] {logging_mixin.py:188} INFO - 0        Public health and international epidemiology f...
1        Flexible Printed Active Antenna for Digital Te...
2        Parametric study of hydrogen production via so...
3        Superhydrophobic coating from fluoroalkylsilan...
4        Electrochemical impedance based DNA sensor usi...
                               ...                        
21132    Usability evaluation of the university library...
21133    Two decades' contribution of occupational medi...
21134    Patients' Perceived Treatment Effectiveness in...
21135    Counter intuitive channel allocation improveme...
21507    Corrigendum to "A comparison of eugenol and me...
Name: title, Length: 21137, dtype: object
[2024-05-10T12:23:39.912+0000] {logging_mixin.py:188} INFO - 0        [ Stanford University School of Medicine ,  Ch...
1                             [ Chulalongkorn University ]
2                             [ Chulalongkorn University ]
3        [ Hirosaki University ,  Chulalongkorn Univers...
4        [ Chulalongkorn University ,  Thailand Nationa...
                               ...                        
21132                                                     
21133                                                     
21134                                                     
21135                                                     
21507                                                     
Name: affiliation_name, Length: 21137, dtype: object
[2024-05-10T12:23:39.913+0000] {logging_mixin.py:188} INFO - 0        [ United States ,  Thailand ,  Thailand ,  Uni...
1                                             [ Thailand ]
2                                             [ Thailand ]
3        [ Japan ,  Thailand ,  Thailand ,  Japan ,  Th...
4        [ Thailand ,  Thailand ,  United States ,  Tha...
                               ...                        
21132                                                     
21133                                                     
21134                                                     
21135                                                     
21507                                                     
Name: affiliation_country, Length: 21137, dtype: object
[2024-05-10T12:23:39.914+0000] {logging_mixin.py:188} INFO - 0            
1            
2            
3            
4            
         ... 
21132        
21133        
21134        
21135        
21507    2016
Name: publication_year, Length: 21137, dtype: object
[2024-05-10T12:23:39.915+0000] {logging_mixin.py:188} INFO - 0                                                       []
1                                                       []
2        [ Circulating fluidized bed ,  Computational f...
3        [ Encapsulation ,  Fluoroalkylsilane ,  Natura...
4        [ acpcPNA ,  Electrochemical impedance spectro...
                               ...                        
21132                                                     
21133                                                     
21134                                                     
21135                                                     
21507                                                     
Name: keywords, Length: 21137, dtype: object
[2024-05-10T12:23:41.223+0000] {logging_mixin.py:188} INFO - 0                                                       []
1                                                       []
2        [Circulating fluidized bed, Computational flui...
3        [Encapsulation, Fluoroalkylsilane, Natural rub...
4        [acpcPNA, Electrochemical impedance spectrosco...
                               ...                        
21132                                                   []
21133                                                   []
21134                                                   []
21135                                                   []
21507                                                   []
Name: keywords, Length: 21137, dtype: object
[2024-05-10T12:23:41.227+0000] {python.py:237} INFO - Done. Returned value was: None
[2024-05-10T12:23:41.228+0000] {taskinstance.py:441} INFO - ::group::Post task execution logs
[2024-05-10T12:23:41.235+0000] {taskinstance.py:1206} INFO - Marking task as SUCCESS. dag_id=data_pipeline, task_id=divide_data, run_id=manual__2024-05-10T10:18:14.377791+00:00, execution_date=20240510T101814, start_date=20240510T122339, end_date=20240510T122341
[2024-05-10T12:23:41.292+0000] {local_task_job_runner.py:240} INFO - Task exited with return code 0
[2024-05-10T12:23:41.305+0000] {taskinstance.py:3498} INFO - 0 downstream tasks scheduled from follow-on schedule check
[2024-05-10T12:23:41.307+0000] {local_task_job_runner.py:222} INFO - ::endgroup::
