[2024-05-10T11:47:44.215+0000] {local_task_job_runner.py:120} INFO - ::group::Pre task execution logs
[2024-05-10T11:47:44.238+0000] {taskinstance.py:2076} INFO - Dependencies all met for dep_context=non-requeueable deps ti=<TaskInstance: data_pipeline.divide_data manual__2024-05-10T10:18:14.377791+00:00 [queued]>
[2024-05-10T11:47:44.246+0000] {taskinstance.py:2076} INFO - Dependencies all met for dep_context=requeueable deps ti=<TaskInstance: data_pipeline.divide_data manual__2024-05-10T10:18:14.377791+00:00 [queued]>
[2024-05-10T11:47:44.247+0000] {taskinstance.py:2306} INFO - Starting attempt 36 of 39
[2024-05-10T11:47:44.258+0000] {taskinstance.py:2330} INFO - Executing <Task(PythonOperator): divide_data> on 2024-05-10 10:18:14.377791+00:00
[2024-05-10T11:47:44.264+0000] {logging_mixin.py:188} WARNING - /home/***/.local/lib/python3.12/site-packages/***/task/task_runner/standard_task_runner.py:61 DeprecationWarning: This process (pid=4523) is multi-threaded, use of fork() may lead to deadlocks in the child.
[2024-05-10T11:47:44.265+0000] {standard_task_runner.py:63} INFO - Started process 4525 to run task
[2024-05-10T11:47:44.264+0000] {standard_task_runner.py:90} INFO - Running: ['***', 'tasks', 'run', 'data_pipeline', 'divide_data', 'manual__2024-05-10T10:18:14.377791+00:00', '--job-id', '422', '--raw', '--subdir', 'DAGS_FOLDER/main_dag.py', '--cfg-path', '/tmp/tmpdkyphwcs']
[2024-05-10T11:47:44.266+0000] {standard_task_runner.py:91} INFO - Job 422: Subtask divide_data
[2024-05-10T11:47:44.277+0000] {logging_mixin.py:188} WARNING - /home/***/.local/lib/python3.12/site-packages/***/settings.py:195 DeprecationWarning: The sql_alchemy_conn option in [core] has been moved to the sql_alchemy_conn option in [database] - the old setting has been used, but please update your config.
[2024-05-10T11:47:44.303+0000] {task_command.py:426} INFO - Running <TaskInstance: data_pipeline.divide_data manual__2024-05-10T10:18:14.377791+00:00 [running]> on host dbfcb70dcca2
[2024-05-10T11:47:44.372+0000] {taskinstance.py:2648} INFO - Exporting env vars: AIRFLOW_CTX_DAG_OWNER='***' AIRFLOW_CTX_DAG_ID='data_pipeline' AIRFLOW_CTX_TASK_ID='divide_data' AIRFLOW_CTX_EXECUTION_DATE='2024-05-10T10:18:14.377791+00:00' AIRFLOW_CTX_TRY_NUMBER='36' AIRFLOW_CTX_DAG_RUN_ID='manual__2024-05-10T10:18:14.377791+00:00'
[2024-05-10T11:47:44.373+0000] {taskinstance.py:430} INFO - ::endgroup::
[2024-05-10T11:47:44.556+0000] {logging_mixin.py:188} INFO - title
[2024-05-10T11:47:44.556+0000] {logging_mixin.py:188} INFO - affiliation_name
[2024-05-10T11:47:44.557+0000] {logging_mixin.py:188} INFO - affiliation_country
[2024-05-10T11:47:44.557+0000] {logging_mixin.py:188} INFO - publication_year
[2024-05-10T11:47:44.557+0000] {logging_mixin.py:188} INFO - keywords
[2024-05-10T11:47:48.634+0000] {logging_mixin.py:188} INFO - Uploaded data/title_keywords.csv to Minio
[2024-05-10T11:47:48.933+0000] {logging_mixin.py:188} INFO - Uploaded data/title_affiliation.csv to Minio
[2024-05-10T11:47:48.935+0000] {python.py:237} INFO - Done. Returned value was: None
[2024-05-10T11:47:48.935+0000] {taskinstance.py:441} INFO - ::group::Post task execution logs
[2024-05-10T11:47:48.942+0000] {taskinstance.py:1206} INFO - Marking task as SUCCESS. dag_id=data_pipeline, task_id=divide_data, run_id=manual__2024-05-10T10:18:14.377791+00:00, execution_date=20240510T101814, start_date=20240510T114744, end_date=20240510T114748
[2024-05-10T11:47:48.972+0000] {local_task_job_runner.py:240} INFO - Task exited with return code 0
[2024-05-10T11:47:48.987+0000] {taskinstance.py:3498} INFO - 0 downstream tasks scheduled from follow-on schedule check
[2024-05-10T11:47:48.989+0000] {local_task_job_runner.py:222} INFO - ::endgroup::
