[2024-05-10T13:45:24.524+0000] {local_task_job_runner.py:120} INFO - ::group::Pre task execution logs
[2024-05-10T13:45:24.547+0000] {taskinstance.py:2076} INFO - Dependencies all met for dep_context=non-requeueable deps ti=<TaskInstance: data_pipeline.divide_data manual__2024-05-10T10:18:14.377791+00:00 [queued]>
[2024-05-10T13:45:24.555+0000] {taskinstance.py:2076} INFO - Dependencies all met for dep_context=requeueable deps ti=<TaskInstance: data_pipeline.divide_data manual__2024-05-10T10:18:14.377791+00:00 [queued]>
[2024-05-10T13:45:24.556+0000] {taskinstance.py:2306} INFO - Starting attempt 128 of 131
[2024-05-10T13:45:24.566+0000] {taskinstance.py:2330} INFO - Executing <Task(PythonOperator): divide_data> on 2024-05-10 10:18:14.377791+00:00
[2024-05-10T13:45:24.572+0000] {standard_task_runner.py:90} INFO - Running: ['***', 'tasks', 'run', 'data_pipeline', 'divide_data', 'manual__2024-05-10T10:18:14.377791+00:00', '--job-id', '557', '--raw', '--subdir', 'DAGS_FOLDER/main_dag.py', '--cfg-path', '/tmp/tmpgufr_uin']
[2024-05-10T13:45:24.573+0000] {logging_mixin.py:188} WARNING - /home/***/.local/lib/python3.12/site-packages/***/task/task_runner/standard_task_runner.py:61 DeprecationWarning: This process (pid=10037) is multi-threaded, use of fork() may lead to deadlocks in the child.
[2024-05-10T13:45:24.574+0000] {standard_task_runner.py:91} INFO - Job 557: Subtask divide_data
[2024-05-10T13:45:24.574+0000] {standard_task_runner.py:63} INFO - Started process 10042 to run task
[2024-05-10T13:45:24.584+0000] {logging_mixin.py:188} WARNING - /home/***/.local/lib/python3.12/site-packages/***/settings.py:195 DeprecationWarning: The sql_alchemy_conn option in [core] has been moved to the sql_alchemy_conn option in [database] - the old setting has been used, but please update your config.
[2024-05-10T13:45:24.627+0000] {task_command.py:426} INFO - Running <TaskInstance: data_pipeline.divide_data manual__2024-05-10T10:18:14.377791+00:00 [running]> on host dbfcb70dcca2
[2024-05-10T13:45:24.700+0000] {taskinstance.py:2648} INFO - Exporting env vars: AIRFLOW_CTX_DAG_OWNER='***' AIRFLOW_CTX_DAG_ID='data_pipeline' AIRFLOW_CTX_TASK_ID='divide_data' AIRFLOW_CTX_EXECUTION_DATE='2024-05-10T10:18:14.377791+00:00' AIRFLOW_CTX_TRY_NUMBER='128' AIRFLOW_CTX_DAG_RUN_ID='manual__2024-05-10T10:18:14.377791+00:00'
[2024-05-10T13:45:24.701+0000] {taskinstance.py:430} INFO - ::endgroup::
[2024-05-10T13:45:29.268+0000] {logging_mixin.py:188} INFO - 0        ['Stanford University School of Medicine', 'Ch...
1                             ['Chulalongkorn University']
2                             ['Chulalongkorn University']
3        ['Hirosaki University', 'Chulalongkorn Univers...
4        ['Chulalongkorn University', 'Thailand Nationa...
                               ...                        
22114                                                   []
22116                                                   []
22117                                                   []
22118                                                   []
22120                                                   []
Name: affiliation_name, Length: 21752, dtype: object
[2024-05-10T13:45:29.271+0000] {logging_mixin.py:188} INFO - 0        ['United States', 'Thailand', 'Thailand', 'Uni...
1                                             ['Thailand']
2                                             ['Thailand']
3        ['Japan', 'Thailand', 'Thailand', 'Japan', 'Th...
4        ['Thailand', 'Thailand', 'United States', 'Tha...
                               ...                        
22114                                                   []
22116                                                   []
22117                                                   []
22118                                                   []
22120                                                   []
Name: affiliation_country, Length: 21752, dtype: object
[2024-05-10T13:45:29.298+0000] {taskinstance.py:441} INFO - ::group::Post task execution logs
[2024-05-10T13:45:29.299+0000] {taskinstance.py:2905} ERROR - Task failed with exception
Traceback (most recent call last):
  File "/home/airflow/.local/lib/python3.12/site-packages/airflow/models/taskinstance.py", line 465, in _execute_task
    result = _execute_callable(context=context, **execute_callable_kwargs)
             ^^^^^^^^^^^^^^^^^^^^^^^^^^^^^^^^^^^^^^^^^^^^^^^^^^^^^^^^^^^^^
  File "/home/airflow/.local/lib/python3.12/site-packages/airflow/models/taskinstance.py", line 432, in _execute_callable
    return execute_callable(context=context, **execute_callable_kwargs)
           ^^^^^^^^^^^^^^^^^^^^^^^^^^^^^^^^^^^^^^^^^^^^^^^^^^^^^^^^^^^^
  File "/home/airflow/.local/lib/python3.12/site-packages/airflow/models/baseoperator.py", line 400, in wrapper
    return func(self, *args, **kwargs)
           ^^^^^^^^^^^^^^^^^^^^^^^^^^^
  File "/home/airflow/.local/lib/python3.12/site-packages/airflow/operators/python.py", line 235, in execute
    return_value = self.execute_callable()
                   ^^^^^^^^^^^^^^^^^^^^^^^
  File "/home/airflow/.local/lib/python3.12/site-packages/airflow/operators/python.py", line 252, in execute_callable
    return self.python_callable(*self.op_args, **self.op_kwargs)
           ^^^^^^^^^^^^^^^^^^^^^^^^^^^^^^^^^^^^^^^^^^^^^^^^^^^^^
  File "/opt/airflow/dags/tasks/divide_data.py", line 36, in divide_data
    title_affiliation(df, file_path_to_upload)
  File "/opt/airflow/dags/tasks/divide_data.py", line 93, in title_affiliation
    df_expanded = df.explode(['affiliation_name', 'affiliation_country'])
                  ^^^^^^^^^^^^^^^^^^^^^^^^^^^^^^^^^^^^^^^^^^^^^^^^^^^^^^^
  File "/home/airflow/.local/lib/python3.12/site-packages/pandas/core/frame.py", line 9546, in explode
    raise ValueError("columns must have matching element counts")
ValueError: columns must have matching element counts
[2024-05-10T13:45:29.316+0000] {taskinstance.py:1206} INFO - Marking task as UP_FOR_RETRY. dag_id=data_pipeline, task_id=divide_data, run_id=manual__2024-05-10T10:18:14.377791+00:00, execution_date=20240510T101814, start_date=20240510T134524, end_date=20240510T134529
[2024-05-10T13:45:29.329+0000] {standard_task_runner.py:110} ERROR - Failed to execute job 557 for task divide_data (columns must have matching element counts; 10042)
[2024-05-10T13:45:29.366+0000] {local_task_job_runner.py:240} INFO - Task exited with return code 1
[2024-05-10T13:45:29.382+0000] {taskinstance.py:3498} INFO - 0 downstream tasks scheduled from follow-on schedule check
[2024-05-10T13:45:29.384+0000] {local_task_job_runner.py:222} INFO - ::endgroup::
