[2024-05-10T11:58:05.156+0000] {local_task_job_runner.py:120} INFO - ::group::Pre task execution logs
[2024-05-10T11:58:05.179+0000] {taskinstance.py:2076} INFO - Dependencies all met for dep_context=non-requeueable deps ti=<TaskInstance: data_pipeline.divide_data manual__2024-05-10T10:18:14.377791+00:00 [queued]>
[2024-05-10T11:58:05.186+0000] {taskinstance.py:2076} INFO - Dependencies all met for dep_context=requeueable deps ti=<TaskInstance: data_pipeline.divide_data manual__2024-05-10T10:18:14.377791+00:00 [queued]>
[2024-05-10T11:58:05.187+0000] {taskinstance.py:2306} INFO - Starting attempt 47 of 50
[2024-05-10T11:58:05.197+0000] {taskinstance.py:2330} INFO - Executing <Task(PythonOperator): divide_data> on 2024-05-10 10:18:14.377791+00:00
[2024-05-10T11:58:05.203+0000] {logging_mixin.py:188} WARNING - /home/***/.local/lib/python3.12/site-packages/***/task/task_runner/standard_task_runner.py:61 DeprecationWarning: This process (pid=5028) is multi-threaded, use of fork() may lead to deadlocks in the child.
[2024-05-10T11:58:05.204+0000] {standard_task_runner.py:63} INFO - Started process 5030 to run task
[2024-05-10T11:58:05.203+0000] {standard_task_runner.py:90} INFO - Running: ['***', 'tasks', 'run', 'data_pipeline', 'divide_data', 'manual__2024-05-10T10:18:14.377791+00:00', '--job-id', '433', '--raw', '--subdir', 'DAGS_FOLDER/main_dag.py', '--cfg-path', '/tmp/tmpfmhqfz1e']
[2024-05-10T11:58:05.205+0000] {standard_task_runner.py:91} INFO - Job 433: Subtask divide_data
[2024-05-10T11:58:05.215+0000] {logging_mixin.py:188} WARNING - /home/***/.local/lib/python3.12/site-packages/***/settings.py:195 DeprecationWarning: The sql_alchemy_conn option in [core] has been moved to the sql_alchemy_conn option in [database] - the old setting has been used, but please update your config.
[2024-05-10T11:58:05.239+0000] {task_command.py:426} INFO - Running <TaskInstance: data_pipeline.divide_data manual__2024-05-10T10:18:14.377791+00:00 [running]> on host dbfcb70dcca2
[2024-05-10T11:58:05.306+0000] {taskinstance.py:2648} INFO - Exporting env vars: AIRFLOW_CTX_DAG_OWNER='***' AIRFLOW_CTX_DAG_ID='data_pipeline' AIRFLOW_CTX_TASK_ID='divide_data' AIRFLOW_CTX_EXECUTION_DATE='2024-05-10T10:18:14.377791+00:00' AIRFLOW_CTX_TRY_NUMBER='47' AIRFLOW_CTX_DAG_RUN_ID='manual__2024-05-10T10:18:14.377791+00:00'
[2024-05-10T11:58:05.307+0000] {taskinstance.py:430} INFO - ::endgroup::
[2024-05-10T11:58:05.962+0000] {logging_mixin.py:188} INFO - 0        Public health and international epidemiology f...
1        Flexible Printed Active Antenna for Digital Te...
2        Parametric study of hydrogen production via so...
3        Parametric study of hydrogen production via so...
4        Parametric study of hydrogen production via so...
                               ...                        
87666    Towards 5G cellular Understanding 3D in-buildi...
87667    Modeling of root-reinforced soil slope under r...
87668    Production of massoia lactone by Aureobasidium...
87669    Efficiencies of NF and RO membranes on pharmac...
87670    Two-dimensional modeling of the oxidative coup...
Name: title, Length: 87671, dtype: object
[2024-05-10T11:58:06.036+0000] {logging_mixin.py:188} INFO - 0                                                         
1                                                         
2                                Circulating fluidized bed
3                             Computational fluid dynamics
4                                   Multiphase flow models
                               ...                        
87666    5GArchitectureControl-user-planeFemtocellFrequ...
87667    Centrifuge modelingLandslidesSeepage analysisS...
87668    Aureobasidium pullulansfragrant biosurfactantm...
87669    CarbamazepineMembrane foulingNanofiltrationRev...
87670    Fixed bed reactorGas hour space velocity (GHSV...
Name: keyword, Length: 87671, dtype: object
[2024-05-10T11:58:06.052+0000] {logging_mixin.py:188} INFO - 0         
1         
2         
3         
4         
        ..
87666     
87667     
87668     
87669     
87670     
Name: publication_year, Length: 87671, dtype: object
[2024-05-10T11:58:08.938+0000] {taskinstance.py:441} INFO - ::group::Post task execution logs
[2024-05-10T11:58:08.939+0000] {taskinstance.py:2905} ERROR - Task failed with exception
Traceback (most recent call last):
  File "/home/airflow/.local/lib/python3.12/site-packages/airflow/models/taskinstance.py", line 465, in _execute_task
    result = _execute_callable(context=context, **execute_callable_kwargs)
             ^^^^^^^^^^^^^^^^^^^^^^^^^^^^^^^^^^^^^^^^^^^^^^^^^^^^^^^^^^^^^
  File "/home/airflow/.local/lib/python3.12/site-packages/airflow/models/taskinstance.py", line 432, in _execute_callable
    return execute_callable(context=context, **execute_callable_kwargs)
           ^^^^^^^^^^^^^^^^^^^^^^^^^^^^^^^^^^^^^^^^^^^^^^^^^^^^^^^^^^^^
  File "/home/airflow/.local/lib/python3.12/site-packages/airflow/models/baseoperator.py", line 400, in wrapper
    return func(self, *args, **kwargs)
           ^^^^^^^^^^^^^^^^^^^^^^^^^^^
  File "/home/airflow/.local/lib/python3.12/site-packages/airflow/operators/python.py", line 235, in execute
    return_value = self.execute_callable()
                   ^^^^^^^^^^^^^^^^^^^^^^^
  File "/home/airflow/.local/lib/python3.12/site-packages/airflow/operators/python.py", line 252, in execute_callable
    return self.python_callable(*self.op_args, **self.op_kwargs)
           ^^^^^^^^^^^^^^^^^^^^^^^^^^^^^^^^^^^^^^^^^^^^^^^^^^^^^
  File "/opt/airflow/dags/tasks/divide_data.py", line 39, in divide_data
    title_affiliation(df, file_path_to_upload)
  File "/opt/airflow/dags/tasks/divide_data.py", line 104, in title_affiliation
    grouped_df.to_csv(file_path_to_upload + 'title_affiliation.csv', index=False)
  File "/home/airflow/.local/lib/python3.12/site-packages/pandas/core/generic.py", line 3902, in to_csv
    return DataFrameRenderer(formatter).to_csv(
           ^^^^^^^^^^^^^^^^^^^^^^^^^^^^^^^^^^^^
  File "/home/airflow/.local/lib/python3.12/site-packages/pandas/io/formats/format.py", line 1152, in to_csv
    csv_formatter.save()
  File "/home/airflow/.local/lib/python3.12/site-packages/pandas/io/formats/csvs.py", line 247, in save
    with get_handle(
         ^^^^^^^^^^^
  File "/home/airflow/.local/lib/python3.12/site-packages/pandas/io/common.py", line 863, in get_handle
    handle = open(
             ^^^^^
PermissionError: [Errno 13] Permission denied: '/opt/airflow/data/title_affiliation.csv'
[2024-05-10T11:58:08.949+0000] {taskinstance.py:1206} INFO - Marking task as UP_FOR_RETRY. dag_id=data_pipeline, task_id=divide_data, run_id=manual__2024-05-10T10:18:14.377791+00:00, execution_date=20240510T101814, start_date=20240510T115805, end_date=20240510T115808
[2024-05-10T11:58:08.958+0000] {standard_task_runner.py:110} ERROR - Failed to execute job 433 for task divide_data ([Errno 13] Permission denied: '/opt/airflow/data/title_affiliation.csv'; 5030)
[2024-05-10T11:58:08.990+0000] {local_task_job_runner.py:240} INFO - Task exited with return code 1
[2024-05-10T11:58:09.007+0000] {taskinstance.py:3498} INFO - 0 downstream tasks scheduled from follow-on schedule check
[2024-05-10T11:58:09.010+0000] {local_task_job_runner.py:222} INFO - ::endgroup::
