[2024-05-10T13:33:09.300+0000] {local_task_job_runner.py:120} INFO - ::group::Pre task execution logs
[2024-05-10T13:33:09.323+0000] {taskinstance.py:2076} INFO - Dependencies all met for dep_context=non-requeueable deps ti=<TaskInstance: data_pipeline.divide_data manual__2024-05-10T10:18:14.377791+00:00 [queued]>
[2024-05-10T13:33:09.331+0000] {taskinstance.py:2076} INFO - Dependencies all met for dep_context=requeueable deps ti=<TaskInstance: data_pipeline.divide_data manual__2024-05-10T10:18:14.377791+00:00 [queued]>
[2024-05-10T13:33:09.331+0000] {taskinstance.py:2306} INFO - Starting attempt 121 of 124
[2024-05-10T13:33:09.342+0000] {taskinstance.py:2330} INFO - Executing <Task(PythonOperator): divide_data> on 2024-05-10 10:18:14.377791+00:00
[2024-05-10T13:33:09.347+0000] {logging_mixin.py:188} WARNING - /home/***/.local/lib/python3.12/site-packages/***/task/task_runner/standard_task_runner.py:61 DeprecationWarning: This process (pid=9549) is multi-threaded, use of fork() may lead to deadlocks in the child.
[2024-05-10T13:33:09.348+0000] {standard_task_runner.py:63} INFO - Started process 9551 to run task
[2024-05-10T13:33:09.347+0000] {standard_task_runner.py:90} INFO - Running: ['***', 'tasks', 'run', 'data_pipeline', 'divide_data', 'manual__2024-05-10T10:18:14.377791+00:00', '--job-id', '550', '--raw', '--subdir', 'DAGS_FOLDER/main_dag.py', '--cfg-path', '/tmp/tmpqe3snd0f']
[2024-05-10T13:33:09.349+0000] {standard_task_runner.py:91} INFO - Job 550: Subtask divide_data
[2024-05-10T13:33:09.358+0000] {logging_mixin.py:188} WARNING - /home/***/.local/lib/python3.12/site-packages/***/settings.py:195 DeprecationWarning: The sql_alchemy_conn option in [core] has been moved to the sql_alchemy_conn option in [database] - the old setting has been used, but please update your config.
[2024-05-10T13:33:09.383+0000] {task_command.py:426} INFO - Running <TaskInstance: data_pipeline.divide_data manual__2024-05-10T10:18:14.377791+00:00 [running]> on host dbfcb70dcca2
[2024-05-10T13:33:09.451+0000] {taskinstance.py:2648} INFO - Exporting env vars: AIRFLOW_CTX_DAG_OWNER='***' AIRFLOW_CTX_DAG_ID='data_pipeline' AIRFLOW_CTX_TASK_ID='divide_data' AIRFLOW_CTX_EXECUTION_DATE='2024-05-10T10:18:14.377791+00:00' AIRFLOW_CTX_TRY_NUMBER='121' AIRFLOW_CTX_DAG_RUN_ID='manual__2024-05-10T10:18:14.377791+00:00'
[2024-05-10T13:33:09.452+0000] {taskinstance.py:430} INFO - ::endgroup::
[2024-05-10T13:33:13.959+0000] {logging_mixin.py:188} INFO -                                                    title                          affiliation_name
0      Public health and international epidemiology f...  'Stanford University School of Medicine'
0      Public health and international epidemiology f...                'Chulalongkorn University'
0      Public health and international epidemiology f...       'Bumrungrad International Hospital'
0      Public health and international epidemiology f...                     'Stanford Healthcare'
0      Public health and international epidemiology f...                     'Stanford University'
...                                                  ...                                       ...
22114  Study of the liquid film forming apparatus as ...                                       NaN
22116  Towards 5G cellular  Understanding 3D in build...                                       NaN
22117  Modeling of root reinforced soil slope under r...                                       NaN
22118  Production of massoia lactone by Aureobasidium...                                       NaN
22120  Two dimensional modeling of the oxidative coup...                                       NaN

[230310 rows x 2 columns]
[2024-05-10T13:33:13.986+0000] {python.py:237} INFO - Done. Returned value was: None
[2024-05-10T13:33:13.986+0000] {taskinstance.py:441} INFO - ::group::Post task execution logs
[2024-05-10T13:33:13.993+0000] {taskinstance.py:1206} INFO - Marking task as SUCCESS. dag_id=data_pipeline, task_id=divide_data, run_id=manual__2024-05-10T10:18:14.377791+00:00, execution_date=20240510T101814, start_date=20240510T133309, end_date=20240510T133313
[2024-05-10T13:33:14.018+0000] {local_task_job_runner.py:240} INFO - Task exited with return code 0
[2024-05-10T13:33:14.031+0000] {taskinstance.py:3498} INFO - 0 downstream tasks scheduled from follow-on schedule check
[2024-05-10T13:33:14.033+0000] {local_task_job_runner.py:222} INFO - ::endgroup::
