[2024-05-10T12:43:28.437+0000] {local_task_job_runner.py:120} INFO - ::group::Pre task execution logs
[2024-05-10T12:43:28.464+0000] {taskinstance.py:2076} INFO - Dependencies all met for dep_context=non-requeueable deps ti=<TaskInstance: data_pipeline.divide_data manual__2024-05-10T10:18:14.377791+00:00 [queued]>
[2024-05-10T12:43:28.474+0000] {taskinstance.py:2076} INFO - Dependencies all met for dep_context=requeueable deps ti=<TaskInstance: data_pipeline.divide_data manual__2024-05-10T10:18:14.377791+00:00 [queued]>
[2024-05-10T12:43:28.480+0000] {taskinstance.py:2306} INFO - Starting attempt 101 of 104
[2024-05-10T12:43:28.502+0000] {taskinstance.py:2330} INFO - Executing <Task(PythonOperator): divide_data> on 2024-05-10 10:18:14.377791+00:00
[2024-05-10T12:43:28.508+0000] {logging_mixin.py:188} WARNING - /home/***/.local/lib/python3.12/site-packages/***/task/task_runner/standard_task_runner.py:61 DeprecationWarning: This process (pid=7453) is multi-threaded, use of fork() may lead to deadlocks in the child.
[2024-05-10T12:43:28.510+0000] {standard_task_runner.py:63} INFO - Started process 7455 to run task
[2024-05-10T12:43:28.509+0000] {standard_task_runner.py:90} INFO - Running: ['***', 'tasks', 'run', 'data_pipeline', 'divide_data', 'manual__2024-05-10T10:18:14.377791+00:00', '--job-id', '513', '--raw', '--subdir', 'DAGS_FOLDER/main_dag.py', '--cfg-path', '/tmp/tmpt2t7vuj2']
[2024-05-10T12:43:28.510+0000] {standard_task_runner.py:91} INFO - Job 513: Subtask divide_data
[2024-05-10T12:43:28.533+0000] {logging_mixin.py:188} WARNING - /home/***/.local/lib/python3.12/site-packages/***/settings.py:195 DeprecationWarning: The sql_alchemy_conn option in [core] has been moved to the sql_alchemy_conn option in [database] - the old setting has been used, but please update your config.
[2024-05-10T12:43:28.558+0000] {task_command.py:426} INFO - Running <TaskInstance: data_pipeline.divide_data manual__2024-05-10T10:18:14.377791+00:00 [running]> on host dbfcb70dcca2
[2024-05-10T12:43:28.641+0000] {taskinstance.py:2648} INFO - Exporting env vars: AIRFLOW_CTX_DAG_OWNER='***' AIRFLOW_CTX_DAG_ID='data_pipeline' AIRFLOW_CTX_TASK_ID='divide_data' AIRFLOW_CTX_EXECUTION_DATE='2024-05-10T10:18:14.377791+00:00' AIRFLOW_CTX_TRY_NUMBER='101' AIRFLOW_CTX_DAG_RUN_ID='manual__2024-05-10T10:18:14.377791+00:00'
[2024-05-10T12:43:28.642+0000] {taskinstance.py:430} INFO - ::endgroup::
[2024-05-10T12:43:28.821+0000] {logging_mixin.py:188} INFO - Index(['title', 'affiliation_name', 'affiliation_country', 'publication_year',
       'keywords'],
      dtype='object')
[2024-05-10T12:43:28.823+0000] {logging_mixin.py:188} INFO - 0         
1         
2         
3         
4         
        ..
21132     
21133     
21134     
21135     
21136     
Name: publication_year, Length: 21137, dtype: object
[2024-05-10T12:43:28.827+0000] {logging_mixin.py:188} INFO - 0         
1         
2         
3         
4         
        ..
21132     
21133     
21134     
21135     
21136     
Name: publication_year, Length: 21137, dtype: object
[2024-05-10T12:43:30.903+0000] {python.py:237} INFO - Done. Returned value was: None
[2024-05-10T12:43:30.903+0000] {taskinstance.py:441} INFO - ::group::Post task execution logs
[2024-05-10T12:43:30.909+0000] {taskinstance.py:1206} INFO - Marking task as SUCCESS. dag_id=data_pipeline, task_id=divide_data, run_id=manual__2024-05-10T10:18:14.377791+00:00, execution_date=20240510T101814, start_date=20240510T124328, end_date=20240510T124330
[2024-05-10T12:43:30.930+0000] {local_task_job_runner.py:240} INFO - Task exited with return code 0
[2024-05-10T12:43:30.942+0000] {taskinstance.py:3498} INFO - 0 downstream tasks scheduled from follow-on schedule check
[2024-05-10T12:43:30.944+0000] {local_task_job_runner.py:222} INFO - ::endgroup::
