[2024-05-10T11:51:39.040+0000] {local_task_job_runner.py:120} INFO - ::group::Pre task execution logs
[2024-05-10T11:51:39.062+0000] {taskinstance.py:2076} INFO - Dependencies all met for dep_context=non-requeueable deps ti=<TaskInstance: data_pipeline.divide_data manual__2024-05-10T10:18:14.377791+00:00 [queued]>
[2024-05-10T11:51:39.069+0000] {taskinstance.py:2076} INFO - Dependencies all met for dep_context=requeueable deps ti=<TaskInstance: data_pipeline.divide_data manual__2024-05-10T10:18:14.377791+00:00 [queued]>
[2024-05-10T11:51:39.070+0000] {taskinstance.py:2306} INFO - Starting attempt 41 of 44
[2024-05-10T11:51:39.080+0000] {taskinstance.py:2330} INFO - Executing <Task(PythonOperator): divide_data> on 2024-05-10 10:18:14.377791+00:00
[2024-05-10T11:51:39.086+0000] {logging_mixin.py:188} WARNING - /home/***/.local/lib/python3.12/site-packages/***/task/task_runner/standard_task_runner.py:61 DeprecationWarning: This process (pid=4728) is multi-threaded, use of fork() may lead to deadlocks in the child.
[2024-05-10T11:51:39.087+0000] {standard_task_runner.py:63} INFO - Started process 4730 to run task
[2024-05-10T11:51:39.086+0000] {standard_task_runner.py:90} INFO - Running: ['***', 'tasks', 'run', 'data_pipeline', 'divide_data', 'manual__2024-05-10T10:18:14.377791+00:00', '--job-id', '427', '--raw', '--subdir', 'DAGS_FOLDER/main_dag.py', '--cfg-path', '/tmp/tmphys7m077']
[2024-05-10T11:51:39.087+0000] {standard_task_runner.py:91} INFO - Job 427: Subtask divide_data
[2024-05-10T11:51:39.097+0000] {logging_mixin.py:188} WARNING - /home/***/.local/lib/python3.12/site-packages/***/settings.py:195 DeprecationWarning: The sql_alchemy_conn option in [core] has been moved to the sql_alchemy_conn option in [database] - the old setting has been used, but please update your config.
[2024-05-10T11:51:39.122+0000] {task_command.py:426} INFO - Running <TaskInstance: data_pipeline.divide_data manual__2024-05-10T10:18:14.377791+00:00 [running]> on host dbfcb70dcca2
[2024-05-10T11:51:39.188+0000] {taskinstance.py:2648} INFO - Exporting env vars: AIRFLOW_CTX_DAG_OWNER='***' AIRFLOW_CTX_DAG_ID='data_pipeline' AIRFLOW_CTX_TASK_ID='divide_data' AIRFLOW_CTX_EXECUTION_DATE='2024-05-10T10:18:14.377791+00:00' AIRFLOW_CTX_TRY_NUMBER='41' AIRFLOW_CTX_DAG_RUN_ID='manual__2024-05-10T10:18:14.377791+00:00'
[2024-05-10T11:51:39.189+0000] {taskinstance.py:430} INFO - ::endgroup::
[2024-05-10T11:51:40.042+0000] {logging_mixin.py:188} INFO - 0        Publichealthandinternationalepidemiologyforrad...
1        FlexiblePrintedActiveAntennaforDigitalTelevisi...
2        Parametricstudyofhydrogenproductionviasorption...
3        Parametricstudyofhydrogenproductionviasorption...
4        Parametricstudyofhydrogenproductionviasorption...
                               ...                        
87666    Towards5GcellularUnderstanding3Dinbuildingsing...
87667    Modelingofrootreinforcedsoilslopeunderrainfall...
87668    ProductionofmassoialactonebyAureobasidiumpullu...
87669    EfficienciesofNFandROmembranesonpharmaceutical...
87670    Twodimensionalmodelingoftheoxidativecouplingof...
Name: title, Length: 87671, dtype: object
[2024-05-10T11:51:40.043+0000] {taskinstance.py:441} INFO - ::group::Post task execution logs
[2024-05-10T11:51:40.043+0000] {taskinstance.py:2905} ERROR - Task failed with exception
Traceback (most recent call last):
  File "/home/airflow/.local/lib/python3.12/site-packages/airflow/models/taskinstance.py", line 465, in _execute_task
    result = _execute_callable(context=context, **execute_callable_kwargs)
             ^^^^^^^^^^^^^^^^^^^^^^^^^^^^^^^^^^^^^^^^^^^^^^^^^^^^^^^^^^^^^
  File "/home/airflow/.local/lib/python3.12/site-packages/airflow/models/taskinstance.py", line 432, in _execute_callable
    return execute_callable(context=context, **execute_callable_kwargs)
           ^^^^^^^^^^^^^^^^^^^^^^^^^^^^^^^^^^^^^^^^^^^^^^^^^^^^^^^^^^^^
  File "/home/airflow/.local/lib/python3.12/site-packages/airflow/models/baseoperator.py", line 400, in wrapper
    return func(self, *args, **kwargs)
           ^^^^^^^^^^^^^^^^^^^^^^^^^^^
  File "/home/airflow/.local/lib/python3.12/site-packages/airflow/operators/python.py", line 235, in execute
    return_value = self.execute_callable()
                   ^^^^^^^^^^^^^^^^^^^^^^^
  File "/home/airflow/.local/lib/python3.12/site-packages/airflow/operators/python.py", line 252, in execute_callable
    return self.python_callable(*self.op_args, **self.op_kwargs)
           ^^^^^^^^^^^^^^^^^^^^^^^^^^^^^^^^^^^^^^^^^^^^^^^^^^^^^
  File "/opt/airflow/dags/tasks/divide_data.py", line 34, in divide_data
    title_keywords_year(df, file_path_to_upload)
  File "/opt/airflow/dags/tasks/divide_data.py", line 66, in title_keywords_year
    new_df[col] = new_df[col].apply(remove_special_characters)
                  ^^^^^^^^^^^^^^^^^^^^^^^^^^^^^^^^^^^^^^^^^^^^
  File "/home/airflow/.local/lib/python3.12/site-packages/pandas/core/series.py", line 4764, in apply
    ).apply()
      ^^^^^^^
  File "/home/airflow/.local/lib/python3.12/site-packages/pandas/core/apply.py", line 1209, in apply
    return self.apply_standard()
           ^^^^^^^^^^^^^^^^^^^^^
  File "/home/airflow/.local/lib/python3.12/site-packages/pandas/core/apply.py", line 1289, in apply_standard
    mapped = obj._map_values(
             ^^^^^^^^^^^^^^^^
  File "/home/airflow/.local/lib/python3.12/site-packages/pandas/core/base.py", line 921, in _map_values
    return algorithms.map_array(arr, mapper, na_action=na_action, convert=convert)
           ^^^^^^^^^^^^^^^^^^^^^^^^^^^^^^^^^^^^^^^^^^^^^^^^^^^^^^^^^^^^^^^^^^^^^^^
  File "/home/airflow/.local/lib/python3.12/site-packages/pandas/core/algorithms.py", line 1814, in map_array
    return lib.map_infer(values, mapper, convert=convert)
           ^^^^^^^^^^^^^^^^^^^^^^^^^^^^^^^^^^^^^^^^^^^^^^
  File "lib.pyx", line 2926, in pandas._libs.lib.map_infer
  File "/opt/airflow/dags/tasks/divide_data.py", line 62, in remove_special_characters
    return re.sub(r'[^a-zA-Z0-9]', '', text)
           ^^^^^^^^^^^^^^^^^^^^^^^^^^^^^^^^^
  File "/usr/local/lib/python3.12/re/__init__.py", line 186, in sub
    return _compile(pattern, flags).sub(repl, string, count)
           ^^^^^^^^^^^^^^^^^^^^^^^^^^^^^^^^^^^^^^^^^^^^^^^^^
TypeError: expected string or bytes-like object, got 'float'
[2024-05-10T11:51:40.055+0000] {taskinstance.py:1206} INFO - Marking task as UP_FOR_RETRY. dag_id=data_pipeline, task_id=divide_data, run_id=manual__2024-05-10T10:18:14.377791+00:00, execution_date=20240510T101814, start_date=20240510T115139, end_date=20240510T115140
[2024-05-10T11:51:40.063+0000] {standard_task_runner.py:110} ERROR - Failed to execute job 427 for task divide_data (expected string or bytes-like object, got 'float'; 4730)
[2024-05-10T11:51:40.104+0000] {local_task_job_runner.py:240} INFO - Task exited with return code 1
[2024-05-10T11:51:40.120+0000] {taskinstance.py:3498} INFO - 0 downstream tasks scheduled from follow-on schedule check
[2024-05-10T11:51:40.123+0000] {local_task_job_runner.py:222} INFO - ::endgroup::
