[2024-05-10T12:27:58.819+0000] {local_task_job_runner.py:120} INFO - ::group::Pre task execution logs
[2024-05-10T12:27:58.842+0000] {taskinstance.py:2076} INFO - Dependencies all met for dep_context=non-requeueable deps ti=<TaskInstance: data_pipeline.divide_data manual__2024-05-10T10:18:14.377791+00:00 [queued]>
[2024-05-10T12:27:58.849+0000] {taskinstance.py:2076} INFO - Dependencies all met for dep_context=requeueable deps ti=<TaskInstance: data_pipeline.divide_data manual__2024-05-10T10:18:14.377791+00:00 [queued]>
[2024-05-10T12:27:58.849+0000] {taskinstance.py:2306} INFO - Starting attempt 76 of 79
[2024-05-10T12:27:58.859+0000] {taskinstance.py:2330} INFO - Executing <Task(PythonOperator): divide_data> on 2024-05-10 10:18:14.377791+00:00
[2024-05-10T12:27:58.865+0000] {logging_mixin.py:188} WARNING - /home/***/.local/lib/python3.12/site-packages/***/task/task_runner/standard_task_runner.py:61 DeprecationWarning: This process (pid=6430) is multi-threaded, use of fork() may lead to deadlocks in the child.
[2024-05-10T12:27:58.866+0000] {standard_task_runner.py:63} INFO - Started process 6432 to run task
[2024-05-10T12:27:58.865+0000] {standard_task_runner.py:90} INFO - Running: ['***', 'tasks', 'run', 'data_pipeline', 'divide_data', 'manual__2024-05-10T10:18:14.377791+00:00', '--job-id', '468', '--raw', '--subdir', 'DAGS_FOLDER/main_dag.py', '--cfg-path', '/tmp/tmpszebzvzt']
[2024-05-10T12:27:58.867+0000] {standard_task_runner.py:91} INFO - Job 468: Subtask divide_data
[2024-05-10T12:27:58.878+0000] {logging_mixin.py:188} WARNING - /home/***/.local/lib/python3.12/site-packages/***/settings.py:195 DeprecationWarning: The sql_alchemy_conn option in [core] has been moved to the sql_alchemy_conn option in [database] - the old setting has been used, but please update your config.
[2024-05-10T12:27:58.903+0000] {task_command.py:426} INFO - Running <TaskInstance: data_pipeline.divide_data manual__2024-05-10T10:18:14.377791+00:00 [running]> on host dbfcb70dcca2
[2024-05-10T12:27:58.969+0000] {taskinstance.py:2648} INFO - Exporting env vars: AIRFLOW_CTX_DAG_OWNER='***' AIRFLOW_CTX_DAG_ID='data_pipeline' AIRFLOW_CTX_TASK_ID='divide_data' AIRFLOW_CTX_EXECUTION_DATE='2024-05-10T10:18:14.377791+00:00' AIRFLOW_CTX_TRY_NUMBER='76' AIRFLOW_CTX_DAG_RUN_ID='manual__2024-05-10T10:18:14.377791+00:00'
[2024-05-10T12:27:58.970+0000] {taskinstance.py:430} INFO - ::endgroup::
[2024-05-10T12:28:00.589+0000] {logging_mixin.py:188} INFO -                                                    title  ... publication_year
0      Parametric study of hydrogen production via so...  ...                 
1      Parametric study of hydrogen production via so...  ...                 
2      Parametric study of hydrogen production via so...  ...                 
3      Parametric study of hydrogen production via so...  ...                 
4      Parametric study of hydrogen production via so...  ...                 
...                                                  ...  ...              ...
84010  Towards 5G cellular  Understanding 3D in build...  ...                 
84011  Modeling of root reinforced soil slope under r...  ...                 
84012  Production of massoia lactone by Aureobasidium...  ...                 
84013  Efficiencies of NF and RO membranes on pharmac...  ...                 
84014  Two dimensional modeling of the oxidative coup...  ...                 

[84015 rows x 3 columns]
[2024-05-10T12:28:00.596+0000] {python.py:237} INFO - Done. Returned value was: None
[2024-05-10T12:28:00.597+0000] {taskinstance.py:441} INFO - ::group::Post task execution logs
[2024-05-10T12:28:00.603+0000] {taskinstance.py:1206} INFO - Marking task as SUCCESS. dag_id=data_pipeline, task_id=divide_data, run_id=manual__2024-05-10T10:18:14.377791+00:00, execution_date=20240510T101814, start_date=20240510T122758, end_date=20240510T122800
[2024-05-10T12:28:00.645+0000] {local_task_job_runner.py:240} INFO - Task exited with return code 0
[2024-05-10T12:28:00.659+0000] {taskinstance.py:3498} INFO - 0 downstream tasks scheduled from follow-on schedule check
[2024-05-10T12:28:00.660+0000] {local_task_job_runner.py:222} INFO - ::endgroup::
