[2024-05-10T14:38:41.027+0000] {local_task_job_runner.py:120} INFO - ::group::Pre task execution logs
[2024-05-10T14:38:41.056+0000] {taskinstance.py:2076} INFO - Dependencies all met for dep_context=non-requeueable deps ti=<TaskInstance: data_pipeline.divide_data manual__2024-05-10T10:18:14.377791+00:00 [queued]>
[2024-05-10T14:38:41.064+0000] {taskinstance.py:2076} INFO - Dependencies all met for dep_context=requeueable deps ti=<TaskInstance: data_pipeline.divide_data manual__2024-05-10T10:18:14.377791+00:00 [queued]>
[2024-05-10T14:38:41.065+0000] {taskinstance.py:2306} INFO - Starting attempt 160 of 163
[2024-05-10T14:38:41.082+0000] {taskinstance.py:2330} INFO - Executing <Task(PythonOperator): divide_data> on 2024-05-10 10:18:14.377791+00:00
[2024-05-10T14:38:41.090+0000] {logging_mixin.py:188} WARNING - /home/***/.local/lib/python3.12/site-packages/***/task/task_runner/standard_task_runner.py:61 DeprecationWarning: This process (pid=12313) is multi-threaded, use of fork() may lead to deadlocks in the child.
[2024-05-10T14:38:41.091+0000] {standard_task_runner.py:63} INFO - Started process 12315 to run task
[2024-05-10T14:38:41.091+0000] {standard_task_runner.py:90} INFO - Running: ['***', 'tasks', 'run', 'data_pipeline', 'divide_data', 'manual__2024-05-10T10:18:14.377791+00:00', '--job-id', '604', '--raw', '--subdir', 'DAGS_FOLDER/main_dag.py', '--cfg-path', '/tmp/tmpmemc7occ']
[2024-05-10T14:38:41.093+0000] {standard_task_runner.py:91} INFO - Job 604: Subtask divide_data
[2024-05-10T14:38:41.109+0000] {logging_mixin.py:188} WARNING - /home/***/.local/lib/python3.12/site-packages/***/settings.py:195 DeprecationWarning: The sql_alchemy_conn option in [core] has been moved to the sql_alchemy_conn option in [database] - the old setting has been used, but please update your config.
[2024-05-10T14:38:41.139+0000] {task_command.py:426} INFO - Running <TaskInstance: data_pipeline.divide_data manual__2024-05-10T10:18:14.377791+00:00 [running]> on host dbfcb70dcca2
[2024-05-10T14:38:41.214+0000] {taskinstance.py:2648} INFO - Exporting env vars: AIRFLOW_CTX_DAG_OWNER='***' AIRFLOW_CTX_DAG_ID='data_pipeline' AIRFLOW_CTX_TASK_ID='divide_data' AIRFLOW_CTX_EXECUTION_DATE='2024-05-10T10:18:14.377791+00:00' AIRFLOW_CTX_TRY_NUMBER='160' AIRFLOW_CTX_DAG_RUN_ID='manual__2024-05-10T10:18:14.377791+00:00'
[2024-05-10T14:38:41.216+0000] {taskinstance.py:430} INFO - ::endgroup::
[2024-05-10T14:38:44.153+0000] {logging_mixin.py:188} INFO - 0        ['Stanford University School of Medicine', 'Ch...
1                             ['Chulalongkorn University']
2                             ['Chulalongkorn University']
3        ['Hirosaki University', 'Chulalongkorn Univers...
4        ['Chulalongkorn University', 'Thailand Nationa...
                               ...                        
21116                         ['Chulalongkorn University']
21117    ['Tokyo Institute of Technology' 'Chulalongkor...
21118    ['Chulalongkorn University' 'Hokkaido Universi...
21119    ['Chulalongkorn University'\n 'Center of Excel...
21120    ['Chulalongkorn University'\n "King Mongkut's ...
Name: affiliation_name, Length: 21121, dtype: object
[2024-05-10T14:38:44.154+0000] {logging_mixin.py:188} INFO - 0        ['United States', 'Thailand', 'Thailand', 'Uni...
1                                             ['Thailand']
2                                             ['Thailand']
3        ['Japan', 'Thailand', 'Thailand', 'Japan', 'Th...
4        ['Thailand', 'Thailand', 'United States', 'Tha...
                               ...                        
21116                                         ['Thailand']
21117                                 ['Japan' 'Thailand']
21118                                 ['Thailand' 'Japan']
21119                   ['Thailand' 'Thailand' 'Thailand']
21120                              ['Thailand' 'Thailand']
Name: affiliation_country, Length: 21121, dtype: object
[2024-05-10T14:38:44.157+0000] {python.py:237} INFO - Done. Returned value was: None
[2024-05-10T14:38:44.158+0000] {taskinstance.py:441} INFO - ::group::Post task execution logs
[2024-05-10T14:38:44.164+0000] {taskinstance.py:1206} INFO - Marking task as SUCCESS. dag_id=data_pipeline, task_id=divide_data, run_id=manual__2024-05-10T10:18:14.377791+00:00, execution_date=20240510T101814, start_date=20240510T143841, end_date=20240510T143844
[2024-05-10T14:38:44.195+0000] {local_task_job_runner.py:240} INFO - Task exited with return code 0
[2024-05-10T14:38:44.211+0000] {taskinstance.py:3498} INFO - 0 downstream tasks scheduled from follow-on schedule check
[2024-05-10T14:38:44.214+0000] {local_task_job_runner.py:222} INFO - ::endgroup::
