[2024-05-10T14:00:52.742+0000] {local_task_job_runner.py:120} INFO - ::group::Pre task execution logs
[2024-05-10T14:00:52.765+0000] {taskinstance.py:2076} INFO - Dependencies all met for dep_context=non-requeueable deps ti=<TaskInstance: data_pipeline.divide_data manual__2024-05-10T10:18:14.377791+00:00 [queued]>
[2024-05-10T14:00:52.772+0000] {taskinstance.py:2076} INFO - Dependencies all met for dep_context=requeueable deps ti=<TaskInstance: data_pipeline.divide_data manual__2024-05-10T10:18:14.377791+00:00 [queued]>
[2024-05-10T14:00:52.773+0000] {taskinstance.py:2306} INFO - Starting attempt 137 of 140
[2024-05-10T14:00:52.783+0000] {taskinstance.py:2330} INFO - Executing <Task(PythonOperator): divide_data> on 2024-05-10 10:18:14.377791+00:00
[2024-05-10T14:00:52.789+0000] {logging_mixin.py:188} WARNING - /home/***/.local/lib/python3.12/site-packages/***/task/task_runner/standard_task_runner.py:61 DeprecationWarning: This process (pid=10655) is multi-threaded, use of fork() may lead to deadlocks in the child.
[2024-05-10T14:00:52.790+0000] {standard_task_runner.py:63} INFO - Started process 10660 to run task
[2024-05-10T14:00:52.789+0000] {standard_task_runner.py:90} INFO - Running: ['***', 'tasks', 'run', 'data_pipeline', 'divide_data', 'manual__2024-05-10T10:18:14.377791+00:00', '--job-id', '566', '--raw', '--subdir', 'DAGS_FOLDER/main_dag.py', '--cfg-path', '/tmp/tmpflnu7tvp']
[2024-05-10T14:00:52.791+0000] {standard_task_runner.py:91} INFO - Job 566: Subtask divide_data
[2024-05-10T14:00:52.801+0000] {logging_mixin.py:188} WARNING - /home/***/.local/lib/python3.12/site-packages/***/settings.py:195 DeprecationWarning: The sql_alchemy_conn option in [core] has been moved to the sql_alchemy_conn option in [database] - the old setting has been used, but please update your config.
[2024-05-10T14:00:52.826+0000] {task_command.py:426} INFO - Running <TaskInstance: data_pipeline.divide_data manual__2024-05-10T10:18:14.377791+00:00 [running]> on host dbfcb70dcca2
[2024-05-10T14:00:52.894+0000] {taskinstance.py:2648} INFO - Exporting env vars: AIRFLOW_CTX_DAG_OWNER='***' AIRFLOW_CTX_DAG_ID='data_pipeline' AIRFLOW_CTX_TASK_ID='divide_data' AIRFLOW_CTX_EXECUTION_DATE='2024-05-10T10:18:14.377791+00:00' AIRFLOW_CTX_TRY_NUMBER='137' AIRFLOW_CTX_DAG_RUN_ID='manual__2024-05-10T10:18:14.377791+00:00'
[2024-05-10T14:00:52.896+0000] {taskinstance.py:430} INFO - ::endgroup::
[2024-05-10T14:00:57.522+0000] {logging_mixin.py:188} INFO - title                  Public health and international epidemiology f...
affiliation_name                'Stanford University School of Medicine'
affiliation_country    ['United States', 'Thailand', 'Thailand', 'Uni...
keywords                                                              []
Name: 0, dtype: object
[2024-05-10T14:00:57.543+0000] {python.py:237} INFO - Done. Returned value was: None
[2024-05-10T14:00:57.544+0000] {taskinstance.py:441} INFO - ::group::Post task execution logs
[2024-05-10T14:00:57.550+0000] {taskinstance.py:1206} INFO - Marking task as SUCCESS. dag_id=data_pipeline, task_id=divide_data, run_id=manual__2024-05-10T10:18:14.377791+00:00, execution_date=20240510T101814, start_date=20240510T140052, end_date=20240510T140057
[2024-05-10T14:00:57.579+0000] {local_task_job_runner.py:240} INFO - Task exited with return code 0
[2024-05-10T14:00:57.592+0000] {taskinstance.py:3498} INFO - 0 downstream tasks scheduled from follow-on schedule check
[2024-05-10T14:00:57.595+0000] {local_task_job_runner.py:222} INFO - ::endgroup::
