[2024-05-10T11:31:20.442+0000] {local_task_job_runner.py:120} INFO - ::group::Pre task execution logs
[2024-05-10T11:31:20.473+0000] {taskinstance.py:2076} INFO - Dependencies all met for dep_context=non-requeueable deps ti=<TaskInstance: data_pipeline.divide_data manual__2024-05-10T10:18:14.377791+00:00 [queued]>
[2024-05-10T11:31:20.483+0000] {taskinstance.py:2076} INFO - Dependencies all met for dep_context=requeueable deps ti=<TaskInstance: data_pipeline.divide_data manual__2024-05-10T10:18:14.377791+00:00 [queued]>
[2024-05-10T11:31:20.484+0000] {taskinstance.py:2306} INFO - Starting attempt 23 of 26
[2024-05-10T11:31:20.497+0000] {taskinstance.py:2330} INFO - Executing <Task(PythonOperator): divide_data> on 2024-05-10 10:18:14.377791+00:00
[2024-05-10T11:31:20.503+0000] {logging_mixin.py:188} WARNING - /home/***/.local/lib/python3.12/site-packages/***/task/task_runner/standard_task_runner.py:61 DeprecationWarning: This process (pid=3810) is multi-threaded, use of fork() may lead to deadlocks in the child.
[2024-05-10T11:31:20.504+0000] {standard_task_runner.py:63} INFO - Started process 3812 to run task
[2024-05-10T11:31:20.503+0000] {standard_task_runner.py:90} INFO - Running: ['***', 'tasks', 'run', 'data_pipeline', 'divide_data', 'manual__2024-05-10T10:18:14.377791+00:00', '--job-id', '409', '--raw', '--subdir', 'DAGS_FOLDER/main_dag.py', '--cfg-path', '/tmp/tmpn14_3znz']
[2024-05-10T11:31:20.505+0000] {standard_task_runner.py:91} INFO - Job 409: Subtask divide_data
[2024-05-10T11:31:20.517+0000] {logging_mixin.py:188} WARNING - /home/***/.local/lib/python3.12/site-packages/***/settings.py:195 DeprecationWarning: The sql_alchemy_conn option in [core] has been moved to the sql_alchemy_conn option in [database] - the old setting has been used, but please update your config.
[2024-05-10T11:31:20.546+0000] {task_command.py:426} INFO - Running <TaskInstance: data_pipeline.divide_data manual__2024-05-10T10:18:14.377791+00:00 [running]> on host dbfcb70dcca2
[2024-05-10T11:31:20.617+0000] {taskinstance.py:2648} INFO - Exporting env vars: AIRFLOW_CTX_DAG_OWNER='***' AIRFLOW_CTX_DAG_ID='data_pipeline' AIRFLOW_CTX_TASK_ID='divide_data' AIRFLOW_CTX_EXECUTION_DATE='2024-05-10T10:18:14.377791+00:00' AIRFLOW_CTX_TRY_NUMBER='23' AIRFLOW_CTX_DAG_RUN_ID='manual__2024-05-10T10:18:14.377791+00:00'
[2024-05-10T11:31:20.619+0000] {taskinstance.py:430} INFO - ::endgroup::
[2024-05-10T11:31:24.669+0000] {logging_mixin.py:188} INFO - Uploaded data/title_keywords.csv to Minio
[2024-05-10T11:31:24.957+0000] {logging_mixin.py:188} INFO - Uploaded data/title_affiliation.csv to Minio
[2024-05-10T11:31:24.959+0000] {python.py:237} INFO - Done. Returned value was: None
[2024-05-10T11:31:24.959+0000] {taskinstance.py:441} INFO - ::group::Post task execution logs
[2024-05-10T11:31:24.965+0000] {taskinstance.py:1206} INFO - Marking task as SUCCESS. dag_id=data_pipeline, task_id=divide_data, run_id=manual__2024-05-10T10:18:14.377791+00:00, execution_date=20240510T101814, start_date=20240510T113120, end_date=20240510T113124
[2024-05-10T11:31:25.010+0000] {local_task_job_runner.py:240} INFO - Task exited with return code 0
[2024-05-10T11:31:25.027+0000] {taskinstance.py:3498} INFO - 0 downstream tasks scheduled from follow-on schedule check
[2024-05-10T11:31:25.030+0000] {local_task_job_runner.py:222} INFO - ::endgroup::
