[2024-05-10T12:32:53.562+0000] {local_task_job_runner.py:120} INFO - ::group::Pre task execution logs
[2024-05-10T12:32:53.585+0000] {taskinstance.py:2076} INFO - Dependencies all met for dep_context=non-requeueable deps ti=<TaskInstance: data_pipeline.divide_data manual__2024-05-10T10:18:14.377791+00:00 [queued]>
[2024-05-10T12:32:53.592+0000] {taskinstance.py:2076} INFO - Dependencies all met for dep_context=requeueable deps ti=<TaskInstance: data_pipeline.divide_data manual__2024-05-10T10:18:14.377791+00:00 [queued]>
[2024-05-10T12:32:53.593+0000] {taskinstance.py:2306} INFO - Starting attempt 84 of 87
[2024-05-10T12:32:53.603+0000] {taskinstance.py:2330} INFO - Executing <Task(PythonOperator): divide_data> on 2024-05-10 10:18:14.377791+00:00
[2024-05-10T12:32:53.609+0000] {logging_mixin.py:188} WARNING - /home/***/.local/lib/python3.12/site-packages/***/task/task_runner/standard_task_runner.py:61 DeprecationWarning: This process (pid=6686) is multi-threaded, use of fork() may lead to deadlocks in the child.
[2024-05-10T12:32:53.610+0000] {standard_task_runner.py:63} INFO - Started process 6688 to run task
[2024-05-10T12:32:53.609+0000] {standard_task_runner.py:90} INFO - Running: ['***', 'tasks', 'run', 'data_pipeline', 'divide_data', 'manual__2024-05-10T10:18:14.377791+00:00', '--job-id', '476', '--raw', '--subdir', 'DAGS_FOLDER/main_dag.py', '--cfg-path', '/tmp/tmpsvxsx56e']
[2024-05-10T12:32:53.610+0000] {standard_task_runner.py:91} INFO - Job 476: Subtask divide_data
[2024-05-10T12:32:53.621+0000] {logging_mixin.py:188} WARNING - /home/***/.local/lib/python3.12/site-packages/***/settings.py:195 DeprecationWarning: The sql_alchemy_conn option in [core] has been moved to the sql_alchemy_conn option in [database] - the old setting has been used, but please update your config.
[2024-05-10T12:32:53.645+0000] {task_command.py:426} INFO - Running <TaskInstance: data_pipeline.divide_data manual__2024-05-10T10:18:14.377791+00:00 [running]> on host dbfcb70dcca2
[2024-05-10T12:32:53.714+0000] {taskinstance.py:2648} INFO - Exporting env vars: AIRFLOW_CTX_DAG_OWNER='***' AIRFLOW_CTX_DAG_ID='data_pipeline' AIRFLOW_CTX_TASK_ID='divide_data' AIRFLOW_CTX_EXECUTION_DATE='2024-05-10T10:18:14.377791+00:00' AIRFLOW_CTX_TRY_NUMBER='84' AIRFLOW_CTX_DAG_RUN_ID='manual__2024-05-10T10:18:14.377791+00:00'
[2024-05-10T12:32:53.715+0000] {taskinstance.py:430} INFO - ::endgroup::
[2024-05-10T12:32:53.910+0000] {logging_mixin.py:188} INFO - 0            
1            
2            
3            
4            
         ... 
21132        
21133        
21134        
21135        
21507    2016
Name: publication_year, Length: 21137, dtype: object
[2024-05-10T12:32:55.381+0000] {logging_mixin.py:188} INFO - 2         
2         
2         
2         
2         
        ..
21116     
21117     
21118     
21119     
21120     
Name: publication_year, Length: 84015, dtype: object
[2024-05-10T12:32:55.402+0000] {logging_mixin.py:188} INFO -                                                    title  ... publication_year
2      Parametric study of hydrogen production via so...  ...                 
2      Parametric study of hydrogen production via so...  ...                 
2      Parametric study of hydrogen production via so...  ...                 
2      Parametric study of hydrogen production via so...  ...                 
2      Parametric study of hydrogen production via so...  ...                 
...                                                  ...  ...              ...
21116  Towards 5G cellular  Understanding 3D in build...  ...                 
21117  Modeling of root reinforced soil slope under r...  ...                 
21118  Production of massoia lactone by Aureobasidium...  ...                 
21119  Efficiencies of NF and RO membranes on pharmac...  ...                 
21120  Two dimensional modeling of the oxidative coup...  ...                 

[84015 rows x 3 columns]
[2024-05-10T12:32:55.607+0000] {logging_mixin.py:188} INFO - 2        Parametric study of hydrogen production via so...
2        Parametric study of hydrogen production via so...
2        Parametric study of hydrogen production via so...
2        Parametric study of hydrogen production via so...
2        Parametric study of hydrogen production via so...
                               ...                        
21116    Towards 5G cellular  Understanding 3D in build...
21117    Modeling of root reinforced soil slope under r...
21118    Production of massoia lactone by Aureobasidium...
21119    Efficiencies of NF and RO membranes on pharmac...
21120    Two dimensional modeling of the oxidative coup...
Name: title, Length: 84015, dtype: object
[2024-05-10T12:32:55.798+0000] {logging_mixin.py:188} INFO - 2                                Circulating fluidized bed
2                             Computational fluid dynamics
2                                   Multiphase flow models
2                                                    Riser
2                Sorption enhanced steam methane reforming
                               ...                        
21116    5G   Architecture   Control  user plane   Femt...
21117    Centrifuge modeling   Landslides   Seepage ana...
21118    Aureobasidium pullulans   fragrant biosurfacta...
21119    Carbamazepine   Membrane fouling   Nanofiltrat...
21120    Fixed bed reactor   Gas hour space velocity (G...
Name: keyword, Length: 84015, dtype: object
[2024-05-10T12:32:55.923+0000] {logging_mixin.py:188} INFO - 2         
2         
2         
2         
2         
        ..
21116     
21117     
21118     
21119     
21120     
Name: publication_year, Length: 84015, dtype: object
[2024-05-10T12:32:56.346+0000] {python.py:237} INFO - Done. Returned value was: None
[2024-05-10T12:32:56.347+0000] {taskinstance.py:441} INFO - ::group::Post task execution logs
[2024-05-10T12:32:56.353+0000] {taskinstance.py:1206} INFO - Marking task as SUCCESS. dag_id=data_pipeline, task_id=divide_data, run_id=manual__2024-05-10T10:18:14.377791+00:00, execution_date=20240510T101814, start_date=20240510T123253, end_date=20240510T123256
[2024-05-10T12:32:56.399+0000] {local_task_job_runner.py:240} INFO - Task exited with return code 0
[2024-05-10T12:32:56.413+0000] {taskinstance.py:3498} INFO - 0 downstream tasks scheduled from follow-on schedule check
[2024-05-10T12:32:56.415+0000] {local_task_job_runner.py:222} INFO - ::endgroup::
