[2024-05-10T14:28:40.116+0000] {local_task_job_runner.py:120} INFO - ::group::Pre task execution logs
[2024-05-10T14:28:40.143+0000] {taskinstance.py:2076} INFO - Dependencies all met for dep_context=non-requeueable deps ti=<TaskInstance: data_pipeline.divide_data manual__2024-05-10T10:18:14.377791+00:00 [queued]>
[2024-05-10T14:28:40.151+0000] {taskinstance.py:2076} INFO - Dependencies all met for dep_context=requeueable deps ti=<TaskInstance: data_pipeline.divide_data manual__2024-05-10T10:18:14.377791+00:00 [queued]>
[2024-05-10T14:28:40.152+0000] {taskinstance.py:2306} INFO - Starting attempt 153 of 156
[2024-05-10T14:28:40.163+0000] {taskinstance.py:2330} INFO - Executing <Task(PythonOperator): divide_data> on 2024-05-10 10:18:14.377791+00:00
[2024-05-10T14:28:40.168+0000] {logging_mixin.py:188} WARNING - /home/***/.local/lib/python3.12/site-packages/***/task/task_runner/standard_task_runner.py:61 DeprecationWarning: This process (pid=11863) is multi-threaded, use of fork() may lead to deadlocks in the child.
[2024-05-10T14:28:40.169+0000] {standard_task_runner.py:63} INFO - Started process 11868 to run task
[2024-05-10T14:28:40.169+0000] {standard_task_runner.py:90} INFO - Running: ['***', 'tasks', 'run', 'data_pipeline', 'divide_data', 'manual__2024-05-10T10:18:14.377791+00:00', '--job-id', '593', '--raw', '--subdir', 'DAGS_FOLDER/main_dag.py', '--cfg-path', '/tmp/tmpnez_jjkg']
[2024-05-10T14:28:40.170+0000] {standard_task_runner.py:91} INFO - Job 593: Subtask divide_data
[2024-05-10T14:28:40.182+0000] {logging_mixin.py:188} WARNING - /home/***/.local/lib/python3.12/site-packages/***/settings.py:195 DeprecationWarning: The sql_alchemy_conn option in [core] has been moved to the sql_alchemy_conn option in [database] - the old setting has been used, but please update your config.
[2024-05-10T14:28:40.210+0000] {task_command.py:426} INFO - Running <TaskInstance: data_pipeline.divide_data manual__2024-05-10T10:18:14.377791+00:00 [running]> on host dbfcb70dcca2
[2024-05-10T14:28:40.292+0000] {taskinstance.py:2648} INFO - Exporting env vars: AIRFLOW_CTX_DAG_OWNER='***' AIRFLOW_CTX_DAG_ID='data_pipeline' AIRFLOW_CTX_TASK_ID='divide_data' AIRFLOW_CTX_EXECUTION_DATE='2024-05-10T10:18:14.377791+00:00' AIRFLOW_CTX_TRY_NUMBER='153' AIRFLOW_CTX_DAG_RUN_ID='manual__2024-05-10T10:18:14.377791+00:00'
[2024-05-10T14:28:40.293+0000] {taskinstance.py:430} INFO - ::endgroup::
[2024-05-10T14:28:42.753+0000] {logging_mixin.py:188} INFO - 0    ['Stanford University School of Medicine', 'Ch...
1                         ['Chulalongkorn University']
2                         ['Chulalongkorn University']
3    ['Hirosaki University', 'Chulalongkorn Univers...
4    ['Chulalongkorn University', 'Thailand Nationa...
Name: affiliation_name, dtype: object 21121
[2024-05-10T14:28:42.754+0000] {logging_mixin.py:188} INFO - 0    ['United States', 'Thailand', 'Thailand', 'Uni...
1                                         ['Thailand']
2                                         ['Thailand']
3    ['Japan', 'Thailand', 'Thailand', 'Japan', 'Th...
4    ['Thailand', 'Thailand', 'United States', 'Tha...
Name: affiliation_country, dtype: object 21121
[2024-05-10T14:28:42.871+0000] {python.py:237} INFO - Done. Returned value was: None
[2024-05-10T14:28:42.890+0000] {taskinstance.py:441} INFO - ::group::Post task execution logs
[2024-05-10T14:28:42.909+0000] {taskinstance.py:1206} INFO - Marking task as SUCCESS. dag_id=data_pipeline, task_id=divide_data, run_id=manual__2024-05-10T10:18:14.377791+00:00, execution_date=20240510T101814, start_date=20240510T142840, end_date=20240510T142842
[2024-05-10T14:28:42.952+0000] {local_task_job_runner.py:240} INFO - Task exited with return code 0
[2024-05-10T14:28:42.974+0000] {taskinstance.py:3498} INFO - 0 downstream tasks scheduled from follow-on schedule check
[2024-05-10T14:28:42.976+0000] {local_task_job_runner.py:222} INFO - ::endgroup::
