[2024-05-10T12:55:05.976+0000] {local_task_job_runner.py:120} INFO - ::group::Pre task execution logs
[2024-05-10T12:55:06.006+0000] {taskinstance.py:2076} INFO - Dependencies all met for dep_context=non-requeueable deps ti=<TaskInstance: data_pipeline.divide_data manual__2024-05-10T10:18:14.377791+00:00 [queued]>
[2024-05-10T12:55:06.015+0000] {taskinstance.py:2076} INFO - Dependencies all met for dep_context=requeueable deps ti=<TaskInstance: data_pipeline.divide_data manual__2024-05-10T10:18:14.377791+00:00 [queued]>
[2024-05-10T12:55:06.015+0000] {taskinstance.py:2306} INFO - Starting attempt 108 of 111
[2024-05-10T12:55:06.029+0000] {taskinstance.py:2330} INFO - Executing <Task(PythonOperator): divide_data> on 2024-05-10 10:18:14.377791+00:00
[2024-05-10T12:55:06.037+0000] {logging_mixin.py:188} WARNING - /home/***/.local/lib/python3.12/site-packages/***/task/task_runner/standard_task_runner.py:61 DeprecationWarning: This process (pid=8075) is multi-threaded, use of fork() may lead to deadlocks in the child.
[2024-05-10T12:55:06.038+0000] {standard_task_runner.py:63} INFO - Started process 8077 to run task
[2024-05-10T12:55:06.037+0000] {standard_task_runner.py:90} INFO - Running: ['***', 'tasks', 'run', 'data_pipeline', 'divide_data', 'manual__2024-05-10T10:18:14.377791+00:00', '--job-id', '533', '--raw', '--subdir', 'DAGS_FOLDER/main_dag.py', '--cfg-path', '/tmp/tmpp4rb56__']
[2024-05-10T12:55:06.040+0000] {standard_task_runner.py:91} INFO - Job 533: Subtask divide_data
[2024-05-10T12:55:06.068+0000] {logging_mixin.py:188} WARNING - /home/***/.local/lib/python3.12/site-packages/***/settings.py:195 DeprecationWarning: The sql_alchemy_conn option in [core] has been moved to the sql_alchemy_conn option in [database] - the old setting has been used, but please update your config.
[2024-05-10T12:55:06.118+0000] {task_command.py:426} INFO - Running <TaskInstance: data_pipeline.divide_data manual__2024-05-10T10:18:14.377791+00:00 [running]> on host dbfcb70dcca2
[2024-05-10T12:55:06.236+0000] {taskinstance.py:2648} INFO - Exporting env vars: AIRFLOW_CTX_DAG_OWNER='***' AIRFLOW_CTX_DAG_ID='data_pipeline' AIRFLOW_CTX_TASK_ID='divide_data' AIRFLOW_CTX_EXECUTION_DATE='2024-05-10T10:18:14.377791+00:00' AIRFLOW_CTX_TRY_NUMBER='108' AIRFLOW_CTX_DAG_RUN_ID='manual__2024-05-10T10:18:14.377791+00:00'
[2024-05-10T12:55:06.237+0000] {taskinstance.py:430} INFO - ::endgroup::
[2024-05-10T12:55:06.521+0000] {logging_mixin.py:188} INFO -                                                    title  ...                                           keywords
0      Public health and international epidemiology f...  ...                                                 []
1      Flexible Printed Active Antenna for Digital Te...  ...                                                 []
2      Parametric study of hydrogen production via so...  ...  ['Circulating fluidized bed', 'Computational f...
3      Superhydrophobic coating from fluoroalkylsilan...  ...  ['Encapsulation', 'Fluoroalkylsilane', 'Natura...
4      Electrochemical impedance-based DNA sensor usi...  ...  ['acpcPNA', 'Electrochemical impedance spectro...
...                                                  ...  ...                                                ...
21116  Towards 5G cellular: Understanding 3D in-build...  ...  ['5G' 'Architecture' 'Control-/user-plane' 'Fe...
21117  Modeling of root-reinforced soil slope under r...  ...  ['Centrifuge modeling' 'Landslides' 'Seepage a...
21118  Production of massoia lactone by Aureobasidium...  ...  ['Aureobasidium pullulans' 'fragrant biosurfac...
21119  Efficiencies of NF and RO membranes on pharmac...  ...  ['Carbamazepine' 'Membrane fouling' 'Nanofiltr...
21120  Two-dimensional modeling of the oxidative coup...  ...  ['Fixed bed reactor' 'Gas hour space velocity ...

[21121 rows x 5 columns]
[2024-05-10T12:55:06.522+0000] {logging_mixin.py:188} INFO - Index(['title', 'affiliation_name', 'affiliation_country', 'publication_year',
       'keywords'],
      dtype='object')
[2024-05-10T12:55:06.524+0000] {logging_mixin.py:188} INFO - 0        2018
1        2018
2        2018
3        2018
4        2018
         ... 
21116    2017
21117    2017
21118    2017
21119    2017
21120    2017
Name: publication_year, Length: 21121, dtype: int64
[2024-05-10T12:55:06.527+0000] {logging_mixin.py:188} INFO - 0        2018
1        2018
2        2018
3        2018
4        2018
         ... 
21116    2017
21117    2017
21118    2017
21119    2017
21120    2017
Name: publication_year, Length: 21121, dtype: int64
[2024-05-10T12:55:09.688+0000] {python.py:237} INFO - Done. Returned value was: None
[2024-05-10T12:55:09.689+0000] {taskinstance.py:441} INFO - ::group::Post task execution logs
[2024-05-10T12:55:09.697+0000] {taskinstance.py:1206} INFO - Marking task as SUCCESS. dag_id=data_pipeline, task_id=divide_data, run_id=manual__2024-05-10T10:18:14.377791+00:00, execution_date=20240510T101814, start_date=20240510T125506, end_date=20240510T125509
[2024-05-10T12:55:09.743+0000] {local_task_job_runner.py:240} INFO - Task exited with return code 0
[2024-05-10T12:55:09.757+0000] {taskinstance.py:3498} INFO - 0 downstream tasks scheduled from follow-on schedule check
[2024-05-10T12:55:09.759+0000] {local_task_job_runner.py:222} INFO - ::endgroup::
