[2024-05-10T12:41:50.824+0000] {local_task_job_runner.py:120} INFO - ::group::Pre task execution logs
[2024-05-10T12:41:50.847+0000] {taskinstance.py:2076} INFO - Dependencies all met for dep_context=non-requeueable deps ti=<TaskInstance: data_pipeline.divide_data manual__2024-05-10T10:18:14.377791+00:00 [queued]>
[2024-05-10T12:41:50.855+0000] {taskinstance.py:2076} INFO - Dependencies all met for dep_context=requeueable deps ti=<TaskInstance: data_pipeline.divide_data manual__2024-05-10T10:18:14.377791+00:00 [queued]>
[2024-05-10T12:41:50.856+0000] {taskinstance.py:2306} INFO - Starting attempt 98 of 101
[2024-05-10T12:41:50.865+0000] {taskinstance.py:2330} INFO - Executing <Task(PythonOperator): divide_data> on 2024-05-10 10:18:14.377791+00:00
[2024-05-10T12:41:50.872+0000] {logging_mixin.py:188} WARNING - /home/***/.local/lib/python3.12/site-packages/***/task/task_runner/standard_task_runner.py:61 DeprecationWarning: This process (pid=7304) is multi-threaded, use of fork() may lead to deadlocks in the child.
[2024-05-10T12:41:50.872+0000] {standard_task_runner.py:90} INFO - Running: ['***', 'tasks', 'run', 'data_pipeline', 'divide_data', 'manual__2024-05-10T10:18:14.377791+00:00', '--job-id', '504', '--raw', '--subdir', 'DAGS_FOLDER/main_dag.py', '--cfg-path', '/tmp/tmp17_87qfw']
[2024-05-10T12:41:50.873+0000] {standard_task_runner.py:63} INFO - Started process 7306 to run task
[2024-05-10T12:41:50.874+0000] {standard_task_runner.py:91} INFO - Job 504: Subtask divide_data
[2024-05-10T12:41:50.884+0000] {logging_mixin.py:188} WARNING - /home/***/.local/lib/python3.12/site-packages/***/settings.py:195 DeprecationWarning: The sql_alchemy_conn option in [core] has been moved to the sql_alchemy_conn option in [database] - the old setting has been used, but please update your config.
[2024-05-10T12:41:50.910+0000] {task_command.py:426} INFO - Running <TaskInstance: data_pipeline.divide_data manual__2024-05-10T10:18:14.377791+00:00 [running]> on host dbfcb70dcca2
[2024-05-10T12:41:50.975+0000] {taskinstance.py:2648} INFO - Exporting env vars: AIRFLOW_CTX_DAG_OWNER='***' AIRFLOW_CTX_DAG_ID='data_pipeline' AIRFLOW_CTX_TASK_ID='divide_data' AIRFLOW_CTX_EXECUTION_DATE='2024-05-10T10:18:14.377791+00:00' AIRFLOW_CTX_TRY_NUMBER='98' AIRFLOW_CTX_DAG_RUN_ID='manual__2024-05-10T10:18:14.377791+00:00'
[2024-05-10T12:41:50.976+0000] {taskinstance.py:430} INFO - ::endgroup::
[2024-05-10T12:41:51.161+0000] {logging_mixin.py:188} INFO - Index(['title', 'affiliation_name', 'affiliation_country', 'publication_year',
       'keywords'],
      dtype='object')
[2024-05-10T12:41:51.163+0000] {logging_mixin.py:188} INFO - 0         
1         
2         
3         
4         
        ..
21132     
21133     
21134     
21135     
21136     
Name: publication_year, Length: 21137, dtype: object
[2024-05-10T12:41:51.166+0000] {logging_mixin.py:188} INFO - 0         
1         
2         
3         
4         
        ..
21132     
21133     
21134     
21135     
21136     
Name: publication_year, Length: 21137, dtype: object
[2024-05-10T12:41:53.211+0000] {python.py:237} INFO - Done. Returned value was: None
[2024-05-10T12:41:53.211+0000] {taskinstance.py:441} INFO - ::group::Post task execution logs
[2024-05-10T12:41:53.218+0000] {taskinstance.py:1206} INFO - Marking task as SUCCESS. dag_id=data_pipeline, task_id=divide_data, run_id=manual__2024-05-10T10:18:14.377791+00:00, execution_date=20240510T101814, start_date=20240510T124150, end_date=20240510T124153
[2024-05-10T12:41:53.254+0000] {local_task_job_runner.py:240} INFO - Task exited with return code 0
[2024-05-10T12:41:53.267+0000] {taskinstance.py:3498} INFO - 0 downstream tasks scheduled from follow-on schedule check
[2024-05-10T12:41:53.269+0000] {local_task_job_runner.py:222} INFO - ::endgroup::
