[2024-05-10T14:58:18.853+0000] {local_task_job_runner.py:120} INFO - ::group::Pre task execution logs
[2024-05-10T14:58:18.876+0000] {taskinstance.py:2076} INFO - Dependencies all met for dep_context=non-requeueable deps ti=<TaskInstance: data_pipeline.divide_data manual__2024-05-10T10:18:14.377791+00:00 [queued]>
[2024-05-10T14:58:18.882+0000] {taskinstance.py:2076} INFO - Dependencies all met for dep_context=requeueable deps ti=<TaskInstance: data_pipeline.divide_data manual__2024-05-10T10:18:14.377791+00:00 [queued]>
[2024-05-10T14:58:18.883+0000] {taskinstance.py:2306} INFO - Starting attempt 165 of 168
[2024-05-10T14:58:18.894+0000] {taskinstance.py:2330} INFO - Executing <Task(PythonOperator): divide_data> on 2024-05-10 10:18:14.377791+00:00
[2024-05-10T14:58:18.900+0000] {logging_mixin.py:188} WARNING - /home/***/.local/lib/python3.12/site-packages/***/task/task_runner/standard_task_runner.py:61 DeprecationWarning: This process (pid=13220) is multi-threaded, use of fork() may lead to deadlocks in the child.
[2024-05-10T14:58:18.901+0000] {standard_task_runner.py:63} INFO - Started process 13222 to run task
[2024-05-10T14:58:18.900+0000] {standard_task_runner.py:90} INFO - Running: ['***', 'tasks', 'run', 'data_pipeline', 'divide_data', 'manual__2024-05-10T10:18:14.377791+00:00', '--job-id', '625', '--raw', '--subdir', 'DAGS_FOLDER/main_dag.py', '--cfg-path', '/tmp/tmpux3_vjqm']
[2024-05-10T14:58:18.902+0000] {standard_task_runner.py:91} INFO - Job 625: Subtask divide_data
[2024-05-10T14:58:18.913+0000] {logging_mixin.py:188} WARNING - /home/***/.local/lib/python3.12/site-packages/***/settings.py:195 DeprecationWarning: The sql_alchemy_conn option in [core] has been moved to the sql_alchemy_conn option in [database] - the old setting has been used, but please update your config.
[2024-05-10T14:58:18.941+0000] {task_command.py:426} INFO - Running <TaskInstance: data_pipeline.divide_data manual__2024-05-10T10:18:14.377791+00:00 [running]> on host dbfcb70dcca2
[2024-05-10T14:58:19.012+0000] {taskinstance.py:2648} INFO - Exporting env vars: AIRFLOW_CTX_DAG_OWNER='***' AIRFLOW_CTX_DAG_ID='data_pipeline' AIRFLOW_CTX_TASK_ID='divide_data' AIRFLOW_CTX_EXECUTION_DATE='2024-05-10T10:18:14.377791+00:00' AIRFLOW_CTX_TRY_NUMBER='165' AIRFLOW_CTX_DAG_RUN_ID='manual__2024-05-10T10:18:14.377791+00:00'
[2024-05-10T14:58:19.013+0000] {taskinstance.py:430} INFO - ::endgroup::
[2024-05-10T14:58:21.737+0000] {logging_mixin.py:188} INFO - 0        ['Stanford University School of Medicine', 'Ch...
1                             ['Chulalongkorn University']
2                             ['Chulalongkorn University']
3        ['Hirosaki University', 'Chulalongkorn Univers...
4        ['Chulalongkorn University', 'Thailand Nationa...
                               ...                        
21747    ['Chulalongkorn University' 'Yamaguchi Univers...
21748                         ['Chulalongkorn University']
21749    ['Tokyo Institute of Technology' 'Chulalongkor...
21750    ['Chulalongkorn University' 'Hokkaido Universi...
21751    ['Chulalongkorn University'\n "King Mongkut's ...
Name: affiliation_name, Length: 21752, dtype: object
[2024-05-10T14:58:21.742+0000] {logging_mixin.py:188} INFO - 0        ['United States', 'Thailand', 'Thailand', 'Uni...
1                                             ['Thailand']
2                                             ['Thailand']
3        ['Japan', 'Thailand', 'Thailand', 'Japan', 'Th...
4        ['Thailand', 'Thailand', 'United States', 'Tha...
                               ...                        
21747                                 ['Thailand' 'Japan']
21748                                         ['Thailand']
21749                                 ['Japan' 'Thailand']
21750                                 ['Thailand' 'Japan']
21751                              ['Thailand' 'Thailand']
Name: affiliation_country, Length: 21752, dtype: object
[2024-05-10T14:58:21.745+0000] {python.py:237} INFO - Done. Returned value was: None
[2024-05-10T14:58:21.746+0000] {taskinstance.py:441} INFO - ::group::Post task execution logs
[2024-05-10T14:58:21.755+0000] {taskinstance.py:1206} INFO - Marking task as SUCCESS. dag_id=data_pipeline, task_id=divide_data, run_id=manual__2024-05-10T10:18:14.377791+00:00, execution_date=20240510T101814, start_date=20240510T145818, end_date=20240510T145821
[2024-05-10T14:58:21.804+0000] {local_task_job_runner.py:240} INFO - Task exited with return code 0
[2024-05-10T14:58:21.820+0000] {taskinstance.py:3498} INFO - 0 downstream tasks scheduled from follow-on schedule check
[2024-05-10T14:58:21.822+0000] {local_task_job_runner.py:222} INFO - ::endgroup::
